[0.179s] Invoking command in '/home/johan/planning_with_ROS2_course/build/planning': CMAKE_PREFIX_PATH=/home/johan/planning_with_ROS2_course/install/base_msgs:/home/johan/planning_with_ROS2_course/install/planning:/home/johan/planning_with_ROS2_course/install/data_plot:/opt/ros/humble /usr/bin/cmake --build /home/johan/planning_with_ROS2_course/build/planning -- -j16 -l16
[0.194s] -- Found ament_cmake: 1.3.11 (/opt/ros/humble/share/ament_cmake/cmake)
[0.280s] -- Found rclcpp: 16.0.12 (/opt/ros/humble/share/rclcpp/cmake)
[0.300s] -- Found rosidl_generator_c: 3.1.6 (/opt/ros/humble/share/rosidl_generator_c/cmake)
[0.301s] -- Found rosidl_adapter: 3.1.6 (/opt/ros/humble/share/rosidl_adapter/cmake)
[0.305s] -- Found rosidl_generator_cpp: 3.1.6 (/opt/ros/humble/share/rosidl_generator_cpp/cmake)
[0.311s] -- Using all available rosidl_typesupport_c: rosidl_typesupport_fastrtps_c;rosidl_typesupport_introspection_c
[0.318s] -- Using all available rosidl_typesupport_cpp: rosidl_typesupport_fastrtps_cpp;rosidl_typesupport_introspection_cpp
[0.342s] -- Found rmw_implementation_cmake: 6.1.2 (/opt/ros/humble/share/rmw_implementation_cmake/cmake)
[0.343s] -- Found rmw_fastrtps_cpp: 6.2.7 (/opt/ros/humble/share/rmw_fastrtps_cpp/cmake)
[0.415s] -- Using RMW implementation 'rmw_fastrtps_cpp' as default
[0.447s] -- Found tf2: 0.25.13 (/opt/ros/humble/share/tf2/cmake)
[0.457s] -- Found tf2_ros: 0.25.13 (/opt/ros/humble/share/tf2_ros/cmake)
[0.506s] -- Found nav_msgs: 4.9.0 (/opt/ros/humble/share/nav_msgs/cmake)
[0.516s] -- Found visualization_msgs: 4.9.0 (/opt/ros/humble/share/visualization_msgs/cmake)
[0.540s] -- Found base_msgs: 0.0.0 (/home/johan/planning_with_ROS2_course/install/base_msgs/share/base_msgs/cmake)
[0.598s] -- Configuring done
[0.632s] -- Generating done
[0.646s] -- Build files have been written to: /home/johan/planning_with_ROS2_course/build/planning
[0.667s] [35m[1mConsolidate compiler generated dependencies of target config_reader[0m
[0.667s] [35m[1mConsolidate compiler generated dependencies of target planning_node[0m
[0.667s] [35m[1mConsolidate compiler generated dependencies of target mathlibs[0m
[0.669s] [35m[1mConsolidate compiler generated dependencies of target local_planner[0m
[0.671s] [35m[1mConsolidate compiler generated dependencies of target car_move_cmd[0m
[0.672s] [35m[1mConsolidate compiler generated dependencies of target obj_move_cmd[0m
[0.679s] [  3%] [32mBuilding CXX object src/common/CMakeFiles/config_reader.dir/config_reader/config_reader.cpp.o[0m
[0.680s] [ 12%] Built target planning_node
[0.680s] [ 16%] [32mBuilding CXX object src/common/CMakeFiles/mathlibs.dir/math/curve.cpp.o[0m
[0.684s] [ 19%] [32mBuilding CXX object src/common/CMakeFiles/mathlibs.dir/math/polynomial_curve.cpp.o[0m
[0.687s] [ 25%] Built target car_move_cmd
[0.688s] [ 45%] Built target local_planner
[0.690s] [ 51%] Built target obj_move_cmd
[2.570s] [ 54%] [32m[1mLinking CXX shared library libconfig_reader.so[0m
[2.633s] [ 54%] Built target config_reader
[2.642s] [35m[1mConsolidate compiler generated dependencies of target pnc_map_creator[0m
[2.656s] [ 58%] [32m[1mLinking CXX shared library libpnc_map_creator.so[0m
[2.724s] [ 64%] Built target pnc_map_creator
[2.732s] [35m[1mConsolidate compiler generated dependencies of target pnc_map_server[0m
[2.746s] [ 67%] [32m[1mLinking CXX executable pnc_map_server[0m
[2.751s] [ 70%] [32m[1mLinking CXX shared library libmathlibs.so[0m
[2.821s] [ 74%] Built target pnc_map_server
[2.846s] [ 74%] Built target mathlibs
[2.855s] [35m[1mConsolidate compiler generated dependencies of target vehicle_info[0m
[2.855s] [35m[1mConsolidate compiler generated dependencies of target reference_line[0m
[2.868s] [ 77%] [32m[1mLinking CXX shared library libvehicle_info.so[0m
[2.868s] [ 80%] [32m[1mLinking CXX shared library libreference_line.so[0m
[2.936s] [ 87%] Built target reference_line
[2.944s] [ 93%] Built target vehicle_info
[2.952s] [35m[1mConsolidate compiler generated dependencies of target decision_center[0m
[2.964s] [ 96%] [32mBuilding CXX object src/decision_center/CMakeFiles/decision_center.dir/decision_center.cpp.o[0m
[4.699s] [100%] [32m[1mLinking CXX shared library libdecision_center.so[0m
[4.772s] [100%] Built target decision_center
[4.781s] Invoked command in '/home/johan/planning_with_ROS2_course/build/planning' returned '0': CMAKE_PREFIX_PATH=/home/johan/planning_with_ROS2_course/install/base_msgs:/home/johan/planning_with_ROS2_course/install/planning:/home/johan/planning_with_ROS2_course/install/data_plot:/opt/ros/humble /usr/bin/cmake --build /home/johan/planning_with_ROS2_course/build/planning -- -j16 -l16
[4.782s] Invoking command in '/home/johan/planning_with_ROS2_course/build/planning': CMAKE_PREFIX_PATH=/home/johan/planning_with_ROS2_course/install/base_msgs:/home/johan/planning_with_ROS2_course/install/planning:/home/johan/planning_with_ROS2_course/install/data_plot:/opt/ros/humble /usr/bin/cmake --install /home/johan/planning_with_ROS2_course/build/planning
[4.788s] -- Install configuration: ""
[4.788s] -- Installing: /home/johan/planning_with_ROS2_course/install/planning/lib/libconfig_reader.so
[4.789s] -- Set runtime path of "/home/johan/planning_with_ROS2_course/install/planning/lib/libconfig_reader.so" to ""
[4.789s] -- Installing: /home/johan/planning_with_ROS2_course/install/planning/lib/libmathlibs.so
[4.789s] -- Set runtime path of "/home/johan/planning_with_ROS2_course/install/planning/lib/libmathlibs.so" to ""
[4.790s] -- Installing: /home/johan/planning_with_ROS2_course/install/planning/lib/libdecision_center.so
[4.790s] -- Set runtime path of "/home/johan/planning_with_ROS2_course/install/planning/lib/libdecision_center.so" to ""
[4.791s] -- Installing: /home/johan/planning_with_ROS2_course/install/planning/bin/pnc_map_server
[4.791s] -- Set runtime path of "/home/johan/planning_with_ROS2_course/install/planning/bin/pnc_map_server" to ""
[4.791s] -- Installing: /home/johan/planning_with_ROS2_course/install/planning/lib/planning/pnc_map_server
[4.792s] -- Set runtime path of "/home/johan/planning_with_ROS2_course/install/planning/lib/planning/pnc_map_server" to ""
[4.792s] -- Up-to-date: /home/johan/planning_with_ROS2_course/install/planning/lib/liblocal_planner.so
[4.793s] -- Installing: /home/johan/planning_with_ROS2_course/install/planning/lib/libreference_line.so
[4.793s] -- Set runtime path of "/home/johan/planning_with_ROS2_course/install/planning/lib/libreference_line.so" to ""
[4.794s] -- Installing: /home/johan/planning_with_ROS2_course/install/planning/lib/libvehicle_info.so
[4.794s] -- Set runtime path of "/home/johan/planning_with_ROS2_course/install/planning/lib/libvehicle_info.so" to ""
[4.794s] -- Up-to-date: /home/johan/planning_with_ROS2_course/install/planning/lib/planning/planning_node
[4.795s] -- Up-to-date: /home/johan/planning_with_ROS2_course/install/planning/lib/planning/car_move_cmd
[4.795s] -- Up-to-date: /home/johan/planning_with_ROS2_course/install/planning/lib/planning/obj_move_cmd
[4.795s] -- Up-to-date: /home/johan/planning_with_ROS2_course/install/planning/share/planning/config
[4.795s] -- Up-to-date: /home/johan/planning_with_ROS2_course/install/planning/share/planning/rviz
[4.795s] -- Up-to-date: /home/johan/planning_with_ROS2_course/install/planning/share/planning/launch
[4.795s] -- Up-to-date: /home/johan/planning_with_ROS2_course/install/planning/share/planning/urdf
[4.795s] -- Up-to-date: /home/johan/planning_with_ROS2_course/install/planning/share/planning/urdf/obs_car
[4.795s] -- Up-to-date: /home/johan/planning_with_ROS2_course/install/planning/share/planning/urdf/main_car
[4.795s] -- Up-to-date: /home/johan/planning_with_ROS2_course/install/planning/share/ament_index/resource_index/package_run_dependencies/planning
[4.795s] -- Up-to-date: /home/johan/planning_with_ROS2_course/install/planning/share/ament_index/resource_index/parent_prefix_path/planning
[4.795s] -- Up-to-date: /home/johan/planning_with_ROS2_course/install/planning/share/planning/environment/ament_prefix_path.sh
[4.795s] -- Installing: /home/johan/planning_with_ROS2_course/install/planning/share/planning/environment/ament_prefix_path.dsv
[4.795s] -- Up-to-date: /home/johan/planning_with_ROS2_course/install/planning/share/planning/environment/path.sh
[4.796s] -- Installing: /home/johan/planning_with_ROS2_course/install/planning/share/planning/environment/path.dsv
[4.796s] -- Up-to-date: /home/johan/planning_with_ROS2_course/install/planning/share/planning/local_setup.bash
[4.796s] -- Up-to-date: /home/johan/planning_with_ROS2_course/install/planning/share/planning/local_setup.sh
[4.796s] -- Up-to-date: /home/johan/planning_with_ROS2_course/install/planning/share/planning/local_setup.zsh
[4.796s] -- Installing: /home/johan/planning_with_ROS2_course/install/planning/share/planning/local_setup.dsv
[4.796s] -- Installing: /home/johan/planning_with_ROS2_course/install/planning/share/planning/package.dsv
[4.796s] -- Up-to-date: /home/johan/planning_with_ROS2_course/install/planning/share/ament_index/resource_index/packages/planning
[4.796s] -- Up-to-date: /home/johan/planning_with_ROS2_course/install/planning/share/planning/cmake/planningConfig.cmake
[4.796s] -- Up-to-date: /home/johan/planning_with_ROS2_course/install/planning/share/planning/cmake/planningConfig-version.cmake
[4.796s] -- Up-to-date: /home/johan/planning_with_ROS2_course/install/planning/share/planning/package.xml
[4.798s] Invoked command in '/home/johan/planning_with_ROS2_course/build/planning' returned '0': CMAKE_PREFIX_PATH=/home/johan/planning_with_ROS2_course/install/base_msgs:/home/johan/planning_with_ROS2_course/install/planning:/home/johan/planning_with_ROS2_course/install/data_plot:/opt/ros/humble /usr/bin/cmake --install /home/johan/planning_with_ROS2_course/build/planning
