[  5%] Built target config_reader
[ 13%] Built target car_move_cmd
[ 16%] Built target obj_move_cmd
[ 25%] Built target mathlibs
[35m[1mConsolidate compiler generated dependencies of target planning_process[0m
[ 36%] Built target pnc_map_creator
[35m[1mConsolidate compiler generated dependencies of target reference_line[0m
[ 41%] Built target global_planner
[ 44%] [32m[1mLinking CXX executable planning_process[0m
[ 50%] Built target pnc_map_server
[ 52%] [32mBuilding CXX object src/vehicle_info/CMakeFiles/vehicle_info.dir/main_car/main_car_info.cpp.o[0m
[ 58%] Built target global_path_server
[ 66%] Built target reference_line
/usr/bin/ld: CMakeFiles/planning_process.dir/planning_process.cpp.o: in function `void __gnu_cxx::new_allocator<Planning::MainCar>::construct<Planning::MainCar>(Planning::MainCar*)':
planning_process.cpp:(.text._ZN9__gnu_cxx13new_allocatorIN8Planning7MainCarEE9constructIS2_JEEEvPT_DpOT0_[_ZN9__gnu_cxx13new_allocatorIN8Planning7MainCarEE9constructIS2_JEEEvPT_DpOT0_]+0x31): undefined reference to `Planning::MainCar::MainCar()'
/usr/bin/ld: CMakeFiles/planning_process.dir/planning_process.cpp.o: in function `void __gnu_cxx::new_allocator<Planning::ReferenceLineCreator>::construct<Planning::ReferenceLineCreator>(Planning::ReferenceLineCreator*)':
planning_process.cpp:(.text._ZN9__gnu_cxx13new_allocatorIN8Planning20ReferenceLineCreatorEE9constructIS2_JEEEvPT_DpOT0_[_ZN9__gnu_cxx13new_allocatorIN8Planning20ReferenceLineCreatorEE9constructIS2_JEEEvPT_DpOT0_]+0x31): undefined reference to `Planning::ReferenceLineCreator::ReferenceLineCreator()'
collect2: error: ld returned 1 exit status
gmake[2]: *** [src/planning_process/CMakeFiles/planning_process.dir/build.make:247ï¼šsrc/planning_process/planning_process] é”™è¯¯ 1
gmake[1]: *** [CMakeFiles/Makefile2:573ï¼šsrc/planning_process/CMakeFiles/planning_process.dir/all] é”™è¯¯ 2
gmake[1]: *** æ­£åœ¨ç­‰å¾…æœªå®Œæˆçš„ä»»åŠ¡....
[ 69%] [32m[1mLinking CXX shared library libvehicle_info.so[0m
[ 72%] Built target vehicle_info
gmake: *** [Makefile:146ï¼šall] é”™è¯¯ 2
