[0.188s] Invoking command in '/home/johan/planning_with_ROS2_course/build/planning': CMAKE_PREFIX_PATH=/home/johan/planning_with_ROS2_course/install/base_msgs:/home/johan/planning_with_ROS2_course/install/planning:/home/johan/planning_with_ROS2_course/install/data_plot:/opt/ros/humble LD_LIBRARY_PATH=/home/johan/planning_with_ROS2_course/install/base_msgs/lib:/home/johan/planning_with_ROS2_course/install/planning/lib:/opt/intel/openvino_2024.2.0/runtime/3rdparty/tbb/lib:/opt/intel/openvino_2024.2.0/runtime/lib/intel64:/home/johan/planning_with_ROS2_course/install/planning/lib:/home/johan/planning_with_ROS2_course/install/planning/lib:/usr/lib/x86_64-linux-gnu/gazebo-11/plugins:/opt/ros/humble/opt/rviz_ogre_vendor/lib:/opt/ros/humble/lib/x86_64-linux-gnu:/opt/ros/humble/lib:/opt/intel/openvino_2024.2.0/runtime/3rdparty/tbb/lib:/opt/intel/openvino_2024.2.0/runtime/lib/intel64:/usr/local/cuda-12.1/lib64:/opt/intel/openvino_2024.2.0/runtime/lib/intel64:/usr/local/cuda-12.1/lib64:/opt/intel/openvino_2024.2.0/runtime/lib/intel64 /usr/bin/cmake --build /home/johan/planning_with_ROS2_course/build/planning -- -j16 -l16
[0.228s] [  5%] Built target config_reader
[0.234s] [ 13%] Built target car_move_cmd
[0.234s] [ 16%] Built target obj_move_cmd
[0.238s] [ 25%] Built target mathlibs
[0.242s] [35m[1mConsolidate compiler generated dependencies of target planning_process[0m
[0.250s] [ 36%] Built target pnc_map_creator
[0.254s] [35m[1mConsolidate compiler generated dependencies of target reference_line[0m
[0.256s] [ 41%] Built target global_planner
[0.258s] [ 44%] [32m[1mLinking CXX executable planning_process[0m
[0.267s] [ 50%] Built target pnc_map_server
[0.270s] [ 52%] [32mBuilding CXX object src/vehicle_info/CMakeFiles/vehicle_info.dir/main_car/main_car_info.cpp.o[0m
[0.276s] [ 58%] Built target global_path_server
[0.277s] [ 66%] Built target reference_line
[0.626s] /usr/bin/ld: CMakeFiles/planning_process.dir/planning_process.cpp.o: in function `void __gnu_cxx::new_allocator<Planning::MainCar>::construct<Planning::MainCar>(Planning::MainCar*)':
[0.626s] planning_process.cpp:(.text._ZN9__gnu_cxx13new_allocatorIN8Planning7MainCarEE9constructIS2_JEEEvPT_DpOT0_[_ZN9__gnu_cxx13new_allocatorIN8Planning7MainCarEE9constructIS2_JEEEvPT_DpOT0_]+0x31): undefined reference to `Planning::MainCar::MainCar()'
[0.627s] /usr/bin/ld: CMakeFiles/planning_process.dir/planning_process.cpp.o: in function `void __gnu_cxx::new_allocator<Planning::ReferenceLineCreator>::construct<Planning::ReferenceLineCreator>(Planning::ReferenceLineCreator*)':
[0.627s] planning_process.cpp:(.text._ZN9__gnu_cxx13new_allocatorIN8Planning20ReferenceLineCreatorEE9constructIS2_JEEEvPT_DpOT0_[_ZN9__gnu_cxx13new_allocatorIN8Planning20ReferenceLineCreatorEE9constructIS2_JEEEvPT_DpOT0_]+0x31): undefined reference to `Planning::ReferenceLineCreator::ReferenceLineCreator()'
[0.659s] collect2: error: ld returned 1 exit status
[0.661s] gmake[2]: *** [src/planning_process/CMakeFiles/planning_process.dir/build.make:247：src/planning_process/planning_process] 错误 1
[0.661s] gmake[1]: *** [CMakeFiles/Makefile2:573：src/planning_process/CMakeFiles/planning_process.dir/all] 错误 2
[0.662s] gmake[1]: *** 正在等待未完成的任务....
[2.272s] [ 69%] [32m[1mLinking CXX shared library libvehicle_info.so[0m
[2.361s] [ 72%] Built target vehicle_info
[2.362s] gmake: *** [Makefile:146：all] 错误 2
[2.364s] Invoked command in '/home/johan/planning_with_ROS2_course/build/planning' returned '2': CMAKE_PREFIX_PATH=/home/johan/planning_with_ROS2_course/install/base_msgs:/home/johan/planning_with_ROS2_course/install/planning:/home/johan/planning_with_ROS2_course/install/data_plot:/opt/ros/humble LD_LIBRARY_PATH=/home/johan/planning_with_ROS2_course/install/base_msgs/lib:/home/johan/planning_with_ROS2_course/install/planning/lib:/opt/intel/openvino_2024.2.0/runtime/3rdparty/tbb/lib:/opt/intel/openvino_2024.2.0/runtime/lib/intel64:/home/johan/planning_with_ROS2_course/install/planning/lib:/home/johan/planning_with_ROS2_course/install/planning/lib:/usr/lib/x86_64-linux-gnu/gazebo-11/plugins:/opt/ros/humble/opt/rviz_ogre_vendor/lib:/opt/ros/humble/lib/x86_64-linux-gnu:/opt/ros/humble/lib:/opt/intel/openvino_2024.2.0/runtime/3rdparty/tbb/lib:/opt/intel/openvino_2024.2.0/runtime/lib/intel64:/usr/local/cuda-12.1/lib64:/opt/intel/openvino_2024.2.0/runtime/lib/intel64:/usr/local/cuda-12.1/lib64:/opt/intel/openvino_2024.2.0/runtime/lib/intel64 /usr/bin/cmake --build /home/johan/planning_with_ROS2_course/build/planning -- -j16 -l16
