[0.189s] Invoking command in '/home/johan/planning_with_ROS2_course/build/planning': CMAKE_PREFIX_PATH=/home/johan/planning_with_ROS2_course/install/base_msgs:/home/johan/planning_with_ROS2_course/install/planning:/home/johan/planning_with_ROS2_course/install/data_plot:/opt/ros/humble LD_LIBRARY_PATH=/home/johan/planning_with_ROS2_course/install/base_msgs/lib:/home/johan/planning_with_ROS2_course/install/planning/lib:/opt/intel/openvino_2024.2.0/runtime/3rdparty/tbb/lib:/opt/intel/openvino_2024.2.0/runtime/lib/intel64:/home/johan/planning_with_ROS2_course/install/planning/lib:/home/johan/planning_with_ROS2_course/install/planning/lib:/usr/lib/x86_64-linux-gnu/gazebo-11/plugins:/opt/ros/humble/opt/rviz_ogre_vendor/lib:/opt/ros/humble/lib/x86_64-linux-gnu:/opt/ros/humble/lib:/opt/intel/openvino_2024.2.0/runtime/3rdparty/tbb/lib:/opt/intel/openvino_2024.2.0/runtime/lib/intel64:/usr/local/cuda-12.1/lib64:/opt/intel/openvino_2024.2.0/runtime/lib/intel64:/usr/local/cuda-12.1/lib64:/opt/intel/openvino_2024.2.0/runtime/lib/intel64 /usr/bin/cmake --build /home/johan/planning_with_ROS2_course/build/planning -- -j16 -l16
[0.226s] [  5%] Built target config_reader
[0.231s] [ 11%] Built target car_move_cmd
[0.233s] [ 19%] Built target mathlibs
[0.235s] [ 25%] Built target obj_move_cmd
[0.250s] [ 30%] Built target global_planner
[0.250s] [ 41%] Built target pnc_map_creator
[0.254s] [ 44%] [32mBuilding CXX object src/reference_line/CMakeFiles/reference_line.dir/reference_line_creator.cpp.o[0m
[0.266s] [ 52%] Built target vehicle_info
[0.267s] [ 58%] Built target pnc_map_server
[0.277s] [ 63%] Built target global_path_server
[0.292s] [ 69%] Built target decision_center
[0.320s] [ 86%] Built target local_planner
[2.298s] [ 88%] [32m[1mLinking CXX shared library libreference_line.so[0m
[2.384s] [ 91%] Built target reference_line
[2.406s] [ 94%] [32m[1mLinking CXX executable planning_process[0m
[2.839s] [100%] Built target planning_process
[2.848s] Invoked command in '/home/johan/planning_with_ROS2_course/build/planning' returned '0': CMAKE_PREFIX_PATH=/home/johan/planning_with_ROS2_course/install/base_msgs:/home/johan/planning_with_ROS2_course/install/planning:/home/johan/planning_with_ROS2_course/install/data_plot:/opt/ros/humble LD_LIBRARY_PATH=/home/johan/planning_with_ROS2_course/install/base_msgs/lib:/home/johan/planning_with_ROS2_course/install/planning/lib:/opt/intel/openvino_2024.2.0/runtime/3rdparty/tbb/lib:/opt/intel/openvino_2024.2.0/runtime/lib/intel64:/home/johan/planning_with_ROS2_course/install/planning/lib:/home/johan/planning_with_ROS2_course/install/planning/lib:/usr/lib/x86_64-linux-gnu/gazebo-11/plugins:/opt/ros/humble/opt/rviz_ogre_vendor/lib:/opt/ros/humble/lib/x86_64-linux-gnu:/opt/ros/humble/lib:/opt/intel/openvino_2024.2.0/runtime/3rdparty/tbb/lib:/opt/intel/openvino_2024.2.0/runtime/lib/intel64:/usr/local/cuda-12.1/lib64:/opt/intel/openvino_2024.2.0/runtime/lib/intel64:/usr/local/cuda-12.1/lib64:/opt/intel/openvino_2024.2.0/runtime/lib/intel64 /usr/bin/cmake --build /home/johan/planning_with_ROS2_course/build/planning -- -j16 -l16
[2.850s] Invoking command in '/home/johan/planning_with_ROS2_course/build/planning': CMAKE_PREFIX_PATH=/home/johan/planning_with_ROS2_course/install/base_msgs:/home/johan/planning_with_ROS2_course/install/planning:/home/johan/planning_with_ROS2_course/install/data_plot:/opt/ros/humble LD_LIBRARY_PATH=/home/johan/planning_with_ROS2_course/install/base_msgs/lib:/home/johan/planning_with_ROS2_course/install/planning/lib:/opt/intel/openvino_2024.2.0/runtime/3rdparty/tbb/lib:/opt/intel/openvino_2024.2.0/runtime/lib/intel64:/home/johan/planning_with_ROS2_course/install/planning/lib:/home/johan/planning_with_ROS2_course/install/planning/lib:/usr/lib/x86_64-linux-gnu/gazebo-11/plugins:/opt/ros/humble/opt/rviz_ogre_vendor/lib:/opt/ros/humble/lib/x86_64-linux-gnu:/opt/ros/humble/lib:/opt/intel/openvino_2024.2.0/runtime/3rdparty/tbb/lib:/opt/intel/openvino_2024.2.0/runtime/lib/intel64:/usr/local/cuda-12.1/lib64:/opt/intel/openvino_2024.2.0/runtime/lib/intel64:/usr/local/cuda-12.1/lib64:/opt/intel/openvino_2024.2.0/runtime/lib/intel64 /usr/bin/cmake --install /home/johan/planning_with_ROS2_course/build/planning
[2.855s] -- Install configuration: ""
[2.855s] -- Up-to-date: /home/johan/planning_with_ROS2_course/install/planning/lib/libconfig_reader.so
[2.855s] -- Up-to-date: /home/johan/planning_with_ROS2_course/install/planning/lib/libmathlibs.so
[2.855s] -- Up-to-date: /home/johan/planning_with_ROS2_course/install/planning/lib/libdecision_center.so
[2.856s] -- Up-to-date: /home/johan/planning_with_ROS2_course/install/planning/lib/libpnc_map_creator.so
[2.856s] -- Up-to-date: /home/johan/planning_with_ROS2_course/install/planning/lib/planning/pnc_map_server
[2.856s] -- Up-to-date: /home/johan/planning_with_ROS2_course/install/planning/lib/libglobal_planner.so
[2.856s] -- Up-to-date: /home/johan/planning_with_ROS2_course/install/planning/lib/planning/global_path_server
[2.856s] -- Up-to-date: /home/johan/planning_with_ROS2_course/install/planning/lib/liblocal_planner.so
[2.856s] -- Installing: /home/johan/planning_with_ROS2_course/install/planning/lib/libreference_line.so
[2.857s] -- Set runtime path of "/home/johan/planning_with_ROS2_course/install/planning/lib/libreference_line.so" to ""
[2.857s] -- Up-to-date: /home/johan/planning_with_ROS2_course/install/planning/lib/libvehicle_info.so
[2.857s] -- Installing: /home/johan/planning_with_ROS2_course/install/planning/lib/planning/planning_process
[2.861s] -- Set runtime path of "/home/johan/planning_with_ROS2_course/install/planning/lib/planning/planning_process" to ""
[2.861s] -- Up-to-date: /home/johan/planning_with_ROS2_course/install/planning/lib/planning/car_move_cmd
[2.861s] -- Up-to-date: /home/johan/planning_with_ROS2_course/install/planning/lib/planning/obj_move_cmd
[2.861s] -- Up-to-date: /home/johan/planning_with_ROS2_course/install/planning/share/planning/config
[2.861s] -- Up-to-date: /home/johan/planning_with_ROS2_course/install/planning/share/planning/config/planning_static_obs_config.yaml
[2.861s] -- Up-to-date: /home/johan/planning_with_ROS2_course/install/planning/share/planning/rviz
[2.861s] -- Up-to-date: /home/johan/planning_with_ROS2_course/install/planning/share/planning/rviz/planning.rviz
[2.861s] -- Up-to-date: /home/johan/planning_with_ROS2_course/install/planning/share/planning/launch
[2.862s] -- Up-to-date: /home/johan/planning_with_ROS2_course/install/planning/share/planning/launch/planning_launch.py
[2.862s] -- Up-to-date: /home/johan/planning_with_ROS2_course/install/planning/share/planning/urdf
[2.862s] -- Up-to-date: /home/johan/planning_with_ROS2_course/install/planning/share/planning/urdf/obs_car
[2.862s] -- Up-to-date: /home/johan/planning_with_ROS2_course/install/planning/share/planning/urdf/main_car
[2.862s] -- Up-to-date: /home/johan/planning_with_ROS2_course/install/planning/share/planning/urdf/main_car/car_wheels.xacro
[2.862s] -- Up-to-date: /home/johan/planning_with_ROS2_course/install/planning/share/planning/urdf/main_car/car_base.xacro
[2.862s] -- Up-to-date: /home/johan/planning_with_ROS2_course/install/planning/share/planning/urdf/main_car/car.xacro
[2.862s] -- Up-to-date: /home/johan/planning_with_ROS2_course/install/planning/share/planning/urdf/main_car/car_radar.xacro
[2.864s] -- Up-to-date: /home/johan/planning_with_ROS2_course/install/planning/share/planning/urdf/main_car/car_camera.xacro
[2.864s] -- Up-to-date: /home/johan/planning_with_ROS2_course/install/planning/share/ament_index/resource_index/package_run_dependencies/planning
[2.864s] -- Up-to-date: /home/johan/planning_with_ROS2_course/install/planning/share/ament_index/resource_index/parent_prefix_path/planning
[2.864s] -- Up-to-date: /home/johan/planning_with_ROS2_course/install/planning/share/planning/environment/ament_prefix_path.sh
[2.864s] -- Up-to-date: /home/johan/planning_with_ROS2_course/install/planning/share/planning/environment/ament_prefix_path.dsv
[2.865s] -- Up-to-date: /home/johan/planning_with_ROS2_course/install/planning/share/planning/environment/path.sh
[2.865s] -- Up-to-date: /home/johan/planning_with_ROS2_course/install/planning/share/planning/environment/path.dsv
[2.865s] -- Up-to-date: /home/johan/planning_with_ROS2_course/install/planning/share/planning/local_setup.bash
[2.865s] -- Up-to-date: /home/johan/planning_with_ROS2_course/install/planning/share/planning/local_setup.sh
[2.865s] -- Up-to-date: /home/johan/planning_with_ROS2_course/install/planning/share/planning/local_setup.zsh
[2.865s] -- Up-to-date: /home/johan/planning_with_ROS2_course/install/planning/share/planning/local_setup.dsv
[2.866s] -- Installing: /home/johan/planning_with_ROS2_course/install/planning/share/planning/package.dsv
[2.866s] -- Up-to-date: /home/johan/planning_with_ROS2_course/install/planning/share/ament_index/resource_index/packages/planning
[2.866s] -- Up-to-date: /home/johan/planning_with_ROS2_course/install/planning/share/planning/cmake/planningConfig.cmake
[2.866s] -- Up-to-date: /home/johan/planning_with_ROS2_course/install/planning/share/planning/cmake/planningConfig-version.cmake
[2.866s] -- Up-to-date: /home/johan/planning_with_ROS2_course/install/planning/share/planning/package.xml
[2.866s] Invoked command in '/home/johan/planning_with_ROS2_course/build/planning' returned '0': CMAKE_PREFIX_PATH=/home/johan/planning_with_ROS2_course/install/base_msgs:/home/johan/planning_with_ROS2_course/install/planning:/home/johan/planning_with_ROS2_course/install/data_plot:/opt/ros/humble LD_LIBRARY_PATH=/home/johan/planning_with_ROS2_course/install/base_msgs/lib:/home/johan/planning_with_ROS2_course/install/planning/lib:/opt/intel/openvino_2024.2.0/runtime/3rdparty/tbb/lib:/opt/intel/openvino_2024.2.0/runtime/lib/intel64:/home/johan/planning_with_ROS2_course/install/planning/lib:/home/johan/planning_with_ROS2_course/install/planning/lib:/usr/lib/x86_64-linux-gnu/gazebo-11/plugins:/opt/ros/humble/opt/rviz_ogre_vendor/lib:/opt/ros/humble/lib/x86_64-linux-gnu:/opt/ros/humble/lib:/opt/intel/openvino_2024.2.0/runtime/3rdparty/tbb/lib:/opt/intel/openvino_2024.2.0/runtime/lib/intel64:/usr/local/cuda-12.1/lib64:/opt/intel/openvino_2024.2.0/runtime/lib/intel64:/usr/local/cuda-12.1/lib64:/opt/intel/openvino_2024.2.0/runtime/lib/intel64 /usr/bin/cmake --install /home/johan/planning_with_ROS2_course/build/planning
