[0.448s] Invoking command in '/home/johan/planning_with_ROS2_course/src/data_plot': CMAKE_PREFIX_PATH=/home/johan/planning_with_ROS2_course/install/base_msgs:/home/johan/planning_with_ROS2_course/install/planning PYTHONPATH=/home/johan/planning_with_ROS2_course/build/data_plot/prefix_override:/usr/lib/python3/dist-packages/colcon_core/task/python/colcon_distutils_commands:/home/johan/planning_with_ROS2_course/install/data_plot/lib/python3.10/site-packages:${PYTHONPATH} /usr/bin/python3 -W ignore:setup.py install is deprecated -W ignore:easy_install command is deprecated setup.py egg_info --egg-base ../../build/data_plot build --build-base /home/johan/planning_with_ROS2_course/build/data_plot/build install --record /home/johan/planning_with_ROS2_course/build/data_plot/install.log --single-version-externally-managed install_data
[0.612s] running egg_info
[0.613s] writing ../../build/data_plot/data_plot.egg-info/PKG-INFO
[0.613s] writing dependency_links to ../../build/data_plot/data_plot.egg-info/dependency_links.txt
[0.613s] writing entry points to ../../build/data_plot/data_plot.egg-info/entry_points.txt
[0.613s] writing requirements to ../../build/data_plot/data_plot.egg-info/requires.txt
[0.613s] writing top-level names to ../../build/data_plot/data_plot.egg-info/top_level.txt
[0.614s] reading manifest file '../../build/data_plot/data_plot.egg-info/SOURCES.txt'
[0.615s] writing manifest file '../../build/data_plot/data_plot.egg-info/SOURCES.txt'
[0.615s] running build
[0.615s] running build_py
[0.615s] running install
[0.615s] running install_lib
[0.616s] running install_data
[0.616s] running install_egg_info
[0.617s] removing '/home/johan/planning_with_ROS2_course/install/data_plot/lib/python3.10/site-packages/data_plot-0.0.0-py3.10.egg-info' (and everything under it)
[0.617s] Copying ../../build/data_plot/data_plot.egg-info to /home/johan/planning_with_ROS2_course/install/data_plot/lib/python3.10/site-packages/data_plot-0.0.0-py3.10.egg-info
[0.618s] running install_scripts
[0.632s] Installing data_plot script to /home/johan/planning_with_ROS2_course/install/data_plot/lib/data_plot
[0.633s] writing list of installed files to '/home/johan/planning_with_ROS2_course/build/data_plot/install.log'
[0.650s] Invoked command in '/home/johan/planning_with_ROS2_course/src/data_plot' returned '0': CMAKE_PREFIX_PATH=/home/johan/planning_with_ROS2_course/install/base_msgs:/home/johan/planning_with_ROS2_course/install/planning PYTHONPATH=/home/johan/planning_with_ROS2_course/build/data_plot/prefix_override:/usr/lib/python3/dist-packages/colcon_core/task/python/colcon_distutils_commands:/home/johan/planning_with_ROS2_course/install/data_plot/lib/python3.10/site-packages:${PYTHONPATH} /usr/bin/python3 -W ignore:setup.py install is deprecated -W ignore:easy_install command is deprecated setup.py egg_info --egg-base ../../build/data_plot build --build-base /home/johan/planning_with_ROS2_course/build/data_plot/build install --record /home/johan/planning_with_ROS2_course/build/data_plot/install.log --single-version-externally-managed install_data
