[35m[1mConsolidate compiler generated dependencies of target config_reader[0m
[  9%] Built target mathlibs
[ 16%] Built target car_move_cmd
[ 22%] Built target obj_move_cmd
[ 29%] Built target config_reader
[ 32%] [32mBuilding CXX object src/planning_process/CMakeFiles/planning_node.dir/planning_node.cpp.o[0m
[ 35%] [32mBuilding CXX object src/planning_process/CMakeFiles/planning_node.dir/planning_process.cpp.o[0m
[ 45%] Built target vehicle_info
[35m[1mConsolidate compiler generated dependencies of target decision_center[0m
[ 54%] Built target pnc_map_creator
[ 64%] Built target reference_line
[ 70%] Built target decision_center
[35m[1mConsolidate compiler generated dependencies of target local_planner[0m
[ 77%] Built target pnc_map_server
[ 96%] Built target local_planner
[100%] [32m[1mLinking CXX executable planning_node[0m
/usr/bin/ld: CMakeFiles/planning_node.dir/planning_process.cpp.o: in function `Planning::PlanningProcess::PlanningProcess()':
planning_process.cpp:(.text+0x2d0): undefined reference to `Planning::ConfigReader::read_planning_process_config()'
/usr/bin/ld: CMakeFiles/planning_node.dir/planning_process.cpp.o: in function `std::_MakeUniq<Planning::ConfigReader>::__single_object std::make_unique<Planning::ConfigReader>()':
planning_process.cpp:(.text._ZSt11make_uniqueIN8Planning12ConfigReaderEJEENSt9_MakeUniqIT_E15__single_objectEDpOT0_[_ZSt11make_uniqueIN8Planning12ConfigReaderEJEENSt9_MakeUniqIT_E15__single_objectEDpOT0_]+0x26): undefined reference to `Planning::ConfigReader::ConfigReader()'
collect2: error: ld returned 1 exit status
gmake[2]: *** [src/planning_process/CMakeFiles/planning_node.dir/build.make:221：src/planning_process/planning_node] 错误 1
gmake[1]: *** [CMakeFiles/Makefile2:500：src/planning_process/CMakeFiles/planning_node.dir/all] 错误 2
gmake: *** [Makefile:146：all] 错误 2
