[0.184s] Invoking command in '/home/johan/planning_with_ROS2_course/build/planning': CMAKE_PREFIX_PATH=/home/johan/planning_with_ROS2_course/install/base_msgs:/home/johan/planning_with_ROS2_course/install/planning:/home/johan/planning_with_ROS2_course/install/data_plot:/opt/ros/humble /usr/bin/cmake --build /home/johan/planning_with_ROS2_course/build/planning -- -j16 -l16
[0.212s] [35m[1mConsolidate compiler generated dependencies of target config_reader[0m
[0.223s] [  9%] Built target mathlibs
[0.228s] [ 16%] Built target car_move_cmd
[0.229s] [ 22%] Built target obj_move_cmd
[0.229s] [ 29%] Built target config_reader
[0.233s] [ 32%] [32mBuilding CXX object src/planning_process/CMakeFiles/planning_node.dir/planning_node.cpp.o[0m
[0.233s] [ 35%] [32mBuilding CXX object src/planning_process/CMakeFiles/planning_node.dir/planning_process.cpp.o[0m
[0.249s] [ 45%] Built target vehicle_info
[0.258s] [35m[1mConsolidate compiler generated dependencies of target decision_center[0m
[0.258s] [ 54%] Built target pnc_map_creator
[0.259s] [ 64%] Built target reference_line
[0.270s] [ 70%] Built target decision_center
[0.283s] [35m[1mConsolidate compiler generated dependencies of target local_planner[0m
[0.288s] [ 77%] Built target pnc_map_server
[0.304s] [ 96%] Built target local_planner
[2.637s] [100%] [32m[1mLinking CXX executable planning_node[0m
[2.724s] /usr/bin/ld: CMakeFiles/planning_node.dir/planning_process.cpp.o: in function `Planning::PlanningProcess::PlanningProcess()':
[2.724s] planning_process.cpp:(.text+0x2d0): undefined reference to `Planning::ConfigReader::read_planning_process_config()'
[2.724s] /usr/bin/ld: CMakeFiles/planning_node.dir/planning_process.cpp.o: in function `std::_MakeUniq<Planning::ConfigReader>::__single_object std::make_unique<Planning::ConfigReader>()':
[2.725s] planning_process.cpp:(.text._ZSt11make_uniqueIN8Planning12ConfigReaderEJEENSt9_MakeUniqIT_E15__single_objectEDpOT0_[_ZSt11make_uniqueIN8Planning12ConfigReaderEJEENSt9_MakeUniqIT_E15__single_objectEDpOT0_]+0x26): undefined reference to `Planning::ConfigReader::ConfigReader()'
[2.728s] collect2: error: ld returned 1 exit status
[2.730s] gmake[2]: *** [src/planning_process/CMakeFiles/planning_node.dir/build.make:221：src/planning_process/planning_node] 错误 1
[2.730s] gmake[1]: *** [CMakeFiles/Makefile2:500：src/planning_process/CMakeFiles/planning_node.dir/all] 错误 2
[2.730s] gmake: *** [Makefile:146：all] 错误 2
[2.732s] Invoked command in '/home/johan/planning_with_ROS2_course/build/planning' returned '2': CMAKE_PREFIX_PATH=/home/johan/planning_with_ROS2_course/install/base_msgs:/home/johan/planning_with_ROS2_course/install/planning:/home/johan/planning_with_ROS2_course/install/data_plot:/opt/ros/humble /usr/bin/cmake --build /home/johan/planning_with_ROS2_course/build/planning -- -j16 -l16
