[ 12%] Built target config_reader
[ 16%] Built target mathlibs
[ 22%] Built target decision_center
[ 41%] Built target local_planner
[ 64%] Built target obj_move_cmd
[ 64%] Built target car_move_cmd
[ 64%] Built target planning_node
[ 74%] Built target pnc_map_creator
[ 83%] Built target reference_line
[ 93%] Built target vehicle_info
[100%] Built target pnc_map_server
-- Install configuration: ""
-- Up-to-date: /home/johan/planning_with_ROS2_course/install/planning/lib/libconfig_reader.so
-- Up-to-date: /home/johan/planning_with_ROS2_course/install/planning/lib/libmathlibs.so
-- Up-to-date: /home/johan/planning_with_ROS2_course/install/planning/lib/libdecision_center.so
-- Up-to-date: /home/johan/planning_with_ROS2_course/install/planning/bin/pnc_map_server
-- Up-to-date: /home/johan/planning_with_ROS2_course/install/planning/lib/planning/pnc_map_server
-- Up-to-date: /home/johan/planning_with_ROS2_course/install/planning/lib/liblocal_planner.so
-- Up-to-date: /home/johan/planning_with_ROS2_course/install/planning/lib/libreference_line.so
-- Up-to-date: /home/johan/planning_with_ROS2_course/install/planning/lib/libvehicle_info.so
-- Up-to-date: /home/johan/planning_with_ROS2_course/install/planning/lib/planning/planning_node
-- Up-to-date: /home/johan/planning_with_ROS2_course/install/planning/lib/planning/car_move_cmd
-- Up-to-date: /home/johan/planning_with_ROS2_course/install/planning/lib/planning/obj_move_cmd
-- Up-to-date: /home/johan/planning_with_ROS2_course/install/planning/share/planning/config
-- Up-to-date: /home/johan/planning_with_ROS2_course/install/planning/share/planning/rviz
-- Up-to-date: /home/johan/planning_with_ROS2_course/install/planning/share/planning/launch
-- Up-to-date: /home/johan/planning_with_ROS2_course/install/planning/share/planning/urdf
-- Up-to-date: /home/johan/planning_with_ROS2_course/install/planning/share/planning/urdf/obs_car
-- Up-to-date: /home/johan/planning_with_ROS2_course/install/planning/share/planning/urdf/main_car
-- Up-to-date: /home/johan/planning_with_ROS2_course/install/planning/share/ament_index/resource_index/package_run_dependencies/planning
-- Up-to-date: /home/johan/planning_with_ROS2_course/install/planning/share/ament_index/resource_index/parent_prefix_path/planning
-- Up-to-date: /home/johan/planning_with_ROS2_course/install/planning/share/planning/environment/ament_prefix_path.sh
-- Up-to-date: /home/johan/planning_with_ROS2_course/install/planning/share/planning/environment/ament_prefix_path.dsv
-- Up-to-date: /home/johan/planning_with_ROS2_course/install/planning/share/planning/environment/path.sh
-- Up-to-date: /home/johan/planning_with_ROS2_course/install/planning/share/planning/environment/path.dsv
-- Up-to-date: /home/johan/planning_with_ROS2_course/install/planning/share/planning/local_setup.bash
-- Up-to-date: /home/johan/planning_with_ROS2_course/install/planning/share/planning/local_setup.sh
-- Up-to-date: /home/johan/planning_with_ROS2_course/install/planning/share/planning/local_setup.zsh
-- Up-to-date: /home/johan/planning_with_ROS2_course/install/planning/share/planning/local_setup.dsv
-- Installing: /home/johan/planning_with_ROS2_course/install/planning/share/planning/package.dsv
-- Up-to-date: /home/johan/planning_with_ROS2_course/install/planning/share/ament_index/resource_index/packages/planning
-- Up-to-date: /home/johan/planning_with_ROS2_course/install/planning/share/planning/cmake/planningConfig.cmake
-- Up-to-date: /home/johan/planning_with_ROS2_course/install/planning/share/planning/cmake/planningConfig-version.cmake
-- Up-to-date: /home/johan/planning_with_ROS2_course/install/planning/share/planning/package.xml
