[0.098s] DEBUG:colcon:Command line arguments: ['/usr/bin/colcon', 'list', '-p', '--base-paths', '/home/johan/planning_with_ROS2_course/src', '--log-base', '/dev/null']
[0.098s] DEBUG:colcon:Parsed command line arguments: Namespace(log_base=None, log_level=None, verb_name='list', build_base='build', ignore_user_meta=False, metas=['./colcon.meta'], base_paths=['/home/johan/planning_with_ROS2_course/src', '--log-base', '/dev/null'], packages_ignore=None, packages_ignore_regex=None, paths=None, packages_up_to=None, packages_up_to_regex=None, packages_above=None, packages_above_and_dependencies=None, packages_above_depth=None, packages_select_by_dep=None, packages_skip_by_dep=None, packages_skip_up_to=None, packages_select_build_failed=False, packages_skip_build_finished=False, packages_select_test_failures=False, packages_skip_test_passed=False, packages_select=None, packages_skip=None, packages_select_regex=None, packages_skip_regex=None, packages_start=None, packages_end=None, allow_overriding=[], topological_order=False, names_only=False, paths_only=True, topological_graph=False, topological_graph_dot=False, topological_graph_density=False, topological_graph_legend=False, topological_graph_dot_cluster=False, topological_graph_dot_include_skipped=False, mixin_files=None, mixin=None, verb_parser=<colcon_mixin.mixin.mixin_argument.MixinArgumentDecorator object at 0x7cec35d8da50>, verb_extension=<colcon_package_information.verb.list.ListVerb object at 0x7cec35d8c970>, main=<bound method ListVerb.main of <colcon_package_information.verb.list.ListVerb object at 0x7cec35d8c970>>, mixin_verb=('list',))
[0.237s] Level 1:colcon.colcon_core.package_discovery:discover_packages(colcon_meta) check parameters
[0.237s] Level 1:colcon.colcon_core.package_discovery:discover_packages(recursive) check parameters
[0.237s] Level 1:colcon.colcon_core.package_discovery:discover_packages(ignore) check parameters
[0.237s] Level 1:colcon.colcon_core.package_discovery:discover_packages(path) check parameters
[0.237s] Level 1:colcon.colcon_core.package_discovery:discover_packages(recursive) discover
[0.237s] INFO:colcon.colcon_core.package_discovery:Crawling recursively for packages in '/home/johan/planning_with_ROS2_course/src', '/home/johan/planning_with_ROS2_course/src/--log-base', '/dev/null'
[0.237s] Level 1:colcon.colcon_core.package_identification:_identify(/home/johan/planning_with_ROS2_course/src) by extensions ['ignore', 'ignore_ament_install']
[0.237s] Level 1:colcon.colcon_core.package_identification:_identify(/home/johan/planning_with_ROS2_course/src) by extension 'ignore'
[0.237s] Level 1:colcon.colcon_core.package_identification:_identify(/home/johan/planning_with_ROS2_course/src) by extension 'ignore_ament_install'
[0.238s] Level 1:colcon.colcon_core.package_identification:_identify(/home/johan/planning_with_ROS2_course/src) by extensions ['colcon_pkg']
[0.238s] Level 1:colcon.colcon_core.package_identification:_identify(/home/johan/planning_with_ROS2_course/src) by extension 'colcon_pkg'
[0.238s] Level 1:colcon.colcon_core.package_identification:_identify(/home/johan/planning_with_ROS2_course/src) by extensions ['colcon_meta']
[0.238s] Level 1:colcon.colcon_core.package_identification:_identify(/home/johan/planning_with_ROS2_course/src) by extension 'colcon_meta'
[0.238s] Level 1:colcon.colcon_core.package_identification:_identify(/home/johan/planning_with_ROS2_course/src) by extensions ['ros']
[0.238s] Level 1:colcon.colcon_core.package_identification:_identify(/home/johan/planning_with_ROS2_course/src) by extension 'ros'
[0.253s] Level 1:colcon.colcon_core.package_identification:_identify(/home/johan/planning_with_ROS2_course/src) by extensions ['cmake', 'python']
[0.253s] Level 1:colcon.colcon_core.package_identification:_identify(/home/johan/planning_with_ROS2_course/src) by extension 'cmake'
[0.253s] Level 1:colcon.colcon_core.package_identification:_identify(/home/johan/planning_with_ROS2_course/src) by extension 'python'
[0.253s] Level 1:colcon.colcon_core.package_identification:_identify(/home/johan/planning_with_ROS2_course/src) by extensions ['python_setup_py']
[0.254s] Level 1:colcon.colcon_core.package_identification:_identify(/home/johan/planning_with_ROS2_course/src) by extension 'python_setup_py'
[0.254s] Level 1:colcon.colcon_core.package_identification:_identify(/home/johan/planning_with_ROS2_course/src/base_msgs) by extensions ['ignore', 'ignore_ament_install']
[0.254s] Level 1:colcon.colcon_core.package_identification:_identify(/home/johan/planning_with_ROS2_course/src/base_msgs) by extension 'ignore'
[0.254s] Level 1:colcon.colcon_core.package_identification:_identify(/home/johan/planning_with_ROS2_course/src/base_msgs) by extension 'ignore_ament_install'
[0.254s] Level 1:colcon.colcon_core.package_identification:_identify(/home/johan/planning_with_ROS2_course/src/base_msgs) by extensions ['colcon_pkg']
[0.254s] Level 1:colcon.colcon_core.package_identification:_identify(/home/johan/planning_with_ROS2_course/src/base_msgs) by extension 'colcon_pkg'
[0.254s] Level 1:colcon.colcon_core.package_identification:_identify(/home/johan/planning_with_ROS2_course/src/base_msgs) by extensions ['colcon_meta']
[0.254s] Level 1:colcon.colcon_core.package_identification:_identify(/home/johan/planning_with_ROS2_course/src/base_msgs) by extension 'colcon_meta'
[0.254s] Level 1:colcon.colcon_core.package_identification:_identify(/home/johan/planning_with_ROS2_course/src/base_msgs) by extensions ['ros']
[0.254s] Level 1:colcon.colcon_core.package_identification:_identify(/home/johan/planning_with_ROS2_course/src/base_msgs) by extension 'ros'
[0.258s] DEBUG:colcon.colcon_core.package_identification:Package '/home/johan/planning_with_ROS2_course/src/base_msgs' with type 'ros.ament_cmake' and name 'base_msgs'
[0.258s] Level 1:colcon.colcon_core.package_identification:_identify(/home/johan/planning_with_ROS2_course/src/data_plot) by extensions ['ignore', 'ignore_ament_install']
[0.258s] Level 1:colcon.colcon_core.package_identification:_identify(/home/johan/planning_with_ROS2_course/src/data_plot) by extension 'ignore'
[0.258s] Level 1:colcon.colcon_core.package_identification:_identify(/home/johan/planning_with_ROS2_course/src/data_plot) by extension 'ignore_ament_install'
[0.258s] Level 1:colcon.colcon_core.package_identification:_identify(/home/johan/planning_with_ROS2_course/src/data_plot) by extensions ['colcon_pkg']
[0.258s] Level 1:colcon.colcon_core.package_identification:_identify(/home/johan/planning_with_ROS2_course/src/data_plot) by extension 'colcon_pkg'
[0.258s] Level 1:colcon.colcon_core.package_identification:_identify(/home/johan/planning_with_ROS2_course/src/data_plot) by extensions ['colcon_meta']
[0.258s] Level 1:colcon.colcon_core.package_identification:_identify(/home/johan/planning_with_ROS2_course/src/data_plot) by extension 'colcon_meta'
[0.258s] Level 1:colcon.colcon_core.package_identification:_identify(/home/johan/planning_with_ROS2_course/src/data_plot) by extensions ['ros']
[0.258s] Level 1:colcon.colcon_core.package_identification:_identify(/home/johan/planning_with_ROS2_course/src/data_plot) by extension 'ros'
[0.259s] DEBUG:colcon.colcon_core.package_identification:Package '/home/johan/planning_with_ROS2_course/src/data_plot' with type 'ros.ament_python' and name 'data_plot'
[0.259s] Level 1:colcon.colcon_core.package_identification:_identify(/home/johan/planning_with_ROS2_course/src/log) by extensions ['ignore', 'ignore_ament_install']
[0.260s] Level 1:colcon.colcon_core.package_identification:_identify(/home/johan/planning_with_ROS2_course/src/log) by extension 'ignore'
[0.260s] Level 1:colcon.colcon_core.package_identification:_identify(/home/johan/planning_with_ROS2_course/src/log) ignored
[0.260s] Level 1:colcon.colcon_core.package_identification:_identify(/home/johan/planning_with_ROS2_course/src/planning) by extensions ['ignore', 'ignore_ament_install']
[0.260s] Level 1:colcon.colcon_core.package_identification:_identify(/home/johan/planning_with_ROS2_course/src/planning) by extension 'ignore'
[0.260s] Level 1:colcon.colcon_core.package_identification:_identify(/home/johan/planning_with_ROS2_course/src/planning) by extension 'ignore_ament_install'
[0.260s] Level 1:colcon.colcon_core.package_identification:_identify(/home/johan/planning_with_ROS2_course/src/planning) by extensions ['colcon_pkg']
[0.260s] Level 1:colcon.colcon_core.package_identification:_identify(/home/johan/planning_with_ROS2_course/src/planning) by extension 'colcon_pkg'
[0.260s] Level 1:colcon.colcon_core.package_identification:_identify(/home/johan/planning_with_ROS2_course/src/planning) by extensions ['colcon_meta']
[0.260s] Level 1:colcon.colcon_core.package_identification:_identify(/home/johan/planning_with_ROS2_course/src/planning) by extension 'colcon_meta'
[0.260s] Level 1:colcon.colcon_core.package_identification:_identify(/home/johan/planning_with_ROS2_course/src/planning) by extensions ['ros']
[0.260s] Level 1:colcon.colcon_core.package_identification:_identify(/home/johan/planning_with_ROS2_course/src/planning) by extension 'ros'
[0.262s] DEBUG:colcon.colcon_core.package_identification:Package '/home/johan/planning_with_ROS2_course/src/planning' with type 'ros.ament_cmake' and name 'planning'
[0.262s] Level 1:colcon.colcon_core.package_discovery:discover_packages(recursive) using defaults
