[0.181s] Invoking command in '/home/johan/planning_with_ROS2_course/build/planning': CMAKE_PREFIX_PATH=/home/johan/planning_with_ROS2_course/install/base_msgs:/home/johan/planning_with_ROS2_course/install/planning:/home/johan/planning_with_ROS2_course/install/data_plot:/opt/ros/humble /usr/bin/cmake --build /home/johan/planning_with_ROS2_course/build/planning -- -j16 -l16
[0.200s] -- Found ament_cmake: 1.3.11 (/opt/ros/humble/share/ament_cmake/cmake)
[0.290s] -- Found rclcpp: 16.0.12 (/opt/ros/humble/share/rclcpp/cmake)
[0.309s] -- Found rosidl_generator_c: 3.1.6 (/opt/ros/humble/share/rosidl_generator_c/cmake)
[0.311s] -- Found rosidl_adapter: 3.1.6 (/opt/ros/humble/share/rosidl_adapter/cmake)
[0.315s] -- Found rosidl_generator_cpp: 3.1.6 (/opt/ros/humble/share/rosidl_generator_cpp/cmake)
[0.321s] -- Using all available rosidl_typesupport_c: rosidl_typesupport_fastrtps_c;rosidl_typesupport_introspection_c
[0.329s] -- Using all available rosidl_typesupport_cpp: rosidl_typesupport_fastrtps_cpp;rosidl_typesupport_introspection_cpp
[0.352s] -- Found rmw_implementation_cmake: 6.1.2 (/opt/ros/humble/share/rmw_implementation_cmake/cmake)
[0.353s] -- Found rmw_fastrtps_cpp: 6.2.7 (/opt/ros/humble/share/rmw_fastrtps_cpp/cmake)
[0.433s] -- Using RMW implementation 'rmw_fastrtps_cpp' as default
[0.465s] -- Found tf2: 0.25.13 (/opt/ros/humble/share/tf2/cmake)
[0.481s] -- Found tf2_ros: 0.25.13 (/opt/ros/humble/share/tf2_ros/cmake)
[0.532s] -- Found nav_msgs: 4.9.0 (/opt/ros/humble/share/nav_msgs/cmake)
[0.545s] -- Found visualization_msgs: 4.9.0 (/opt/ros/humble/share/visualization_msgs/cmake)
[0.570s] -- Found base_msgs: 0.0.0 (/home/johan/planning_with_ROS2_course/install/base_msgs/share/base_msgs/cmake)
[0.626s] -- Configuring done
[0.629s] [31mCMake Error at src/decision_center/CMakeLists.txt:12 (add_library):
[0.629s]   Cannot find source file:
[0.629s] 
[0.630s]     /home/johan/planning_with_ROS2_course/build/planning/src/decision_center/decision_center.cpp
[0.630s] 
[0.630s] [0m
[0.631s] [31mCMake Error at src/decision_center/CMakeLists.txt:12 (add_library):
[0.631s]   No SOURCES given to target: decision_center
[0.631s] 
[0.631s] [0m
[0.631s] [0mCMake Generate step failed.  Build files cannot be regenerated correctly.[0m
[0.638s] gmake: *** [Makefile:268：cmake_check_build_system] 错误 1
[0.639s] Invoked command in '/home/johan/planning_with_ROS2_course/build/planning' returned '2': CMAKE_PREFIX_PATH=/home/johan/planning_with_ROS2_course/install/base_msgs:/home/johan/planning_with_ROS2_course/install/planning:/home/johan/planning_with_ROS2_course/install/data_plot:/opt/ros/humble /usr/bin/cmake --build /home/johan/planning_with_ROS2_course/build/planning -- -j16 -l16
