[  5%] Built target config_reader
[ 13%] Built target mathlibs
[35m[1mConsolidate compiler generated dependencies of target vehicle_info[0m
[ 25%] Built target car_move_cmd
[ 25%] Built target obj_move_cmd
[ 36%] Built target pnc_map_creator
[ 44%] Built target vehicle_info
[ 50%] Built target global_planner
[ 52%] [32mBuilding CXX object src/reference_line/CMakeFiles/reference_line.dir/reference_line_creator.cpp.o[0m
[ 55%] [32mBuilding CXX object src/planning_process/CMakeFiles/planning_process.dir/planning_process_main.cpp.o[0m
[ 58%] [32mBuilding CXX object src/planning_process/CMakeFiles/planning_process.dir/planning_process.cpp.o[0m
[ 63%] Built target pnc_map_server
[ 69%] Built target decision_center
[ 75%] Built target global_path_server
[ 91%] Built target local_planner
[ 94%] [32m[1mLinking CXX shared library libreference_line.so[0m
[ 97%] Built target reference_line
[100%] [32m[1mLinking CXX executable planning_process[0m
/usr/bin/ld: CMakeFiles/planning_process.dir/planning_process.cpp.o: in function `void __gnu_cxx::new_allocator<Planning::MainCar>::construct<Planning::MainCar>(Planning::MainCar*)':
planning_process.cpp:(.text._ZN9__gnu_cxx13new_allocatorIN8Planning7MainCarEE9constructIS2_JEEEvPT_DpOT0_[_ZN9__gnu_cxx13new_allocatorIN8Planning7MainCarEE9constructIS2_JEEEvPT_DpOT0_]+0x31): undefined reference to `Planning::MainCar::MainCar()'
/usr/bin/ld: CMakeFiles/planning_process.dir/planning_process.cpp.o: in function `void __gnu_cxx::new_allocator<Planning::ReferenceLineCreator>::construct<Planning::ReferenceLineCreator>(Planning::ReferenceLineCreator*)':
planning_process.cpp:(.text._ZN9__gnu_cxx13new_allocatorIN8Planning20ReferenceLineCreatorEE9constructIS2_JEEEvPT_DpOT0_[_ZN9__gnu_cxx13new_allocatorIN8Planning20ReferenceLineCreatorEE9constructIS2_JEEEvPT_DpOT0_]+0x31): undefined reference to `Planning::ReferenceLineCreator::ReferenceLineCreator()'
collect2: error: ld returned 1 exit status
gmake[2]: *** [src/planning_process/CMakeFiles/planning_process.dir/build.make:247：src/planning_process/planning_process] 错误 1
gmake[1]: *** [CMakeFiles/Makefile2:573：src/planning_process/CMakeFiles/planning_process.dir/all] 错误 2
gmake: *** [Makefile:146：all] 错误 2
