[0.183s] Invoking command in '/home/johan/planning_with_ROS2_course/build/planning': CMAKE_PREFIX_PATH=/home/johan/planning_with_ROS2_course/install/base_msgs:/home/johan/planning_with_ROS2_course/install/planning:/home/johan/planning_with_ROS2_course/install/data_plot:/opt/ros/humble /usr/bin/cmake --build /home/johan/planning_with_ROS2_course/build/planning -- -j16 -l16
[0.199s] -- Found ament_cmake: 1.3.11 (/opt/ros/humble/share/ament_cmake/cmake)
[0.286s] -- Found rclcpp: 16.0.12 (/opt/ros/humble/share/rclcpp/cmake)
[0.305s] -- Found rosidl_generator_c: 3.1.6 (/opt/ros/humble/share/rosidl_generator_c/cmake)
[0.307s] -- Found rosidl_adapter: 3.1.6 (/opt/ros/humble/share/rosidl_adapter/cmake)
[0.311s] -- Found rosidl_generator_cpp: 3.1.6 (/opt/ros/humble/share/rosidl_generator_cpp/cmake)
[0.317s] -- Using all available rosidl_typesupport_c: rosidl_typesupport_fastrtps_c;rosidl_typesupport_introspection_c
[0.324s] -- Using all available rosidl_typesupport_cpp: rosidl_typesupport_fastrtps_cpp;rosidl_typesupport_introspection_cpp
[0.346s] -- Found rmw_implementation_cmake: 6.1.2 (/opt/ros/humble/share/rmw_implementation_cmake/cmake)
[0.347s] -- Found rmw_fastrtps_cpp: 6.2.7 (/opt/ros/humble/share/rmw_fastrtps_cpp/cmake)
[0.436s] -- Using RMW implementation 'rmw_fastrtps_cpp' as default
[0.477s] -- Found tf2: 0.25.13 (/opt/ros/humble/share/tf2/cmake)
[0.487s] -- Found tf2_ros: 0.25.13 (/opt/ros/humble/share/tf2_ros/cmake)
[0.538s] -- Found nav_msgs: 4.9.0 (/opt/ros/humble/share/nav_msgs/cmake)
[0.548s] -- Found visualization_msgs: 4.9.0 (/opt/ros/humble/share/visualization_msgs/cmake)
[0.572s] -- Found base_msgs: 0.0.0 (/home/johan/planning_with_ROS2_course/install/base_msgs/share/base_msgs/cmake)
[0.632s] -- Configuring done
[0.670s] -- Generating done
[0.683s] -- Build files have been written to: /home/johan/planning_with_ROS2_course/build/planning
[0.704s] [35m[1mConsolidate compiler generated dependencies of target config_reader[0m
[0.705s] [35m[1mConsolidate compiler generated dependencies of target car_move_cmd[0m
[0.705s] [35m[1mConsolidate compiler generated dependencies of target mathlibs[0m
[0.705s] [35m[1mConsolidate compiler generated dependencies of target planning_node[0m
[0.709s] [35m[1mConsolidate compiler generated dependencies of target obj_move_cmd[0m
[0.716s] [  6%] Built target config_reader
[0.716s] [ 12%] Built target car_move_cmd
[0.718s] [ 22%] Built target planning_node
[0.719s] [ 32%] Built target mathlibs
[0.723s] [35m[1mConsolidate compiler generated dependencies of target pnc_map_creator[0m
[0.724s] [ 38%] Built target obj_move_cmd
[0.726s] [35m[1mConsolidate compiler generated dependencies of target vehicle_info[0m
[0.726s] [35m[1mConsolidate compiler generated dependencies of target reference_line[0m
[0.737s] [ 48%] Built target pnc_map_creator
[0.741s] [ 58%] Built target reference_line
[0.741s] [ 67%] Built target vehicle_info
[0.744s] [35m[1mConsolidate compiler generated dependencies of target pnc_map_server[0m
[0.749s] [35m[1mConsolidate compiler generated dependencies of target decision_center[0m
[0.756s] [ 74%] Built target pnc_map_server
[0.760s] [ 80%] Built target decision_center
[0.771s] [35m[1mConsolidate compiler generated dependencies of target local_planner[0m
[0.790s] [ 83%] [32mBuilding CXX object src/local_planner/CMakeFiles/local_planner.dir/local_speeds/local_speeds_smoother.cpp.o[0m
[0.790s] [ 87%] [32mBuilding CXX object src/local_planner/CMakeFiles/local_planner.dir/local_trajectory_combiner.cpp.o[0m
[0.791s] [ 90%] [32mBuilding CXX object src/local_planner/CMakeFiles/local_planner.dir/local_path/local_path_planner.cpp.o[0m
[0.794s] [ 93%] [32mBuilding CXX object src/local_planner/CMakeFiles/local_planner.dir/local_speeds/local_speeds_planner.cpp.o[0m
[0.795s] [ 96%] [32mBuilding CXX object src/local_planner/CMakeFiles/local_planner.dir/local_path/local_path_smoother.cpp.o[0m
[3.489s] [100%] [32m[1mLinking CXX shared library liblocal_planner.so[0m
[3.503s] /usr/bin/ld: 找不到 -lvechicle_info: 没有那个文件或目录
[3.536s] collect2: error: ld returned 1 exit status
[3.538s] gmake[2]: *** [src/local_planner/CMakeFiles/local_planner.dir/build.make:245：src/local_planner/liblocal_planner.so] 错误 1
[3.538s] gmake[1]: *** [CMakeFiles/Makefile2:420：src/local_planner/CMakeFiles/local_planner.dir/all] 错误 2
[3.538s] gmake: *** [Makefile:146：all] 错误 2
[3.541s] Invoked command in '/home/johan/planning_with_ROS2_course/build/planning' returned '2': CMAKE_PREFIX_PATH=/home/johan/planning_with_ROS2_course/install/base_msgs:/home/johan/planning_with_ROS2_course/install/planning:/home/johan/planning_with_ROS2_course/install/data_plot:/opt/ros/humble /usr/bin/cmake --build /home/johan/planning_with_ROS2_course/build/planning -- -j16 -l16
