[0.180s] Invoking command in '/home/johan/planning_with_ROS2_course/build/planning': CMAKE_PREFIX_PATH=/home/johan/planning_with_ROS2_course/install/base_msgs:/home/johan/planning_with_ROS2_course/install/planning:/home/johan/planning_with_ROS2_course/install/data_plot:/opt/ros/humble LD_LIBRARY_PATH=/home/johan/planning_with_ROS2_course/install/base_msgs/lib:/home/johan/planning_with_ROS2_course/install/planning/lib:/opt/intel/openvino_2024.2.0/runtime/3rdparty/tbb/lib:/opt/intel/openvino_2024.2.0/runtime/lib/intel64:/home/johan/planning_with_ROS2_course/install/planning/lib:/home/johan/planning_with_ROS2_course/install/planning/lib:/usr/lib/x86_64-linux-gnu/gazebo-11/plugins:/opt/ros/humble/opt/rviz_ogre_vendor/lib:/opt/ros/humble/lib/x86_64-linux-gnu:/opt/ros/humble/lib:/opt/intel/openvino_2024.2.0/runtime/3rdparty/tbb/lib:/opt/intel/openvino_2024.2.0/runtime/lib/intel64:/usr/local/cuda-12.1/lib64:/opt/intel/openvino_2024.2.0/runtime/lib/intel64:/usr/local/cuda-12.1/lib64:/opt/intel/openvino_2024.2.0/runtime/lib/intel64 /usr/bin/cmake --build /home/johan/planning_with_ROS2_course/build/planning -- -j16 -l16
[0.197s] -- Found ament_cmake: 1.3.11 (/opt/ros/humble/share/ament_cmake/cmake)
[0.285s] -- Found rclcpp: 16.0.12 (/opt/ros/humble/share/rclcpp/cmake)
[0.305s] -- Found rosidl_generator_c: 3.1.6 (/opt/ros/humble/share/rosidl_generator_c/cmake)
[0.306s] -- Found rosidl_adapter: 3.1.6 (/opt/ros/humble/share/rosidl_adapter/cmake)
[0.310s] -- Found rosidl_generator_cpp: 3.1.6 (/opt/ros/humble/share/rosidl_generator_cpp/cmake)
[0.316s] -- Using all available rosidl_typesupport_c: rosidl_typesupport_fastrtps_c;rosidl_typesupport_introspection_c
[0.323s] -- Using all available rosidl_typesupport_cpp: rosidl_typesupport_fastrtps_cpp;rosidl_typesupport_introspection_cpp
[0.344s] -- Found rmw_implementation_cmake: 6.1.2 (/opt/ros/humble/share/rmw_implementation_cmake/cmake)
[0.345s] -- Found rmw_fastrtps_cpp: 6.2.7 (/opt/ros/humble/share/rmw_fastrtps_cpp/cmake)
[0.419s] -- Using RMW implementation 'rmw_fastrtps_cpp' as default
[0.451s] -- Found tf2: 0.25.13 (/opt/ros/humble/share/tf2/cmake)
[0.461s] -- Found tf2_ros: 0.25.13 (/opt/ros/humble/share/tf2_ros/cmake)
[0.513s] -- Found nav_msgs: 4.9.0 (/opt/ros/humble/share/nav_msgs/cmake)
[0.523s] -- Found visualization_msgs: 4.9.0 (/opt/ros/humble/share/visualization_msgs/cmake)
[0.546s] -- Found base_msgs: 0.0.0 (/home/johan/planning_with_ROS2_course/install/base_msgs/share/base_msgs/cmake)
[0.633s] -- Configuring done
[0.682s] -- Generating done
[0.702s] -- Build files have been written to: /home/johan/planning_with_ROS2_course/build/planning
[0.725s] [35m[1mConsolidate compiler generated dependencies of target config_reader[0m
[0.725s] [35m[1mConsolidate compiler generated dependencies of target car_move_cmd[0m
[0.725s] [35m[1mConsolidate compiler generated dependencies of target mathlibs[0m
[0.730s] [35m[1mConsolidate compiler generated dependencies of target obj_move_cmd[0m
[0.736s] [ 11%] Built target config_reader
[0.736s] [ 11%] Built target car_move_cmd
[0.738s] [ 20%] Built target mathlibs
[0.744s] [35m[1mConsolidate compiler generated dependencies of target pnc_map_creator[0m
[0.746s] [35m[1mConsolidate compiler generated dependencies of target vehicle_info[0m
[0.747s] [ 25%] Built target obj_move_cmd
[0.749s] [ 28%] [32mBuilding CXX object src/global_planner/CMakeFiles/global_planner.dir/global_planner_normal/global_planner_normal.cpp.o[0m
[0.749s] [35m[1mConsolidate compiler generated dependencies of target planning_process[0m
[0.751s] [35m[1mConsolidate compiler generated dependencies of target reference_line[0m
[0.756s] [ 37%] Built target pnc_map_creator
[0.757s] [ 45%] Built target vehicle_info
[0.764s] [35m[1mConsolidate compiler generated dependencies of target pnc_map_server[0m
[0.764s] [35m[1mConsolidate compiler generated dependencies of target decision_center[0m
[0.772s] [ 54%] Built target reference_line
[0.773s] [ 62%] Built target planning_process
[0.776s] [ 74%] Built target pnc_map_server
[0.776s] [ 74%] Built target decision_center
[0.787s] [35m[1mConsolidate compiler generated dependencies of target local_planner[0m
[0.805s] [ 91%] Built target local_planner
[2.271s] [01m[K/home/johan/planning_with_ROS2_course/src/planning/src/global_planner/global_planner_normal/global_planner_normal.cpp:[m[K In member function ‘[01m[Kvirtual nav_msgs::msg::Path Planning::GlobalPathNormal::serch_global_path(const PNCMap&)[m[K’:
[2.271s] [01m[K/home/johan/planning_with_ROS2_course/src/planning/src/global_planner/global_planner_normal/global_planner_normal.cpp:7:60:[m[K [01;35m[Kwarning: [m[Kunused parameter ‘[01m[Kpnc_map[m[K’ [[01;35m[K]8;;https://gcc.gnu.org/onlinedocs/gcc/Warning-Options.html#index-Wunused-parameter-Wunused-parameter]8;;[m[K]
[2.271s]     7 |     Path GlobalPathNormal::serch_global_path([01;35m[Kconst PNCMap &pnc_map[m[K)
[2.271s]       |                                              [01;35m[K~~~~~~~~~~~~~~^~~~~~~[m[K
[2.644s] [ 94%] [32m[1mLinking CXX shared library libglobal_planner.so[0m
[2.726s] [ 94%] Built target global_planner
[2.740s] [ 97%] [32mBuilding CXX object src/global_planner/CMakeFiles/global_path_server.dir/global_path_server.cpp.o[0m
[4.313s] [01m[K/home/johan/planning_with_ROS2_course/src/planning/src/global_planner/global_path_server.cpp:[m[K In member function ‘[01m[Kvisualization_msgs::msg::Marker Planning::GlobalPathServer::path2marker(const Path&)[m[K’:
[4.313s] [01m[K/home/johan/planning_with_ROS2_course/src/planning/src/global_planner/global_path_server.cpp:53:54:[m[K [01;35m[Kwarning: [m[Kunused parameter ‘[01m[Kpath[m[K’ [[01;35m[K]8;;https://gcc.gnu.org/onlinedocs/gcc/Warning-Options.html#index-Wunused-parameter-Wunused-parameter]8;;[m[K]
[4.313s]    53 |     Marker GlobalPathServer::path2marker([01;35m[Kconst Path &path[m[K)
[4.313s]       |                                          [01;35m[K~~~~~~~~~~~~^~~~[m[K
[6.573s] [100%] [32m[1mLinking CXX executable global_path_server[0m
[6.739s] [100%] Built target global_path_server
[6.747s] Invoked command in '/home/johan/planning_with_ROS2_course/build/planning' returned '0': CMAKE_PREFIX_PATH=/home/johan/planning_with_ROS2_course/install/base_msgs:/home/johan/planning_with_ROS2_course/install/planning:/home/johan/planning_with_ROS2_course/install/data_plot:/opt/ros/humble LD_LIBRARY_PATH=/home/johan/planning_with_ROS2_course/install/base_msgs/lib:/home/johan/planning_with_ROS2_course/install/planning/lib:/opt/intel/openvino_2024.2.0/runtime/3rdparty/tbb/lib:/opt/intel/openvino_2024.2.0/runtime/lib/intel64:/home/johan/planning_with_ROS2_course/install/planning/lib:/home/johan/planning_with_ROS2_course/install/planning/lib:/usr/lib/x86_64-linux-gnu/gazebo-11/plugins:/opt/ros/humble/opt/rviz_ogre_vendor/lib:/opt/ros/humble/lib/x86_64-linux-gnu:/opt/ros/humble/lib:/opt/intel/openvino_2024.2.0/runtime/3rdparty/tbb/lib:/opt/intel/openvino_2024.2.0/runtime/lib/intel64:/usr/local/cuda-12.1/lib64:/opt/intel/openvino_2024.2.0/runtime/lib/intel64:/usr/local/cuda-12.1/lib64:/opt/intel/openvino_2024.2.0/runtime/lib/intel64 /usr/bin/cmake --build /home/johan/planning_with_ROS2_course/build/planning -- -j16 -l16
[6.749s] Invoking command in '/home/johan/planning_with_ROS2_course/build/planning': CMAKE_PREFIX_PATH=/home/johan/planning_with_ROS2_course/install/base_msgs:/home/johan/planning_with_ROS2_course/install/planning:/home/johan/planning_with_ROS2_course/install/data_plot:/opt/ros/humble LD_LIBRARY_PATH=/home/johan/planning_with_ROS2_course/install/base_msgs/lib:/home/johan/planning_with_ROS2_course/install/planning/lib:/opt/intel/openvino_2024.2.0/runtime/3rdparty/tbb/lib:/opt/intel/openvino_2024.2.0/runtime/lib/intel64:/home/johan/planning_with_ROS2_course/install/planning/lib:/home/johan/planning_with_ROS2_course/install/planning/lib:/usr/lib/x86_64-linux-gnu/gazebo-11/plugins:/opt/ros/humble/opt/rviz_ogre_vendor/lib:/opt/ros/humble/lib/x86_64-linux-gnu:/opt/ros/humble/lib:/opt/intel/openvino_2024.2.0/runtime/3rdparty/tbb/lib:/opt/intel/openvino_2024.2.0/runtime/lib/intel64:/usr/local/cuda-12.1/lib64:/opt/intel/openvino_2024.2.0/runtime/lib/intel64:/usr/local/cuda-12.1/lib64:/opt/intel/openvino_2024.2.0/runtime/lib/intel64 /usr/bin/cmake --install /home/johan/planning_with_ROS2_course/build/planning
[6.755s] -- Install configuration: ""
[6.755s] -- Up-to-date: /home/johan/planning_with_ROS2_course/install/planning/lib/libconfig_reader.so
[6.755s] -- Up-to-date: /home/johan/planning_with_ROS2_course/install/planning/lib/libmathlibs.so
[6.755s] -- Up-to-date: /home/johan/planning_with_ROS2_course/install/planning/lib/libdecision_center.so
[6.755s] -- Up-to-date: /home/johan/planning_with_ROS2_course/install/planning/bin/pnc_map_server
[6.755s] -- Up-to-date: /home/johan/planning_with_ROS2_course/install/planning/lib/planning/pnc_map_server
[6.756s] -- Installing: /home/johan/planning_with_ROS2_course/install/planning/lib/libglobal_planner.so
[6.756s] -- Set runtime path of "/home/johan/planning_with_ROS2_course/install/planning/lib/libglobal_planner.so" to ""
[6.756s] -- Installing: /home/johan/planning_with_ROS2_course/install/planning/lib/planning/global_path_server
[6.757s] -- Set runtime path of "/home/johan/planning_with_ROS2_course/install/planning/lib/planning/global_path_server" to ""
[6.757s] -- Up-to-date: /home/johan/planning_with_ROS2_course/install/planning/lib/liblocal_planner.so
[6.757s] -- Up-to-date: /home/johan/planning_with_ROS2_course/install/planning/lib/libreference_line.so
[6.757s] -- Up-to-date: /home/johan/planning_with_ROS2_course/install/planning/lib/libvehicle_info.so
[6.757s] -- Up-to-date: /home/johan/planning_with_ROS2_course/install/planning/lib/planning/planning_process
[6.758s] -- Up-to-date: /home/johan/planning_with_ROS2_course/install/planning/lib/planning/car_move_cmd
[6.758s] -- Up-to-date: /home/johan/planning_with_ROS2_course/install/planning/lib/planning/obj_move_cmd
[6.758s] -- Up-to-date: /home/johan/planning_with_ROS2_course/install/planning/share/planning/config
[6.758s] -- Up-to-date: /home/johan/planning_with_ROS2_course/install/planning/share/planning/config/planning_static_obs_config.yaml
[6.758s] -- Up-to-date: /home/johan/planning_with_ROS2_course/install/planning/share/planning/rviz
[6.758s] -- Up-to-date: /home/johan/planning_with_ROS2_course/install/planning/share/planning/rviz/planning.rviz
[6.758s] -- Up-to-date: /home/johan/planning_with_ROS2_course/install/planning/share/planning/launch
[6.758s] -- Up-to-date: /home/johan/planning_with_ROS2_course/install/planning/share/planning/launch/planning_launch.py
[6.758s] -- Up-to-date: /home/johan/planning_with_ROS2_course/install/planning/share/planning/urdf
[6.759s] -- Up-to-date: /home/johan/planning_with_ROS2_course/install/planning/share/planning/urdf/obs_car
[6.759s] -- Up-to-date: /home/johan/planning_with_ROS2_course/install/planning/share/planning/urdf/main_car
[6.759s] -- Up-to-date: /home/johan/planning_with_ROS2_course/install/planning/share/planning/urdf/main_car/car_wheels.xacro
[6.759s] -- Up-to-date: /home/johan/planning_with_ROS2_course/install/planning/share/planning/urdf/main_car/car_base.xacro
[6.759s] -- Up-to-date: /home/johan/planning_with_ROS2_course/install/planning/share/planning/urdf/main_car/car.xacro
[6.759s] -- Up-to-date: /home/johan/planning_with_ROS2_course/install/planning/share/planning/urdf/main_car/car_radar.xacro
[6.759s] -- Up-to-date: /home/johan/planning_with_ROS2_course/install/planning/share/planning/urdf/main_car/car_camera.xacro
[6.759s] -- Up-to-date: /home/johan/planning_with_ROS2_course/install/planning/share/ament_index/resource_index/package_run_dependencies/planning
[6.759s] -- Up-to-date: /home/johan/planning_with_ROS2_course/install/planning/share/ament_index/resource_index/parent_prefix_path/planning
[6.759s] -- Up-to-date: /home/johan/planning_with_ROS2_course/install/planning/share/planning/environment/ament_prefix_path.sh
[6.759s] -- Installing: /home/johan/planning_with_ROS2_course/install/planning/share/planning/environment/ament_prefix_path.dsv
[6.760s] -- Up-to-date: /home/johan/planning_with_ROS2_course/install/planning/share/planning/environment/path.sh
[6.760s] -- Installing: /home/johan/planning_with_ROS2_course/install/planning/share/planning/environment/path.dsv
[6.760s] -- Up-to-date: /home/johan/planning_with_ROS2_course/install/planning/share/planning/local_setup.bash
[6.761s] -- Up-to-date: /home/johan/planning_with_ROS2_course/install/planning/share/planning/local_setup.sh
[6.761s] -- Up-to-date: /home/johan/planning_with_ROS2_course/install/planning/share/planning/local_setup.zsh
[6.761s] -- Installing: /home/johan/planning_with_ROS2_course/install/planning/share/planning/local_setup.dsv
[6.761s] -- Installing: /home/johan/planning_with_ROS2_course/install/planning/share/planning/package.dsv
[6.761s] -- Up-to-date: /home/johan/planning_with_ROS2_course/install/planning/share/ament_index/resource_index/packages/planning
[6.761s] -- Up-to-date: /home/johan/planning_with_ROS2_course/install/planning/share/planning/cmake/planningConfig.cmake
[6.761s] -- Up-to-date: /home/johan/planning_with_ROS2_course/install/planning/share/planning/cmake/planningConfig-version.cmake
[6.761s] -- Up-to-date: /home/johan/planning_with_ROS2_course/install/planning/share/planning/package.xml
[6.762s] Invoked command in '/home/johan/planning_with_ROS2_course/build/planning' returned '0': CMAKE_PREFIX_PATH=/home/johan/planning_with_ROS2_course/install/base_msgs:/home/johan/planning_with_ROS2_course/install/planning:/home/johan/planning_with_ROS2_course/install/data_plot:/opt/ros/humble LD_LIBRARY_PATH=/home/johan/planning_with_ROS2_course/install/base_msgs/lib:/home/johan/planning_with_ROS2_course/install/planning/lib:/opt/intel/openvino_2024.2.0/runtime/3rdparty/tbb/lib:/opt/intel/openvino_2024.2.0/runtime/lib/intel64:/home/johan/planning_with_ROS2_course/install/planning/lib:/home/johan/planning_with_ROS2_course/install/planning/lib:/usr/lib/x86_64-linux-gnu/gazebo-11/plugins:/opt/ros/humble/opt/rviz_ogre_vendor/lib:/opt/ros/humble/lib/x86_64-linux-gnu:/opt/ros/humble/lib:/opt/intel/openvino_2024.2.0/runtime/3rdparty/tbb/lib:/opt/intel/openvino_2024.2.0/runtime/lib/intel64:/usr/local/cuda-12.1/lib64:/opt/intel/openvino_2024.2.0/runtime/lib/intel64:/usr/local/cuda-12.1/lib64:/opt/intel/openvino_2024.2.0/runtime/lib/intel64 /usr/bin/cmake --install /home/johan/planning_with_ROS2_course/build/planning
