[0.007s] Invoking command in '/home/johan/planning_with_ROS2_course/build/base_msgs': CMAKE_PREFIX_PATH=${CMAKE_PREFIX_PATH}:/home/johan/planning_with_ROS2_course/install/data_plot:/opt/ros/humble /usr/bin/cmake /home/johan/planning_with_ROS2_course/src/base_msgs -DCMAKE_INSTALL_PREFIX=/home/johan/planning_with_ROS2_course/install/base_msgs
[0.075s] -- The C compiler identification is GNU 11.4.0
[0.128s] -- The CXX compiler identification is GNU 11.4.0
[0.141s] -- Detecting C compiler ABI info
[0.213s] -- Detecting C compiler ABI info - done
[0.219s] -- Check for working C compiler: /usr/bin/cc - skipped
[0.220s] -- Detecting C compile features
[0.221s] -- Detecting C compile features - done
[0.223s] -- Detecting CXX compiler ABI info
[0.298s] -- Detecting CXX compiler ABI info - done
[0.303s] -- Check for working CXX compiler: /usr/bin/c++ - skipped
[0.304s] -- Detecting CXX compile features
[0.304s] -- Detecting CXX compile features - done
[0.309s] -- Found ament_cmake: 1.3.11 (/opt/ros/humble/share/ament_cmake/cmake)
[0.442s] -- Found Python3: /usr/bin/python3 (found version "3.10.12") found components: Interpreter 
[0.541s] -- Found rosidl_default_generators: 1.2.0 (/opt/ros/humble/share/rosidl_default_generators/cmake)
[0.543s] -- Using all available rosidl_typesupport_c: rosidl_typesupport_fastrtps_c;rosidl_typesupport_introspection_c
[0.549s] -- Found rosidl_adapter: 3.1.6 (/opt/ros/humble/share/rosidl_adapter/cmake)
[0.586s] -- Using all available rosidl_typesupport_cpp: rosidl_typesupport_fastrtps_cpp;rosidl_typesupport_introspection_cpp
[0.617s] -- Found visualization_msgs: 4.9.0 (/opt/ros/humble/share/visualization_msgs/cmake)
[0.684s] -- Found nav_msgs: 4.9.0 (/opt/ros/humble/share/nav_msgs/cmake)
[0.967s] -- Found ament_cmake_ros: 0.10.0 (/opt/ros/humble/share/ament_cmake_ros/cmake)
[1.201s] -- Using all available rosidl_typesupport_c: rosidl_typesupport_fastrtps_c;rosidl_typesupport_introspection_c
[1.515s] -- Using all available rosidl_typesupport_cpp: rosidl_typesupport_fastrtps_cpp;rosidl_typesupport_introspection_cpp
[1.542s] -- Found PythonInterp: /usr/bin/python3 (found suitable version "3.10.12", minimum required is "3.6") 
[1.544s] -- Found python_cmake_module: 0.10.0 (/opt/ros/humble/share/python_cmake_module/cmake)
[1.564s] -- Found PythonLibs: /usr/lib/x86_64-linux-gnu/libpython3.10.so (found suitable version "3.10.12", minimum required is "3.5") 
[1.564s] -- Using PYTHON_EXECUTABLE: /usr/bin/python3
[1.564s] -- Using PYTHON_INCLUDE_DIRS: /usr/include/python3.10
[1.565s] -- Using PYTHON_LIBRARIES: /usr/lib/x86_64-linux-gnu/libpython3.10.so
[1.584s] -- Found PythonExtra: .so  
[1.655s] -- Found ament_lint_auto: 0.12.12 (/opt/ros/humble/share/ament_lint_auto/cmake)
[1.671s] -- Added test 'lint_cmake' to check CMake code style
[1.672s] -- Added test 'xmllint' to check XML markup files
[1.673s] -- Configuring done
[1.712s] -- Generating done
[1.722s] -- Build files have been written to: /home/johan/planning_with_ROS2_course/build/base_msgs
[1.729s] Invoked command in '/home/johan/planning_with_ROS2_course/build/base_msgs' returned '0': CMAKE_PREFIX_PATH=${CMAKE_PREFIX_PATH}:/home/johan/planning_with_ROS2_course/install/data_plot:/opt/ros/humble /usr/bin/cmake /home/johan/planning_with_ROS2_course/src/base_msgs -DCMAKE_INSTALL_PREFIX=/home/johan/planning_with_ROS2_course/install/base_msgs
[1.731s] Invoking command in '/home/johan/planning_with_ROS2_course/build/base_msgs': CMAKE_PREFIX_PATH=${CMAKE_PREFIX_PATH}:/home/johan/planning_with_ROS2_course/install/data_plot:/opt/ros/humble /usr/bin/cmake --build /home/johan/planning_with_ROS2_course/build/base_msgs -- -j16 -l16
[1.766s] [  1%] [34m[1mGenerating C code for ROS interfaces[0m
[1.773s] [  1%] [34m[1mGenerating C++ code for ROS interfaces[0m
[1.778s] [  1%] Built target ament_cmake_python_copy_base_msgs
[1.939s] running egg_info
[1.939s] creating base_msgs.egg-info
[1.939s] writing base_msgs.egg-info/PKG-INFO
[1.939s] writing dependency_links to base_msgs.egg-info/dependency_links.txt
[1.939s] writing top-level names to base_msgs.egg-info/top_level.txt
[1.940s] writing manifest file 'base_msgs.egg-info/SOURCES.txt'
[1.940s] reading manifest file 'base_msgs.egg-info/SOURCES.txt'
[1.941s] writing manifest file 'base_msgs.egg-info/SOURCES.txt'
[1.959s] [  1%] Built target ament_cmake_python_build_base_msgs_egg
[2.697s] [  1%] Built target base_msgs__cpp
[2.708s] [  2%] [34m[1mGenerating C++ type support dispatch for ROS interfaces[0m
[2.711s] [  3%] [34m[1mGenerating C++ type support for eProsima Fast-RTPS[0m
[2.716s] [  3%] [34m[1mGenerating C++ introspection for ROS interfaces[0m
[2.734s] [  4%] [32mBuilding C object CMakeFiles/base_msgs__rosidl_generator_c.dir/rosidl_generator_c/base_msgs/srv/detail/global_path_service__functions.c.o[0m
[2.734s] [  5%] [32mBuilding C object CMakeFiles/base_msgs__rosidl_generator_c.dir/rosidl_generator_c/base_msgs/msg/detail/referline_point__functions.c.o[0m
[2.736s] [  6%] [32mBuilding C object CMakeFiles/base_msgs__rosidl_generator_c.dir/rosidl_generator_c/base_msgs/msg/detail/obs_info__functions.c.o[0m
[2.736s] [  6%] [32mBuilding C object CMakeFiles/base_msgs__rosidl_generator_c.dir/rosidl_generator_c/base_msgs/msg/detail/pnc_map__functions.c.o[0m
[2.736s] [  6%] [32mBuilding C object CMakeFiles/base_msgs__rosidl_generator_c.dir/rosidl_generator_c/base_msgs/srv/detail/pnc_map_service__functions.c.o[0m
[2.736s] [  7%] [32mBuilding C object CMakeFiles/base_msgs__rosidl_generator_c.dir/rosidl_generator_c/base_msgs/msg/detail/local_speeds__functions.c.o[0m
[2.736s] [  8%] [32mBuilding C object CMakeFiles/base_msgs__rosidl_generator_c.dir/rosidl_generator_c/base_msgs/msg/detail/local_trajectory__functions.c.o[0m
[2.737s] [  9%] [32mBuilding C object CMakeFiles/base_msgs__rosidl_generator_c.dir/rosidl_generator_c/base_msgs/msg/detail/referline__functions.c.o[0m
[2.737s] [ 10%] [32mBuilding C object CMakeFiles/base_msgs__rosidl_generator_c.dir/rosidl_generator_c/base_msgs/msg/detail/local_speeds_point__functions.c.o[0m
[2.737s] [ 11%] [32mBuilding C object CMakeFiles/base_msgs__rosidl_generator_c.dir/rosidl_generator_c/base_msgs/msg/detail/local_path_point__functions.c.o[0m
[2.737s] [ 11%] [32mBuilding C object CMakeFiles/base_msgs__rosidl_generator_c.dir/rosidl_generator_c/base_msgs/msg/detail/local_path__functions.c.o[0m
[2.738s] [ 12%] [32mBuilding C object CMakeFiles/base_msgs__rosidl_generator_c.dir/rosidl_generator_c/base_msgs/msg/detail/local_trajectory_point__functions.c.o[0m
[2.745s] [ 13%] [32mBuilding C object CMakeFiles/base_msgs__rosidl_generator_c.dir/rosidl_generator_c/base_msgs/msg/detail/plot_info__functions.c.o[0m
[2.797s] [ 14%] [32m[1mLinking C shared library libbase_msgs__rosidl_generator_c.so[0m
[2.826s] [ 14%] Built target base_msgs__rosidl_generator_c
[2.834s] [ 15%] [34m[1mGenerating C type support for eProsima Fast-RTPS[0m
[2.834s] [ 16%] [34m[1mGenerating C introspection for ROS interfaces[0m
[2.838s] [ 17%] [34m[1mGenerating C type support dispatch for ROS interfaces[0m
[3.493s] [ 18%] [32mBuilding CXX object CMakeFiles/base_msgs__rosidl_typesupport_cpp.dir/rosidl_typesupport_cpp/base_msgs/msg/referline__type_support.cpp.o[0m
[3.494s] [ 19%] [32mBuilding CXX object CMakeFiles/base_msgs__rosidl_typesupport_cpp.dir/rosidl_typesupport_cpp/base_msgs/srv/pnc_map_service__type_support.cpp.o[0m
[3.494s] [ 20%] [32mBuilding CXX object CMakeFiles/base_msgs__rosidl_typesupport_cpp.dir/rosidl_typesupport_cpp/base_msgs/srv/global_path_service__type_support.cpp.o[0m
[3.496s] [ 21%] [32mBuilding CXX object CMakeFiles/base_msgs__rosidl_typesupport_cpp.dir/rosidl_typesupport_cpp/base_msgs/msg/referline_point__type_support.cpp.o[0m
[3.496s] [ 21%] [32mBuilding CXX object CMakeFiles/base_msgs__rosidl_typesupport_cpp.dir/rosidl_typesupport_cpp/base_msgs/msg/pnc_map__type_support.cpp.o[0m
[3.501s] [ 22%] [32mBuilding CXX object CMakeFiles/base_msgs__rosidl_typesupport_cpp.dir/rosidl_typesupport_cpp/base_msgs/msg/local_path__type_support.cpp.o[0m
[3.502s] [ 22%] [32mBuilding CXX object CMakeFiles/base_msgs__rosidl_typesupport_cpp.dir/rosidl_typesupport_cpp/base_msgs/msg/local_speeds_point__type_support.cpp.o[0m
[3.502s] [ 23%] [32mBuilding CXX object CMakeFiles/base_msgs__rosidl_typesupport_cpp.dir/rosidl_typesupport_cpp/base_msgs/msg/local_path_point__type_support.cpp.o[0m
[3.506s] [ 24%] [32mBuilding CXX object CMakeFiles/base_msgs__rosidl_typesupport_cpp.dir/rosidl_typesupport_cpp/base_msgs/msg/local_speeds__type_support.cpp.o[0m
[3.543s] [ 25%] [32mBuilding CXX object CMakeFiles/base_msgs__rosidl_typesupport_cpp.dir/rosidl_typesupport_cpp/base_msgs/msg/local_trajectory__type_support.cpp.o[0m
[3.543s] [ 26%] [32mBuilding CXX object CMakeFiles/base_msgs__rosidl_typesupport_cpp.dir/rosidl_typesupport_cpp/base_msgs/msg/local_trajectory_point__type_support.cpp.o[0m
[3.759s] [ 27%] [32mBuilding CXX object CMakeFiles/base_msgs__rosidl_typesupport_cpp.dir/rosidl_typesupport_cpp/base_msgs/msg/obs_info__type_support.cpp.o[0m
[3.779s] [ 27%] [32mBuilding CXX object CMakeFiles/base_msgs__rosidl_typesupport_cpp.dir/rosidl_typesupport_cpp/base_msgs/msg/plot_info__type_support.cpp.o[0m
[3.821s] [ 29%] [32mBuilding CXX object CMakeFiles/base_msgs__rosidl_typesupport_fastrtps_cpp.dir/rosidl_typesupport_fastrtps_cpp/base_msgs/srv/detail/dds_fastrtps/pnc_map_service__type_support.cpp.o[0m
[3.821s] [ 29%] [32mBuilding CXX object CMakeFiles/base_msgs__rosidl_typesupport_fastrtps_cpp.dir/rosidl_typesupport_fastrtps_cpp/base_msgs/srv/detail/dds_fastrtps/global_path_service__type_support.cpp.o[0m
[3.825s] [ 30%] [32mBuilding CXX object CMakeFiles/base_msgs__rosidl_typesupport_fastrtps_cpp.dir/rosidl_typesupport_fastrtps_cpp/base_msgs/msg/detail/dds_fastrtps/pnc_map__type_support.cpp.o[0m
[3.827s] [ 30%] [32mBuilding CXX object CMakeFiles/base_msgs__rosidl_typesupport_fastrtps_cpp.dir/rosidl_typesupport_fastrtps_cpp/base_msgs/msg/detail/dds_fastrtps/referline_point__type_support.cpp.o[0m
[3.833s] [ 31%] [32mBuilding CXX object CMakeFiles/base_msgs__rosidl_typesupport_fastrtps_cpp.dir/rosidl_typesupport_fastrtps_cpp/base_msgs/msg/detail/dds_fastrtps/referline__type_support.cpp.o[0m
[3.837s] [ 32%] [32mBuilding CXX object CMakeFiles/base_msgs__rosidl_typesupport_fastrtps_cpp.dir/rosidl_typesupport_fastrtps_cpp/base_msgs/msg/detail/dds_fastrtps/local_path_point__type_support.cpp.o[0m
[3.844s] [ 33%] [32mBuilding C object CMakeFiles/base_msgs__rosidl_typesupport_introspection_c.dir/rosidl_typesupport_introspection_c/base_msgs/srv/detail/global_path_service__type_support.c.o[0m
[3.849s] [ 34%] [32mBuilding CXX object CMakeFiles/base_msgs__rosidl_typesupport_fastrtps_cpp.dir/rosidl_typesupport_fastrtps_cpp/base_msgs/msg/detail/dds_fastrtps/local_path__type_support.cpp.o[0m
[3.859s] [ 34%] [32mBuilding C object CMakeFiles/base_msgs__rosidl_typesupport_introspection_c.dir/rosidl_typesupport_introspection_c/base_msgs/msg/detail/pnc_map__type_support.c.o[0m
[3.859s] [ 35%] [32mBuilding C object CMakeFiles/base_msgs__rosidl_typesupport_introspection_c.dir/rosidl_typesupport_introspection_c/base_msgs/srv/detail/pnc_map_service__type_support.c.o[0m
[3.903s] [ 36%] [32mBuilding C object CMakeFiles/base_msgs__rosidl_typesupport_introspection_c.dir/rosidl_typesupport_introspection_c/base_msgs/msg/detail/referline_point__type_support.c.o[0m
[3.911s] [ 38%] [32mBuilding C object CMakeFiles/base_msgs__rosidl_typesupport_introspection_c.dir/rosidl_typesupport_introspection_c/base_msgs/msg/detail/referline__type_support.c.o[0m
[3.911s] [ 38%] [32mBuilding CXX object CMakeFiles/base_msgs__rosidl_typesupport_fastrtps_cpp.dir/rosidl_typesupport_fastrtps_cpp/base_msgs/msg/detail/dds_fastrtps/local_speeds_point__type_support.cpp.o[0m
[3.944s] [ 39%] [32mBuilding C object CMakeFiles/base_msgs__rosidl_typesupport_introspection_c.dir/rosidl_typesupport_introspection_c/base_msgs/msg/detail/local_path_point__type_support.c.o[0m
[3.956s] [ 40%] [32mBuilding C object CMakeFiles/base_msgs__rosidl_typesupport_introspection_c.dir/rosidl_typesupport_introspection_c/base_msgs/msg/detail/local_path__type_support.c.o[0m
[3.978s] [ 40%] [32mBuilding C object CMakeFiles/base_msgs__rosidl_typesupport_introspection_c.dir/rosidl_typesupport_introspection_c/base_msgs/msg/detail/local_speeds_point__type_support.c.o[0m
[3.985s] [ 41%] [32mBuilding C object CMakeFiles/base_msgs__rosidl_typesupport_introspection_c.dir/rosidl_typesupport_introspection_c/base_msgs/msg/detail/local_speeds__type_support.c.o[0m
[4.000s] [ 42%] [32mBuilding CXX object CMakeFiles/base_msgs__rosidl_typesupport_fastrtps_c.dir/rosidl_typesupport_fastrtps_c/base_msgs/srv/detail/global_path_service__type_support_c.cpp.o[0m
[4.012s] [ 44%] [32mBuilding C object CMakeFiles/base_msgs__rosidl_typesupport_introspection_c.dir/rosidl_typesupport_introspection_c/base_msgs/msg/detail/local_trajectory__type_support.c.o[0m
[4.013s] [ 44%] [32mBuilding C object CMakeFiles/base_msgs__rosidl_typesupport_introspection_c.dir/rosidl_typesupport_introspection_c/base_msgs/msg/detail/local_trajectory_point__type_support.c.o[0m
[4.015s] [ 44%] [32mBuilding CXX object CMakeFiles/base_msgs__rosidl_typesupport_fastrtps_c.dir/rosidl_typesupport_fastrtps_c/base_msgs/srv/detail/pnc_map_service__type_support_c.cpp.o[0m
[4.041s] [ 45%] [32m[1mLinking CXX shared library libbase_msgs__rosidl_typesupport_cpp.so[0m
[4.046s] [ 46%] [32mBuilding CXX object CMakeFiles/base_msgs__rosidl_typesupport_fastrtps_c.dir/rosidl_typesupport_fastrtps_c/base_msgs/msg/detail/pnc_map__type_support_c.cpp.o[0m
[4.055s] [ 47%] [32mBuilding C object CMakeFiles/base_msgs__rosidl_typesupport_introspection_c.dir/rosidl_typesupport_introspection_c/base_msgs/msg/detail/obs_info__type_support.c.o[0m
[4.080s] [ 47%] [32mBuilding CXX object CMakeFiles/base_msgs__rosidl_typesupport_fastrtps_cpp.dir/rosidl_typesupport_fastrtps_cpp/base_msgs/msg/detail/dds_fastrtps/local_speeds__type_support.cpp.o[0m
[4.088s] [ 47%] Built target base_msgs__rosidl_typesupport_cpp
[4.091s] [ 47%] [32mBuilding C object CMakeFiles/base_msgs__rosidl_typesupport_introspection_c.dir/rosidl_typesupport_introspection_c/base_msgs/msg/detail/plot_info__type_support.c.o[0m
[4.097s] [ 48%] [32mBuilding CXX object CMakeFiles/base_msgs__rosidl_typesupport_fastrtps_cpp.dir/rosidl_typesupport_fastrtps_cpp/base_msgs/msg/detail/dds_fastrtps/local_trajectory_point__type_support.cpp.o[0m
[4.139s] [ 49%] [32m[1mLinking C shared library libbase_msgs__rosidl_typesupport_introspection_c.so[0m
[4.184s] [ 49%] Built target base_msgs__rosidl_typesupport_introspection_c
[4.224s] [ 50%] [32mBuilding CXX object CMakeFiles/base_msgs__rosidl_typesupport_fastrtps_cpp.dir/rosidl_typesupport_fastrtps_cpp/base_msgs/msg/detail/dds_fastrtps/local_trajectory__type_support.cpp.o[0m
[4.248s] [ 51%] [32mBuilding CXX object CMakeFiles/base_msgs__rosidl_typesupport_fastrtps_cpp.dir/rosidl_typesupport_fastrtps_cpp/base_msgs/msg/detail/dds_fastrtps/obs_info__type_support.cpp.o[0m
[4.251s] [ 52%] [32mBuilding CXX object CMakeFiles/base_msgs__rosidl_typesupport_fastrtps_cpp.dir/rosidl_typesupport_fastrtps_cpp/base_msgs/msg/detail/dds_fastrtps/plot_info__type_support.cpp.o[0m
[4.273s] [ 52%] [32mBuilding CXX object CMakeFiles/base_msgs__rosidl_typesupport_c.dir/rosidl_typesupport_c/base_msgs/srv/global_path_service__type_support.cpp.o[0m
[4.273s] [ 53%] [32mBuilding CXX object CMakeFiles/base_msgs__rosidl_typesupport_c.dir/rosidl_typesupport_c/base_msgs/srv/pnc_map_service__type_support.cpp.o[0m
[4.317s] [ 54%] [32mBuilding CXX object CMakeFiles/base_msgs__rosidl_typesupport_c.dir/rosidl_typesupport_c/base_msgs/msg/pnc_map__type_support.cpp.o[0m
[4.330s] [ 55%] [32mBuilding CXX object CMakeFiles/base_msgs__rosidl_typesupport_fastrtps_c.dir/rosidl_typesupport_fastrtps_c/base_msgs/msg/detail/referline_point__type_support_c.cpp.o[0m
[4.343s] [ 56%] [32mBuilding CXX object CMakeFiles/base_msgs__rosidl_typesupport_fastrtps_c.dir/rosidl_typesupport_fastrtps_c/base_msgs/msg/detail/referline__type_support_c.cpp.o[0m
[4.345s] [ 57%] [32mBuilding CXX object CMakeFiles/base_msgs__rosidl_typesupport_fastrtps_c.dir/rosidl_typesupport_fastrtps_c/base_msgs/msg/detail/local_path_point__type_support_c.cpp.o[0m
[4.351s] [ 58%] [32mBuilding CXX object CMakeFiles/base_msgs__rosidl_typesupport_c.dir/rosidl_typesupport_c/base_msgs/msg/referline_point__type_support.cpp.o[0m
[4.359s] [ 58%] [32mBuilding CXX object CMakeFiles/base_msgs__rosidl_typesupport_fastrtps_c.dir/rosidl_typesupport_fastrtps_c/base_msgs/msg/detail/local_path__type_support_c.cpp.o[0m
[4.360s] [ 59%] [32mBuilding CXX object CMakeFiles/base_msgs__rosidl_typesupport_fastrtps_c.dir/rosidl_typesupport_fastrtps_c/base_msgs/msg/detail/local_speeds_point__type_support_c.cpp.o[0m
[4.361s] [ 60%] [32mBuilding CXX object CMakeFiles/base_msgs__rosidl_typesupport_introspection_cpp.dir/rosidl_typesupport_introspection_cpp/base_msgs/srv/detail/global_path_service__type_support.cpp.o[0m
[4.384s] [ 61%] [32mBuilding CXX object CMakeFiles/base_msgs__rosidl_typesupport_c.dir/rosidl_typesupport_c/base_msgs/msg/referline__type_support.cpp.o[0m
[4.424s] [ 62%] [32mBuilding CXX object CMakeFiles/base_msgs__rosidl_typesupport_fastrtps_c.dir/rosidl_typesupport_fastrtps_c/base_msgs/msg/detail/local_speeds__type_support_c.cpp.o[0m
[4.430s] [ 63%] [32mBuilding CXX object CMakeFiles/base_msgs__rosidl_typesupport_fastrtps_c.dir/rosidl_typesupport_fastrtps_c/base_msgs/msg/detail/local_trajectory_point__type_support_c.cpp.o[0m
[4.430s] [ 63%] [32mBuilding CXX object CMakeFiles/base_msgs__rosidl_typesupport_c.dir/rosidl_typesupport_c/base_msgs/msg/local_path_point__type_support.cpp.o[0m
[4.463s] [ 64%] [32mBuilding CXX object CMakeFiles/base_msgs__rosidl_typesupport_c.dir/rosidl_typesupport_c/base_msgs/msg/local_path__type_support.cpp.o[0m
[4.488s] [ 65%] [32mBuilding CXX object CMakeFiles/base_msgs__rosidl_typesupport_fastrtps_c.dir/rosidl_typesupport_fastrtps_c/base_msgs/msg/detail/local_trajectory__type_support_c.cpp.o[0m
[4.501s] [ 65%] [32mBuilding CXX object CMakeFiles/base_msgs__rosidl_typesupport_fastrtps_c.dir/rosidl_typesupport_fastrtps_c/base_msgs/msg/detail/obs_info__type_support_c.cpp.o[0m
[4.518s] [ 66%] [32mBuilding CXX object CMakeFiles/base_msgs__rosidl_typesupport_c.dir/rosidl_typesupport_c/base_msgs/msg/local_speeds__type_support.cpp.o[0m
[4.527s] [ 67%] [32mBuilding CXX object CMakeFiles/base_msgs__rosidl_typesupport_c.dir/rosidl_typesupport_c/base_msgs/msg/local_speeds_point__type_support.cpp.o[0m
[4.559s] [ 68%] [32mBuilding CXX object CMakeFiles/base_msgs__rosidl_typesupport_fastrtps_c.dir/rosidl_typesupport_fastrtps_c/base_msgs/msg/detail/plot_info__type_support_c.cpp.o[0m
[4.575s] [ 69%] [32mBuilding CXX object CMakeFiles/base_msgs__rosidl_typesupport_c.dir/rosidl_typesupport_c/base_msgs/msg/local_trajectory_point__type_support.cpp.o[0m
[4.607s] [ 69%] [32mBuilding CXX object CMakeFiles/base_msgs__rosidl_typesupport_c.dir/rosidl_typesupport_c/base_msgs/msg/local_trajectory__type_support.cpp.o[0m
[4.631s] [ 70%] [32mBuilding CXX object CMakeFiles/base_msgs__rosidl_typesupport_c.dir/rosidl_typesupport_c/base_msgs/msg/obs_info__type_support.cpp.o[0m
[4.642s] [ 71%] [32mBuilding CXX object CMakeFiles/base_msgs__rosidl_typesupport_c.dir/rosidl_typesupport_c/base_msgs/msg/plot_info__type_support.cpp.o[0m
[4.665s] [ 72%] [32mBuilding CXX object CMakeFiles/base_msgs__rosidl_typesupport_introspection_cpp.dir/rosidl_typesupport_introspection_cpp/base_msgs/srv/detail/pnc_map_service__type_support.cpp.o[0m
[4.673s] [ 73%] [32mBuilding CXX object CMakeFiles/base_msgs__rosidl_typesupport_introspection_cpp.dir/rosidl_typesupport_introspection_cpp/base_msgs/msg/detail/pnc_map__type_support.cpp.o[0m
[4.680s] [ 74%] [32m[1mLinking CXX shared library libbase_msgs__rosidl_typesupport_c.so[0m
[4.693s] [ 75%] [32mBuilding CXX object CMakeFiles/base_msgs__rosidl_typesupport_introspection_cpp.dir/rosidl_typesupport_introspection_cpp/base_msgs/msg/detail/referline_point__type_support.cpp.o[0m
[4.694s] [ 76%] [32mBuilding CXX object CMakeFiles/base_msgs__rosidl_typesupport_introspection_cpp.dir/rosidl_typesupport_introspection_cpp/base_msgs/msg/detail/local_path_point__type_support.cpp.o[0m
[4.699s] [ 76%] [32mBuilding CXX object CMakeFiles/base_msgs__rosidl_typesupport_introspection_cpp.dir/rosidl_typesupport_introspection_cpp/base_msgs/msg/detail/referline__type_support.cpp.o[0m
[4.730s] [ 76%] Built target base_msgs__rosidl_typesupport_c
[4.740s] [ 77%] [32mBuilding CXX object CMakeFiles/base_msgs__rosidl_typesupport_introspection_cpp.dir/rosidl_typesupport_introspection_cpp/base_msgs/msg/detail/local_path__type_support.cpp.o[0m
[4.761s] [ 78%] [32mBuilding CXX object CMakeFiles/base_msgs__rosidl_typesupport_introspection_cpp.dir/rosidl_typesupport_introspection_cpp/base_msgs/msg/detail/local_speeds_point__type_support.cpp.o[0m
[4.767s] [ 79%] [32mBuilding CXX object CMakeFiles/base_msgs__rosidl_typesupport_introspection_cpp.dir/rosidl_typesupport_introspection_cpp/base_msgs/msg/detail/local_speeds__type_support.cpp.o[0m
[4.774s] [ 80%] [32mBuilding CXX object CMakeFiles/base_msgs__rosidl_typesupport_introspection_cpp.dir/rosidl_typesupport_introspection_cpp/base_msgs/msg/detail/local_trajectory_point__type_support.cpp.o[0m
[4.774s] [ 80%] [32mBuilding CXX object CMakeFiles/base_msgs__rosidl_typesupport_introspection_cpp.dir/rosidl_typesupport_introspection_cpp/base_msgs/msg/detail/local_trajectory__type_support.cpp.o[0m
[4.803s] [ 81%] [32mBuilding CXX object CMakeFiles/base_msgs__rosidl_typesupport_introspection_cpp.dir/rosidl_typesupport_introspection_cpp/base_msgs/msg/detail/obs_info__type_support.cpp.o[0m
[4.844s] [ 81%] [32m[1mLinking CXX shared library libbase_msgs__rosidl_typesupport_fastrtps_cpp.so[0m
[4.900s] [ 82%] [32mBuilding CXX object CMakeFiles/base_msgs__rosidl_typesupport_introspection_cpp.dir/rosidl_typesupport_introspection_cpp/base_msgs/msg/detail/plot_info__type_support.cpp.o[0m
[4.961s] [ 83%] [32m[1mLinking CXX shared library libbase_msgs__rosidl_typesupport_fastrtps_c.so[0m
[4.975s] [ 83%] Built target base_msgs__rosidl_typesupport_fastrtps_cpp
[5.066s] [ 83%] Built target base_msgs__rosidl_typesupport_fastrtps_c
[5.284s] [ 84%] [32m[1mLinking CXX shared library libbase_msgs__rosidl_typesupport_introspection_cpp.so[0m
[5.346s] [ 84%] Built target base_msgs__rosidl_typesupport_introspection_cpp
[5.359s] [ 84%] Built target base_msgs
[5.374s] [ 85%] [34m[1mGenerating Python code for ROS interfaces[0m
[7.005s] [ 85%] Built target base_msgs__py
[7.023s] [ 86%] [32mBuilding C object CMakeFiles/base_msgs__rosidl_generator_py.dir/rosidl_generator_py/base_msgs/srv/_global_path_service_s.c.o[0m
[7.024s] [ 86%] [32mBuilding C object CMakeFiles/base_msgs__rosidl_generator_py.dir/rosidl_generator_py/base_msgs/srv/_pnc_map_service_s.c.o[0m
[7.024s] [ 88%] [32mBuilding C object CMakeFiles/base_msgs__rosidl_generator_py.dir/rosidl_generator_py/base_msgs/msg/_referline_point_s.c.o[0m
[7.025s] [ 88%] [32mBuilding C object CMakeFiles/base_msgs__rosidl_generator_py.dir/rosidl_generator_py/base_msgs/msg/_pnc_map_s.c.o[0m
[7.030s] [ 91%] [32mBuilding C object CMakeFiles/base_msgs__rosidl_generator_py.dir/rosidl_generator_py/base_msgs/msg/_local_speeds_point_s.c.o[0m
[7.030s] [ 91%] [32mBuilding C object CMakeFiles/base_msgs__rosidl_generator_py.dir/rosidl_generator_py/base_msgs/msg/_referline_s.c.o[0m
[7.030s] [ 91%] [32mBuilding C object CMakeFiles/base_msgs__rosidl_generator_py.dir/rosidl_generator_py/base_msgs/msg/_local_path_point_s.c.o[0m
[7.030s] [ 91%] [32mBuilding C object CMakeFiles/base_msgs__rosidl_generator_py.dir/rosidl_generator_py/base_msgs/msg/_local_path_s.c.o[0m
[7.031s] [ 92%] [32mBuilding C object CMakeFiles/base_msgs__rosidl_generator_py.dir/rosidl_generator_py/base_msgs/msg/_local_speeds_s.c.o[0m
[7.032s] [ 93%] [32mBuilding C object CMakeFiles/base_msgs__rosidl_generator_py.dir/rosidl_generator_py/base_msgs/msg/_local_trajectory_point_s.c.o[0m
[7.034s] [ 94%] [32mBuilding C object CMakeFiles/base_msgs__rosidl_generator_py.dir/rosidl_generator_py/base_msgs/msg/_obs_info_s.c.o[0m
[7.034s] [ 94%] [32mBuilding C object CMakeFiles/base_msgs__rosidl_generator_py.dir/rosidl_generator_py/base_msgs/msg/_plot_info_s.c.o[0m
[7.034s] [ 95%] [32mBuilding C object CMakeFiles/base_msgs__rosidl_generator_py.dir/rosidl_generator_py/base_msgs/msg/_local_trajectory_s.c.o[0m
[7.158s] [ 96%] [32m[1mLinking C shared library rosidl_generator_py/base_msgs/libbase_msgs__rosidl_generator_py.so[0m
[7.190s] [ 96%] Built target base_msgs__rosidl_generator_py
[7.203s] [ 98%] [32mBuilding C object CMakeFiles/base_msgs__rosidl_typesupport_fastrtps_c__pyext.dir/rosidl_generator_py/base_msgs/_base_msgs_s.ep.rosidl_typesupport_fastrtps_c.c.o[0m
[7.203s] [ 98%] [32mBuilding C object CMakeFiles/base_msgs__rosidl_typesupport_introspection_c__pyext.dir/rosidl_generator_py/base_msgs/_base_msgs_s.ep.rosidl_typesupport_introspection_c.c.o[0m
[7.203s] [ 99%] [32mBuilding C object CMakeFiles/base_msgs__rosidl_typesupport_c__pyext.dir/rosidl_generator_py/base_msgs/_base_msgs_s.ep.rosidl_typesupport_c.c.o[0m
[7.297s] [ 99%] [32m[1mLinking C shared library rosidl_generator_py/base_msgs/base_msgs_s__rosidl_typesupport_c.cpython-310-x86_64-linux-gnu.so[0m
[7.297s] [ 99%] [32m[1mLinking C shared library rosidl_generator_py/base_msgs/base_msgs_s__rosidl_typesupport_fastrtps_c.cpython-310-x86_64-linux-gnu.so[0m
[7.297s] [100%] [32m[1mLinking C shared library rosidl_generator_py/base_msgs/base_msgs_s__rosidl_typesupport_introspection_c.cpython-310-x86_64-linux-gnu.so[0m
[7.327s] [100%] Built target base_msgs__rosidl_typesupport_c__pyext
[7.328s] [100%] Built target base_msgs__rosidl_typesupport_introspection_c__pyext
[7.328s] [100%] Built target base_msgs__rosidl_typesupport_fastrtps_c__pyext
[7.337s] Invoked command in '/home/johan/planning_with_ROS2_course/build/base_msgs' returned '0': CMAKE_PREFIX_PATH=${CMAKE_PREFIX_PATH}:/home/johan/planning_with_ROS2_course/install/data_plot:/opt/ros/humble /usr/bin/cmake --build /home/johan/planning_with_ROS2_course/build/base_msgs -- -j16 -l16
[7.345s] Invoking command in '/home/johan/planning_with_ROS2_course/build/base_msgs': CMAKE_PREFIX_PATH=${CMAKE_PREFIX_PATH}:/home/johan/planning_with_ROS2_course/install/data_plot:/opt/ros/humble /usr/bin/cmake --install /home/johan/planning_with_ROS2_course/build/base_msgs
[7.350s] -- Install configuration: ""
[7.350s] -- Installing: /home/johan/planning_with_ROS2_course/install/base_msgs/share/ament_index/resource_index/rosidl_interfaces/base_msgs
[7.350s] -- Installing: /home/johan/planning_with_ROS2_course/install/base_msgs/include/base_msgs/base_msgs
[7.351s] -- Installing: /home/johan/planning_with_ROS2_course/install/base_msgs/include/base_msgs/base_msgs/srv
[7.351s] -- Installing: /home/johan/planning_with_ROS2_course/install/base_msgs/include/base_msgs/base_msgs/srv/pnc_map_service.h
[7.351s] -- Installing: /home/johan/planning_with_ROS2_course/install/base_msgs/include/base_msgs/base_msgs/srv/global_path_service.h
[7.351s] -- Installing: /home/johan/planning_with_ROS2_course/install/base_msgs/include/base_msgs/base_msgs/srv/detail
[7.351s] -- Installing: /home/johan/planning_with_ROS2_course/install/base_msgs/include/base_msgs/base_msgs/srv/detail/pnc_map_service__type_support.h
[7.351s] -- Installing: /home/johan/planning_with_ROS2_course/install/base_msgs/include/base_msgs/base_msgs/srv/detail/pnc_map_service__struct.h
[7.351s] -- Installing: /home/johan/planning_with_ROS2_course/install/base_msgs/include/base_msgs/base_msgs/srv/detail/global_path_service__struct.h
[7.351s] -- Installing: /home/johan/planning_with_ROS2_course/install/base_msgs/include/base_msgs/base_msgs/srv/detail/global_path_service__functions.h
[7.351s] -- Installing: /home/johan/planning_with_ROS2_course/install/base_msgs/include/base_msgs/base_msgs/srv/detail/global_path_service__functions.c
[7.351s] -- Installing: /home/johan/planning_with_ROS2_course/install/base_msgs/include/base_msgs/base_msgs/srv/detail/pnc_map_service__functions.c
[7.351s] -- Installing: /home/johan/planning_with_ROS2_course/install/base_msgs/include/base_msgs/base_msgs/srv/detail/global_path_service__type_support.h
[7.351s] -- Installing: /home/johan/planning_with_ROS2_course/install/base_msgs/include/base_msgs/base_msgs/srv/detail/pnc_map_service__functions.h
[7.351s] -- Installing: /home/johan/planning_with_ROS2_course/install/base_msgs/include/base_msgs/base_msgs/msg
[7.351s] -- Installing: /home/johan/planning_with_ROS2_course/install/base_msgs/include/base_msgs/base_msgs/msg/local_trajectory.h
[7.351s] -- Installing: /home/johan/planning_with_ROS2_course/install/base_msgs/include/base_msgs/base_msgs/msg/rosidl_generator_c__visibility_control.h
[7.351s] -- Installing: /home/johan/planning_with_ROS2_course/install/base_msgs/include/base_msgs/base_msgs/msg/local_speeds.h
[7.351s] -- Installing: /home/johan/planning_with_ROS2_course/install/base_msgs/include/base_msgs/base_msgs/msg/referline.h
[7.351s] -- Installing: /home/johan/planning_with_ROS2_course/install/base_msgs/include/base_msgs/base_msgs/msg/detail
[7.352s] -- Installing: /home/johan/planning_with_ROS2_course/install/base_msgs/include/base_msgs/base_msgs/msg/detail/referline_point__functions.c
[7.352s] -- Installing: /home/johan/planning_with_ROS2_course/install/base_msgs/include/base_msgs/base_msgs/msg/detail/plot_info__functions.h
[7.352s] -- Installing: /home/johan/planning_with_ROS2_course/install/base_msgs/include/base_msgs/base_msgs/msg/detail/referline__struct.h
[7.352s] -- Installing: /home/johan/planning_with_ROS2_course/install/base_msgs/include/base_msgs/base_msgs/msg/detail/local_path__struct.h
[7.352s] -- Installing: /home/johan/planning_with_ROS2_course/install/base_msgs/include/base_msgs/base_msgs/msg/detail/obs_info__type_support.h
[7.352s] -- Installing: /home/johan/planning_with_ROS2_course/install/base_msgs/include/base_msgs/base_msgs/msg/detail/local_path_point__type_support.h
[7.352s] -- Installing: /home/johan/planning_with_ROS2_course/install/base_msgs/include/base_msgs/base_msgs/msg/detail/pnc_map__type_support.h
[7.352s] -- Installing: /home/johan/planning_with_ROS2_course/install/base_msgs/include/base_msgs/base_msgs/msg/detail/referline__functions.h
[7.352s] -- Installing: /home/johan/planning_with_ROS2_course/install/base_msgs/include/base_msgs/base_msgs/msg/detail/local_speeds__struct.h
[7.352s] -- Installing: /home/johan/planning_with_ROS2_course/install/base_msgs/include/base_msgs/base_msgs/msg/detail/referline__functions.c
[7.352s] -- Installing: /home/johan/planning_with_ROS2_course/install/base_msgs/include/base_msgs/base_msgs/msg/detail/local_trajectory_point__type_support.h
[7.352s] -- Installing: /home/johan/planning_with_ROS2_course/install/base_msgs/include/base_msgs/base_msgs/msg/detail/local_path__type_support.h
[7.352s] -- Installing: /home/johan/planning_with_ROS2_course/install/base_msgs/include/base_msgs/base_msgs/msg/detail/local_path_point__struct.h
[7.352s] -- Installing: /home/johan/planning_with_ROS2_course/install/base_msgs/include/base_msgs/base_msgs/msg/detail/local_path_point__functions.h
[7.352s] -- Installing: /home/johan/planning_with_ROS2_course/install/base_msgs/include/base_msgs/base_msgs/msg/detail/pnc_map__struct.h
[7.352s] -- Installing: /home/johan/planning_with_ROS2_course/install/base_msgs/include/base_msgs/base_msgs/msg/detail/pnc_map__functions.c
[7.352s] -- Installing: /home/johan/planning_with_ROS2_course/install/base_msgs/include/base_msgs/base_msgs/msg/detail/pnc_map__functions.h
[7.352s] -- Installing: /home/johan/planning_with_ROS2_course/install/base_msgs/include/base_msgs/base_msgs/msg/detail/local_speeds_point__functions.c
[7.352s] -- Installing: /home/johan/planning_with_ROS2_course/install/base_msgs/include/base_msgs/base_msgs/msg/detail/referline_point__struct.h
[7.352s] -- Installing: /home/johan/planning_with_ROS2_course/install/base_msgs/include/base_msgs/base_msgs/msg/detail/local_speeds_point__struct.h
[7.352s] -- Installing: /home/johan/planning_with_ROS2_course/install/base_msgs/include/base_msgs/base_msgs/msg/detail/local_path__functions.c
[7.352s] -- Installing: /home/johan/planning_with_ROS2_course/install/base_msgs/include/base_msgs/base_msgs/msg/detail/local_speeds_point__type_support.h
[7.352s] -- Installing: /home/johan/planning_with_ROS2_course/install/base_msgs/include/base_msgs/base_msgs/msg/detail/local_trajectory__type_support.h
[7.352s] -- Installing: /home/johan/planning_with_ROS2_course/install/base_msgs/include/base_msgs/base_msgs/msg/detail/local_speeds__functions.h
[7.353s] -- Installing: /home/johan/planning_with_ROS2_course/install/base_msgs/include/base_msgs/base_msgs/msg/detail/local_trajectory_point__functions.c
[7.353s] -- Installing: /home/johan/planning_with_ROS2_course/install/base_msgs/include/base_msgs/base_msgs/msg/detail/local_speeds_point__functions.h
[7.353s] -- Installing: /home/johan/planning_with_ROS2_course/install/base_msgs/include/base_msgs/base_msgs/msg/detail/obs_info__functions.h
[7.353s] -- Installing: /home/johan/planning_with_ROS2_course/install/base_msgs/include/base_msgs/base_msgs/msg/detail/plot_info__functions.c
[7.353s] -- Installing: /home/johan/planning_with_ROS2_course/install/base_msgs/include/base_msgs/base_msgs/msg/detail/local_speeds__functions.c
[7.353s] -- Installing: /home/johan/planning_with_ROS2_course/install/base_msgs/include/base_msgs/base_msgs/msg/detail/local_trajectory__struct.h
[7.353s] -- Installing: /home/johan/planning_with_ROS2_course/install/base_msgs/include/base_msgs/base_msgs/msg/detail/referline__type_support.h
[7.353s] -- Installing: /home/johan/planning_with_ROS2_course/install/base_msgs/include/base_msgs/base_msgs/msg/detail/obs_info__functions.c
[7.353s] -- Installing: /home/johan/planning_with_ROS2_course/install/base_msgs/include/base_msgs/base_msgs/msg/detail/local_trajectory__functions.c
[7.353s] -- Installing: /home/johan/planning_with_ROS2_course/install/base_msgs/include/base_msgs/base_msgs/msg/detail/local_trajectory__functions.h
[7.353s] -- Installing: /home/johan/planning_with_ROS2_course/install/base_msgs/include/base_msgs/base_msgs/msg/detail/referline_point__functions.h
[7.353s] -- Installing: /home/johan/planning_with_ROS2_course/install/base_msgs/include/base_msgs/base_msgs/msg/detail/local_trajectory_point__struct.h
[7.353s] -- Installing: /home/johan/planning_with_ROS2_course/install/base_msgs/include/base_msgs/base_msgs/msg/detail/referline_point__type_support.h
[7.353s] -- Installing: /home/johan/planning_with_ROS2_course/install/base_msgs/include/base_msgs/base_msgs/msg/detail/local_path_point__functions.c
[7.353s] -- Installing: /home/johan/planning_with_ROS2_course/install/base_msgs/include/base_msgs/base_msgs/msg/detail/local_path__functions.h
[7.353s] -- Installing: /home/johan/planning_with_ROS2_course/install/base_msgs/include/base_msgs/base_msgs/msg/detail/obs_info__struct.h
[7.353s] -- Installing: /home/johan/planning_with_ROS2_course/install/base_msgs/include/base_msgs/base_msgs/msg/detail/local_trajectory_point__functions.h
[7.353s] -- Installing: /home/johan/planning_with_ROS2_course/install/base_msgs/include/base_msgs/base_msgs/msg/detail/plot_info__struct.h
[7.353s] -- Installing: /home/johan/planning_with_ROS2_course/install/base_msgs/include/base_msgs/base_msgs/msg/detail/plot_info__type_support.h
[7.353s] -- Installing: /home/johan/planning_with_ROS2_course/install/base_msgs/include/base_msgs/base_msgs/msg/detail/local_speeds__type_support.h
[7.353s] -- Installing: /home/johan/planning_with_ROS2_course/install/base_msgs/include/base_msgs/base_msgs/msg/local_trajectory_point.h
[7.353s] -- Installing: /home/johan/planning_with_ROS2_course/install/base_msgs/include/base_msgs/base_msgs/msg/plot_info.h
[7.353s] -- Installing: /home/johan/planning_with_ROS2_course/install/base_msgs/include/base_msgs/base_msgs/msg/local_speeds_point.h
[7.353s] -- Installing: /home/johan/planning_with_ROS2_course/install/base_msgs/include/base_msgs/base_msgs/msg/pnc_map.h
[7.353s] -- Installing: /home/johan/planning_with_ROS2_course/install/base_msgs/include/base_msgs/base_msgs/msg/obs_info.h
[7.353s] -- Installing: /home/johan/planning_with_ROS2_course/install/base_msgs/include/base_msgs/base_msgs/msg/local_path_point.h
[7.353s] -- Installing: /home/johan/planning_with_ROS2_course/install/base_msgs/include/base_msgs/base_msgs/msg/local_path.h
[7.353s] -- Installing: /home/johan/planning_with_ROS2_course/install/base_msgs/include/base_msgs/base_msgs/msg/referline_point.h
[7.353s] -- Installing: /home/johan/planning_with_ROS2_course/install/base_msgs/share/base_msgs/environment/library_path.sh
[7.354s] -- Installing: /home/johan/planning_with_ROS2_course/install/base_msgs/share/base_msgs/environment/library_path.dsv
[7.354s] -- Installing: /home/johan/planning_with_ROS2_course/install/base_msgs/lib/libbase_msgs__rosidl_generator_c.so
[7.354s] -- Set runtime path of "/home/johan/planning_with_ROS2_course/install/base_msgs/lib/libbase_msgs__rosidl_generator_c.so" to ""
[7.354s] -- Up-to-date: /home/johan/planning_with_ROS2_course/install/base_msgs/include/base_msgs/base_msgs
[7.354s] -- Up-to-date: /home/johan/planning_with_ROS2_course/install/base_msgs/include/base_msgs/base_msgs/srv
[7.354s] -- Up-to-date: /home/johan/planning_with_ROS2_course/install/base_msgs/include/base_msgs/base_msgs/srv/detail
[7.354s] -- Installing: /home/johan/planning_with_ROS2_course/install/base_msgs/include/base_msgs/base_msgs/srv/detail/pnc_map_service__rosidl_typesupport_fastrtps_c.h
[7.354s] -- Installing: /home/johan/planning_with_ROS2_course/install/base_msgs/include/base_msgs/base_msgs/srv/detail/global_path_service__rosidl_typesupport_fastrtps_c.h
[7.354s] -- Up-to-date: /home/johan/planning_with_ROS2_course/install/base_msgs/include/base_msgs/base_msgs/msg
[7.354s] -- Installing: /home/johan/planning_with_ROS2_course/install/base_msgs/include/base_msgs/base_msgs/msg/rosidl_typesupport_fastrtps_c__visibility_control.h
[7.354s] -- Up-to-date: /home/johan/planning_with_ROS2_course/install/base_msgs/include/base_msgs/base_msgs/msg/detail
[7.354s] -- Installing: /home/johan/planning_with_ROS2_course/install/base_msgs/include/base_msgs/base_msgs/msg/detail/plot_info__rosidl_typesupport_fastrtps_c.h
[7.354s] -- Installing: /home/johan/planning_with_ROS2_course/install/base_msgs/include/base_msgs/base_msgs/msg/detail/local_path_point__rosidl_typesupport_fastrtps_c.h
[7.354s] -- Installing: /home/johan/planning_with_ROS2_course/install/base_msgs/include/base_msgs/base_msgs/msg/detail/local_speeds__rosidl_typesupport_fastrtps_c.h
[7.354s] -- Installing: /home/johan/planning_with_ROS2_course/install/base_msgs/include/base_msgs/base_msgs/msg/detail/referline__rosidl_typesupport_fastrtps_c.h
[7.354s] -- Installing: /home/johan/planning_with_ROS2_course/install/base_msgs/include/base_msgs/base_msgs/msg/detail/pnc_map__rosidl_typesupport_fastrtps_c.h
[7.354s] -- Installing: /home/johan/planning_with_ROS2_course/install/base_msgs/include/base_msgs/base_msgs/msg/detail/local_path__rosidl_typesupport_fastrtps_c.h
[7.354s] -- Installing: /home/johan/planning_with_ROS2_course/install/base_msgs/include/base_msgs/base_msgs/msg/detail/referline_point__rosidl_typesupport_fastrtps_c.h
[7.354s] -- Installing: /home/johan/planning_with_ROS2_course/install/base_msgs/include/base_msgs/base_msgs/msg/detail/local_trajectory_point__rosidl_typesupport_fastrtps_c.h
[7.354s] -- Installing: /home/johan/planning_with_ROS2_course/install/base_msgs/include/base_msgs/base_msgs/msg/detail/local_trajectory__rosidl_typesupport_fastrtps_c.h
[7.354s] -- Installing: /home/johan/planning_with_ROS2_course/install/base_msgs/include/base_msgs/base_msgs/msg/detail/local_speeds_point__rosidl_typesupport_fastrtps_c.h
[7.354s] -- Installing: /home/johan/planning_with_ROS2_course/install/base_msgs/include/base_msgs/base_msgs/msg/detail/obs_info__rosidl_typesupport_fastrtps_c.h
[7.354s] -- Installing: /home/johan/planning_with_ROS2_course/install/base_msgs/lib/libbase_msgs__rosidl_typesupport_fastrtps_c.so
[7.354s] -- Set runtime path of "/home/johan/planning_with_ROS2_course/install/base_msgs/lib/libbase_msgs__rosidl_typesupport_fastrtps_c.so" to ""
[7.354s] -- Up-to-date: /home/johan/planning_with_ROS2_course/install/base_msgs/include/base_msgs/base_msgs
[7.354s] -- Up-to-date: /home/johan/planning_with_ROS2_course/install/base_msgs/include/base_msgs/base_msgs/srv
[7.355s] -- Up-to-date: /home/johan/planning_with_ROS2_course/install/base_msgs/include/base_msgs/base_msgs/srv/detail
[7.355s] -- Installing: /home/johan/planning_with_ROS2_course/install/base_msgs/include/base_msgs/base_msgs/srv/detail/global_path_service__rosidl_typesupport_introspection_c.h
[7.355s] -- Installing: /home/johan/planning_with_ROS2_course/install/base_msgs/include/base_msgs/base_msgs/srv/detail/global_path_service__type_support.c
[7.355s] -- Installing: /home/johan/planning_with_ROS2_course/install/base_msgs/include/base_msgs/base_msgs/srv/detail/pnc_map_service__type_support.c
[7.355s] -- Installing: /home/johan/planning_with_ROS2_course/install/base_msgs/include/base_msgs/base_msgs/srv/detail/pnc_map_service__rosidl_typesupport_introspection_c.h
[7.355s] -- Up-to-date: /home/johan/planning_with_ROS2_course/install/base_msgs/include/base_msgs/base_msgs/msg
[7.355s] -- Installing: /home/johan/planning_with_ROS2_course/install/base_msgs/include/base_msgs/base_msgs/msg/rosidl_typesupport_introspection_c__visibility_control.h
[7.355s] -- Up-to-date: /home/johan/planning_with_ROS2_course/install/base_msgs/include/base_msgs/base_msgs/msg/detail
[7.355s] -- Installing: /home/johan/planning_with_ROS2_course/install/base_msgs/include/base_msgs/base_msgs/msg/detail/local_speeds__rosidl_typesupport_introspection_c.h
[7.355s] -- Installing: /home/johan/planning_with_ROS2_course/install/base_msgs/include/base_msgs/base_msgs/msg/detail/local_path_point__rosidl_typesupport_introspection_c.h
[7.355s] -- Installing: /home/johan/planning_with_ROS2_course/install/base_msgs/include/base_msgs/base_msgs/msg/detail/local_trajectory_point__type_support.c
[7.355s] -- Installing: /home/johan/planning_with_ROS2_course/install/base_msgs/include/base_msgs/base_msgs/msg/detail/local_trajectory__type_support.c
[7.355s] -- Installing: /home/johan/planning_with_ROS2_course/install/base_msgs/include/base_msgs/base_msgs/msg/detail/pnc_map__type_support.c
[7.355s] -- Installing: /home/johan/planning_with_ROS2_course/install/base_msgs/include/base_msgs/base_msgs/msg/detail/referline_point__rosidl_typesupport_introspection_c.h
[7.355s] -- Installing: /home/johan/planning_with_ROS2_course/install/base_msgs/include/base_msgs/base_msgs/msg/detail/local_speeds_point__type_support.c
[7.355s] -- Installing: /home/johan/planning_with_ROS2_course/install/base_msgs/include/base_msgs/base_msgs/msg/detail/obs_info__rosidl_typesupport_introspection_c.h
[7.355s] -- Installing: /home/johan/planning_with_ROS2_course/install/base_msgs/include/base_msgs/base_msgs/msg/detail/local_path_point__type_support.c
[7.355s] -- Installing: /home/johan/planning_with_ROS2_course/install/base_msgs/include/base_msgs/base_msgs/msg/detail/local_path__type_support.c
[7.355s] -- Installing: /home/johan/planning_with_ROS2_course/install/base_msgs/include/base_msgs/base_msgs/msg/detail/referline__type_support.c
[7.355s] -- Installing: /home/johan/planning_with_ROS2_course/install/base_msgs/include/base_msgs/base_msgs/msg/detail/local_trajectory_point__rosidl_typesupport_introspection_c.h
[7.355s] -- Installing: /home/johan/planning_with_ROS2_course/install/base_msgs/include/base_msgs/base_msgs/msg/detail/plot_info__rosidl_typesupport_introspection_c.h
[7.355s] -- Installing: /home/johan/planning_with_ROS2_course/install/base_msgs/include/base_msgs/base_msgs/msg/detail/local_path__rosidl_typesupport_introspection_c.h
[7.355s] -- Installing: /home/johan/planning_with_ROS2_course/install/base_msgs/include/base_msgs/base_msgs/msg/detail/local_speeds_point__rosidl_typesupport_introspection_c.h
[7.355s] -- Installing: /home/johan/planning_with_ROS2_course/install/base_msgs/include/base_msgs/base_msgs/msg/detail/referline_point__type_support.c
[7.356s] -- Installing: /home/johan/planning_with_ROS2_course/install/base_msgs/include/base_msgs/base_msgs/msg/detail/local_speeds__type_support.c
[7.356s] -- Installing: /home/johan/planning_with_ROS2_course/install/base_msgs/include/base_msgs/base_msgs/msg/detail/local_trajectory__rosidl_typesupport_introspection_c.h
[7.356s] -- Installing: /home/johan/planning_with_ROS2_course/install/base_msgs/include/base_msgs/base_msgs/msg/detail/referline__rosidl_typesupport_introspection_c.h
[7.356s] -- Installing: /home/johan/planning_with_ROS2_course/install/base_msgs/include/base_msgs/base_msgs/msg/detail/obs_info__type_support.c
[7.356s] -- Installing: /home/johan/planning_with_ROS2_course/install/base_msgs/include/base_msgs/base_msgs/msg/detail/pnc_map__rosidl_typesupport_introspection_c.h
[7.356s] -- Installing: /home/johan/planning_with_ROS2_course/install/base_msgs/include/base_msgs/base_msgs/msg/detail/plot_info__type_support.c
[7.356s] -- Installing: /home/johan/planning_with_ROS2_course/install/base_msgs/lib/libbase_msgs__rosidl_typesupport_introspection_c.so
[7.356s] -- Set runtime path of "/home/johan/planning_with_ROS2_course/install/base_msgs/lib/libbase_msgs__rosidl_typesupport_introspection_c.so" to ""
[7.356s] -- Installing: /home/johan/planning_with_ROS2_course/install/base_msgs/lib/libbase_msgs__rosidl_typesupport_c.so
[7.356s] -- Set runtime path of "/home/johan/planning_with_ROS2_course/install/base_msgs/lib/libbase_msgs__rosidl_typesupport_c.so" to ""
[7.356s] -- Up-to-date: /home/johan/planning_with_ROS2_course/install/base_msgs/include/base_msgs/base_msgs
[7.356s] -- Up-to-date: /home/johan/planning_with_ROS2_course/install/base_msgs/include/base_msgs/base_msgs/srv
[7.356s] -- Up-to-date: /home/johan/planning_with_ROS2_course/install/base_msgs/include/base_msgs/base_msgs/srv/detail
[7.356s] -- Installing: /home/johan/planning_with_ROS2_course/install/base_msgs/include/base_msgs/base_msgs/srv/detail/global_path_service__builder.hpp
[7.356s] -- Installing: /home/johan/planning_with_ROS2_course/install/base_msgs/include/base_msgs/base_msgs/srv/detail/global_path_service__struct.hpp
[7.356s] -- Installing: /home/johan/planning_with_ROS2_course/install/base_msgs/include/base_msgs/base_msgs/srv/detail/global_path_service__traits.hpp
[7.356s] -- Installing: /home/johan/planning_with_ROS2_course/install/base_msgs/include/base_msgs/base_msgs/srv/detail/pnc_map_service__struct.hpp
[7.356s] -- Installing: /home/johan/planning_with_ROS2_course/install/base_msgs/include/base_msgs/base_msgs/srv/detail/pnc_map_service__traits.hpp
[7.356s] -- Installing: /home/johan/planning_with_ROS2_course/install/base_msgs/include/base_msgs/base_msgs/srv/detail/pnc_map_service__type_support.hpp
[7.356s] -- Installing: /home/johan/planning_with_ROS2_course/install/base_msgs/include/base_msgs/base_msgs/srv/detail/global_path_service__type_support.hpp
[7.356s] -- Installing: /home/johan/planning_with_ROS2_course/install/base_msgs/include/base_msgs/base_msgs/srv/detail/pnc_map_service__builder.hpp
[7.356s] -- Installing: /home/johan/planning_with_ROS2_course/install/base_msgs/include/base_msgs/base_msgs/srv/pnc_map_service.hpp
[7.356s] -- Installing: /home/johan/planning_with_ROS2_course/install/base_msgs/include/base_msgs/base_msgs/srv/global_path_service.hpp
[7.357s] -- Up-to-date: /home/johan/planning_with_ROS2_course/install/base_msgs/include/base_msgs/base_msgs/msg
[7.357s] -- Installing: /home/johan/planning_with_ROS2_course/install/base_msgs/include/base_msgs/base_msgs/msg/local_trajectory.hpp
[7.357s] -- Installing: /home/johan/planning_with_ROS2_course/install/base_msgs/include/base_msgs/base_msgs/msg/local_speeds.hpp
[7.357s] -- Installing: /home/johan/planning_with_ROS2_course/install/base_msgs/include/base_msgs/base_msgs/msg/local_path.hpp
[7.357s] -- Installing: /home/johan/planning_with_ROS2_course/install/base_msgs/include/base_msgs/base_msgs/msg/rosidl_generator_cpp__visibility_control.hpp
[7.357s] -- Installing: /home/johan/planning_with_ROS2_course/install/base_msgs/include/base_msgs/base_msgs/msg/local_trajectory_point.hpp
[7.357s] -- Installing: /home/johan/planning_with_ROS2_course/install/base_msgs/include/base_msgs/base_msgs/msg/local_speeds_point.hpp
[7.357s] -- Installing: /home/johan/planning_with_ROS2_course/install/base_msgs/include/base_msgs/base_msgs/msg/obs_info.hpp
[7.357s] -- Installing: /home/johan/planning_with_ROS2_course/install/base_msgs/include/base_msgs/base_msgs/msg/referline.hpp
[7.357s] -- Installing: /home/johan/planning_with_ROS2_course/install/base_msgs/include/base_msgs/base_msgs/msg/referline_point.hpp
[7.357s] -- Up-to-date: /home/johan/planning_with_ROS2_course/install/base_msgs/include/base_msgs/base_msgs/msg/detail
[7.357s] -- Installing: /home/johan/planning_with_ROS2_course/install/base_msgs/include/base_msgs/base_msgs/msg/detail/local_trajectory_point__builder.hpp
[7.357s] -- Installing: /home/johan/planning_with_ROS2_course/install/base_msgs/include/base_msgs/base_msgs/msg/detail/plot_info__type_support.hpp
[7.357s] -- Installing: /home/johan/planning_with_ROS2_course/install/base_msgs/include/base_msgs/base_msgs/msg/detail/pnc_map__builder.hpp
[7.357s] -- Installing: /home/johan/planning_with_ROS2_course/install/base_msgs/include/base_msgs/base_msgs/msg/detail/local_speeds_point__type_support.hpp
[7.357s] -- Installing: /home/johan/planning_with_ROS2_course/install/base_msgs/include/base_msgs/base_msgs/msg/detail/local_speeds_point__builder.hpp
[7.357s] -- Installing: /home/johan/planning_with_ROS2_course/install/base_msgs/include/base_msgs/base_msgs/msg/detail/local_speeds__type_support.hpp
[7.357s] -- Installing: /home/johan/planning_with_ROS2_course/install/base_msgs/include/base_msgs/base_msgs/msg/detail/local_speeds_point__struct.hpp
[7.357s] -- Installing: /home/johan/planning_with_ROS2_course/install/base_msgs/include/base_msgs/base_msgs/msg/detail/plot_info__traits.hpp
[7.357s] -- Installing: /home/johan/planning_with_ROS2_course/install/base_msgs/include/base_msgs/base_msgs/msg/detail/local_trajectory__traits.hpp
[7.357s] -- Installing: /home/johan/planning_with_ROS2_course/install/base_msgs/include/base_msgs/base_msgs/msg/detail/local_path__builder.hpp
[7.357s] -- Installing: /home/johan/planning_with_ROS2_course/install/base_msgs/include/base_msgs/base_msgs/msg/detail/pnc_map__struct.hpp
[7.357s] -- Installing: /home/johan/planning_with_ROS2_course/install/base_msgs/include/base_msgs/base_msgs/msg/detail/local_trajectory_point__type_support.hpp
[7.357s] -- Installing: /home/johan/planning_with_ROS2_course/install/base_msgs/include/base_msgs/base_msgs/msg/detail/local_trajectory_point__struct.hpp
[7.358s] -- Installing: /home/johan/planning_with_ROS2_course/install/base_msgs/include/base_msgs/base_msgs/msg/detail/local_path_point__traits.hpp
[7.358s] -- Installing: /home/johan/planning_with_ROS2_course/install/base_msgs/include/base_msgs/base_msgs/msg/detail/local_trajectory__type_support.hpp
[7.358s] -- Installing: /home/johan/planning_with_ROS2_course/install/base_msgs/include/base_msgs/base_msgs/msg/detail/plot_info__struct.hpp
[7.358s] -- Installing: /home/johan/planning_with_ROS2_course/install/base_msgs/include/base_msgs/base_msgs/msg/detail/referline_point__type_support.hpp
[7.358s] -- Installing: /home/johan/planning_with_ROS2_course/install/base_msgs/include/base_msgs/base_msgs/msg/detail/obs_info__struct.hpp
[7.358s] -- Installing: /home/johan/planning_with_ROS2_course/install/base_msgs/include/base_msgs/base_msgs/msg/detail/obs_info__type_support.hpp
[7.358s] -- Installing: /home/johan/planning_with_ROS2_course/install/base_msgs/include/base_msgs/base_msgs/msg/detail/local_path_point__type_support.hpp
[7.358s] -- Installing: /home/johan/planning_with_ROS2_course/install/base_msgs/include/base_msgs/base_msgs/msg/detail/local_path__traits.hpp
[7.358s] -- Installing: /home/johan/planning_with_ROS2_course/install/base_msgs/include/base_msgs/base_msgs/msg/detail/local_trajectory__struct.hpp
[7.358s] -- Installing: /home/johan/planning_with_ROS2_course/install/base_msgs/include/base_msgs/base_msgs/msg/detail/local_trajectory__builder.hpp
[7.358s] -- Installing: /home/johan/planning_with_ROS2_course/install/base_msgs/include/base_msgs/base_msgs/msg/detail/referline__builder.hpp
[7.358s] -- Installing: /home/johan/planning_with_ROS2_course/install/base_msgs/include/base_msgs/base_msgs/msg/detail/local_speeds__builder.hpp
[7.358s] -- Installing: /home/johan/planning_with_ROS2_course/install/base_msgs/include/base_msgs/base_msgs/msg/detail/local_speeds__traits.hpp
[7.358s] -- Installing: /home/johan/planning_with_ROS2_course/install/base_msgs/include/base_msgs/base_msgs/msg/detail/referline_point__struct.hpp
[7.358s] -- Installing: /home/johan/planning_with_ROS2_course/install/base_msgs/include/base_msgs/base_msgs/msg/detail/local_path_point__builder.hpp
[7.358s] -- Installing: /home/johan/planning_with_ROS2_course/install/base_msgs/include/base_msgs/base_msgs/msg/detail/plot_info__builder.hpp
[7.358s] -- Installing: /home/johan/planning_with_ROS2_course/install/base_msgs/include/base_msgs/base_msgs/msg/detail/local_speeds_point__traits.hpp
[7.358s] -- Installing: /home/johan/planning_with_ROS2_course/install/base_msgs/include/base_msgs/base_msgs/msg/detail/obs_info__builder.hpp
[7.358s] -- Installing: /home/johan/planning_with_ROS2_course/install/base_msgs/include/base_msgs/base_msgs/msg/detail/local_path__type_support.hpp
[7.358s] -- Installing: /home/johan/planning_with_ROS2_course/install/base_msgs/include/base_msgs/base_msgs/msg/detail/local_path_point__struct.hpp
[7.358s] -- Installing: /home/johan/planning_with_ROS2_course/install/base_msgs/include/base_msgs/base_msgs/msg/detail/local_path__struct.hpp
[7.358s] -- Installing: /home/johan/planning_with_ROS2_course/install/base_msgs/include/base_msgs/base_msgs/msg/detail/local_trajectory_point__traits.hpp
[7.358s] -- Installing: /home/johan/planning_with_ROS2_course/install/base_msgs/include/base_msgs/base_msgs/msg/detail/pnc_map__type_support.hpp
[7.358s] -- Installing: /home/johan/planning_with_ROS2_course/install/base_msgs/include/base_msgs/base_msgs/msg/detail/referline_point__traits.hpp
[7.358s] -- Installing: /home/johan/planning_with_ROS2_course/install/base_msgs/include/base_msgs/base_msgs/msg/detail/pnc_map__traits.hpp
[7.359s] -- Installing: /home/johan/planning_with_ROS2_course/install/base_msgs/include/base_msgs/base_msgs/msg/detail/referline_point__builder.hpp
[7.359s] -- Installing: /home/johan/planning_with_ROS2_course/install/base_msgs/include/base_msgs/base_msgs/msg/detail/local_speeds__struct.hpp
[7.359s] -- Installing: /home/johan/planning_with_ROS2_course/install/base_msgs/include/base_msgs/base_msgs/msg/detail/referline__traits.hpp
[7.359s] -- Installing: /home/johan/planning_with_ROS2_course/install/base_msgs/include/base_msgs/base_msgs/msg/detail/obs_info__traits.hpp
[7.359s] -- Installing: /home/johan/planning_with_ROS2_course/install/base_msgs/include/base_msgs/base_msgs/msg/detail/referline__struct.hpp
[7.359s] -- Installing: /home/johan/planning_with_ROS2_course/install/base_msgs/include/base_msgs/base_msgs/msg/detail/referline__type_support.hpp
[7.359s] -- Installing: /home/johan/planning_with_ROS2_course/install/base_msgs/include/base_msgs/base_msgs/msg/pnc_map.hpp
[7.359s] -- Installing: /home/johan/planning_with_ROS2_course/install/base_msgs/include/base_msgs/base_msgs/msg/plot_info.hpp
[7.359s] -- Installing: /home/johan/planning_with_ROS2_course/install/base_msgs/include/base_msgs/base_msgs/msg/local_path_point.hpp
[7.359s] -- Up-to-date: /home/johan/planning_with_ROS2_course/install/base_msgs/include/base_msgs/base_msgs
[7.359s] -- Up-to-date: /home/johan/planning_with_ROS2_course/install/base_msgs/include/base_msgs/base_msgs/srv
[7.359s] -- Up-to-date: /home/johan/planning_with_ROS2_course/install/base_msgs/include/base_msgs/base_msgs/srv/detail
[7.359s] -- Installing: /home/johan/planning_with_ROS2_course/install/base_msgs/include/base_msgs/base_msgs/srv/detail/global_path_service__rosidl_typesupport_fastrtps_cpp.hpp
[7.359s] -- Installing: /home/johan/planning_with_ROS2_course/install/base_msgs/include/base_msgs/base_msgs/srv/detail/pnc_map_service__rosidl_typesupport_fastrtps_cpp.hpp
[7.359s] -- Installing: /home/johan/planning_with_ROS2_course/install/base_msgs/include/base_msgs/base_msgs/srv/detail/dds_fastrtps
[7.359s] -- Up-to-date: /home/johan/planning_with_ROS2_course/install/base_msgs/include/base_msgs/base_msgs/msg
[7.359s] -- Installing: /home/johan/planning_with_ROS2_course/install/base_msgs/include/base_msgs/base_msgs/msg/rosidl_typesupport_fastrtps_cpp__visibility_control.h
[7.359s] -- Up-to-date: /home/johan/planning_with_ROS2_course/install/base_msgs/include/base_msgs/base_msgs/msg/detail
[7.359s] -- Installing: /home/johan/planning_with_ROS2_course/install/base_msgs/include/base_msgs/base_msgs/msg/detail/pnc_map__rosidl_typesupport_fastrtps_cpp.hpp
[7.359s] -- Installing: /home/johan/planning_with_ROS2_course/install/base_msgs/include/base_msgs/base_msgs/msg/detail/local_trajectory_point__rosidl_typesupport_fastrtps_cpp.hpp
[7.359s] -- Installing: /home/johan/planning_with_ROS2_course/install/base_msgs/include/base_msgs/base_msgs/msg/detail/referline__rosidl_typesupport_fastrtps_cpp.hpp
[7.359s] -- Installing: /home/johan/planning_with_ROS2_course/install/base_msgs/include/base_msgs/base_msgs/msg/detail/local_path_point__rosidl_typesupport_fastrtps_cpp.hpp
[7.359s] -- Installing: /home/johan/planning_with_ROS2_course/install/base_msgs/include/base_msgs/base_msgs/msg/detail/obs_info__rosidl_typesupport_fastrtps_cpp.hpp
[7.359s] -- Installing: /home/johan/planning_with_ROS2_course/install/base_msgs/include/base_msgs/base_msgs/msg/detail/local_path__rosidl_typesupport_fastrtps_cpp.hpp
[7.359s] -- Installing: /home/johan/planning_with_ROS2_course/install/base_msgs/include/base_msgs/base_msgs/msg/detail/plot_info__rosidl_typesupport_fastrtps_cpp.hpp
[7.359s] -- Installing: /home/johan/planning_with_ROS2_course/install/base_msgs/include/base_msgs/base_msgs/msg/detail/local_trajectory__rosidl_typesupport_fastrtps_cpp.hpp
[7.360s] -- Installing: /home/johan/planning_with_ROS2_course/install/base_msgs/include/base_msgs/base_msgs/msg/detail/dds_fastrtps
[7.360s] -- Installing: /home/johan/planning_with_ROS2_course/install/base_msgs/include/base_msgs/base_msgs/msg/detail/referline_point__rosidl_typesupport_fastrtps_cpp.hpp
[7.360s] -- Installing: /home/johan/planning_with_ROS2_course/install/base_msgs/include/base_msgs/base_msgs/msg/detail/local_speeds_point__rosidl_typesupport_fastrtps_cpp.hpp
[7.360s] -- Installing: /home/johan/planning_with_ROS2_course/install/base_msgs/include/base_msgs/base_msgs/msg/detail/local_speeds__rosidl_typesupport_fastrtps_cpp.hpp
[7.360s] -- Installing: /home/johan/planning_with_ROS2_course/install/base_msgs/lib/libbase_msgs__rosidl_typesupport_fastrtps_cpp.so
[7.360s] -- Set runtime path of "/home/johan/planning_with_ROS2_course/install/base_msgs/lib/libbase_msgs__rosidl_typesupport_fastrtps_cpp.so" to ""
[7.360s] -- Up-to-date: /home/johan/planning_with_ROS2_course/install/base_msgs/include/base_msgs/base_msgs
[7.360s] -- Up-to-date: /home/johan/planning_with_ROS2_course/install/base_msgs/include/base_msgs/base_msgs/srv
[7.360s] -- Up-to-date: /home/johan/planning_with_ROS2_course/install/base_msgs/include/base_msgs/base_msgs/srv/detail
[7.360s] -- Installing: /home/johan/planning_with_ROS2_course/install/base_msgs/include/base_msgs/base_msgs/srv/detail/pnc_map_service__rosidl_typesupport_introspection_cpp.hpp
[7.360s] -- Installing: /home/johan/planning_with_ROS2_course/install/base_msgs/include/base_msgs/base_msgs/srv/detail/global_path_service__rosidl_typesupport_introspection_cpp.hpp
[7.360s] -- Installing: /home/johan/planning_with_ROS2_course/install/base_msgs/include/base_msgs/base_msgs/srv/detail/pnc_map_service__type_support.cpp
[7.360s] -- Installing: /home/johan/planning_with_ROS2_course/install/base_msgs/include/base_msgs/base_msgs/srv/detail/global_path_service__type_support.cpp
[7.360s] -- Up-to-date: /home/johan/planning_with_ROS2_course/install/base_msgs/include/base_msgs/base_msgs/msg
[7.360s] -- Up-to-date: /home/johan/planning_with_ROS2_course/install/base_msgs/include/base_msgs/base_msgs/msg/detail
[7.360s] -- Installing: /home/johan/planning_with_ROS2_course/install/base_msgs/include/base_msgs/base_msgs/msg/detail/local_trajectory__rosidl_typesupport_introspection_cpp.hpp
[7.360s] -- Installing: /home/johan/planning_with_ROS2_course/install/base_msgs/include/base_msgs/base_msgs/msg/detail/local_trajectory__type_support.cpp
[7.360s] -- Installing: /home/johan/planning_with_ROS2_course/install/base_msgs/include/base_msgs/base_msgs/msg/detail/local_path_point__type_support.cpp
[7.360s] -- Installing: /home/johan/planning_with_ROS2_course/install/base_msgs/include/base_msgs/base_msgs/msg/detail/pnc_map__type_support.cpp
[7.361s] -- Installing: /home/johan/planning_with_ROS2_course/install/base_msgs/include/base_msgs/base_msgs/msg/detail/pnc_map__rosidl_typesupport_introspection_cpp.hpp
[7.361s] -- Installing: /home/johan/planning_with_ROS2_course/install/base_msgs/include/base_msgs/base_msgs/msg/detail/obs_info__type_support.cpp
[7.361s] -- Installing: /home/johan/planning_with_ROS2_course/install/base_msgs/include/base_msgs/base_msgs/msg/detail/local_speeds_point__rosidl_typesupport_introspection_cpp.hpp
[7.361s] -- Installing: /home/johan/planning_with_ROS2_course/install/base_msgs/include/base_msgs/base_msgs/msg/detail/referline__type_support.cpp
[7.361s] -- Installing: /home/johan/planning_with_ROS2_course/install/base_msgs/include/base_msgs/base_msgs/msg/detail/referline_point__rosidl_typesupport_introspection_cpp.hpp
[7.361s] -- Installing: /home/johan/planning_with_ROS2_course/install/base_msgs/include/base_msgs/base_msgs/msg/detail/local_path__rosidl_typesupport_introspection_cpp.hpp
[7.361s] -- Installing: /home/johan/planning_with_ROS2_course/install/base_msgs/include/base_msgs/base_msgs/msg/detail/local_speeds__rosidl_typesupport_introspection_cpp.hpp
[7.361s] -- Installing: /home/johan/planning_with_ROS2_course/install/base_msgs/include/base_msgs/base_msgs/msg/detail/local_trajectory_point__type_support.cpp
[7.361s] -- Installing: /home/johan/planning_with_ROS2_course/install/base_msgs/include/base_msgs/base_msgs/msg/detail/local_trajectory_point__rosidl_typesupport_introspection_cpp.hpp
[7.361s] -- Installing: /home/johan/planning_with_ROS2_course/install/base_msgs/include/base_msgs/base_msgs/msg/detail/referline_point__type_support.cpp
[7.361s] -- Installing: /home/johan/planning_with_ROS2_course/install/base_msgs/include/base_msgs/base_msgs/msg/detail/referline__rosidl_typesupport_introspection_cpp.hpp
[7.361s] -- Installing: /home/johan/planning_with_ROS2_course/install/base_msgs/include/base_msgs/base_msgs/msg/detail/local_path_point__rosidl_typesupport_introspection_cpp.hpp
[7.361s] -- Installing: /home/johan/planning_with_ROS2_course/install/base_msgs/include/base_msgs/base_msgs/msg/detail/local_speeds_point__type_support.cpp
[7.361s] -- Installing: /home/johan/planning_with_ROS2_course/install/base_msgs/include/base_msgs/base_msgs/msg/detail/local_path__type_support.cpp
[7.361s] -- Installing: /home/johan/planning_with_ROS2_course/install/base_msgs/include/base_msgs/base_msgs/msg/detail/obs_info__rosidl_typesupport_introspection_cpp.hpp
[7.361s] -- Installing: /home/johan/planning_with_ROS2_course/install/base_msgs/include/base_msgs/base_msgs/msg/detail/plot_info__type_support.cpp
[7.361s] -- Installing: /home/johan/planning_with_ROS2_course/install/base_msgs/include/base_msgs/base_msgs/msg/detail/plot_info__rosidl_typesupport_introspection_cpp.hpp
[7.361s] -- Installing: /home/johan/planning_with_ROS2_course/install/base_msgs/include/base_msgs/base_msgs/msg/detail/local_speeds__type_support.cpp
[7.361s] -- Installing: /home/johan/planning_with_ROS2_course/install/base_msgs/lib/libbase_msgs__rosidl_typesupport_introspection_cpp.so
[7.362s] -- Set runtime path of "/home/johan/planning_with_ROS2_course/install/base_msgs/lib/libbase_msgs__rosidl_typesupport_introspection_cpp.so" to ""
[7.362s] -- Installing: /home/johan/planning_with_ROS2_course/install/base_msgs/lib/libbase_msgs__rosidl_typesupport_cpp.so
[7.362s] -- Set runtime path of "/home/johan/planning_with_ROS2_course/install/base_msgs/lib/libbase_msgs__rosidl_typesupport_cpp.so" to ""
[7.362s] -- Installing: /home/johan/planning_with_ROS2_course/install/base_msgs/share/base_msgs/environment/pythonpath.sh
[7.362s] -- Installing: /home/johan/planning_with_ROS2_course/install/base_msgs/share/base_msgs/environment/pythonpath.dsv
[7.362s] -- Installing: /home/johan/planning_with_ROS2_course/install/base_msgs/local/lib/python3.10/dist-packages/base_msgs-0.0.0-py3.10.egg-info
[7.362s] -- Installing: /home/johan/planning_with_ROS2_course/install/base_msgs/local/lib/python3.10/dist-packages/base_msgs-0.0.0-py3.10.egg-info/dependency_links.txt
[7.362s] -- Installing: /home/johan/planning_with_ROS2_course/install/base_msgs/local/lib/python3.10/dist-packages/base_msgs-0.0.0-py3.10.egg-info/top_level.txt
[7.362s] -- Installing: /home/johan/planning_with_ROS2_course/install/base_msgs/local/lib/python3.10/dist-packages/base_msgs-0.0.0-py3.10.egg-info/SOURCES.txt
[7.362s] -- Installing: /home/johan/planning_with_ROS2_course/install/base_msgs/local/lib/python3.10/dist-packages/base_msgs-0.0.0-py3.10.egg-info/PKG-INFO
[7.362s] -- Installing: /home/johan/planning_with_ROS2_course/install/base_msgs/local/lib/python3.10/dist-packages/base_msgs
[7.362s] -- Installing: /home/johan/planning_with_ROS2_course/install/base_msgs/local/lib/python3.10/dist-packages/base_msgs/srv
[7.362s] -- Installing: /home/johan/planning_with_ROS2_course/install/base_msgs/local/lib/python3.10/dist-packages/base_msgs/srv/_global_path_service_s.c
[7.362s] -- Installing: /home/johan/planning_with_ROS2_course/install/base_msgs/local/lib/python3.10/dist-packages/base_msgs/srv/_pnc_map_service_s.c
[7.362s] -- Installing: /home/johan/planning_with_ROS2_course/install/base_msgs/local/lib/python3.10/dist-packages/base_msgs/srv/__init__.py
[7.363s] -- Installing: /home/johan/planning_with_ROS2_course/install/base_msgs/local/lib/python3.10/dist-packages/base_msgs/srv/_pnc_map_service.py
[7.363s] -- Installing: /home/johan/planning_with_ROS2_course/install/base_msgs/local/lib/python3.10/dist-packages/base_msgs/srv/_global_path_service.py
[7.363s] -- Installing: /home/johan/planning_with_ROS2_course/install/base_msgs/local/lib/python3.10/dist-packages/base_msgs/_base_msgs_s.ep.rosidl_typesupport_fastrtps_c.c
[7.363s] -- Installing: /home/johan/planning_with_ROS2_course/install/base_msgs/local/lib/python3.10/dist-packages/base_msgs/base_msgs_s__rosidl_typesupport_c.cpython-310-x86_64-linux-gnu.so
[7.363s] -- Installing: /home/johan/planning_with_ROS2_course/install/base_msgs/local/lib/python3.10/dist-packages/base_msgs/__init__.py
[7.363s] -- Installing: /home/johan/planning_with_ROS2_course/install/base_msgs/local/lib/python3.10/dist-packages/base_msgs/libbase_msgs__rosidl_generator_py.so
[7.363s] -- Installing: /home/johan/planning_with_ROS2_course/install/base_msgs/local/lib/python3.10/dist-packages/base_msgs/base_msgs_s__rosidl_typesupport_fastrtps_c.cpython-310-x86_64-linux-gnu.so
[7.363s] -- Installing: /home/johan/planning_with_ROS2_course/install/base_msgs/local/lib/python3.10/dist-packages/base_msgs/_base_msgs_s.ep.rosidl_typesupport_c.c
[7.363s] -- Installing: /home/johan/planning_with_ROS2_course/install/base_msgs/local/lib/python3.10/dist-packages/base_msgs/_base_msgs_s.ep.rosidl_typesupport_introspection_c.c
[7.363s] -- Installing: /home/johan/planning_with_ROS2_course/install/base_msgs/local/lib/python3.10/dist-packages/base_msgs/msg
[7.363s] -- Installing: /home/johan/planning_with_ROS2_course/install/base_msgs/local/lib/python3.10/dist-packages/base_msgs/msg/_local_speeds_point_s.c
[7.363s] -- Installing: /home/johan/planning_with_ROS2_course/install/base_msgs/local/lib/python3.10/dist-packages/base_msgs/msg/_plot_info_s.c
[7.363s] -- Installing: /home/johan/planning_with_ROS2_course/install/base_msgs/local/lib/python3.10/dist-packages/base_msgs/msg/_pnc_map_s.c
[7.363s] -- Installing: /home/johan/planning_with_ROS2_course/install/base_msgs/local/lib/python3.10/dist-packages/base_msgs/msg/_referline.py
[7.363s] -- Installing: /home/johan/planning_with_ROS2_course/install/base_msgs/local/lib/python3.10/dist-packages/base_msgs/msg/_local_trajectory_s.c
[7.363s] -- Installing: /home/johan/planning_with_ROS2_course/install/base_msgs/local/lib/python3.10/dist-packages/base_msgs/msg/_local_path_s.c
[7.363s] -- Installing: /home/johan/planning_with_ROS2_course/install/base_msgs/local/lib/python3.10/dist-packages/base_msgs/msg/_local_speeds.py
[7.363s] -- Installing: /home/johan/planning_with_ROS2_course/install/base_msgs/local/lib/python3.10/dist-packages/base_msgs/msg/_local_trajectory.py
[7.363s] -- Installing: /home/johan/planning_with_ROS2_course/install/base_msgs/local/lib/python3.10/dist-packages/base_msgs/msg/_referline_point.py
[7.363s] -- Installing: /home/johan/planning_with_ROS2_course/install/base_msgs/local/lib/python3.10/dist-packages/base_msgs/msg/_referline_point_s.c
[7.363s] -- Installing: /home/johan/planning_with_ROS2_course/install/base_msgs/local/lib/python3.10/dist-packages/base_msgs/msg/_referline_s.c
[7.363s] -- Installing: /home/johan/planning_with_ROS2_course/install/base_msgs/local/lib/python3.10/dist-packages/base_msgs/msg/_local_speeds_s.c
[7.364s] -- Installing: /home/johan/planning_with_ROS2_course/install/base_msgs/local/lib/python3.10/dist-packages/base_msgs/msg/_pnc_map.py
[7.364s] -- Installing: /home/johan/planning_with_ROS2_course/install/base_msgs/local/lib/python3.10/dist-packages/base_msgs/msg/__init__.py
[7.364s] -- Installing: /home/johan/planning_with_ROS2_course/install/base_msgs/local/lib/python3.10/dist-packages/base_msgs/msg/_local_trajectory_point_s.c
[7.364s] -- Installing: /home/johan/planning_with_ROS2_course/install/base_msgs/local/lib/python3.10/dist-packages/base_msgs/msg/_local_speeds_point.py
[7.364s] -- Installing: /home/johan/planning_with_ROS2_course/install/base_msgs/local/lib/python3.10/dist-packages/base_msgs/msg/_local_path.py
[7.364s] -- Installing: /home/johan/planning_with_ROS2_course/install/base_msgs/local/lib/python3.10/dist-packages/base_msgs/msg/_local_path_point_s.c
[7.364s] -- Installing: /home/johan/planning_with_ROS2_course/install/base_msgs/local/lib/python3.10/dist-packages/base_msgs/msg/_plot_info.py
[7.364s] -- Installing: /home/johan/planning_with_ROS2_course/install/base_msgs/local/lib/python3.10/dist-packages/base_msgs/msg/_obs_info_s.c
[7.364s] -- Installing: /home/johan/planning_with_ROS2_course/install/base_msgs/local/lib/python3.10/dist-packages/base_msgs/msg/_local_trajectory_point.py
[7.364s] -- Installing: /home/johan/planning_with_ROS2_course/install/base_msgs/local/lib/python3.10/dist-packages/base_msgs/msg/_local_path_point.py
[7.364s] -- Installing: /home/johan/planning_with_ROS2_course/install/base_msgs/local/lib/python3.10/dist-packages/base_msgs/msg/_obs_info.py
[7.364s] -- Installing: /home/johan/planning_with_ROS2_course/install/base_msgs/local/lib/python3.10/dist-packages/base_msgs/base_msgs_s__rosidl_typesupport_introspection_c.cpython-310-x86_64-linux-gnu.so
[7.398s] Listing '/home/johan/planning_with_ROS2_course/install/base_msgs/local/lib/python3.10/dist-packages/base_msgs'...
[7.398s] Compiling '/home/johan/planning_with_ROS2_course/install/base_msgs/local/lib/python3.10/dist-packages/base_msgs/__init__.py'...
[7.398s] Listing '/home/johan/planning_with_ROS2_course/install/base_msgs/local/lib/python3.10/dist-packages/base_msgs/msg'...
[7.398s] Compiling '/home/johan/planning_with_ROS2_course/install/base_msgs/local/lib/python3.10/dist-packages/base_msgs/msg/__init__.py'...
[7.398s] Compiling '/home/johan/planning_with_ROS2_course/install/base_msgs/local/lib/python3.10/dist-packages/base_msgs/msg/_local_path.py'...
[7.398s] Compiling '/home/johan/planning_with_ROS2_course/install/base_msgs/local/lib/python3.10/dist-packages/base_msgs/msg/_local_path_point.py'...
[7.398s] Compiling '/home/johan/planning_with_ROS2_course/install/base_msgs/local/lib/python3.10/dist-packages/base_msgs/msg/_local_speeds.py'...
[7.398s] Compiling '/home/johan/planning_with_ROS2_course/install/base_msgs/local/lib/python3.10/dist-packages/base_msgs/msg/_local_speeds_point.py'...
[7.398s] Compiling '/home/johan/planning_with_ROS2_course/install/base_msgs/local/lib/python3.10/dist-packages/base_msgs/msg/_local_trajectory.py'...
[7.398s] Compiling '/home/johan/planning_with_ROS2_course/install/base_msgs/local/lib/python3.10/dist-packages/base_msgs/msg/_local_trajectory_point.py'...
[7.398s] Compiling '/home/johan/planning_with_ROS2_course/install/base_msgs/local/lib/python3.10/dist-packages/base_msgs/msg/_obs_info.py'...
[7.398s] Compiling '/home/johan/planning_with_ROS2_course/install/base_msgs/local/lib/python3.10/dist-packages/base_msgs/msg/_plot_info.py'...
[7.398s] Compiling '/home/johan/planning_with_ROS2_course/install/base_msgs/local/lib/python3.10/dist-packages/base_msgs/msg/_pnc_map.py'...
[7.398s] Compiling '/home/johan/planning_with_ROS2_course/install/base_msgs/local/lib/python3.10/dist-packages/base_msgs/msg/_referline.py'...
[7.398s] Compiling '/home/johan/planning_with_ROS2_course/install/base_msgs/local/lib/python3.10/dist-packages/base_msgs/msg/_referline_point.py'...
[7.398s] Listing '/home/johan/planning_with_ROS2_course/install/base_msgs/local/lib/python3.10/dist-packages/base_msgs/srv'...
[7.399s] Compiling '/home/johan/planning_with_ROS2_course/install/base_msgs/local/lib/python3.10/dist-packages/base_msgs/srv/__init__.py'...
[7.399s] Compiling '/home/johan/planning_with_ROS2_course/install/base_msgs/local/lib/python3.10/dist-packages/base_msgs/srv/_global_path_service.py'...
[7.399s] Compiling '/home/johan/planning_with_ROS2_course/install/base_msgs/local/lib/python3.10/dist-packages/base_msgs/srv/_pnc_map_service.py'...
[7.401s] -- Installing: /home/johan/planning_with_ROS2_course/install/base_msgs/local/lib/python3.10/dist-packages/base_msgs/base_msgs_s__rosidl_typesupport_fastrtps_c.cpython-310-x86_64-linux-gnu.so
[7.401s] -- Set runtime path of "/home/johan/planning_with_ROS2_course/install/base_msgs/local/lib/python3.10/dist-packages/base_msgs/base_msgs_s__rosidl_typesupport_fastrtps_c.cpython-310-x86_64-linux-gnu.so" to ""
[7.401s] -- Installing: /home/johan/planning_with_ROS2_course/install/base_msgs/local/lib/python3.10/dist-packages/base_msgs/base_msgs_s__rosidl_typesupport_introspection_c.cpython-310-x86_64-linux-gnu.so
[7.402s] -- Set runtime path of "/home/johan/planning_with_ROS2_course/install/base_msgs/local/lib/python3.10/dist-packages/base_msgs/base_msgs_s__rosidl_typesupport_introspection_c.cpython-310-x86_64-linux-gnu.so" to ""
[7.402s] -- Installing: /home/johan/planning_with_ROS2_course/install/base_msgs/local/lib/python3.10/dist-packages/base_msgs/base_msgs_s__rosidl_typesupport_c.cpython-310-x86_64-linux-gnu.so
[7.402s] -- Set runtime path of "/home/johan/planning_with_ROS2_course/install/base_msgs/local/lib/python3.10/dist-packages/base_msgs/base_msgs_s__rosidl_typesupport_c.cpython-310-x86_64-linux-gnu.so" to ""
[7.402s] -- Installing: /home/johan/planning_with_ROS2_course/install/base_msgs/lib/libbase_msgs__rosidl_generator_py.so
[7.402s] -- Set runtime path of "/home/johan/planning_with_ROS2_course/install/base_msgs/lib/libbase_msgs__rosidl_generator_py.so" to ""
[7.402s] -- Installing: /home/johan/planning_with_ROS2_course/install/base_msgs/share/base_msgs/srv/GlobalPathService.idl
[7.402s] -- Installing: /home/johan/planning_with_ROS2_course/install/base_msgs/share/base_msgs/srv/PNCMapService.idl
[7.402s] -- Installing: /home/johan/planning_with_ROS2_course/install/base_msgs/share/base_msgs/msg/PNCMap.idl
[7.402s] -- Installing: /home/johan/planning_with_ROS2_course/install/base_msgs/share/base_msgs/msg/ReferlinePoint.idl
[7.402s] -- Installing: /home/johan/planning_with_ROS2_course/install/base_msgs/share/base_msgs/msg/Referline.idl
[7.402s] -- Installing: /home/johan/planning_with_ROS2_course/install/base_msgs/share/base_msgs/msg/LocalPathPoint.idl
[7.402s] -- Installing: /home/johan/planning_with_ROS2_course/install/base_msgs/share/base_msgs/msg/LocalPath.idl
[7.402s] -- Installing: /home/johan/planning_with_ROS2_course/install/base_msgs/share/base_msgs/msg/LocalSpeedsPoint.idl
[7.402s] -- Installing: /home/johan/planning_with_ROS2_course/install/base_msgs/share/base_msgs/msg/LocalSpeeds.idl
[7.402s] -- Installing: /home/johan/planning_with_ROS2_course/install/base_msgs/share/base_msgs/msg/LocalTrajectoryPoint.idl
[7.402s] -- Installing: /home/johan/planning_with_ROS2_course/install/base_msgs/share/base_msgs/msg/LocalTrajectory.idl
[7.402s] -- Installing: /home/johan/planning_with_ROS2_course/install/base_msgs/share/base_msgs/msg/ObsInfo.idl
[7.402s] -- Installing: /home/johan/planning_with_ROS2_course/install/base_msgs/share/base_msgs/msg/PlotInfo.idl
[7.403s] -- Installing: /home/johan/planning_with_ROS2_course/install/base_msgs/share/base_msgs/srv/GlobalPathService.srv
[7.403s] -- Installing: /home/johan/planning_with_ROS2_course/install/base_msgs/share/base_msgs/srv/GlobalPathService_Request.msg
[7.403s] -- Installing: /home/johan/planning_with_ROS2_course/install/base_msgs/share/base_msgs/srv/GlobalPathService_Response.msg
[7.403s] -- Installing: /home/johan/planning_with_ROS2_course/install/base_msgs/share/base_msgs/srv/PNCMapService.srv
[7.403s] -- Installing: /home/johan/planning_with_ROS2_course/install/base_msgs/share/base_msgs/srv/PNCMapService_Request.msg
[7.403s] -- Installing: /home/johan/planning_with_ROS2_course/install/base_msgs/share/base_msgs/srv/PNCMapService_Response.msg
[7.403s] -- Installing: /home/johan/planning_with_ROS2_course/install/base_msgs/share/base_msgs/msg/PNCMap.msg
[7.403s] -- Installing: /home/johan/planning_with_ROS2_course/install/base_msgs/share/base_msgs/msg/ReferlinePoint.msg
[7.403s] -- Installing: /home/johan/planning_with_ROS2_course/install/base_msgs/share/base_msgs/msg/Referline.msg
[7.403s] -- Installing: /home/johan/planning_with_ROS2_course/install/base_msgs/share/base_msgs/msg/LocalPathPoint.msg
[7.403s] -- Installing: /home/johan/planning_with_ROS2_course/install/base_msgs/share/base_msgs/msg/LocalPath.msg
[7.403s] -- Installing: /home/johan/planning_with_ROS2_course/install/base_msgs/share/base_msgs/msg/LocalSpeedsPoint.msg
[7.403s] -- Installing: /home/johan/planning_with_ROS2_course/install/base_msgs/share/base_msgs/msg/LocalSpeeds.msg
[7.403s] -- Installing: /home/johan/planning_with_ROS2_course/install/base_msgs/share/base_msgs/msg/LocalTrajectoryPoint.msg
[7.403s] -- Installing: /home/johan/planning_with_ROS2_course/install/base_msgs/share/base_msgs/msg/LocalTrajectory.msg
[7.403s] -- Installing: /home/johan/planning_with_ROS2_course/install/base_msgs/share/base_msgs/msg/ObsInfo.msg
[7.403s] -- Installing: /home/johan/planning_with_ROS2_course/install/base_msgs/share/base_msgs/msg/PlotInfo.msg
[7.404s] -- Installing: /home/johan/planning_with_ROS2_course/install/base_msgs/share/ament_index/resource_index/package_run_dependencies/base_msgs
[7.404s] -- Installing: /home/johan/planning_with_ROS2_course/install/base_msgs/share/ament_index/resource_index/parent_prefix_path/base_msgs
[7.404s] -- Installing: /home/johan/planning_with_ROS2_course/install/base_msgs/share/base_msgs/environment/ament_prefix_path.sh
[7.404s] -- Installing: /home/johan/planning_with_ROS2_course/install/base_msgs/share/base_msgs/environment/ament_prefix_path.dsv
[7.404s] -- Installing: /home/johan/planning_with_ROS2_course/install/base_msgs/share/base_msgs/environment/path.sh
[7.404s] -- Installing: /home/johan/planning_with_ROS2_course/install/base_msgs/share/base_msgs/environment/path.dsv
[7.404s] -- Installing: /home/johan/planning_with_ROS2_course/install/base_msgs/share/base_msgs/local_setup.bash
[7.404s] -- Installing: /home/johan/planning_with_ROS2_course/install/base_msgs/share/base_msgs/local_setup.sh
[7.404s] -- Installing: /home/johan/planning_with_ROS2_course/install/base_msgs/share/base_msgs/local_setup.zsh
[7.404s] -- Installing: /home/johan/planning_with_ROS2_course/install/base_msgs/share/base_msgs/local_setup.dsv
[7.404s] -- Installing: /home/johan/planning_with_ROS2_course/install/base_msgs/share/base_msgs/package.dsv
[7.404s] -- Installing: /home/johan/planning_with_ROS2_course/install/base_msgs/share/ament_index/resource_index/packages/base_msgs
[7.404s] -- Installing: /home/johan/planning_with_ROS2_course/install/base_msgs/share/base_msgs/cmake/export_base_msgs__rosidl_generator_cExport.cmake
[7.404s] -- Installing: /home/johan/planning_with_ROS2_course/install/base_msgs/share/base_msgs/cmake/export_base_msgs__rosidl_generator_cExport-noconfig.cmake
[7.404s] -- Installing: /home/johan/planning_with_ROS2_course/install/base_msgs/share/base_msgs/cmake/export_base_msgs__rosidl_typesupport_fastrtps_cExport.cmake
[7.404s] -- Installing: /home/johan/planning_with_ROS2_course/install/base_msgs/share/base_msgs/cmake/export_base_msgs__rosidl_typesupport_fastrtps_cExport-noconfig.cmake
[7.405s] -- Installing: /home/johan/planning_with_ROS2_course/install/base_msgs/share/base_msgs/cmake/base_msgs__rosidl_typesupport_introspection_cExport.cmake
[7.405s] -- Installing: /home/johan/planning_with_ROS2_course/install/base_msgs/share/base_msgs/cmake/base_msgs__rosidl_typesupport_introspection_cExport-noconfig.cmake
[7.405s] -- Installing: /home/johan/planning_with_ROS2_course/install/base_msgs/share/base_msgs/cmake/base_msgs__rosidl_typesupport_cExport.cmake
[7.405s] -- Installing: /home/johan/planning_with_ROS2_course/install/base_msgs/share/base_msgs/cmake/base_msgs__rosidl_typesupport_cExport-noconfig.cmake
[7.405s] -- Installing: /home/johan/planning_with_ROS2_course/install/base_msgs/share/base_msgs/cmake/export_base_msgs__rosidl_generator_cppExport.cmake
[7.405s] -- Installing: /home/johan/planning_with_ROS2_course/install/base_msgs/share/base_msgs/cmake/export_base_msgs__rosidl_typesupport_fastrtps_cppExport.cmake
[7.405s] -- Installing: /home/johan/planning_with_ROS2_course/install/base_msgs/share/base_msgs/cmake/export_base_msgs__rosidl_typesupport_fastrtps_cppExport-noconfig.cmake
[7.405s] -- Installing: /home/johan/planning_with_ROS2_course/install/base_msgs/share/base_msgs/cmake/base_msgs__rosidl_typesupport_introspection_cppExport.cmake
[7.405s] -- Installing: /home/johan/planning_with_ROS2_course/install/base_msgs/share/base_msgs/cmake/base_msgs__rosidl_typesupport_introspection_cppExport-noconfig.cmake
[7.405s] -- Installing: /home/johan/planning_with_ROS2_course/install/base_msgs/share/base_msgs/cmake/base_msgs__rosidl_typesupport_cppExport.cmake
[7.405s] -- Installing: /home/johan/planning_with_ROS2_course/install/base_msgs/share/base_msgs/cmake/base_msgs__rosidl_typesupport_cppExport-noconfig.cmake
[7.405s] -- Installing: /home/johan/planning_with_ROS2_course/install/base_msgs/share/base_msgs/cmake/export_base_msgs__rosidl_generator_pyExport.cmake
[7.405s] -- Installing: /home/johan/planning_with_ROS2_course/install/base_msgs/share/base_msgs/cmake/export_base_msgs__rosidl_generator_pyExport-noconfig.cmake
[7.405s] -- Installing: /home/johan/planning_with_ROS2_course/install/base_msgs/share/base_msgs/cmake/rosidl_cmake-extras.cmake
[7.405s] -- Installing: /home/johan/planning_with_ROS2_course/install/base_msgs/share/base_msgs/cmake/ament_cmake_export_dependencies-extras.cmake
[7.405s] -- Installing: /home/johan/planning_with_ROS2_course/install/base_msgs/share/base_msgs/cmake/ament_cmake_export_include_directories-extras.cmake
[7.405s] -- Installing: /home/johan/planning_with_ROS2_course/install/base_msgs/share/base_msgs/cmake/ament_cmake_export_libraries-extras.cmake
[7.406s] -- Installing: /home/johan/planning_with_ROS2_course/install/base_msgs/share/base_msgs/cmake/ament_cmake_export_targets-extras.cmake
[7.406s] -- Installing: /home/johan/planning_with_ROS2_course/install/base_msgs/share/base_msgs/cmake/rosidl_cmake_export_typesupport_targets-extras.cmake
[7.406s] -- Installing: /home/johan/planning_with_ROS2_course/install/base_msgs/share/base_msgs/cmake/rosidl_cmake_export_typesupport_libraries-extras.cmake
[7.406s] -- Installing: /home/johan/planning_with_ROS2_course/install/base_msgs/share/base_msgs/cmake/base_msgsConfig.cmake
[7.406s] -- Installing: /home/johan/planning_with_ROS2_course/install/base_msgs/share/base_msgs/cmake/base_msgsConfig-version.cmake
[7.406s] -- Installing: /home/johan/planning_with_ROS2_course/install/base_msgs/share/base_msgs/package.xml
[7.408s] Invoked command in '/home/johan/planning_with_ROS2_course/build/base_msgs' returned '0': CMAKE_PREFIX_PATH=${CMAKE_PREFIX_PATH}:/home/johan/planning_with_ROS2_course/install/data_plot:/opt/ros/humble /usr/bin/cmake --install /home/johan/planning_with_ROS2_course/build/base_msgs
