[0.436s] Invoking command in '/home/johan/planning_with_ROS2_course/src/data_plot': CMAKE_PREFIX_PATH=/home/johan/planning_with_ROS2_course/install/base_msgs:/home/johan/planning_with_ROS2_course/install/planning LD_LIBRARY_PATH=/home/johan/planning_with_ROS2_course/install/base_msgs/lib:/home/johan/planning_with_ROS2_course/install/planning/lib:/opt/intel/openvino_2024.2.0/runtime/3rdparty/tbb/lib:/opt/intel/openvino_2024.2.0/runtime/lib/intel64:/home/johan/planning_with_ROS2_course/install/planning/lib:/home/johan/planning_with_ROS2_course/install/planning/lib:/usr/lib/x86_64-linux-gnu/gazebo-11/plugins:/opt/ros/humble/opt/rviz_ogre_vendor/lib:/opt/ros/humble/lib/x86_64-linux-gnu:/opt/ros/humble/lib:/opt/intel/openvino_2024.2.0/runtime/3rdparty/tbb/lib:/opt/intel/openvino_2024.2.0/runtime/lib/intel64:/usr/local/cuda-12.1/lib64:/opt/intel/openvino_2024.2.0/runtime/lib/intel64:/usr/local/cuda-12.1/lib64:/opt/intel/openvino_2024.2.0/runtime/lib/intel64 PYTHONPATH=/home/johan/planning_with_ROS2_course/build/data_plot/prefix_override:/usr/lib/python3/dist-packages/colcon_core/task/python/colcon_distutils_commands:/home/johan/planning_with_ROS2_course/install/data_plot/lib/python3.10/site-packages:${PYTHONPATH} /usr/bin/python3 -W ignore:setup.py install is deprecated -W ignore:easy_install command is deprecated setup.py egg_info --egg-base ../../build/data_plot build --build-base /home/johan/planning_with_ROS2_course/build/data_plot/build install --record /home/johan/planning_with_ROS2_course/build/data_plot/install.log --single-version-externally-managed install_data
[0.591s] running egg_info
[0.592s] creating ../../build/data_plot/data_plot.egg-info
[0.592s] writing ../../build/data_plot/data_plot.egg-info/PKG-INFO
[0.592s] writing dependency_links to ../../build/data_plot/data_plot.egg-info/dependency_links.txt
[0.592s] writing entry points to ../../build/data_plot/data_plot.egg-info/entry_points.txt
[0.592s] writing requirements to ../../build/data_plot/data_plot.egg-info/requires.txt
[0.592s] writing top-level names to ../../build/data_plot/data_plot.egg-info/top_level.txt
[0.592s] writing manifest file '../../build/data_plot/data_plot.egg-info/SOURCES.txt'
[0.593s] reading manifest file '../../build/data_plot/data_plot.egg-info/SOURCES.txt'
[0.594s] writing manifest file '../../build/data_plot/data_plot.egg-info/SOURCES.txt'
[0.594s] running build
[0.594s] running build_py
[0.594s] creating /home/johan/planning_with_ROS2_course/build/data_plot/build
[0.594s] creating /home/johan/planning_with_ROS2_course/build/data_plot/build/lib
[0.594s] creating /home/johan/planning_with_ROS2_course/build/data_plot/build/lib/data_plot
[0.594s] copying data_plot/data_plot.py -> /home/johan/planning_with_ROS2_course/build/data_plot/build/lib/data_plot
[0.594s] copying data_plot/__init__.py -> /home/johan/planning_with_ROS2_course/build/data_plot/build/lib/data_plot
[0.594s] running install
[0.594s] running install_lib
[0.594s] creating /home/johan/planning_with_ROS2_course/install/data_plot/lib/python3.10/site-packages/data_plot
[0.595s] copying /home/johan/planning_with_ROS2_course/build/data_plot/build/lib/data_plot/data_plot.py -> /home/johan/planning_with_ROS2_course/install/data_plot/lib/python3.10/site-packages/data_plot
[0.595s] copying /home/johan/planning_with_ROS2_course/build/data_plot/build/lib/data_plot/__init__.py -> /home/johan/planning_with_ROS2_course/install/data_plot/lib/python3.10/site-packages/data_plot
[0.595s] byte-compiling /home/johan/planning_with_ROS2_course/install/data_plot/lib/python3.10/site-packages/data_plot/data_plot.py to data_plot.cpython-310.pyc
[0.595s] byte-compiling /home/johan/planning_with_ROS2_course/install/data_plot/lib/python3.10/site-packages/data_plot/__init__.py to __init__.cpython-310.pyc
[0.595s] running install_data
[0.595s] creating /home/johan/planning_with_ROS2_course/install/data_plot/share/ament_index
[0.595s] creating /home/johan/planning_with_ROS2_course/install/data_plot/share/ament_index/resource_index
[0.595s] creating /home/johan/planning_with_ROS2_course/install/data_plot/share/ament_index/resource_index/packages
[0.595s] copying resource/data_plot -> /home/johan/planning_with_ROS2_course/install/data_plot/share/ament_index/resource_index/packages
[0.595s] copying package.xml -> /home/johan/planning_with_ROS2_course/install/data_plot/share/data_plot
[0.595s] running install_egg_info
[0.596s] Copying ../../build/data_plot/data_plot.egg-info to /home/johan/planning_with_ROS2_course/install/data_plot/lib/python3.10/site-packages/data_plot-0.0.0-py3.10.egg-info
[0.597s] running install_scripts
[0.611s] Installing data_plot script to /home/johan/planning_with_ROS2_course/install/data_plot/lib/data_plot
[0.611s] writing list of installed files to '/home/johan/planning_with_ROS2_course/build/data_plot/install.log'
[0.627s] Invoked command in '/home/johan/planning_with_ROS2_course/src/data_plot' returned '0': CMAKE_PREFIX_PATH=/home/johan/planning_with_ROS2_course/install/base_msgs:/home/johan/planning_with_ROS2_course/install/planning LD_LIBRARY_PATH=/home/johan/planning_with_ROS2_course/install/base_msgs/lib:/home/johan/planning_with_ROS2_course/install/planning/lib:/opt/intel/openvino_2024.2.0/runtime/3rdparty/tbb/lib:/opt/intel/openvino_2024.2.0/runtime/lib/intel64:/home/johan/planning_with_ROS2_course/install/planning/lib:/home/johan/planning_with_ROS2_course/install/planning/lib:/usr/lib/x86_64-linux-gnu/gazebo-11/plugins:/opt/ros/humble/opt/rviz_ogre_vendor/lib:/opt/ros/humble/lib/x86_64-linux-gnu:/opt/ros/humble/lib:/opt/intel/openvino_2024.2.0/runtime/3rdparty/tbb/lib:/opt/intel/openvino_2024.2.0/runtime/lib/intel64:/usr/local/cuda-12.1/lib64:/opt/intel/openvino_2024.2.0/runtime/lib/intel64:/usr/local/cuda-12.1/lib64:/opt/intel/openvino_2024.2.0/runtime/lib/intel64 PYTHONPATH=/home/johan/planning_with_ROS2_course/build/data_plot/prefix_override:/usr/lib/python3/dist-packages/colcon_core/task/python/colcon_distutils_commands:/home/johan/planning_with_ROS2_course/install/data_plot/lib/python3.10/site-packages:${PYTHONPATH} /usr/bin/python3 -W ignore:setup.py install is deprecated -W ignore:easy_install command is deprecated setup.py egg_info --egg-base ../../build/data_plot build --build-base /home/johan/planning_with_ROS2_course/build/data_plot/build install --record /home/johan/planning_with_ROS2_course/build/data_plot/install.log --single-version-externally-managed install_data
