[0.081s] DEBUG:colcon:Command line arguments: ['/usr/bin/colcon', 'build']
[0.081s] DEBUG:colcon:Parsed command line arguments: Namespace(log_base=None, log_level=None, verb_name='build', build_base='build', install_base='install', merge_install=False, symlink_install=False, test_result_base=None, continue_on_error=False, executor='parallel', parallel_workers=16, event_handlers=None, ignore_user_meta=False, metas=['./colcon.meta'], base_paths=['.'], packages_ignore=None, packages_ignore_regex=None, paths=None, packages_up_to=None, packages_up_to_regex=None, packages_above=None, packages_above_and_dependencies=None, packages_above_depth=None, packages_select_by_dep=None, packages_skip_by_dep=None, packages_skip_up_to=None, packages_select_build_failed=False, packages_skip_build_finished=False, packages_select_test_failures=False, packages_skip_test_passed=False, packages_select=None, packages_skip=None, packages_select_regex=None, packages_skip_regex=None, packages_start=None, packages_end=None, allow_overriding=[], cmake_args=None, cmake_target=None, cmake_target_skip_unavailable=False, cmake_clean_cache=False, cmake_clean_first=False, cmake_force_configure=False, ament_cmake_args=None, catkin_cmake_args=None, catkin_skip_building_tests=False, mixin_files=None, mixin=None, verb_parser=<colcon_mixin.mixin.mixin_argument.MixinArgumentDecorator object at 0x7c0452d91000>, verb_extension=<colcon_core.verb.build.BuildVerb object at 0x7c0452d90b50>, main=<bound method BuildVerb.main of <colcon_core.verb.build.BuildVerb object at 0x7c0452d90b50>>, mixin_verb=('build',))
[0.199s] Level 1:colcon.colcon_core.package_discovery:discover_packages(colcon_meta) check parameters
[0.199s] Level 1:colcon.colcon_core.package_discovery:discover_packages(recursive) check parameters
[0.199s] Level 1:colcon.colcon_core.package_discovery:discover_packages(ignore) check parameters
[0.199s] Level 1:colcon.colcon_core.package_discovery:discover_packages(path) check parameters
[0.199s] Level 1:colcon.colcon_core.package_discovery:discover_packages(colcon_meta) discover
[0.199s] Level 1:colcon.colcon_core.package_discovery:discover_packages(recursive) discover
[0.199s] INFO:colcon.colcon_core.package_discovery:Crawling recursively for packages in '/home/johan/planning_with_ROS2_course'
[0.199s] Level 1:colcon.colcon_core.package_identification:_identify(.) by extensions ['ignore', 'ignore_ament_install']
[0.199s] Level 1:colcon.colcon_core.package_identification:_identify(.) by extension 'ignore'
[0.199s] Level 1:colcon.colcon_core.package_identification:_identify(.) by extension 'ignore_ament_install'
[0.199s] Level 1:colcon.colcon_core.package_identification:_identify(.) by extensions ['colcon_pkg']
[0.199s] Level 1:colcon.colcon_core.package_identification:_identify(.) by extension 'colcon_pkg'
[0.199s] Level 1:colcon.colcon_core.package_identification:_identify(.) by extensions ['colcon_meta']
[0.199s] Level 1:colcon.colcon_core.package_identification:_identify(.) by extension 'colcon_meta'
[0.199s] Level 1:colcon.colcon_core.package_identification:_identify(.) by extensions ['ros']
[0.199s] Level 1:colcon.colcon_core.package_identification:_identify(.) by extension 'ros'
[0.214s] Level 1:colcon.colcon_core.package_identification:_identify(.) by extensions ['cmake', 'python']
[0.214s] Level 1:colcon.colcon_core.package_identification:_identify(.) by extension 'cmake'
[0.214s] Level 1:colcon.colcon_core.package_identification:_identify(.) by extension 'python'
[0.214s] Level 1:colcon.colcon_core.package_identification:_identify(.) by extensions ['python_setup_py']
[0.214s] Level 1:colcon.colcon_core.package_identification:_identify(.) by extension 'python_setup_py'
[0.214s] Level 1:colcon.colcon_core.package_identification:_identify(build) by extensions ['ignore', 'ignore_ament_install']
[0.214s] Level 1:colcon.colcon_core.package_identification:_identify(build) by extension 'ignore'
[0.214s] Level 1:colcon.colcon_core.package_identification:_identify(build) ignored
[0.214s] Level 1:colcon.colcon_core.package_identification:_identify(doc) by extensions ['ignore', 'ignore_ament_install']
[0.214s] Level 1:colcon.colcon_core.package_identification:_identify(doc) by extension 'ignore'
[0.214s] Level 1:colcon.colcon_core.package_identification:_identify(doc) by extension 'ignore_ament_install'
[0.214s] Level 1:colcon.colcon_core.package_identification:_identify(doc) by extensions ['colcon_pkg']
[0.214s] Level 1:colcon.colcon_core.package_identification:_identify(doc) by extension 'colcon_pkg'
[0.214s] Level 1:colcon.colcon_core.package_identification:_identify(doc) by extensions ['colcon_meta']
[0.214s] Level 1:colcon.colcon_core.package_identification:_identify(doc) by extension 'colcon_meta'
[0.214s] Level 1:colcon.colcon_core.package_identification:_identify(doc) by extensions ['ros']
[0.214s] Level 1:colcon.colcon_core.package_identification:_identify(doc) by extension 'ros'
[0.214s] Level 1:colcon.colcon_core.package_identification:_identify(doc) by extensions ['cmake', 'python']
[0.214s] Level 1:colcon.colcon_core.package_identification:_identify(doc) by extension 'cmake'
[0.214s] Level 1:colcon.colcon_core.package_identification:_identify(doc) by extension 'python'
[0.214s] Level 1:colcon.colcon_core.package_identification:_identify(doc) by extensions ['python_setup_py']
[0.214s] Level 1:colcon.colcon_core.package_identification:_identify(doc) by extension 'python_setup_py'
[0.214s] Level 1:colcon.colcon_core.package_identification:_identify(install) by extensions ['ignore', 'ignore_ament_install']
[0.215s] Level 1:colcon.colcon_core.package_identification:_identify(install) by extension 'ignore'
[0.215s] Level 1:colcon.colcon_core.package_identification:_identify(install) ignored
[0.215s] Level 1:colcon.colcon_core.package_identification:_identify(log) by extensions ['ignore', 'ignore_ament_install']
[0.215s] Level 1:colcon.colcon_core.package_identification:_identify(log) by extension 'ignore'
[0.215s] Level 1:colcon.colcon_core.package_identification:_identify(log) ignored
[0.215s] Level 1:colcon.colcon_core.package_identification:_identify(src) by extensions ['ignore', 'ignore_ament_install']
[0.215s] Level 1:colcon.colcon_core.package_identification:_identify(src) by extension 'ignore'
[0.215s] Level 1:colcon.colcon_core.package_identification:_identify(src) by extension 'ignore_ament_install'
[0.215s] Level 1:colcon.colcon_core.package_identification:_identify(src) by extensions ['colcon_pkg']
[0.215s] Level 1:colcon.colcon_core.package_identification:_identify(src) by extension 'colcon_pkg'
[0.215s] Level 1:colcon.colcon_core.package_identification:_identify(src) by extensions ['colcon_meta']
[0.215s] Level 1:colcon.colcon_core.package_identification:_identify(src) by extension 'colcon_meta'
[0.215s] Level 1:colcon.colcon_core.package_identification:_identify(src) by extensions ['ros']
[0.215s] Level 1:colcon.colcon_core.package_identification:_identify(src) by extension 'ros'
[0.215s] Level 1:colcon.colcon_core.package_identification:_identify(src) by extensions ['cmake', 'python']
[0.215s] Level 1:colcon.colcon_core.package_identification:_identify(src) by extension 'cmake'
[0.215s] Level 1:colcon.colcon_core.package_identification:_identify(src) by extension 'python'
[0.215s] Level 1:colcon.colcon_core.package_identification:_identify(src) by extensions ['python_setup_py']
[0.215s] Level 1:colcon.colcon_core.package_identification:_identify(src) by extension 'python_setup_py'
[0.215s] Level 1:colcon.colcon_core.package_identification:_identify(src/base_msgs) by extensions ['ignore', 'ignore_ament_install']
[0.215s] Level 1:colcon.colcon_core.package_identification:_identify(src/base_msgs) by extension 'ignore'
[0.215s] Level 1:colcon.colcon_core.package_identification:_identify(src/base_msgs) by extension 'ignore_ament_install'
[0.215s] Level 1:colcon.colcon_core.package_identification:_identify(src/base_msgs) by extensions ['colcon_pkg']
[0.215s] Level 1:colcon.colcon_core.package_identification:_identify(src/base_msgs) by extension 'colcon_pkg'
[0.215s] Level 1:colcon.colcon_core.package_identification:_identify(src/base_msgs) by extensions ['colcon_meta']
[0.215s] Level 1:colcon.colcon_core.package_identification:_identify(src/base_msgs) by extension 'colcon_meta'
[0.215s] Level 1:colcon.colcon_core.package_identification:_identify(src/base_msgs) by extensions ['ros']
[0.215s] Level 1:colcon.colcon_core.package_identification:_identify(src/base_msgs) by extension 'ros'
[0.217s] DEBUG:colcon.colcon_core.package_identification:Package 'src/base_msgs' with type 'ros.ament_cmake' and name 'base_msgs'
[0.218s] Level 1:colcon.colcon_core.package_identification:_identify(src/data_plot) by extensions ['ignore', 'ignore_ament_install']
[0.218s] Level 1:colcon.colcon_core.package_identification:_identify(src/data_plot) by extension 'ignore'
[0.218s] Level 1:colcon.colcon_core.package_identification:_identify(src/data_plot) by extension 'ignore_ament_install'
[0.218s] Level 1:colcon.colcon_core.package_identification:_identify(src/data_plot) by extensions ['colcon_pkg']
[0.218s] Level 1:colcon.colcon_core.package_identification:_identify(src/data_plot) by extension 'colcon_pkg'
[0.218s] Level 1:colcon.colcon_core.package_identification:_identify(src/data_plot) by extensions ['colcon_meta']
[0.218s] Level 1:colcon.colcon_core.package_identification:_identify(src/data_plot) by extension 'colcon_meta'
[0.218s] Level 1:colcon.colcon_core.package_identification:_identify(src/data_plot) by extensions ['ros']
[0.218s] Level 1:colcon.colcon_core.package_identification:_identify(src/data_plot) by extension 'ros'
[0.218s] DEBUG:colcon.colcon_core.package_identification:Package 'src/data_plot' with type 'ros.ament_python' and name 'data_plot'
[0.218s] Level 1:colcon.colcon_core.package_identification:_identify(src/planning) by extensions ['ignore', 'ignore_ament_install']
[0.218s] Level 1:colcon.colcon_core.package_identification:_identify(src/planning) by extension 'ignore'
[0.218s] Level 1:colcon.colcon_core.package_identification:_identify(src/planning) by extension 'ignore_ament_install'
[0.218s] Level 1:colcon.colcon_core.package_identification:_identify(src/planning) by extensions ['colcon_pkg']
[0.218s] Level 1:colcon.colcon_core.package_identification:_identify(src/planning) by extension 'colcon_pkg'
[0.218s] Level 1:colcon.colcon_core.package_identification:_identify(src/planning) by extensions ['colcon_meta']
[0.218s] Level 1:colcon.colcon_core.package_identification:_identify(src/planning) by extension 'colcon_meta'
[0.219s] Level 1:colcon.colcon_core.package_identification:_identify(src/planning) by extensions ['ros']
[0.219s] Level 1:colcon.colcon_core.package_identification:_identify(src/planning) by extension 'ros'
[0.219s] DEBUG:colcon.colcon_core.package_identification:Package 'src/planning' with type 'ros.ament_cmake' and name 'planning'
[0.219s] Level 1:colcon.colcon_core.package_discovery:discover_packages(recursive) using defaults
[0.219s] Level 1:colcon.colcon_core.package_discovery:discover_packages(ignore) discover
[0.219s] Level 1:colcon.colcon_core.package_discovery:discover_packages(ignore) using defaults
[0.219s] Level 1:colcon.colcon_core.package_discovery:discover_packages(path) discover
[0.219s] Level 1:colcon.colcon_core.package_discovery:discover_packages(path) using defaults
[0.234s] Level 1:colcon.colcon_core.package_discovery:discover_packages(prefix_path) check parameters
[0.234s] Level 1:colcon.colcon_core.package_discovery:discover_packages(prefix_path) discover
[0.235s] DEBUG:colcon.colcon_installed_package_information.package_discovery:Found 3 installed packages in /home/johan/planning_with_ROS2_course/install
[0.236s] DEBUG:colcon.colcon_installed_package_information.package_discovery:Found 444 installed packages in /opt/ros/humble
[0.238s] Level 1:colcon.colcon_core.package_discovery:discover_packages(prefix_path) using defaults
[0.269s] Level 5:colcon.colcon_core.verb:set package 'base_msgs' build argument 'cmake_args' from command line to 'None'
[0.269s] Level 5:colcon.colcon_core.verb:set package 'base_msgs' build argument 'cmake_target' from command line to 'None'
[0.269s] Level 5:colcon.colcon_core.verb:set package 'base_msgs' build argument 'cmake_target_skip_unavailable' from command line to 'False'
[0.269s] Level 5:colcon.colcon_core.verb:set package 'base_msgs' build argument 'cmake_clean_cache' from command line to 'False'
[0.269s] Level 5:colcon.colcon_core.verb:set package 'base_msgs' build argument 'cmake_clean_first' from command line to 'False'
[0.269s] Level 5:colcon.colcon_core.verb:set package 'base_msgs' build argument 'cmake_force_configure' from command line to 'False'
[0.269s] Level 5:colcon.colcon_core.verb:set package 'base_msgs' build argument 'ament_cmake_args' from command line to 'None'
[0.269s] Level 5:colcon.colcon_core.verb:set package 'base_msgs' build argument 'catkin_cmake_args' from command line to 'None'
[0.269s] Level 5:colcon.colcon_core.verb:set package 'base_msgs' build argument 'catkin_skip_building_tests' from command line to 'False'
[0.269s] DEBUG:colcon.colcon_core.verb:Building package 'base_msgs' with the following arguments: {'ament_cmake_args': None, 'build_base': '/home/johan/planning_with_ROS2_course/build/base_msgs', 'catkin_cmake_args': None, 'catkin_skip_building_tests': False, 'cmake_args': None, 'cmake_clean_cache': False, 'cmake_clean_first': False, 'cmake_force_configure': False, 'cmake_target': None, 'cmake_target_skip_unavailable': False, 'install_base': '/home/johan/planning_with_ROS2_course/install/base_msgs', 'merge_install': False, 'path': '/home/johan/planning_with_ROS2_course/src/base_msgs', 'symlink_install': False, 'test_result_base': None}
[0.269s] Level 5:colcon.colcon_core.verb:set package 'data_plot' build argument 'cmake_args' from command line to 'None'
[0.269s] Level 5:colcon.colcon_core.verb:set package 'data_plot' build argument 'cmake_target' from command line to 'None'
[0.269s] Level 5:colcon.colcon_core.verb:set package 'data_plot' build argument 'cmake_target_skip_unavailable' from command line to 'False'
[0.270s] Level 5:colcon.colcon_core.verb:set package 'data_plot' build argument 'cmake_clean_cache' from command line to 'False'
[0.270s] Level 5:colcon.colcon_core.verb:set package 'data_plot' build argument 'cmake_clean_first' from command line to 'False'
[0.270s] Level 5:colcon.colcon_core.verb:set package 'data_plot' build argument 'cmake_force_configure' from command line to 'False'
[0.270s] Level 5:colcon.colcon_core.verb:set package 'data_plot' build argument 'ament_cmake_args' from command line to 'None'
[0.270s] Level 5:colcon.colcon_core.verb:set package 'data_plot' build argument 'catkin_cmake_args' from command line to 'None'
[0.270s] Level 5:colcon.colcon_core.verb:set package 'data_plot' build argument 'catkin_skip_building_tests' from command line to 'False'
[0.270s] DEBUG:colcon.colcon_core.verb:Building package 'data_plot' with the following arguments: {'ament_cmake_args': None, 'build_base': '/home/johan/planning_with_ROS2_course/build/data_plot', 'catkin_cmake_args': None, 'catkin_skip_building_tests': False, 'cmake_args': None, 'cmake_clean_cache': False, 'cmake_clean_first': False, 'cmake_force_configure': False, 'cmake_target': None, 'cmake_target_skip_unavailable': False, 'install_base': '/home/johan/planning_with_ROS2_course/install/data_plot', 'merge_install': False, 'path': '/home/johan/planning_with_ROS2_course/src/data_plot', 'symlink_install': False, 'test_result_base': None}
[0.270s] Level 5:colcon.colcon_core.verb:set package 'planning' build argument 'cmake_args' from command line to 'None'
[0.270s] Level 5:colcon.colcon_core.verb:set package 'planning' build argument 'cmake_target' from command line to 'None'
[0.270s] Level 5:colcon.colcon_core.verb:set package 'planning' build argument 'cmake_target_skip_unavailable' from command line to 'False'
[0.270s] Level 5:colcon.colcon_core.verb:set package 'planning' build argument 'cmake_clean_cache' from command line to 'False'
[0.270s] Level 5:colcon.colcon_core.verb:set package 'planning' build argument 'cmake_clean_first' from command line to 'False'
[0.270s] Level 5:colcon.colcon_core.verb:set package 'planning' build argument 'cmake_force_configure' from command line to 'False'
[0.270s] Level 5:colcon.colcon_core.verb:set package 'planning' build argument 'ament_cmake_args' from command line to 'None'
[0.270s] Level 5:colcon.colcon_core.verb:set package 'planning' build argument 'catkin_cmake_args' from command line to 'None'
[0.270s] Level 5:colcon.colcon_core.verb:set package 'planning' build argument 'catkin_skip_building_tests' from command line to 'False'
[0.270s] DEBUG:colcon.colcon_core.verb:Building package 'planning' with the following arguments: {'ament_cmake_args': None, 'build_base': '/home/johan/planning_with_ROS2_course/build/planning', 'catkin_cmake_args': None, 'catkin_skip_building_tests': False, 'cmake_args': None, 'cmake_clean_cache': False, 'cmake_clean_first': False, 'cmake_force_configure': False, 'cmake_target': None, 'cmake_target_skip_unavailable': False, 'install_base': '/home/johan/planning_with_ROS2_course/install/planning', 'merge_install': False, 'path': '/home/johan/planning_with_ROS2_course/src/planning', 'symlink_install': False, 'test_result_base': None}
[0.270s] INFO:colcon.colcon_core.executor:Executing jobs using 'parallel' executor
[0.271s] DEBUG:colcon.colcon_parallel_executor.executor.parallel:run_until_complete
[0.271s] INFO:colcon.colcon_ros.task.ament_cmake.build:Building ROS package in '/home/johan/planning_with_ROS2_course/src/base_msgs' with build type 'ament_cmake'
[0.271s] INFO:colcon.colcon_cmake.task.cmake.build:Building CMake package in '/home/johan/planning_with_ROS2_course/src/base_msgs'
[0.273s] INFO:colcon.colcon_core.plugin_system:Skipping extension 'colcon_core.shell.bat': Not used on non-Windows systems
[0.273s] INFO:colcon.colcon_core.shell:Skip shell extension 'powershell' for command environment: Not usable outside of PowerShell
[0.273s] DEBUG:colcon.colcon_core.shell:Skip shell extension 'dsv' for command environment
[0.279s] DEBUG:colcon.colcon_core.event_handler.log_command:Invoking command in '/home/johan/planning_with_ROS2_course/build/base_msgs': CMAKE_PREFIX_PATH=${CMAKE_PREFIX_PATH}:/home/johan/planning_with_ROS2_course/install/data_plot:/opt/ros/humble /usr/bin/cmake --build /home/johan/planning_with_ROS2_course/build/base_msgs -- -j16 -l16
[0.558s] DEBUG:colcon.colcon_core.event_handler.log_command:Invoked command in '/home/johan/planning_with_ROS2_course/build/base_msgs' returned '0': CMAKE_PREFIX_PATH=${CMAKE_PREFIX_PATH}:/home/johan/planning_with_ROS2_course/install/data_plot:/opt/ros/humble /usr/bin/cmake --build /home/johan/planning_with_ROS2_course/build/base_msgs -- -j16 -l16
[0.566s] DEBUG:colcon.colcon_core.event_handler.log_command:Invoking command in '/home/johan/planning_with_ROS2_course/build/base_msgs': CMAKE_PREFIX_PATH=${CMAKE_PREFIX_PATH}:/home/johan/planning_with_ROS2_course/install/data_plot:/opt/ros/humble /usr/bin/cmake --install /home/johan/planning_with_ROS2_course/build/base_msgs
[0.610s] Level 1:colcon.colcon_core.environment:create_environment_scripts_only(base_msgs)
[0.611s] DEBUG:colcon.colcon_core.event_handler.log_command:Invoked command in '/home/johan/planning_with_ROS2_course/build/base_msgs' returned '0': CMAKE_PREFIX_PATH=${CMAKE_PREFIX_PATH}:/home/johan/planning_with_ROS2_course/install/data_plot:/opt/ros/humble /usr/bin/cmake --install /home/johan/planning_with_ROS2_course/build/base_msgs
[0.613s] Level 1:colcon.colcon_core.environment:checking '/home/johan/planning_with_ROS2_course/install/base_msgs' for CMake module files
[0.614s] Level 1:colcon.colcon_core.environment:checking '/home/johan/planning_with_ROS2_course/install/base_msgs' for CMake config files
[0.614s] Level 1:colcon.colcon_core.shell:create_environment_hook('base_msgs', 'cmake_prefix_path')
[0.615s] INFO:colcon.colcon_core.shell:Creating environment hook '/home/johan/planning_with_ROS2_course/install/base_msgs/share/base_msgs/hook/cmake_prefix_path.ps1'
[0.616s] INFO:colcon.colcon_core.shell:Creating environment descriptor '/home/johan/planning_with_ROS2_course/install/base_msgs/share/base_msgs/hook/cmake_prefix_path.dsv'
[0.616s] INFO:colcon.colcon_core.shell:Creating environment hook '/home/johan/planning_with_ROS2_course/install/base_msgs/share/base_msgs/hook/cmake_prefix_path.sh'
[0.617s] Level 1:colcon.colcon_core.environment:checking '/home/johan/planning_with_ROS2_course/install/base_msgs/lib'
[0.617s] Level 1:colcon.colcon_core.shell:create_environment_hook('base_msgs', 'ld_library_path_lib')
[0.618s] INFO:colcon.colcon_core.shell:Creating environment hook '/home/johan/planning_with_ROS2_course/install/base_msgs/share/base_msgs/hook/ld_library_path_lib.ps1'
[0.618s] INFO:colcon.colcon_core.shell:Creating environment descriptor '/home/johan/planning_with_ROS2_course/install/base_msgs/share/base_msgs/hook/ld_library_path_lib.dsv'
[0.619s] INFO:colcon.colcon_core.shell:Creating environment hook '/home/johan/planning_with_ROS2_course/install/base_msgs/share/base_msgs/hook/ld_library_path_lib.sh'
[0.619s] Level 1:colcon.colcon_core.environment:checking '/home/johan/planning_with_ROS2_course/install/base_msgs/bin'
[0.619s] Level 1:colcon.colcon_core.environment:checking '/home/johan/planning_with_ROS2_course/install/base_msgs/lib/pkgconfig/base_msgs.pc'
[0.620s] Level 1:colcon.colcon_core.environment:checking '/home/johan/planning_with_ROS2_course/install/base_msgs/lib/python3.10/site-packages'
[0.620s] Level 1:colcon.colcon_core.environment:checking '/home/johan/planning_with_ROS2_course/install/base_msgs/bin'
[0.620s] INFO:colcon.colcon_core.shell:Creating package script '/home/johan/planning_with_ROS2_course/install/base_msgs/share/base_msgs/package.ps1'
[0.621s] INFO:colcon.colcon_core.shell:Creating package descriptor '/home/johan/planning_with_ROS2_course/install/base_msgs/share/base_msgs/package.dsv'
[0.622s] INFO:colcon.colcon_core.shell:Creating package script '/home/johan/planning_with_ROS2_course/install/base_msgs/share/base_msgs/package.sh'
[0.623s] INFO:colcon.colcon_core.shell:Creating package script '/home/johan/planning_with_ROS2_course/install/base_msgs/share/base_msgs/package.bash'
[0.623s] INFO:colcon.colcon_core.shell:Creating package script '/home/johan/planning_with_ROS2_course/install/base_msgs/share/base_msgs/package.zsh'
[0.624s] Level 1:colcon.colcon_core.environment:create_file_with_runtime_dependencies(/home/johan/planning_with_ROS2_course/install/base_msgs/share/colcon-core/packages/base_msgs)
[0.625s] Level 1:colcon.colcon_core.environment:create_environment_scripts_only(base_msgs)
[0.625s] Level 1:colcon.colcon_core.environment:checking '/home/johan/planning_with_ROS2_course/install/base_msgs' for CMake module files
[0.626s] Level 1:colcon.colcon_core.environment:checking '/home/johan/planning_with_ROS2_course/install/base_msgs' for CMake config files
[0.627s] Level 1:colcon.colcon_core.shell:create_environment_hook('base_msgs', 'cmake_prefix_path')
[0.627s] INFO:colcon.colcon_core.shell:Creating environment hook '/home/johan/planning_with_ROS2_course/install/base_msgs/share/base_msgs/hook/cmake_prefix_path.ps1'
[0.627s] INFO:colcon.colcon_core.shell:Creating environment descriptor '/home/johan/planning_with_ROS2_course/install/base_msgs/share/base_msgs/hook/cmake_prefix_path.dsv'
[0.628s] INFO:colcon.colcon_core.shell:Creating environment hook '/home/johan/planning_with_ROS2_course/install/base_msgs/share/base_msgs/hook/cmake_prefix_path.sh'
[0.628s] Level 1:colcon.colcon_core.environment:checking '/home/johan/planning_with_ROS2_course/install/base_msgs/lib'
[0.628s] Level 1:colcon.colcon_core.shell:create_environment_hook('base_msgs', 'ld_library_path_lib')
[0.629s] INFO:colcon.colcon_core.shell:Creating environment hook '/home/johan/planning_with_ROS2_course/install/base_msgs/share/base_msgs/hook/ld_library_path_lib.ps1'
[0.629s] INFO:colcon.colcon_core.shell:Creating environment descriptor '/home/johan/planning_with_ROS2_course/install/base_msgs/share/base_msgs/hook/ld_library_path_lib.dsv'
[0.629s] INFO:colcon.colcon_core.shell:Creating environment hook '/home/johan/planning_with_ROS2_course/install/base_msgs/share/base_msgs/hook/ld_library_path_lib.sh'
[0.630s] Level 1:colcon.colcon_core.environment:checking '/home/johan/planning_with_ROS2_course/install/base_msgs/bin'
[0.630s] Level 1:colcon.colcon_core.environment:checking '/home/johan/planning_with_ROS2_course/install/base_msgs/lib/pkgconfig/base_msgs.pc'
[0.630s] Level 1:colcon.colcon_core.environment:checking '/home/johan/planning_with_ROS2_course/install/base_msgs/lib/python3.10/site-packages'
[0.631s] Level 1:colcon.colcon_core.environment:checking '/home/johan/planning_with_ROS2_course/install/base_msgs/bin'
[0.631s] INFO:colcon.colcon_core.shell:Creating package script '/home/johan/planning_with_ROS2_course/install/base_msgs/share/base_msgs/package.ps1'
[0.632s] INFO:colcon.colcon_core.shell:Creating package descriptor '/home/johan/planning_with_ROS2_course/install/base_msgs/share/base_msgs/package.dsv'
[0.632s] INFO:colcon.colcon_core.shell:Creating package script '/home/johan/planning_with_ROS2_course/install/base_msgs/share/base_msgs/package.sh'
[0.633s] INFO:colcon.colcon_core.shell:Creating package script '/home/johan/planning_with_ROS2_course/install/base_msgs/share/base_msgs/package.bash'
[0.633s] INFO:colcon.colcon_core.shell:Creating package script '/home/johan/planning_with_ROS2_course/install/base_msgs/share/base_msgs/package.zsh'
[0.633s] Level 1:colcon.colcon_core.environment:create_file_with_runtime_dependencies(/home/johan/planning_with_ROS2_course/install/base_msgs/share/colcon-core/packages/base_msgs)
[0.634s] INFO:colcon.colcon_ros.task.ament_python.build:Building ROS package in '/home/johan/planning_with_ROS2_course/src/data_plot' with build type 'ament_python'
[0.634s] Level 1:colcon.colcon_core.shell:create_environment_hook('data_plot', 'ament_prefix_path')
[0.634s] INFO:colcon.colcon_core.shell:Creating environment hook '/home/johan/planning_with_ROS2_course/install/data_plot/share/data_plot/hook/ament_prefix_path.ps1'
[0.635s] INFO:colcon.colcon_core.shell:Creating environment descriptor '/home/johan/planning_with_ROS2_course/install/data_plot/share/data_plot/hook/ament_prefix_path.dsv'
[0.635s] INFO:colcon.colcon_core.shell:Creating environment hook '/home/johan/planning_with_ROS2_course/install/data_plot/share/data_plot/hook/ament_prefix_path.sh'
[0.636s] INFO:colcon.colcon_core.shell:Skip shell extension 'powershell' for command environment: Not usable outside of PowerShell
[0.636s] DEBUG:colcon.colcon_core.shell:Skip shell extension 'dsv' for command environment
[0.640s] INFO:colcon.colcon_ros.task.ament_cmake.build:Building ROS package in '/home/johan/planning_with_ROS2_course/src/planning' with build type 'ament_cmake'
[0.641s] INFO:colcon.colcon_cmake.task.cmake.build:Building CMake package in '/home/johan/planning_with_ROS2_course/src/planning'
[0.641s] INFO:colcon.colcon_core.shell:Skip shell extension 'powershell' for command environment: Not usable outside of PowerShell
[0.641s] DEBUG:colcon.colcon_core.shell:Skip shell extension 'dsv' for command environment
[0.847s] INFO:colcon.colcon_core.task.python.build:Building Python package in '/home/johan/planning_with_ROS2_course/src/data_plot'
[0.847s] INFO:colcon.colcon_core.shell:Skip shell extension 'powershell' for command environment: Not usable outside of PowerShell
[0.847s] DEBUG:colcon.colcon_core.shell:Skip shell extension 'dsv' for command environment
[0.852s] DEBUG:colcon.colcon_core.event_handler.log_command:Invoking command in '/home/johan/planning_with_ROS2_course/build/planning': CMAKE_PREFIX_PATH=/home/johan/planning_with_ROS2_course/install/base_msgs:/home/johan/planning_with_ROS2_course/install/planning:/home/johan/planning_with_ROS2_course/install/data_plot:/opt/ros/humble LD_LIBRARY_PATH=/home/johan/planning_with_ROS2_course/install/base_msgs/lib:/home/johan/planning_with_ROS2_course/install/planning/lib:/opt/intel/openvino_2024.2.0/runtime/3rdparty/tbb/lib:/opt/intel/openvino_2024.2.0/runtime/lib/intel64:/home/johan/planning_with_ROS2_course/install/planning/lib:/home/johan/planning_with_ROS2_course/install/planning/lib:/usr/lib/x86_64-linux-gnu/gazebo-11/plugins:/opt/ros/humble/opt/rviz_ogre_vendor/lib:/opt/ros/humble/lib/x86_64-linux-gnu:/opt/ros/humble/lib:/opt/intel/openvino_2024.2.0/runtime/3rdparty/tbb/lib:/opt/intel/openvino_2024.2.0/runtime/lib/intel64:/usr/local/cuda-12.1/lib64:/opt/intel/openvino_2024.2.0/runtime/lib/intel64:/usr/local/cuda-12.1/lib64:/opt/intel/openvino_2024.2.0/runtime/lib/intel64 /usr/bin/cmake --build /home/johan/planning_with_ROS2_course/build/planning -- -j16 -l16
[1.130s] DEBUG:colcon.colcon_core.event_handler.log_command:Invoking command in '/home/johan/planning_with_ROS2_course/src/data_plot': CMAKE_PREFIX_PATH=/home/johan/planning_with_ROS2_course/install/base_msgs:/home/johan/planning_with_ROS2_course/install/planning LD_LIBRARY_PATH=/home/johan/planning_with_ROS2_course/install/base_msgs/lib:/home/johan/planning_with_ROS2_course/install/planning/lib:/opt/intel/openvino_2024.2.0/runtime/3rdparty/tbb/lib:/opt/intel/openvino_2024.2.0/runtime/lib/intel64:/home/johan/planning_with_ROS2_course/install/planning/lib:/home/johan/planning_with_ROS2_course/install/planning/lib:/usr/lib/x86_64-linux-gnu/gazebo-11/plugins:/opt/ros/humble/opt/rviz_ogre_vendor/lib:/opt/ros/humble/lib/x86_64-linux-gnu:/opt/ros/humble/lib:/opt/intel/openvino_2024.2.0/runtime/3rdparty/tbb/lib:/opt/intel/openvino_2024.2.0/runtime/lib/intel64:/usr/local/cuda-12.1/lib64:/opt/intel/openvino_2024.2.0/runtime/lib/intel64:/usr/local/cuda-12.1/lib64:/opt/intel/openvino_2024.2.0/runtime/lib/intel64 PYTHONPATH=/home/johan/planning_with_ROS2_course/build/data_plot/prefix_override:/usr/lib/python3/dist-packages/colcon_core/task/python/colcon_distutils_commands:/home/johan/planning_with_ROS2_course/install/data_plot/lib/python3.10/site-packages:${PYTHONPATH} /usr/bin/python3 -W ignore:setup.py install is deprecated -W ignore:easy_install command is deprecated setup.py egg_info --egg-base ../../build/data_plot build --build-base /home/johan/planning_with_ROS2_course/build/data_plot/build install --record /home/johan/planning_with_ROS2_course/build/data_plot/install.log --single-version-externally-managed install_data
[1.347s] Level 1:colcon.colcon_core.environment:checking '/home/johan/planning_with_ROS2_course/install/data_plot' for CMake module files
[1.347s] Level 1:colcon.colcon_core.environment:checking '/home/johan/planning_with_ROS2_course/install/data_plot' for CMake config files
[1.348s] DEBUG:colcon.colcon_core.event_handler.log_command:Invoked command in '/home/johan/planning_with_ROS2_course/src/data_plot' returned '0': CMAKE_PREFIX_PATH=/home/johan/planning_with_ROS2_course/install/base_msgs:/home/johan/planning_with_ROS2_course/install/planning LD_LIBRARY_PATH=/home/johan/planning_with_ROS2_course/install/base_msgs/lib:/home/johan/planning_with_ROS2_course/install/planning/lib:/opt/intel/openvino_2024.2.0/runtime/3rdparty/tbb/lib:/opt/intel/openvino_2024.2.0/runtime/lib/intel64:/home/johan/planning_with_ROS2_course/install/planning/lib:/home/johan/planning_with_ROS2_course/install/planning/lib:/usr/lib/x86_64-linux-gnu/gazebo-11/plugins:/opt/ros/humble/opt/rviz_ogre_vendor/lib:/opt/ros/humble/lib/x86_64-linux-gnu:/opt/ros/humble/lib:/opt/intel/openvino_2024.2.0/runtime/3rdparty/tbb/lib:/opt/intel/openvino_2024.2.0/runtime/lib/intel64:/usr/local/cuda-12.1/lib64:/opt/intel/openvino_2024.2.0/runtime/lib/intel64:/usr/local/cuda-12.1/lib64:/opt/intel/openvino_2024.2.0/runtime/lib/intel64 PYTHONPATH=/home/johan/planning_with_ROS2_course/build/data_plot/prefix_override:/usr/lib/python3/dist-packages/colcon_core/task/python/colcon_distutils_commands:/home/johan/planning_with_ROS2_course/install/data_plot/lib/python3.10/site-packages:${PYTHONPATH} /usr/bin/python3 -W ignore:setup.py install is deprecated -W ignore:easy_install command is deprecated setup.py egg_info --egg-base ../../build/data_plot build --build-base /home/johan/planning_with_ROS2_course/build/data_plot/build install --record /home/johan/planning_with_ROS2_course/build/data_plot/install.log --single-version-externally-managed install_data
[1.348s] Level 1:colcon.colcon_core.environment:checking '/home/johan/planning_with_ROS2_course/install/data_plot/lib'
[1.348s] Level 1:colcon.colcon_core.environment:checking '/home/johan/planning_with_ROS2_course/install/data_plot/bin'
[1.349s] Level 1:colcon.colcon_core.environment:checking '/home/johan/planning_with_ROS2_course/install/data_plot/lib/pkgconfig/data_plot.pc'
[1.349s] Level 1:colcon.colcon_core.environment:checking '/home/johan/planning_with_ROS2_course/install/data_plot/lib/python3.10/site-packages'
[1.349s] Level 1:colcon.colcon_core.shell:create_environment_hook('data_plot', 'pythonpath')
[1.349s] INFO:colcon.colcon_core.shell:Creating environment hook '/home/johan/planning_with_ROS2_course/install/data_plot/share/data_plot/hook/pythonpath.ps1'
[1.350s] INFO:colcon.colcon_core.shell:Creating environment descriptor '/home/johan/planning_with_ROS2_course/install/data_plot/share/data_plot/hook/pythonpath.dsv'
[1.350s] INFO:colcon.colcon_core.shell:Creating environment hook '/home/johan/planning_with_ROS2_course/install/data_plot/share/data_plot/hook/pythonpath.sh'
[1.351s] Level 1:colcon.colcon_core.environment:checking '/home/johan/planning_with_ROS2_course/install/data_plot/bin'
[1.351s] Level 1:colcon.colcon_core.environment:create_environment_scripts_only(data_plot)
[1.351s] INFO:colcon.colcon_core.shell:Creating package script '/home/johan/planning_with_ROS2_course/install/data_plot/share/data_plot/package.ps1'
[1.351s] INFO:colcon.colcon_core.shell:Creating package descriptor '/home/johan/planning_with_ROS2_course/install/data_plot/share/data_plot/package.dsv'
[1.352s] INFO:colcon.colcon_core.shell:Creating package script '/home/johan/planning_with_ROS2_course/install/data_plot/share/data_plot/package.sh'
[1.352s] INFO:colcon.colcon_core.shell:Creating package script '/home/johan/planning_with_ROS2_course/install/data_plot/share/data_plot/package.bash'
[1.352s] INFO:colcon.colcon_core.shell:Creating package script '/home/johan/planning_with_ROS2_course/install/data_plot/share/data_plot/package.zsh'
[1.352s] Level 1:colcon.colcon_core.environment:create_file_with_runtime_dependencies(/home/johan/planning_with_ROS2_course/install/data_plot/share/colcon-core/packages/data_plot)
[3.902s] Level 1:colcon.colcon_core.environment:create_environment_scripts_only(planning)
[3.902s] Level 1:colcon.colcon_core.environment:checking '/home/johan/planning_with_ROS2_course/install/planning' for CMake module files
[3.903s] DEBUG:colcon.colcon_core.event_handler.log_command:Invoked command in '/home/johan/planning_with_ROS2_course/build/planning' returned '2': CMAKE_PREFIX_PATH=/home/johan/planning_with_ROS2_course/install/base_msgs:/home/johan/planning_with_ROS2_course/install/planning:/home/johan/planning_with_ROS2_course/install/data_plot:/opt/ros/humble LD_LIBRARY_PATH=/home/johan/planning_with_ROS2_course/install/base_msgs/lib:/home/johan/planning_with_ROS2_course/install/planning/lib:/opt/intel/openvino_2024.2.0/runtime/3rdparty/tbb/lib:/opt/intel/openvino_2024.2.0/runtime/lib/intel64:/home/johan/planning_with_ROS2_course/install/planning/lib:/home/johan/planning_with_ROS2_course/install/planning/lib:/usr/lib/x86_64-linux-gnu/gazebo-11/plugins:/opt/ros/humble/opt/rviz_ogre_vendor/lib:/opt/ros/humble/lib/x86_64-linux-gnu:/opt/ros/humble/lib:/opt/intel/openvino_2024.2.0/runtime/3rdparty/tbb/lib:/opt/intel/openvino_2024.2.0/runtime/lib/intel64:/usr/local/cuda-12.1/lib64:/opt/intel/openvino_2024.2.0/runtime/lib/intel64:/usr/local/cuda-12.1/lib64:/opt/intel/openvino_2024.2.0/runtime/lib/intel64 /usr/bin/cmake --build /home/johan/planning_with_ROS2_course/build/planning -- -j16 -l16
[3.903s] Level 1:colcon.colcon_core.environment:checking '/home/johan/planning_with_ROS2_course/install/planning' for CMake config files
[3.904s] Level 1:colcon.colcon_core.shell:create_environment_hook('planning', 'cmake_prefix_path')
[3.904s] INFO:colcon.colcon_core.shell:Creating environment hook '/home/johan/planning_with_ROS2_course/install/planning/share/planning/hook/cmake_prefix_path.ps1'
[3.905s] INFO:colcon.colcon_core.shell:Creating environment descriptor '/home/johan/planning_with_ROS2_course/install/planning/share/planning/hook/cmake_prefix_path.dsv'
[3.905s] INFO:colcon.colcon_core.shell:Creating environment hook '/home/johan/planning_with_ROS2_course/install/planning/share/planning/hook/cmake_prefix_path.sh'
[3.906s] Level 1:colcon.colcon_core.environment:checking '/home/johan/planning_with_ROS2_course/install/planning/lib'
[3.906s] Level 1:colcon.colcon_core.shell:create_environment_hook('planning', 'ld_library_path_lib')
[3.906s] INFO:colcon.colcon_core.shell:Creating environment hook '/home/johan/planning_with_ROS2_course/install/planning/share/planning/hook/ld_library_path_lib.ps1'
[3.906s] INFO:colcon.colcon_core.shell:Creating environment descriptor '/home/johan/planning_with_ROS2_course/install/planning/share/planning/hook/ld_library_path_lib.dsv'
[3.906s] INFO:colcon.colcon_core.shell:Creating environment hook '/home/johan/planning_with_ROS2_course/install/planning/share/planning/hook/ld_library_path_lib.sh'
[3.907s] Level 1:colcon.colcon_core.environment:checking '/home/johan/planning_with_ROS2_course/install/planning/bin'
[3.907s] Level 1:colcon.colcon_core.shell:create_environment_hook('planning', 'path')
[3.907s] INFO:colcon.colcon_core.shell:Creating environment hook '/home/johan/planning_with_ROS2_course/install/planning/share/planning/hook/path.ps1'
[3.907s] INFO:colcon.colcon_core.shell:Creating environment descriptor '/home/johan/planning_with_ROS2_course/install/planning/share/planning/hook/path.dsv'
[3.908s] INFO:colcon.colcon_core.shell:Creating environment hook '/home/johan/planning_with_ROS2_course/install/planning/share/planning/hook/path.sh'
[3.908s] Level 1:colcon.colcon_core.environment:checking '/home/johan/planning_with_ROS2_course/install/planning/lib/pkgconfig/planning.pc'
[3.908s] Level 1:colcon.colcon_core.environment:checking '/home/johan/planning_with_ROS2_course/install/planning/lib/python3.10/site-packages'
[3.908s] Level 1:colcon.colcon_core.environment:checking '/home/johan/planning_with_ROS2_course/install/planning/bin'
[3.908s] Level 1:colcon.colcon_core.shell:create_environment_hook('planning', 'pythonscriptspath')
[3.908s] INFO:colcon.colcon_core.shell:Creating environment hook '/home/johan/planning_with_ROS2_course/install/planning/share/planning/hook/pythonscriptspath.ps1'
[3.909s] INFO:colcon.colcon_core.shell:Creating environment descriptor '/home/johan/planning_with_ROS2_course/install/planning/share/planning/hook/pythonscriptspath.dsv'
[3.909s] INFO:colcon.colcon_core.shell:Creating environment hook '/home/johan/planning_with_ROS2_course/install/planning/share/planning/hook/pythonscriptspath.sh'
[3.909s] INFO:colcon.colcon_core.shell:Creating package script '/home/johan/planning_with_ROS2_course/install/planning/share/planning/package.ps1'
[3.910s] INFO:colcon.colcon_core.shell:Creating package descriptor '/home/johan/planning_with_ROS2_course/install/planning/share/planning/package.dsv'
[3.910s] INFO:colcon.colcon_core.shell:Creating package script '/home/johan/planning_with_ROS2_course/install/planning/share/planning/package.sh'
[3.910s] INFO:colcon.colcon_core.shell:Creating package script '/home/johan/planning_with_ROS2_course/install/planning/share/planning/package.bash'
[3.910s] INFO:colcon.colcon_core.shell:Creating package script '/home/johan/planning_with_ROS2_course/install/planning/share/planning/package.zsh'
[3.911s] Level 1:colcon.colcon_core.environment:create_file_with_runtime_dependencies(/home/johan/planning_with_ROS2_course/install/planning/share/colcon-core/packages/planning)
[3.921s] DEBUG:colcon.colcon_parallel_executor.executor.parallel:closing loop
[3.921s] DEBUG:colcon.colcon_parallel_executor.executor.parallel:loop closed
[3.921s] DEBUG:colcon.colcon_parallel_executor.executor.parallel:run_until_complete finished with '2'
[3.921s] DEBUG:colcon.colcon_core.event_reactor:joining thread
[3.927s] INFO:colcon.colcon_core.plugin_system:Skipping extension 'colcon_notification.desktop_notification.terminal_notifier': Not used on non-Darwin systems
[3.927s] INFO:colcon.colcon_core.plugin_system:Skipping extension 'colcon_notification.desktop_notification.win32': Not used on non-Windows systems
[3.927s] INFO:colcon.colcon_notification.desktop_notification:Sending desktop notification using 'notify2'
[3.938s] DEBUG:colcon.colcon_core.event_reactor:joined thread
[3.939s] INFO:colcon.colcon_core.shell:Creating prefix script '/home/johan/planning_with_ROS2_course/install/local_setup.ps1'
[3.939s] INFO:colcon.colcon_core.shell:Creating prefix util module '/home/johan/planning_with_ROS2_course/install/_local_setup_util_ps1.py'
[3.940s] INFO:colcon.colcon_core.shell:Creating prefix chain script '/home/johan/planning_with_ROS2_course/install/setup.ps1'
[3.941s] INFO:colcon.colcon_core.shell:Creating prefix script '/home/johan/planning_with_ROS2_course/install/local_setup.sh'
[3.941s] INFO:colcon.colcon_core.shell:Creating prefix util module '/home/johan/planning_with_ROS2_course/install/_local_setup_util_sh.py'
[3.942s] INFO:colcon.colcon_core.shell:Creating prefix chain script '/home/johan/planning_with_ROS2_course/install/setup.sh'
[3.942s] INFO:colcon.colcon_core.shell:Creating prefix script '/home/johan/planning_with_ROS2_course/install/local_setup.bash'
[3.943s] INFO:colcon.colcon_core.shell:Creating prefix chain script '/home/johan/planning_with_ROS2_course/install/setup.bash'
[3.943s] INFO:colcon.colcon_core.shell:Creating prefix script '/home/johan/planning_with_ROS2_course/install/local_setup.zsh'
[3.944s] INFO:colcon.colcon_core.shell:Creating prefix chain script '/home/johan/planning_with_ROS2_course/install/setup.zsh'
