[35m[1mConsolidate compiler generated dependencies of target osqp_test[0m
[  5%] Built target config_reader
[ 13%] Built target mathlibs
[ 23%] Built target car_move_cmd
[ 23%] Built target obj_move_cmd
[ 31%] Built target vehicle_info
[ 34%] [32mBuilding CXX object src/test/CMakeFiles/osqp_test.dir/osqp_test/osqp_test.cpp.o[0m
[ 39%] Built target global_planner
[ 50%] Built target pnc_map_creator
[ 57%] Built target reference_line
[ 63%] Built target decision_center
[ 68%] Built target global_path_server
[ 73%] Built target pnc_map_server
[ 89%] Built target local_planner
[ 97%] Built target planning_process
In file included from [01m[K/home/johan/planning_with_ROS2_course/src/planning/src/test/osqp_test/osqp_test.cpp:1[m[K:
[01m[K/home/johan/planning_with_ROS2_course/src/planning/src/test/osqp_test/osqp_test.h:19:8:[m[K [01;35m[Kwarning: [m[Kextra tokens at end of #endif directive [[01;35m[K]8;;https://gcc.gnu.org/onlinedocs/gcc/Warning-Options.html#index-Wendif-labels-Wendif-labels]8;;[m[K]
   19 | #endif [01;35m[KTEST_H_[m[K
      |        [01;35m[K^~~~~~~[m[K
[100%] [32m[1mLinking CXX executable osqp_test[0m
[100%] Built target osqp_test
-- Install configuration: ""
-- Up-to-date: /home/johan/planning_with_ROS2_course/install/planning/lib/libconfig_reader.so
-- Up-to-date: /home/johan/planning_with_ROS2_course/install/planning/lib/libmathlibs.so
-- Installing: /home/johan/planning_with_ROS2_course/install/planning/lib/planning/osqp_test
-- Set runtime path of "/home/johan/planning_with_ROS2_course/install/planning/lib/planning/osqp_test" to ""
-- Up-to-date: /home/johan/planning_with_ROS2_course/install/planning/lib/libdecision_center.so
-- Up-to-date: /home/johan/planning_with_ROS2_course/install/planning/lib/libpnc_map_creator.so
-- Up-to-date: /home/johan/planning_with_ROS2_course/install/planning/lib/planning/pnc_map_server
-- Up-to-date: /home/johan/planning_with_ROS2_course/install/planning/lib/libglobal_planner.so
-- Up-to-date: /home/johan/planning_with_ROS2_course/install/planning/lib/planning/global_path_server
-- Up-to-date: /home/johan/planning_with_ROS2_course/install/planning/lib/liblocal_planner.so
-- Up-to-date: /home/johan/planning_with_ROS2_course/install/planning/lib/libreference_line.so
-- Up-to-date: /home/johan/planning_with_ROS2_course/install/planning/lib/libvehicle_info.so
-- Up-to-date: /home/johan/planning_with_ROS2_course/install/planning/lib/planning/planning_process
-- Up-to-date: /home/johan/planning_with_ROS2_course/install/planning/lib/planning/car_move_cmd
-- Up-to-date: /home/johan/planning_with_ROS2_course/install/planning/lib/planning/obj_move_cmd
-- Up-to-date: /home/johan/planning_with_ROS2_course/install/planning/share/planning/config
-- Up-to-date: /home/johan/planning_with_ROS2_course/install/planning/share/planning/config/planning_static_obs_config.yaml
-- Up-to-date: /home/johan/planning_with_ROS2_course/install/planning/share/planning/rviz
-- Up-to-date: /home/johan/planning_with_ROS2_course/install/planning/share/planning/rviz/planning.rviz
-- Up-to-date: /home/johan/planning_with_ROS2_course/install/planning/share/planning/launch
-- Up-to-date: /home/johan/planning_with_ROS2_course/install/planning/share/planning/launch/planning_launch.py
-- Up-to-date: /home/johan/planning_with_ROS2_course/install/planning/share/planning/urdf
-- Up-to-date: /home/johan/planning_with_ROS2_course/install/planning/share/planning/urdf/obs_car
-- Up-to-date: /home/johan/planning_with_ROS2_course/install/planning/share/planning/urdf/main_car
-- Up-to-date: /home/johan/planning_with_ROS2_course/install/planning/share/planning/urdf/main_car/car_wheels.xacro
-- Up-to-date: /home/johan/planning_with_ROS2_course/install/planning/share/planning/urdf/main_car/car_base.xacro
-- Up-to-date: /home/johan/planning_with_ROS2_course/install/planning/share/planning/urdf/main_car/car.xacro
-- Up-to-date: /home/johan/planning_with_ROS2_course/install/planning/share/planning/urdf/main_car/car_radar.xacro
-- Up-to-date: /home/johan/planning_with_ROS2_course/install/planning/share/planning/urdf/main_car/car_camera.xacro
-- Up-to-date: /home/johan/planning_with_ROS2_course/install/planning/share/ament_index/resource_index/package_run_dependencies/planning
-- Up-to-date: /home/johan/planning_with_ROS2_course/install/planning/share/ament_index/resource_index/parent_prefix_path/planning
-- Up-to-date: /home/johan/planning_with_ROS2_course/install/planning/share/planning/environment/ament_prefix_path.sh
-- Up-to-date: /home/johan/planning_with_ROS2_course/install/planning/share/planning/environment/ament_prefix_path.dsv
-- Up-to-date: /home/johan/planning_with_ROS2_course/install/planning/share/planning/environment/path.sh
-- Up-to-date: /home/johan/planning_with_ROS2_course/install/planning/share/planning/environment/path.dsv
-- Up-to-date: /home/johan/planning_with_ROS2_course/install/planning/share/planning/local_setup.bash
-- Up-to-date: /home/johan/planning_with_ROS2_course/install/planning/share/planning/local_setup.sh
-- Up-to-date: /home/johan/planning_with_ROS2_course/install/planning/share/planning/local_setup.zsh
-- Up-to-date: /home/johan/planning_with_ROS2_course/install/planning/share/planning/local_setup.dsv
-- Installing: /home/johan/planning_with_ROS2_course/install/planning/share/planning/package.dsv
-- Up-to-date: /home/johan/planning_with_ROS2_course/install/planning/share/ament_index/resource_index/packages/planning
-- Up-to-date: /home/johan/planning_with_ROS2_course/install/planning/share/planning/cmake/planningConfig.cmake
-- Up-to-date: /home/johan/planning_with_ROS2_course/install/planning/share/planning/cmake/planningConfig-version.cmake
-- Up-to-date: /home/johan/planning_with_ROS2_course/install/planning/share/planning/package.xml
