-- Found ament_cmake: 1.3.11 (/opt/ros/humble/share/ament_cmake/cmake)
-- Found rclcpp: 16.0.12 (/opt/ros/humble/share/rclcpp/cmake)
-- Found rosidl_generator_c: 3.1.6 (/opt/ros/humble/share/rosidl_generator_c/cmake)
-- Found rosidl_adapter: 3.1.6 (/opt/ros/humble/share/rosidl_adapter/cmake)
-- Found rosidl_generator_cpp: 3.1.6 (/opt/ros/humble/share/rosidl_generator_cpp/cmake)
-- Using all available rosidl_typesupport_c: rosidl_typesupport_fastrtps_c;rosidl_typesupport_introspection_c
-- Using all available rosidl_typesupport_cpp: rosidl_typesupport_fastrtps_cpp;rosidl_typesupport_introspection_cpp
-- Found rmw_implementation_cmake: 6.1.2 (/opt/ros/humble/share/rmw_implementation_cmake/cmake)
-- Found rmw_fastrtps_cpp: 6.2.7 (/opt/ros/humble/share/rmw_fastrtps_cpp/cmake)
-- Using RMW implementation 'rmw_fastrtps_cpp' as default
-- Found tf2: 0.25.13 (/opt/ros/humble/share/tf2/cmake)
-- Found tf2_ros: 0.25.13 (/opt/ros/humble/share/tf2_ros/cmake)
-- Found nav_msgs: 4.9.0 (/opt/ros/humble/share/nav_msgs/cmake)
-- Found visualization_msgs: 4.9.0 (/opt/ros/humble/share/visualization_msgs/cmake)
-- Found base_msgs: 0.0.0 (/home/johan/planning_with_ROS2_course/install/base_msgs/share/base_msgs/cmake)
-- Configuring done
-- Generating done
-- Build files have been written to: /home/johan/planning_with_ROS2_course/build/planning
[35m[1mConsolidate compiler generated dependencies of target car_move_cmd[0m
[35m[1mConsolidate compiler generated dependencies of target config_reader[0m
[35m[1mConsolidate compiler generated dependencies of target obj_move_cmd[0m
[35m[1mConsolidate compiler generated dependencies of target mathlibs[0m
[  8%] Built target config_reader
[ 11%] Built target car_move_cmd
[ 16%] Built target obj_move_cmd
[ 25%] Built target mathlibs
[35m[1mConsolidate compiler generated dependencies of target global_planner[0m
[35m[1mConsolidate compiler generated dependencies of target pnc_map_creator[0m
[35m[1mConsolidate compiler generated dependencies of target vehicle_info[0m
[35m[1mConsolidate compiler generated dependencies of target reference_line[0m
[35m[1mConsolidate compiler generated dependencies of target planning_process[0m
[ 30%] Built target global_planner
[ 33%] [32mBuilding CXX object src/pnc_map_creator/CMakeFiles/pnc_map_creator.dir/pnc_map_topo/pnc_map_topo.cpp.o[0m
[ 50%] Built target vehicle_info
[ 50%] Built target reference_line
[35m[1mConsolidate compiler generated dependencies of target global_path_server[0m
[35m[1mConsolidate compiler generated dependencies of target decision_center[0m
[ 58%] Built target planning_process
[ 63%] Built target global_path_server
[ 69%] Built target decision_center
[35m[1mConsolidate compiler generated dependencies of target local_planner[0m
[ 86%] Built target local_planner
[ 88%] [32m[1mLinking CXX shared library libpnc_map_creator.so[0m
[ 94%] Built target pnc_map_creator
[35m[1mConsolidate compiler generated dependencies of target pnc_map_server[0m
[ 97%] [32m[1mLinking CXX executable pnc_map_server[0m
