[0.196s] Invoking command in '/home/johan/planning_with_ROS2_course/build/planning': CMAKE_PREFIX_PATH=/home/johan/planning_with_ROS2_course/install/base_msgs:/home/johan/planning_with_ROS2_course/install/planning:/home/johan/planning_with_ROS2_course/install/data_plot:/opt/ros/humble /usr/bin/cmake --build /home/johan/planning_with_ROS2_course/build/planning -- -j16 -l16
[0.214s] -- Found ament_cmake: 1.3.11 (/opt/ros/humble/share/ament_cmake/cmake)
[0.304s] -- Found rclcpp: 16.0.12 (/opt/ros/humble/share/rclcpp/cmake)
[0.324s] -- Found rosidl_generator_c: 3.1.6 (/opt/ros/humble/share/rosidl_generator_c/cmake)
[0.326s] -- Found rosidl_adapter: 3.1.6 (/opt/ros/humble/share/rosidl_adapter/cmake)
[0.330s] -- Found rosidl_generator_cpp: 3.1.6 (/opt/ros/humble/share/rosidl_generator_cpp/cmake)
[0.336s] -- Using all available rosidl_typesupport_c: rosidl_typesupport_fastrtps_c;rosidl_typesupport_introspection_c
[0.345s] -- Using all available rosidl_typesupport_cpp: rosidl_typesupport_fastrtps_cpp;rosidl_typesupport_introspection_cpp
[0.366s] -- Found rmw_implementation_cmake: 6.1.2 (/opt/ros/humble/share/rmw_implementation_cmake/cmake)
[0.366s] -- Found rmw_fastrtps_cpp: 6.2.7 (/opt/ros/humble/share/rmw_fastrtps_cpp/cmake)
[0.443s] -- Using RMW implementation 'rmw_fastrtps_cpp' as default
[0.475s] -- Found tf2: 0.25.13 (/opt/ros/humble/share/tf2/cmake)
[0.486s] -- Found tf2_ros: 0.25.13 (/opt/ros/humble/share/tf2_ros/cmake)
[0.536s] -- Found nav_msgs: 4.9.0 (/opt/ros/humble/share/nav_msgs/cmake)
[0.547s] -- Found visualization_msgs: 4.9.0 (/opt/ros/humble/share/visualization_msgs/cmake)
[0.571s] -- Found base_msgs: 0.0.0 (/home/johan/planning_with_ROS2_course/install/base_msgs/share/base_msgs/cmake)
[0.630s] -- Configuring done
[0.661s] -- Generating done
[0.673s] -- Build files have been written to: /home/johan/planning_with_ROS2_course/build/planning
[0.699s] [35m[1mConsolidate compiler generated dependencies of target config_reader[0m
[0.700s] [35m[1mConsolidate compiler generated dependencies of target decision_center[0m
[0.700s] [35m[1mConsolidate compiler generated dependencies of target mathlibs[0m
[0.704s] [35m[1mConsolidate compiler generated dependencies of target local_planner[0m
[0.709s] [35m[1mConsolidate compiler generated dependencies of target car_move_cmd[0m
[0.709s] [35m[1mConsolidate compiler generated dependencies of target obj_move_cmd[0m
[0.710s] [35m[1mConsolidate compiler generated dependencies of target planning_node[0m
[0.719s] [ 12%] Built target config_reader
[0.719s] [ 16%] Built target decision_center
[0.722s] [ 28%] Built target mathlibs
[0.730s] [35m[1mConsolidate compiler generated dependencies of target pnc_map_creator[0m
[0.731s] [ 36%] Built target obj_move_cmd
[0.731s] [ 48%] Built target planning_node
[0.732s] [ 72%] Built target local_planner
[0.735s] [ 80%] Built target car_move_cmd
[0.744s] [ 84%] [32m[1mLinking CXX shared library libpnc_map_creator.so[0m
[0.815s] [ 92%] Built target pnc_map_creator
[0.824s] [35m[1mConsolidate compiler generated dependencies of target pnc_map_server[0m
[0.839s] [ 96%] [32m[1mLinking CXX executable pnc_map_server[0m
[0.920s] [100%] Built target pnc_map_server
[0.928s] Invoked command in '/home/johan/planning_with_ROS2_course/build/planning' returned '0': CMAKE_PREFIX_PATH=/home/johan/planning_with_ROS2_course/install/base_msgs:/home/johan/planning_with_ROS2_course/install/planning:/home/johan/planning_with_ROS2_course/install/data_plot:/opt/ros/humble /usr/bin/cmake --build /home/johan/planning_with_ROS2_course/build/planning -- -j16 -l16
[0.930s] Invoking command in '/home/johan/planning_with_ROS2_course/build/planning': CMAKE_PREFIX_PATH=/home/johan/planning_with_ROS2_course/install/base_msgs:/home/johan/planning_with_ROS2_course/install/planning:/home/johan/planning_with_ROS2_course/install/data_plot:/opt/ros/humble /usr/bin/cmake --install /home/johan/planning_with_ROS2_course/build/planning
[0.935s] -- Install configuration: ""
[0.936s] -- Up-to-date: /home/johan/planning_with_ROS2_course/install/planning/lib/libconfig_reader.so
[0.936s] -- Up-to-date: /home/johan/planning_with_ROS2_course/install/planning/lib/libmathlibs.so
[0.936s] -- Up-to-date: /home/johan/planning_with_ROS2_course/install/planning/lib/libdecision_center.so
[0.936s] -- Installing: /home/johan/planning_with_ROS2_course/install/planning/bin/pnc_map_server
[0.936s] -- Set runtime path of "/home/johan/planning_with_ROS2_course/install/planning/bin/pnc_map_server" to ""
[0.936s] -- Installing: /home/johan/planning_with_ROS2_course/install/planning/lib/planning/pnc_map_server
[0.937s] -- Set runtime path of "/home/johan/planning_with_ROS2_course/install/planning/lib/planning/pnc_map_server" to ""
[0.937s] -- Up-to-date: /home/johan/planning_with_ROS2_course/install/planning/lib/liblocal_planner.so
[0.937s] -- Up-to-date: /home/johan/planning_with_ROS2_course/install/planning/lib/planning/planning_node
[0.937s] -- Up-to-date: /home/johan/planning_with_ROS2_course/install/planning/lib/planning/car_move_cmd
[0.937s] -- Up-to-date: /home/johan/planning_with_ROS2_course/install/planning/lib/planning/obj_move_cmd
[0.938s] -- Up-to-date: /home/johan/planning_with_ROS2_course/install/planning/share/planning/config
[0.938s] -- Up-to-date: /home/johan/planning_with_ROS2_course/install/planning/share/planning/rviz
[0.938s] -- Up-to-date: /home/johan/planning_with_ROS2_course/install/planning/share/planning/launch
[0.938s] -- Up-to-date: /home/johan/planning_with_ROS2_course/install/planning/share/planning/urdf
[0.938s] -- Up-to-date: /home/johan/planning_with_ROS2_course/install/planning/share/planning/urdf/obs_car
[0.938s] -- Up-to-date: /home/johan/planning_with_ROS2_course/install/planning/share/planning/urdf/main_car
[0.938s] -- Up-to-date: /home/johan/planning_with_ROS2_course/install/planning/share/ament_index/resource_index/package_run_dependencies/planning
[0.938s] -- Up-to-date: /home/johan/planning_with_ROS2_course/install/planning/share/ament_index/resource_index/parent_prefix_path/planning
[0.938s] -- Up-to-date: /home/johan/planning_with_ROS2_course/install/planning/share/planning/environment/ament_prefix_path.sh
[0.939s] -- Installing: /home/johan/planning_with_ROS2_course/install/planning/share/planning/environment/ament_prefix_path.dsv
[0.939s] -- Up-to-date: /home/johan/planning_with_ROS2_course/install/planning/share/planning/environment/path.sh
[0.939s] -- Installing: /home/johan/planning_with_ROS2_course/install/planning/share/planning/environment/path.dsv
[0.939s] -- Up-to-date: /home/johan/planning_with_ROS2_course/install/planning/share/planning/local_setup.bash
[0.939s] -- Up-to-date: /home/johan/planning_with_ROS2_course/install/planning/share/planning/local_setup.sh
[0.939s] -- Up-to-date: /home/johan/planning_with_ROS2_course/install/planning/share/planning/local_setup.zsh
[0.939s] -- Installing: /home/johan/planning_with_ROS2_course/install/planning/share/planning/local_setup.dsv
[0.940s] -- Installing: /home/johan/planning_with_ROS2_course/install/planning/share/planning/package.dsv
[0.940s] -- Up-to-date: /home/johan/planning_with_ROS2_course/install/planning/share/ament_index/resource_index/packages/planning
[0.941s] -- Up-to-date: /home/johan/planning_with_ROS2_course/install/planning/share/planning/cmake/planningConfig.cmake
[0.941s] -- Up-to-date: /home/johan/planning_with_ROS2_course/install/planning/share/planning/cmake/planningConfig-version.cmake
[0.941s] -- Up-to-date: /home/johan/planning_with_ROS2_course/install/planning/share/planning/package.xml
[0.941s] Invoked command in '/home/johan/planning_with_ROS2_course/build/planning' returned '0': CMAKE_PREFIX_PATH=/home/johan/planning_with_ROS2_course/install/base_msgs:/home/johan/planning_with_ROS2_course/install/planning:/home/johan/planning_with_ROS2_course/install/data_plot:/opt/ros/humble /usr/bin/cmake --install /home/johan/planning_with_ROS2_course/build/planning
