-- Found ament_cmake: 1.3.11 (/opt/ros/humble/share/ament_cmake/cmake)
-- Found rclcpp: 16.0.12 (/opt/ros/humble/share/rclcpp/cmake)
-- Found rosidl_generator_c: 3.1.6 (/opt/ros/humble/share/rosidl_generator_c/cmake)
-- Found rosidl_adapter: 3.1.6 (/opt/ros/humble/share/rosidl_adapter/cmake)
-- Found rosidl_generator_cpp: 3.1.6 (/opt/ros/humble/share/rosidl_generator_cpp/cmake)
-- Using all available rosidl_typesupport_c: rosidl_typesupport_fastrtps_c;rosidl_typesupport_introspection_c
-- Using all available rosidl_typesupport_cpp: rosidl_typesupport_fastrtps_cpp;rosidl_typesupport_introspection_cpp
-- Found rmw_implementation_cmake: 6.1.2 (/opt/ros/humble/share/rmw_implementation_cmake/cmake)
-- Found rmw_fastrtps_cpp: 6.2.7 (/opt/ros/humble/share/rmw_fastrtps_cpp/cmake)
-- Using RMW implementation 'rmw_fastrtps_cpp' as default
-- Found tf2: 0.25.13 (/opt/ros/humble/share/tf2/cmake)
-- Found tf2_ros: 0.25.13 (/opt/ros/humble/share/tf2_ros/cmake)
-- Found nav_msgs: 4.9.0 (/opt/ros/humble/share/nav_msgs/cmake)
-- Found visualization_msgs: 4.9.0 (/opt/ros/humble/share/visualization_msgs/cmake)
-- Found base_msgs: 0.0.0 (/home/johan/planning_with_ROS2_course/install/base_msgs/share/base_msgs/cmake)
-- Configuring done
-- Generating done
-- Build files have been written to: /home/johan/planning_with_ROS2_course/build/planning
[35m[1mConsolidate compiler generated dependencies of target decision_center[0m
[35m[1mConsolidate compiler generated dependencies of target mathlibs[0m
[35m[1mConsolidate compiler generated dependencies of target config_reader[0m
[35m[1mConsolidate compiler generated dependencies of target planning_node[0m
[  6%] [32mBuilding CXX object src/local_planner/CMakeFiles/local_planner.dir/local_trajectory_combiner.cpp.o[0m
[ 12%] [32mBuilding CXX object src/local_planner/CMakeFiles/local_planner.dir/local_speeds/local_speeds_planner.cpp.o[0m
[ 18%] [32mBuilding CXX object src/local_planner/CMakeFiles/local_planner.dir/local_speeds/local_speeds_smoother.cpp.o[0m
[ 31%] [32mBuilding CXX object src/local_planner/CMakeFiles/local_planner.dir/local_path/local_path_planner.cpp.o[0m
[ 31%] [32mBuilding CXX object src/local_planner/CMakeFiles/local_planner.dir/local_path/local_path_smoother.cpp.o[0m
[ 43%] Built target decision_center
[ 62%] Built target mathlibs
[ 75%] Built target config_reader
[ 93%] Built target planning_node
[100%] [32m[1mLinking CXX shared library liblocal_planner.so[0m
[100%] Built target local_planner
-- Install configuration: ""
-- Up-to-date: /home/johan/planning_with_ROS2_course/install/planning/lib/libconfig_reader.so
-- Up-to-date: /home/johan/planning_with_ROS2_course/install/planning/lib/libmathlibs.so
-- Up-to-date: /home/johan/planning_with_ROS2_course/install/planning/lib/libdecision_center.so
-- Installing: /home/johan/planning_with_ROS2_course/install/planning/lib/liblocal_planner.so
-- Set runtime path of "/home/johan/planning_with_ROS2_course/install/planning/lib/liblocal_planner.so" to ""
-- Up-to-date: /home/johan/planning_with_ROS2_course/install/planning/lib/planning/planning_node
-- Up-to-date: /home/johan/planning_with_ROS2_course/install/planning/share/planning/config
-- Up-to-date: /home/johan/planning_with_ROS2_course/install/planning/share/planning/rviz
-- Up-to-date: /home/johan/planning_with_ROS2_course/install/planning/share/planning/launch
-- Up-to-date: /home/johan/planning_with_ROS2_course/install/planning/share/planning/urdf
-- Up-to-date: /home/johan/planning_with_ROS2_course/install/planning/share/planning/urdf/obs_car
-- Up-to-date: /home/johan/planning_with_ROS2_course/install/planning/share/planning/urdf/main_car
-- Up-to-date: /home/johan/planning_with_ROS2_course/install/planning/share/ament_index/resource_index/package_run_dependencies/planning
-- Up-to-date: /home/johan/planning_with_ROS2_course/install/planning/share/ament_index/resource_index/parent_prefix_path/planning
-- Up-to-date: /home/johan/planning_with_ROS2_course/install/planning/share/planning/environment/ament_prefix_path.sh
-- Installing: /home/johan/planning_with_ROS2_course/install/planning/share/planning/environment/ament_prefix_path.dsv
-- Up-to-date: /home/johan/planning_with_ROS2_course/install/planning/share/planning/environment/path.sh
-- Installing: /home/johan/planning_with_ROS2_course/install/planning/share/planning/environment/path.dsv
-- Up-to-date: /home/johan/planning_with_ROS2_course/install/planning/share/planning/local_setup.bash
-- Up-to-date: /home/johan/planning_with_ROS2_course/install/planning/share/planning/local_setup.sh
-- Up-to-date: /home/johan/planning_with_ROS2_course/install/planning/share/planning/local_setup.zsh
-- Installing: /home/johan/planning_with_ROS2_course/install/planning/share/planning/local_setup.dsv
-- Installing: /home/johan/planning_with_ROS2_course/install/planning/share/planning/package.dsv
-- Up-to-date: /home/johan/planning_with_ROS2_course/install/planning/share/ament_index/resource_index/packages/planning
-- Up-to-date: /home/johan/planning_with_ROS2_course/install/planning/share/planning/cmake/planningConfig.cmake
-- Up-to-date: /home/johan/planning_with_ROS2_course/install/planning/share/planning/cmake/planningConfig-version.cmake
-- Up-to-date: /home/johan/planning_with_ROS2_course/install/planning/share/planning/package.xml
