[0.186s] Invoking command in '/home/johan/planning_with_ROS2_course/build/planning': CMAKE_PREFIX_PATH=/home/johan/planning_with_ROS2_course/install/base_msgs:/home/johan/planning_with_ROS2_course/install/planning:/home/johan/planning_with_ROS2_course/install/data_plot:/opt/ros/humble /usr/bin/cmake --build /home/johan/planning_with_ROS2_course/build/planning -- -j16 -l16
[0.217s] [35m[1mConsolidate compiler generated dependencies of target config_reader[0m
[0.225s] [  6%] Built target obj_move_cmd
[0.228s] [  9%] [32mBuilding CXX object src/common/CMakeFiles/config_reader.dir/config_reader/config_reader.cpp.o[0m
[0.233s] [ 16%] Built target car_move_cmd
[0.237s] [ 25%] Built target planning_node
[0.238s] [ 35%] Built target mathlibs
[2.391s] [ 38%] [32m[1mLinking CXX shared library libconfig_reader.so[0m
[2.465s] [ 38%] Built target config_reader
[2.483s] [ 41%] [32m[1mLinking CXX shared library libvehicle_info.so[0m
[2.483s] [ 48%] [32m[1mLinking CXX shared library libpnc_map_creator.so[0m
[2.483s] [ 48%] [32m[1mLinking CXX shared library libreference_line.so[0m
[2.557s] [ 58%] Built target reference_line
[2.557s] [ 61%] Built target pnc_map_creator
[2.557s] [ 67%] Built target vehicle_info
[2.566s] [35m[1mConsolidate compiler generated dependencies of target decision_center[0m
[2.574s] [ 70%] [32m[1mLinking CXX executable pnc_map_server[0m
[2.578s] [ 74%] [32mBuilding CXX object src/decision_center/CMakeFiles/decision_center.dir/decision_center.cpp.o[0m
[2.652s] [ 77%] Built target pnc_map_server
[4.424s] [ 80%] [32m[1mLinking CXX shared library libdecision_center.so[0m
[4.500s] [ 80%] Built target decision_center
[4.514s] [35m[1mConsolidate compiler generated dependencies of target local_planner[0m
[4.534s] [ 83%] [32mBuilding CXX object src/local_planner/CMakeFiles/local_planner.dir/local_trajectory_combiner.cpp.o[0m
[4.534s] [ 87%] [32mBuilding CXX object src/local_planner/CMakeFiles/local_planner.dir/local_speeds/local_speeds_smoother.cpp.o[0m
[4.534s] [ 90%] [32mBuilding CXX object src/local_planner/CMakeFiles/local_planner.dir/local_speeds/local_speeds_planner.cpp.o[0m
[4.535s] [ 93%] [32mBuilding CXX object src/local_planner/CMakeFiles/local_planner.dir/local_path/local_path_planner.cpp.o[0m
[4.539s] [ 96%] [32mBuilding CXX object src/local_planner/CMakeFiles/local_planner.dir/local_path/local_path_smoother.cpp.o[0m
[7.683s] [100%] [32m[1mLinking CXX shared library liblocal_planner.so[0m
[7.756s] [100%] Built target local_planner
[7.764s] Invoked command in '/home/johan/planning_with_ROS2_course/build/planning' returned '0': CMAKE_PREFIX_PATH=/home/johan/planning_with_ROS2_course/install/base_msgs:/home/johan/planning_with_ROS2_course/install/planning:/home/johan/planning_with_ROS2_course/install/data_plot:/opt/ros/humble /usr/bin/cmake --build /home/johan/planning_with_ROS2_course/build/planning -- -j16 -l16
[7.766s] Invoking command in '/home/johan/planning_with_ROS2_course/build/planning': CMAKE_PREFIX_PATH=/home/johan/planning_with_ROS2_course/install/base_msgs:/home/johan/planning_with_ROS2_course/install/planning:/home/johan/planning_with_ROS2_course/install/data_plot:/opt/ros/humble /usr/bin/cmake --install /home/johan/planning_with_ROS2_course/build/planning
[7.772s] -- Install configuration: ""
[7.772s] -- Installing: /home/johan/planning_with_ROS2_course/install/planning/lib/libconfig_reader.so
[7.773s] -- Set runtime path of "/home/johan/planning_with_ROS2_course/install/planning/lib/libconfig_reader.so" to ""
[7.773s] -- Up-to-date: /home/johan/planning_with_ROS2_course/install/planning/lib/libmathlibs.so
[7.773s] -- Installing: /home/johan/planning_with_ROS2_course/install/planning/lib/libdecision_center.so
[7.773s] -- Set runtime path of "/home/johan/planning_with_ROS2_course/install/planning/lib/libdecision_center.so" to ""
[7.773s] -- Installing: /home/johan/planning_with_ROS2_course/install/planning/bin/pnc_map_server
[7.773s] -- Set runtime path of "/home/johan/planning_with_ROS2_course/install/planning/bin/pnc_map_server" to ""
[7.773s] -- Installing: /home/johan/planning_with_ROS2_course/install/planning/lib/planning/pnc_map_server
[7.773s] -- Set runtime path of "/home/johan/planning_with_ROS2_course/install/planning/lib/planning/pnc_map_server" to ""
[7.774s] -- Installing: /home/johan/planning_with_ROS2_course/install/planning/lib/liblocal_planner.so
[7.774s] -- Set runtime path of "/home/johan/planning_with_ROS2_course/install/planning/lib/liblocal_planner.so" to ""
[7.774s] -- Installing: /home/johan/planning_with_ROS2_course/install/planning/lib/libreference_line.so
[7.774s] -- Set runtime path of "/home/johan/planning_with_ROS2_course/install/planning/lib/libreference_line.so" to ""
[7.774s] -- Installing: /home/johan/planning_with_ROS2_course/install/planning/lib/libvehicle_info.so
[7.774s] -- Set runtime path of "/home/johan/planning_with_ROS2_course/install/planning/lib/libvehicle_info.so" to ""
[7.774s] -- Up-to-date: /home/johan/planning_with_ROS2_course/install/planning/lib/planning/planning_node
[7.775s] -- Up-to-date: /home/johan/planning_with_ROS2_course/install/planning/lib/planning/car_move_cmd
[7.775s] -- Up-to-date: /home/johan/planning_with_ROS2_course/install/planning/lib/planning/obj_move_cmd
[7.775s] -- Up-to-date: /home/johan/planning_with_ROS2_course/install/planning/share/planning/config
[7.775s] -- Up-to-date: /home/johan/planning_with_ROS2_course/install/planning/share/planning/config/planning_static_obs_config.yaml
[7.775s] -- Up-to-date: /home/johan/planning_with_ROS2_course/install/planning/share/planning/rviz
[7.775s] -- Up-to-date: /home/johan/planning_with_ROS2_course/install/planning/share/planning/launch
[7.775s] -- Up-to-date: /home/johan/planning_with_ROS2_course/install/planning/share/planning/urdf
[7.775s] -- Up-to-date: /home/johan/planning_with_ROS2_course/install/planning/share/planning/urdf/obs_car
[7.775s] -- Up-to-date: /home/johan/planning_with_ROS2_course/install/planning/share/planning/urdf/main_car
[7.775s] -- Up-to-date: /home/johan/planning_with_ROS2_course/install/planning/share/ament_index/resource_index/package_run_dependencies/planning
[7.775s] -- Up-to-date: /home/johan/planning_with_ROS2_course/install/planning/share/ament_index/resource_index/parent_prefix_path/planning
[7.775s] -- Up-to-date: /home/johan/planning_with_ROS2_course/install/planning/share/planning/environment/ament_prefix_path.sh
[7.775s] -- Up-to-date: /home/johan/planning_with_ROS2_course/install/planning/share/planning/environment/ament_prefix_path.dsv
[7.775s] -- Up-to-date: /home/johan/planning_with_ROS2_course/install/planning/share/planning/environment/path.sh
[7.775s] -- Up-to-date: /home/johan/planning_with_ROS2_course/install/planning/share/planning/environment/path.dsv
[7.775s] -- Up-to-date: /home/johan/planning_with_ROS2_course/install/planning/share/planning/local_setup.bash
[7.775s] -- Up-to-date: /home/johan/planning_with_ROS2_course/install/planning/share/planning/local_setup.sh
[7.775s] -- Up-to-date: /home/johan/planning_with_ROS2_course/install/planning/share/planning/local_setup.zsh
[7.775s] -- Up-to-date: /home/johan/planning_with_ROS2_course/install/planning/share/planning/local_setup.dsv
[7.776s] -- Installing: /home/johan/planning_with_ROS2_course/install/planning/share/planning/package.dsv
[7.780s] -- Up-to-date: /home/johan/planning_with_ROS2_course/install/planning/share/ament_index/resource_index/packages/planning
[7.780s] -- Up-to-date: /home/johan/planning_with_ROS2_course/install/planning/share/planning/cmake/planningConfig.cmake
[7.780s] -- Up-to-date: /home/johan/planning_with_ROS2_course/install/planning/share/planning/cmake/planningConfig-version.cmake
[7.780s] -- Up-to-date: /home/johan/planning_with_ROS2_course/install/planning/share/planning/package.xml
[7.782s] Invoked command in '/home/johan/planning_with_ROS2_course/build/planning' returned '0': CMAKE_PREFIX_PATH=/home/johan/planning_with_ROS2_course/install/base_msgs:/home/johan/planning_with_ROS2_course/install/planning:/home/johan/planning_with_ROS2_course/install/data_plot:/opt/ros/humble /usr/bin/cmake --install /home/johan/planning_with_ROS2_course/build/planning
