[0.009s] Invoking command in '/home/johan/planning_with_ROS2_course/build/base_msgs': CMAKE_PREFIX_PATH=${CMAKE_PREFIX_PATH}:/home/johan/planning_with_ROS2_course/install/data_plot:/opt/ros/humble /usr/bin/cmake --build /home/johan/planning_with_ROS2_course/build/base_msgs -- -j16 -l16
[0.053s] Invoked command in '/home/johan/planning_with_ROS2_course/build/base_msgs' returned '0': CMAKE_PREFIX_PATH=${CMAKE_PREFIX_PATH}:/home/johan/planning_with_ROS2_course/install/data_plot:/opt/ros/humble /usr/bin/cmake --build /home/johan/planning_with_ROS2_course/build/base_msgs -- -j16 -l16
[0.065s] Invoking command in '/home/johan/planning_with_ROS2_course/build/base_msgs': CMAKE_PREFIX_PATH=${CMAKE_PREFIX_PATH}:/home/johan/planning_with_ROS2_course/install/data_plot:/opt/ros/humble /usr/bin/cmake --install /home/johan/planning_with_ROS2_course/build/base_msgs
[0.079s] -- Install configuration: ""
[0.080s] -- Up-to-date: /home/johan/planning_with_ROS2_course/install/base_msgs/share/ament_index/resource_index/package_run_dependencies/base_msgs
[0.081s] -- Up-to-date: /home/johan/planning_with_ROS2_course/install/base_msgs/share/ament_index/resource_index/parent_prefix_path/base_msgs
[0.081s] -- Up-to-date: /home/johan/planning_with_ROS2_course/install/base_msgs/share/base_msgs/environment/ament_prefix_path.sh
[0.081s] -- Up-to-date: /home/johan/planning_with_ROS2_course/install/base_msgs/share/base_msgs/environment/ament_prefix_path.dsv
[0.081s] -- Up-to-date: /home/johan/planning_with_ROS2_course/install/base_msgs/share/base_msgs/environment/path.sh
[0.082s] -- Up-to-date: /home/johan/planning_with_ROS2_course/install/base_msgs/share/base_msgs/environment/path.dsv
[0.082s] -- Up-to-date: /home/johan/planning_with_ROS2_course/install/base_msgs/share/base_msgs/local_setup.bash
[0.082s] -- Up-to-date: /home/johan/planning_with_ROS2_course/install/base_msgs/share/base_msgs/local_setup.sh
[0.082s] -- Up-to-date: /home/johan/planning_with_ROS2_course/install/base_msgs/share/base_msgs/local_setup.zsh
[0.082s] -- Up-to-date: /home/johan/planning_with_ROS2_course/install/base_msgs/share/base_msgs/local_setup.dsv
[0.082s] -- Installing: /home/johan/planning_with_ROS2_course/install/base_msgs/share/base_msgs/package.dsv
[0.083s] -- Up-to-date: /home/johan/planning_with_ROS2_course/install/base_msgs/share/ament_index/resource_index/packages/base_msgs
[0.083s] -- Up-to-date: /home/johan/planning_with_ROS2_course/install/base_msgs/share/base_msgs/cmake/base_msgsConfig.cmake
[0.083s] -- Up-to-date: /home/johan/planning_with_ROS2_course/install/base_msgs/share/base_msgs/cmake/base_msgsConfig-version.cmake
[0.083s] -- Up-to-date: /home/johan/planning_with_ROS2_course/install/base_msgs/share/base_msgs/package.xml
[0.085s] Invoked command in '/home/johan/planning_with_ROS2_course/build/base_msgs' returned '0': CMAKE_PREFIX_PATH=${CMAKE_PREFIX_PATH}:/home/johan/planning_with_ROS2_course/install/data_plot:/opt/ros/humble /usr/bin/cmake --install /home/johan/planning_with_ROS2_course/build/base_msgs
