[0.076s] DEBUG:colcon:Command line arguments: ['/usr/bin/colcon', 'build']
[0.077s] DEBUG:colcon:Parsed command line arguments: Namespace(log_base=None, log_level=None, verb_name='build', build_base='build', install_base='install', merge_install=False, symlink_install=False, test_result_base=None, continue_on_error=False, executor='parallel', parallel_workers=16, event_handlers=None, ignore_user_meta=False, metas=['./colcon.meta'], base_paths=['.'], packages_ignore=None, packages_ignore_regex=None, paths=None, packages_up_to=None, packages_up_to_regex=None, packages_above=None, packages_above_and_dependencies=None, packages_above_depth=None, packages_select_by_dep=None, packages_skip_by_dep=None, packages_skip_up_to=None, packages_select_build_failed=False, packages_skip_build_finished=False, packages_select_test_failures=False, packages_skip_test_passed=False, packages_select=None, packages_skip=None, packages_select_regex=None, packages_skip_regex=None, packages_start=None, packages_end=None, allow_overriding=[], cmake_args=None, cmake_target=None, cmake_target_skip_unavailable=False, cmake_clean_cache=False, cmake_clean_first=False, cmake_force_configure=False, ament_cmake_args=None, catkin_cmake_args=None, catkin_skip_building_tests=False, mixin_files=None, mixin=None, verb_parser=<colcon_mixin.mixin.mixin_argument.MixinArgumentDecorator object at 0x77bf20888cd0>, verb_extension=<colcon_core.verb.build.BuildVerb object at 0x77bf20888820>, main=<bound method BuildVerb.main of <colcon_core.verb.build.BuildVerb object at 0x77bf20888820>>, mixin_verb=('build',))
[0.187s] Level 1:colcon.colcon_core.package_discovery:discover_packages(colcon_meta) check parameters
[0.188s] Level 1:colcon.colcon_core.package_discovery:discover_packages(recursive) check parameters
[0.188s] Level 1:colcon.colcon_core.package_discovery:discover_packages(ignore) check parameters
[0.188s] Level 1:colcon.colcon_core.package_discovery:discover_packages(path) check parameters
[0.188s] Level 1:colcon.colcon_core.package_discovery:discover_packages(colcon_meta) discover
[0.188s] Level 1:colcon.colcon_core.package_discovery:discover_packages(recursive) discover
[0.188s] INFO:colcon.colcon_core.package_discovery:Crawling recursively for packages in '/home/johan/planning_with_ROS2_course'
[0.188s] Level 1:colcon.colcon_core.package_identification:_identify(.) by extensions ['ignore', 'ignore_ament_install']
[0.188s] Level 1:colcon.colcon_core.package_identification:_identify(.) by extension 'ignore'
[0.188s] Level 1:colcon.colcon_core.package_identification:_identify(.) by extension 'ignore_ament_install'
[0.188s] Level 1:colcon.colcon_core.package_identification:_identify(.) by extensions ['colcon_pkg']
[0.188s] Level 1:colcon.colcon_core.package_identification:_identify(.) by extension 'colcon_pkg'
[0.188s] Level 1:colcon.colcon_core.package_identification:_identify(.) by extensions ['colcon_meta']
[0.188s] Level 1:colcon.colcon_core.package_identification:_identify(.) by extension 'colcon_meta'
[0.188s] Level 1:colcon.colcon_core.package_identification:_identify(.) by extensions ['ros']
[0.188s] Level 1:colcon.colcon_core.package_identification:_identify(.) by extension 'ros'
[0.201s] Level 1:colcon.colcon_core.package_identification:_identify(.) by extensions ['cmake', 'python']
[0.201s] Level 1:colcon.colcon_core.package_identification:_identify(.) by extension 'cmake'
[0.201s] Level 1:colcon.colcon_core.package_identification:_identify(.) by extension 'python'
[0.201s] Level 1:colcon.colcon_core.package_identification:_identify(.) by extensions ['python_setup_py']
[0.201s] Level 1:colcon.colcon_core.package_identification:_identify(.) by extension 'python_setup_py'
[0.201s] Level 1:colcon.colcon_core.package_identification:_identify(build) by extensions ['ignore', 'ignore_ament_install']
[0.201s] Level 1:colcon.colcon_core.package_identification:_identify(build) by extension 'ignore'
[0.201s] Level 1:colcon.colcon_core.package_identification:_identify(build) ignored
[0.201s] Level 1:colcon.colcon_core.package_identification:_identify(doc) by extensions ['ignore', 'ignore_ament_install']
[0.201s] Level 1:colcon.colcon_core.package_identification:_identify(doc) by extension 'ignore'
[0.201s] Level 1:colcon.colcon_core.package_identification:_identify(doc) by extension 'ignore_ament_install'
[0.201s] Level 1:colcon.colcon_core.package_identification:_identify(doc) by extensions ['colcon_pkg']
[0.201s] Level 1:colcon.colcon_core.package_identification:_identify(doc) by extension 'colcon_pkg'
[0.201s] Level 1:colcon.colcon_core.package_identification:_identify(doc) by extensions ['colcon_meta']
[0.201s] Level 1:colcon.colcon_core.package_identification:_identify(doc) by extension 'colcon_meta'
[0.201s] Level 1:colcon.colcon_core.package_identification:_identify(doc) by extensions ['ros']
[0.201s] Level 1:colcon.colcon_core.package_identification:_identify(doc) by extension 'ros'
[0.201s] Level 1:colcon.colcon_core.package_identification:_identify(doc) by extensions ['cmake', 'python']
[0.201s] Level 1:colcon.colcon_core.package_identification:_identify(doc) by extension 'cmake'
[0.201s] Level 1:colcon.colcon_core.package_identification:_identify(doc) by extension 'python'
[0.201s] Level 1:colcon.colcon_core.package_identification:_identify(doc) by extensions ['python_setup_py']
[0.201s] Level 1:colcon.colcon_core.package_identification:_identify(doc) by extension 'python_setup_py'
[0.202s] Level 1:colcon.colcon_core.package_identification:_identify(install) by extensions ['ignore', 'ignore_ament_install']
[0.202s] Level 1:colcon.colcon_core.package_identification:_identify(install) by extension 'ignore'
[0.202s] Level 1:colcon.colcon_core.package_identification:_identify(install) ignored
[0.202s] Level 1:colcon.colcon_core.package_identification:_identify(log) by extensions ['ignore', 'ignore_ament_install']
[0.202s] Level 1:colcon.colcon_core.package_identification:_identify(log) by extension 'ignore'
[0.202s] Level 1:colcon.colcon_core.package_identification:_identify(log) ignored
[0.202s] Level 1:colcon.colcon_core.package_identification:_identify(src) by extensions ['ignore', 'ignore_ament_install']
[0.202s] Level 1:colcon.colcon_core.package_identification:_identify(src) by extension 'ignore'
[0.202s] Level 1:colcon.colcon_core.package_identification:_identify(src) by extension 'ignore_ament_install'
[0.202s] Level 1:colcon.colcon_core.package_identification:_identify(src) by extensions ['colcon_pkg']
[0.202s] Level 1:colcon.colcon_core.package_identification:_identify(src) by extension 'colcon_pkg'
[0.202s] Level 1:colcon.colcon_core.package_identification:_identify(src) by extensions ['colcon_meta']
[0.202s] Level 1:colcon.colcon_core.package_identification:_identify(src) by extension 'colcon_meta'
[0.202s] Level 1:colcon.colcon_core.package_identification:_identify(src) by extensions ['ros']
[0.202s] Level 1:colcon.colcon_core.package_identification:_identify(src) by extension 'ros'
[0.202s] Level 1:colcon.colcon_core.package_identification:_identify(src) by extensions ['cmake', 'python']
[0.202s] Level 1:colcon.colcon_core.package_identification:_identify(src) by extension 'cmake'
[0.202s] Level 1:colcon.colcon_core.package_identification:_identify(src) by extension 'python'
[0.202s] Level 1:colcon.colcon_core.package_identification:_identify(src) by extensions ['python_setup_py']
[0.202s] Level 1:colcon.colcon_core.package_identification:_identify(src) by extension 'python_setup_py'
[0.202s] Level 1:colcon.colcon_core.package_identification:_identify(src/base_msgs) by extensions ['ignore', 'ignore_ament_install']
[0.202s] Level 1:colcon.colcon_core.package_identification:_identify(src/base_msgs) by extension 'ignore'
[0.202s] Level 1:colcon.colcon_core.package_identification:_identify(src/base_msgs) by extension 'ignore_ament_install'
[0.202s] Level 1:colcon.colcon_core.package_identification:_identify(src/base_msgs) by extensions ['colcon_pkg']
[0.202s] Level 1:colcon.colcon_core.package_identification:_identify(src/base_msgs) by extension 'colcon_pkg'
[0.202s] Level 1:colcon.colcon_core.package_identification:_identify(src/base_msgs) by extensions ['colcon_meta']
[0.202s] Level 1:colcon.colcon_core.package_identification:_identify(src/base_msgs) by extension 'colcon_meta'
[0.202s] Level 1:colcon.colcon_core.package_identification:_identify(src/base_msgs) by extensions ['ros']
[0.202s] Level 1:colcon.colcon_core.package_identification:_identify(src/base_msgs) by extension 'ros'
[0.204s] DEBUG:colcon.colcon_core.package_identification:Package 'src/base_msgs' with type 'ros.ament_cmake' and name 'base_msgs'
[0.204s] Level 1:colcon.colcon_core.package_identification:_identify(src/data_plot) by extensions ['ignore', 'ignore_ament_install']
[0.204s] Level 1:colcon.colcon_core.package_identification:_identify(src/data_plot) by extension 'ignore'
[0.204s] Level 1:colcon.colcon_core.package_identification:_identify(src/data_plot) by extension 'ignore_ament_install'
[0.204s] Level 1:colcon.colcon_core.package_identification:_identify(src/data_plot) by extensions ['colcon_pkg']
[0.204s] Level 1:colcon.colcon_core.package_identification:_identify(src/data_plot) by extension 'colcon_pkg'
[0.204s] Level 1:colcon.colcon_core.package_identification:_identify(src/data_plot) by extensions ['colcon_meta']
[0.204s] Level 1:colcon.colcon_core.package_identification:_identify(src/data_plot) by extension 'colcon_meta'
[0.204s] Level 1:colcon.colcon_core.package_identification:_identify(src/data_plot) by extensions ['ros']
[0.204s] Level 1:colcon.colcon_core.package_identification:_identify(src/data_plot) by extension 'ros'
[0.205s] DEBUG:colcon.colcon_core.package_identification:Package 'src/data_plot' with type 'ros.ament_python' and name 'data_plot'
[0.205s] Level 1:colcon.colcon_core.package_identification:_identify(src/planning) by extensions ['ignore', 'ignore_ament_install']
[0.205s] Level 1:colcon.colcon_core.package_identification:_identify(src/planning) by extension 'ignore'
[0.205s] Level 1:colcon.colcon_core.package_identification:_identify(src/planning) by extension 'ignore_ament_install'
[0.205s] Level 1:colcon.colcon_core.package_identification:_identify(src/planning) by extensions ['colcon_pkg']
[0.205s] Level 1:colcon.colcon_core.package_identification:_identify(src/planning) by extension 'colcon_pkg'
[0.205s] Level 1:colcon.colcon_core.package_identification:_identify(src/planning) by extensions ['colcon_meta']
[0.205s] Level 1:colcon.colcon_core.package_identification:_identify(src/planning) by extension 'colcon_meta'
[0.205s] Level 1:colcon.colcon_core.package_identification:_identify(src/planning) by extensions ['ros']
[0.205s] Level 1:colcon.colcon_core.package_identification:_identify(src/planning) by extension 'ros'
[0.206s] DEBUG:colcon.colcon_core.package_identification:Package 'src/planning' with type 'ros.ament_cmake' and name 'planning'
[0.206s] Level 1:colcon.colcon_core.package_discovery:discover_packages(recursive) using defaults
[0.206s] Level 1:colcon.colcon_core.package_discovery:discover_packages(ignore) discover
[0.206s] Level 1:colcon.colcon_core.package_discovery:discover_packages(ignore) using defaults
[0.206s] Level 1:colcon.colcon_core.package_discovery:discover_packages(path) discover
[0.206s] Level 1:colcon.colcon_core.package_discovery:discover_packages(path) using defaults
[0.219s] Level 1:colcon.colcon_core.package_discovery:discover_packages(prefix_path) check parameters
[0.219s] Level 1:colcon.colcon_core.package_discovery:discover_packages(prefix_path) discover
[0.220s] DEBUG:colcon.colcon_installed_package_information.package_discovery:Found 3 installed packages in /home/johan/planning_with_ROS2_course/install
[0.221s] DEBUG:colcon.colcon_installed_package_information.package_discovery:Found 444 installed packages in /opt/ros/humble
[0.223s] Level 1:colcon.colcon_core.package_discovery:discover_packages(prefix_path) using defaults
[0.253s] Level 5:colcon.colcon_core.verb:set package 'base_msgs' build argument 'cmake_args' from command line to 'None'
[0.253s] Level 5:colcon.colcon_core.verb:set package 'base_msgs' build argument 'cmake_target' from command line to 'None'
[0.253s] Level 5:colcon.colcon_core.verb:set package 'base_msgs' build argument 'cmake_target_skip_unavailable' from command line to 'False'
[0.253s] Level 5:colcon.colcon_core.verb:set package 'base_msgs' build argument 'cmake_clean_cache' from command line to 'False'
[0.253s] Level 5:colcon.colcon_core.verb:set package 'base_msgs' build argument 'cmake_clean_first' from command line to 'False'
[0.253s] Level 5:colcon.colcon_core.verb:set package 'base_msgs' build argument 'cmake_force_configure' from command line to 'False'
[0.253s] Level 5:colcon.colcon_core.verb:set package 'base_msgs' build argument 'ament_cmake_args' from command line to 'None'
[0.253s] Level 5:colcon.colcon_core.verb:set package 'base_msgs' build argument 'catkin_cmake_args' from command line to 'None'
[0.253s] Level 5:colcon.colcon_core.verb:set package 'base_msgs' build argument 'catkin_skip_building_tests' from command line to 'False'
[0.253s] DEBUG:colcon.colcon_core.verb:Building package 'base_msgs' with the following arguments: {'ament_cmake_args': None, 'build_base': '/home/johan/planning_with_ROS2_course/build/base_msgs', 'catkin_cmake_args': None, 'catkin_skip_building_tests': False, 'cmake_args': None, 'cmake_clean_cache': False, 'cmake_clean_first': False, 'cmake_force_configure': False, 'cmake_target': None, 'cmake_target_skip_unavailable': False, 'install_base': '/home/johan/planning_with_ROS2_course/install/base_msgs', 'merge_install': False, 'path': '/home/johan/planning_with_ROS2_course/src/base_msgs', 'symlink_install': False, 'test_result_base': None}
[0.253s] Level 5:colcon.colcon_core.verb:set package 'data_plot' build argument 'cmake_args' from command line to 'None'
[0.253s] Level 5:colcon.colcon_core.verb:set package 'data_plot' build argument 'cmake_target' from command line to 'None'
[0.253s] Level 5:colcon.colcon_core.verb:set package 'data_plot' build argument 'cmake_target_skip_unavailable' from command line to 'False'
[0.253s] Level 5:colcon.colcon_core.verb:set package 'data_plot' build argument 'cmake_clean_cache' from command line to 'False'
[0.253s] Level 5:colcon.colcon_core.verb:set package 'data_plot' build argument 'cmake_clean_first' from command line to 'False'
[0.253s] Level 5:colcon.colcon_core.verb:set package 'data_plot' build argument 'cmake_force_configure' from command line to 'False'
[0.253s] Level 5:colcon.colcon_core.verb:set package 'data_plot' build argument 'ament_cmake_args' from command line to 'None'
[0.253s] Level 5:colcon.colcon_core.verb:set package 'data_plot' build argument 'catkin_cmake_args' from command line to 'None'
[0.253s] Level 5:colcon.colcon_core.verb:set package 'data_plot' build argument 'catkin_skip_building_tests' from command line to 'False'
[0.253s] DEBUG:colcon.colcon_core.verb:Building package 'data_plot' with the following arguments: {'ament_cmake_args': None, 'build_base': '/home/johan/planning_with_ROS2_course/build/data_plot', 'catkin_cmake_args': None, 'catkin_skip_building_tests': False, 'cmake_args': None, 'cmake_clean_cache': False, 'cmake_clean_first': False, 'cmake_force_configure': False, 'cmake_target': None, 'cmake_target_skip_unavailable': False, 'install_base': '/home/johan/planning_with_ROS2_course/install/data_plot', 'merge_install': False, 'path': '/home/johan/planning_with_ROS2_course/src/data_plot', 'symlink_install': False, 'test_result_base': None}
[0.253s] Level 5:colcon.colcon_core.verb:set package 'planning' build argument 'cmake_args' from command line to 'None'
[0.253s] Level 5:colcon.colcon_core.verb:set package 'planning' build argument 'cmake_target' from command line to 'None'
[0.253s] Level 5:colcon.colcon_core.verb:set package 'planning' build argument 'cmake_target_skip_unavailable' from command line to 'False'
[0.253s] Level 5:colcon.colcon_core.verb:set package 'planning' build argument 'cmake_clean_cache' from command line to 'False'
[0.254s] Level 5:colcon.colcon_core.verb:set package 'planning' build argument 'cmake_clean_first' from command line to 'False'
[0.254s] Level 5:colcon.colcon_core.verb:set package 'planning' build argument 'cmake_force_configure' from command line to 'False'
[0.254s] Level 5:colcon.colcon_core.verb:set package 'planning' build argument 'ament_cmake_args' from command line to 'None'
[0.254s] Level 5:colcon.colcon_core.verb:set package 'planning' build argument 'catkin_cmake_args' from command line to 'None'
[0.254s] Level 5:colcon.colcon_core.verb:set package 'planning' build argument 'catkin_skip_building_tests' from command line to 'False'
[0.254s] DEBUG:colcon.colcon_core.verb:Building package 'planning' with the following arguments: {'ament_cmake_args': None, 'build_base': '/home/johan/planning_with_ROS2_course/build/planning', 'catkin_cmake_args': None, 'catkin_skip_building_tests': False, 'cmake_args': None, 'cmake_clean_cache': False, 'cmake_clean_first': False, 'cmake_force_configure': False, 'cmake_target': None, 'cmake_target_skip_unavailable': False, 'install_base': '/home/johan/planning_with_ROS2_course/install/planning', 'merge_install': False, 'path': '/home/johan/planning_with_ROS2_course/src/planning', 'symlink_install': False, 'test_result_base': None}
[0.254s] INFO:colcon.colcon_core.executor:Executing jobs using 'parallel' executor
[0.254s] DEBUG:colcon.colcon_parallel_executor.executor.parallel:run_until_complete
[0.255s] INFO:colcon.colcon_ros.task.ament_cmake.build:Building ROS package in '/home/johan/planning_with_ROS2_course/src/base_msgs' with build type 'ament_cmake'
[0.255s] INFO:colcon.colcon_cmake.task.cmake.build:Building CMake package in '/home/johan/planning_with_ROS2_course/src/base_msgs'
[0.256s] INFO:colcon.colcon_core.plugin_system:Skipping extension 'colcon_core.shell.bat': Not used on non-Windows systems
[0.256s] INFO:colcon.colcon_core.shell:Skip shell extension 'powershell' for command environment: Not usable outside of PowerShell
[0.256s] DEBUG:colcon.colcon_core.shell:Skip shell extension 'dsv' for command environment
[0.263s] DEBUG:colcon.colcon_core.event_handler.log_command:Invoking command in '/home/johan/planning_with_ROS2_course/build/base_msgs': CMAKE_PREFIX_PATH=${CMAKE_PREFIX_PATH}:/home/johan/planning_with_ROS2_course/install/data_plot:/opt/ros/humble /usr/bin/cmake --build /home/johan/planning_with_ROS2_course/build/base_msgs -- -j16 -l16
[0.291s] DEBUG:colcon.colcon_core.event_handler.log_command:Invoked command in '/home/johan/planning_with_ROS2_course/build/base_msgs' returned '0': CMAKE_PREFIX_PATH=${CMAKE_PREFIX_PATH}:/home/johan/planning_with_ROS2_course/install/data_plot:/opt/ros/humble /usr/bin/cmake --build /home/johan/planning_with_ROS2_course/build/base_msgs -- -j16 -l16
[0.300s] DEBUG:colcon.colcon_core.event_handler.log_command:Invoking command in '/home/johan/planning_with_ROS2_course/build/base_msgs': CMAKE_PREFIX_PATH=${CMAKE_PREFIX_PATH}:/home/johan/planning_with_ROS2_course/install/data_plot:/opt/ros/humble /usr/bin/cmake --install /home/johan/planning_with_ROS2_course/build/base_msgs
[0.309s] Level 1:colcon.colcon_core.environment:create_environment_scripts_only(base_msgs)
[0.310s] DEBUG:colcon.colcon_core.event_handler.log_command:Invoked command in '/home/johan/planning_with_ROS2_course/build/base_msgs' returned '0': CMAKE_PREFIX_PATH=${CMAKE_PREFIX_PATH}:/home/johan/planning_with_ROS2_course/install/data_plot:/opt/ros/humble /usr/bin/cmake --install /home/johan/planning_with_ROS2_course/build/base_msgs
[0.313s] Level 1:colcon.colcon_core.environment:checking '/home/johan/planning_with_ROS2_course/install/base_msgs' for CMake module files
[0.314s] Level 1:colcon.colcon_core.environment:checking '/home/johan/planning_with_ROS2_course/install/base_msgs' for CMake config files
[0.314s] Level 1:colcon.colcon_core.shell:create_environment_hook('base_msgs', 'cmake_prefix_path')
[0.315s] INFO:colcon.colcon_core.shell:Creating environment hook '/home/johan/planning_with_ROS2_course/install/base_msgs/share/base_msgs/hook/cmake_prefix_path.ps1'
[0.315s] INFO:colcon.colcon_core.shell:Creating environment descriptor '/home/johan/planning_with_ROS2_course/install/base_msgs/share/base_msgs/hook/cmake_prefix_path.dsv'
[0.316s] INFO:colcon.colcon_core.shell:Creating environment hook '/home/johan/planning_with_ROS2_course/install/base_msgs/share/base_msgs/hook/cmake_prefix_path.sh'
[0.317s] Level 1:colcon.colcon_core.environment:checking '/home/johan/planning_with_ROS2_course/install/base_msgs/bin'
[0.317s] Level 1:colcon.colcon_core.environment:checking '/home/johan/planning_with_ROS2_course/install/base_msgs/lib/pkgconfig/base_msgs.pc'
[0.317s] Level 1:colcon.colcon_core.environment:checking '/home/johan/planning_with_ROS2_course/install/base_msgs/lib/python3.10/site-packages'
[0.318s] Level 1:colcon.colcon_core.environment:checking '/home/johan/planning_with_ROS2_course/install/base_msgs/bin'
[0.318s] INFO:colcon.colcon_core.shell:Creating package script '/home/johan/planning_with_ROS2_course/install/base_msgs/share/base_msgs/package.ps1'
[0.319s] INFO:colcon.colcon_core.shell:Creating package descriptor '/home/johan/planning_with_ROS2_course/install/base_msgs/share/base_msgs/package.dsv'
[0.319s] INFO:colcon.colcon_core.shell:Creating package script '/home/johan/planning_with_ROS2_course/install/base_msgs/share/base_msgs/package.sh'
[0.320s] INFO:colcon.colcon_core.shell:Creating package script '/home/johan/planning_with_ROS2_course/install/base_msgs/share/base_msgs/package.bash'
[0.321s] INFO:colcon.colcon_core.shell:Creating package script '/home/johan/planning_with_ROS2_course/install/base_msgs/share/base_msgs/package.zsh'
[0.322s] Level 1:colcon.colcon_core.environment:create_file_with_runtime_dependencies(/home/johan/planning_with_ROS2_course/install/base_msgs/share/colcon-core/packages/base_msgs)
[0.322s] Level 1:colcon.colcon_core.environment:create_environment_scripts_only(base_msgs)
[0.322s] Level 1:colcon.colcon_core.environment:checking '/home/johan/planning_with_ROS2_course/install/base_msgs' for CMake module files
[0.323s] Level 1:colcon.colcon_core.environment:checking '/home/johan/planning_with_ROS2_course/install/base_msgs' for CMake config files
[0.323s] Level 1:colcon.colcon_core.shell:create_environment_hook('base_msgs', 'cmake_prefix_path')
[0.323s] INFO:colcon.colcon_core.shell:Creating environment hook '/home/johan/planning_with_ROS2_course/install/base_msgs/share/base_msgs/hook/cmake_prefix_path.ps1'
[0.323s] INFO:colcon.colcon_core.shell:Creating environment descriptor '/home/johan/planning_with_ROS2_course/install/base_msgs/share/base_msgs/hook/cmake_prefix_path.dsv'
[0.324s] INFO:colcon.colcon_core.shell:Creating environment hook '/home/johan/planning_with_ROS2_course/install/base_msgs/share/base_msgs/hook/cmake_prefix_path.sh'
[0.324s] Level 1:colcon.colcon_core.environment:checking '/home/johan/planning_with_ROS2_course/install/base_msgs/bin'
[0.324s] Level 1:colcon.colcon_core.environment:checking '/home/johan/planning_with_ROS2_course/install/base_msgs/lib/pkgconfig/base_msgs.pc'
[0.324s] Level 1:colcon.colcon_core.environment:checking '/home/johan/planning_with_ROS2_course/install/base_msgs/lib/python3.10/site-packages'
[0.324s] Level 1:colcon.colcon_core.environment:checking '/home/johan/planning_with_ROS2_course/install/base_msgs/bin'
[0.325s] INFO:colcon.colcon_core.shell:Creating package script '/home/johan/planning_with_ROS2_course/install/base_msgs/share/base_msgs/package.ps1'
[0.325s] INFO:colcon.colcon_core.shell:Creating package descriptor '/home/johan/planning_with_ROS2_course/install/base_msgs/share/base_msgs/package.dsv'
[0.325s] INFO:colcon.colcon_core.shell:Creating package script '/home/johan/planning_with_ROS2_course/install/base_msgs/share/base_msgs/package.sh'
[0.326s] INFO:colcon.colcon_core.shell:Creating package script '/home/johan/planning_with_ROS2_course/install/base_msgs/share/base_msgs/package.bash'
[0.326s] INFO:colcon.colcon_core.shell:Creating package script '/home/johan/planning_with_ROS2_course/install/base_msgs/share/base_msgs/package.zsh'
[0.326s] Level 1:colcon.colcon_core.environment:create_file_with_runtime_dependencies(/home/johan/planning_with_ROS2_course/install/base_msgs/share/colcon-core/packages/base_msgs)
[0.326s] INFO:colcon.colcon_ros.task.ament_python.build:Building ROS package in '/home/johan/planning_with_ROS2_course/src/data_plot' with build type 'ament_python'
[0.327s] Level 1:colcon.colcon_core.shell:create_environment_hook('data_plot', 'ament_prefix_path')
[0.327s] INFO:colcon.colcon_core.shell:Creating environment hook '/home/johan/planning_with_ROS2_course/install/data_plot/share/data_plot/hook/ament_prefix_path.ps1'
[0.327s] INFO:colcon.colcon_core.shell:Creating environment descriptor '/home/johan/planning_with_ROS2_course/install/data_plot/share/data_plot/hook/ament_prefix_path.dsv'
[0.327s] INFO:colcon.colcon_core.shell:Creating environment hook '/home/johan/planning_with_ROS2_course/install/data_plot/share/data_plot/hook/ament_prefix_path.sh'
[0.328s] INFO:colcon.colcon_core.shell:Skip shell extension 'powershell' for command environment: Not usable outside of PowerShell
[0.328s] DEBUG:colcon.colcon_core.shell:Skip shell extension 'dsv' for command environment
[0.330s] INFO:colcon.colcon_ros.task.ament_cmake.build:Building ROS package in '/home/johan/planning_with_ROS2_course/src/planning' with build type 'ament_cmake'
[0.330s] INFO:colcon.colcon_cmake.task.cmake.build:Building CMake package in '/home/johan/planning_with_ROS2_course/src/planning'
[0.330s] INFO:colcon.colcon_core.shell:Skip shell extension 'powershell' for command environment: Not usable outside of PowerShell
[0.330s] DEBUG:colcon.colcon_core.shell:Skip shell extension 'dsv' for command environment
[0.506s] INFO:colcon.colcon_core.task.python.build:Building Python package in '/home/johan/planning_with_ROS2_course/src/data_plot'
[0.506s] INFO:colcon.colcon_core.shell:Skip shell extension 'powershell' for command environment: Not usable outside of PowerShell
[0.506s] DEBUG:colcon.colcon_core.shell:Skip shell extension 'dsv' for command environment
[0.513s] DEBUG:colcon.colcon_core.event_handler.log_command:Invoking command in '/home/johan/planning_with_ROS2_course/build/planning': CMAKE_PREFIX_PATH=/home/johan/planning_with_ROS2_course/install/base_msgs:/home/johan/planning_with_ROS2_course/install/planning:/home/johan/planning_with_ROS2_course/install/data_plot:/opt/ros/humble /usr/bin/cmake --build /home/johan/planning_with_ROS2_course/build/planning -- -j16 -l16
[0.766s] DEBUG:colcon.colcon_core.event_handler.log_command:Invoking command in '/home/johan/planning_with_ROS2_course/src/data_plot': CMAKE_PREFIX_PATH=/home/johan/planning_with_ROS2_course/install/base_msgs:/home/johan/planning_with_ROS2_course/install/planning PYTHONPATH=/home/johan/planning_with_ROS2_course/build/data_plot/prefix_override:/usr/lib/python3/dist-packages/colcon_core/task/python/colcon_distutils_commands:/home/johan/planning_with_ROS2_course/install/data_plot/lib/python3.10/site-packages:${PYTHONPATH} /usr/bin/python3 -W ignore:setup.py install is deprecated -W ignore:easy_install command is deprecated setup.py egg_info --egg-base ../../build/data_plot build --build-base /home/johan/planning_with_ROS2_course/build/data_plot/build install --record /home/johan/planning_with_ROS2_course/build/data_plot/install.log --single-version-externally-managed install_data
[0.956s] Level 1:colcon.colcon_core.environment:checking '/home/johan/planning_with_ROS2_course/install/data_plot' for CMake module files
[0.956s] DEBUG:colcon.colcon_core.event_handler.log_command:Invoked command in '/home/johan/planning_with_ROS2_course/src/data_plot' returned '0': CMAKE_PREFIX_PATH=/home/johan/planning_with_ROS2_course/install/base_msgs:/home/johan/planning_with_ROS2_course/install/planning PYTHONPATH=/home/johan/planning_with_ROS2_course/build/data_plot/prefix_override:/usr/lib/python3/dist-packages/colcon_core/task/python/colcon_distutils_commands:/home/johan/planning_with_ROS2_course/install/data_plot/lib/python3.10/site-packages:${PYTHONPATH} /usr/bin/python3 -W ignore:setup.py install is deprecated -W ignore:easy_install command is deprecated setup.py egg_info --egg-base ../../build/data_plot build --build-base /home/johan/planning_with_ROS2_course/build/data_plot/build install --record /home/johan/planning_with_ROS2_course/build/data_plot/install.log --single-version-externally-managed install_data
[0.957s] Level 1:colcon.colcon_core.environment:checking '/home/johan/planning_with_ROS2_course/install/data_plot' for CMake config files
[0.958s] Level 1:colcon.colcon_core.environment:checking '/home/johan/planning_with_ROS2_course/install/data_plot/lib'
[0.958s] Level 1:colcon.colcon_core.environment:checking '/home/johan/planning_with_ROS2_course/install/data_plot/bin'
[0.958s] Level 1:colcon.colcon_core.environment:checking '/home/johan/planning_with_ROS2_course/install/data_plot/lib/pkgconfig/data_plot.pc'
[0.958s] Level 1:colcon.colcon_core.environment:checking '/home/johan/planning_with_ROS2_course/install/data_plot/lib/python3.10/site-packages'
[0.958s] Level 1:colcon.colcon_core.shell:create_environment_hook('data_plot', 'pythonpath')
[0.959s] INFO:colcon.colcon_core.shell:Creating environment hook '/home/johan/planning_with_ROS2_course/install/data_plot/share/data_plot/hook/pythonpath.ps1'
[0.959s] INFO:colcon.colcon_core.shell:Creating environment descriptor '/home/johan/planning_with_ROS2_course/install/data_plot/share/data_plot/hook/pythonpath.dsv'
[0.960s] INFO:colcon.colcon_core.shell:Creating environment hook '/home/johan/planning_with_ROS2_course/install/data_plot/share/data_plot/hook/pythonpath.sh'
[0.961s] Level 1:colcon.colcon_core.environment:checking '/home/johan/planning_with_ROS2_course/install/data_plot/bin'
[0.961s] Level 1:colcon.colcon_core.environment:create_environment_scripts_only(data_plot)
[0.961s] INFO:colcon.colcon_core.shell:Creating package script '/home/johan/planning_with_ROS2_course/install/data_plot/share/data_plot/package.ps1'
[0.962s] INFO:colcon.colcon_core.shell:Creating package descriptor '/home/johan/planning_with_ROS2_course/install/data_plot/share/data_plot/package.dsv'
[0.962s] INFO:colcon.colcon_core.shell:Creating package script '/home/johan/planning_with_ROS2_course/install/data_plot/share/data_plot/package.sh'
[0.963s] INFO:colcon.colcon_core.shell:Creating package script '/home/johan/planning_with_ROS2_course/install/data_plot/share/data_plot/package.bash'
[0.963s] INFO:colcon.colcon_core.shell:Creating package script '/home/johan/planning_with_ROS2_course/install/data_plot/share/data_plot/package.zsh'
[0.964s] Level 1:colcon.colcon_core.environment:create_file_with_runtime_dependencies(/home/johan/planning_with_ROS2_course/install/data_plot/share/colcon-core/packages/data_plot)
[2.784s] DEBUG:colcon.colcon_core.event_handler.log_command:Invoked command in '/home/johan/planning_with_ROS2_course/build/planning' returned '0': CMAKE_PREFIX_PATH=/home/johan/planning_with_ROS2_course/install/base_msgs:/home/johan/planning_with_ROS2_course/install/planning:/home/johan/planning_with_ROS2_course/install/data_plot:/opt/ros/humble /usr/bin/cmake --build /home/johan/planning_with_ROS2_course/build/planning -- -j16 -l16
[2.786s] DEBUG:colcon.colcon_core.event_handler.log_command:Invoking command in '/home/johan/planning_with_ROS2_course/build/planning': CMAKE_PREFIX_PATH=/home/johan/planning_with_ROS2_course/install/base_msgs:/home/johan/planning_with_ROS2_course/install/planning:/home/johan/planning_with_ROS2_course/install/data_plot:/opt/ros/humble /usr/bin/cmake --install /home/johan/planning_with_ROS2_course/build/planning
[2.796s] Level 1:colcon.colcon_core.environment:create_environment_scripts_only(planning)
[2.797s] Level 1:colcon.colcon_core.environment:checking '/home/johan/planning_with_ROS2_course/install/planning' for CMake module files
[2.797s] Level 1:colcon.colcon_core.environment:checking '/home/johan/planning_with_ROS2_course/install/planning' for CMake config files
[2.798s] DEBUG:colcon.colcon_core.event_handler.log_command:Invoked command in '/home/johan/planning_with_ROS2_course/build/planning' returned '0': CMAKE_PREFIX_PATH=/home/johan/planning_with_ROS2_course/install/base_msgs:/home/johan/planning_with_ROS2_course/install/planning:/home/johan/planning_with_ROS2_course/install/data_plot:/opt/ros/humble /usr/bin/cmake --install /home/johan/planning_with_ROS2_course/build/planning
[2.798s] Level 1:colcon.colcon_core.shell:create_environment_hook('planning', 'cmake_prefix_path')
[2.798s] INFO:colcon.colcon_core.shell:Creating environment hook '/home/johan/planning_with_ROS2_course/install/planning/share/planning/hook/cmake_prefix_path.ps1'
[2.799s] INFO:colcon.colcon_core.shell:Creating environment descriptor '/home/johan/planning_with_ROS2_course/install/planning/share/planning/hook/cmake_prefix_path.dsv'
[2.799s] INFO:colcon.colcon_core.shell:Creating environment hook '/home/johan/planning_with_ROS2_course/install/planning/share/planning/hook/cmake_prefix_path.sh'
[2.800s] Level 1:colcon.colcon_core.environment:checking '/home/johan/planning_with_ROS2_course/install/planning/lib'
[2.800s] Level 1:colcon.colcon_core.shell:create_environment_hook('planning', 'ld_library_path_lib')
[2.800s] INFO:colcon.colcon_core.shell:Creating environment hook '/home/johan/planning_with_ROS2_course/install/planning/share/planning/hook/ld_library_path_lib.ps1'
[2.800s] INFO:colcon.colcon_core.shell:Creating environment descriptor '/home/johan/planning_with_ROS2_course/install/planning/share/planning/hook/ld_library_path_lib.dsv'
[2.800s] INFO:colcon.colcon_core.shell:Creating environment hook '/home/johan/planning_with_ROS2_course/install/planning/share/planning/hook/ld_library_path_lib.sh'
[2.801s] Level 1:colcon.colcon_core.environment:checking '/home/johan/planning_with_ROS2_course/install/planning/bin'
[2.801s] Level 1:colcon.colcon_core.environment:checking '/home/johan/planning_with_ROS2_course/install/planning/lib/pkgconfig/planning.pc'
[2.801s] Level 1:colcon.colcon_core.environment:checking '/home/johan/planning_with_ROS2_course/install/planning/lib/python3.10/site-packages'
[2.801s] Level 1:colcon.colcon_core.environment:checking '/home/johan/planning_with_ROS2_course/install/planning/bin'
[2.801s] INFO:colcon.colcon_core.shell:Creating package script '/home/johan/planning_with_ROS2_course/install/planning/share/planning/package.ps1'
[2.802s] INFO:colcon.colcon_core.shell:Creating package descriptor '/home/johan/planning_with_ROS2_course/install/planning/share/planning/package.dsv'
[2.802s] INFO:colcon.colcon_core.shell:Creating package script '/home/johan/planning_with_ROS2_course/install/planning/share/planning/package.sh'
[2.803s] INFO:colcon.colcon_core.shell:Creating package script '/home/johan/planning_with_ROS2_course/install/planning/share/planning/package.bash'
[2.803s] INFO:colcon.colcon_core.shell:Creating package script '/home/johan/planning_with_ROS2_course/install/planning/share/planning/package.zsh'
[2.803s] Level 1:colcon.colcon_core.environment:create_file_with_runtime_dependencies(/home/johan/planning_with_ROS2_course/install/planning/share/colcon-core/packages/planning)
[2.804s] Level 1:colcon.colcon_core.environment:create_environment_scripts_only(planning)
[2.804s] Level 1:colcon.colcon_core.environment:checking '/home/johan/planning_with_ROS2_course/install/planning' for CMake module files
[2.804s] Level 1:colcon.colcon_core.environment:checking '/home/johan/planning_with_ROS2_course/install/planning' for CMake config files
[2.805s] Level 1:colcon.colcon_core.shell:create_environment_hook('planning', 'cmake_prefix_path')
[2.805s] INFO:colcon.colcon_core.shell:Creating environment hook '/home/johan/planning_with_ROS2_course/install/planning/share/planning/hook/cmake_prefix_path.ps1'
[2.805s] INFO:colcon.colcon_core.shell:Creating environment descriptor '/home/johan/planning_with_ROS2_course/install/planning/share/planning/hook/cmake_prefix_path.dsv'
[2.806s] INFO:colcon.colcon_core.shell:Creating environment hook '/home/johan/planning_with_ROS2_course/install/planning/share/planning/hook/cmake_prefix_path.sh'
[2.806s] Level 1:colcon.colcon_core.environment:checking '/home/johan/planning_with_ROS2_course/install/planning/lib'
[2.806s] Level 1:colcon.colcon_core.shell:create_environment_hook('planning', 'ld_library_path_lib')
[2.806s] INFO:colcon.colcon_core.shell:Creating environment hook '/home/johan/planning_with_ROS2_course/install/planning/share/planning/hook/ld_library_path_lib.ps1'
[2.807s] INFO:colcon.colcon_core.shell:Creating environment descriptor '/home/johan/planning_with_ROS2_course/install/planning/share/planning/hook/ld_library_path_lib.dsv'
[2.807s] INFO:colcon.colcon_core.shell:Creating environment hook '/home/johan/planning_with_ROS2_course/install/planning/share/planning/hook/ld_library_path_lib.sh'
[2.807s] Level 1:colcon.colcon_core.environment:checking '/home/johan/planning_with_ROS2_course/install/planning/bin'
[2.807s] Level 1:colcon.colcon_core.environment:checking '/home/johan/planning_with_ROS2_course/install/planning/lib/pkgconfig/planning.pc'
[2.807s] Level 1:colcon.colcon_core.environment:checking '/home/johan/planning_with_ROS2_course/install/planning/lib/python3.10/site-packages'
[2.807s] Level 1:colcon.colcon_core.environment:checking '/home/johan/planning_with_ROS2_course/install/planning/bin'
[2.808s] INFO:colcon.colcon_core.shell:Creating package script '/home/johan/planning_with_ROS2_course/install/planning/share/planning/package.ps1'
[2.808s] INFO:colcon.colcon_core.shell:Creating package descriptor '/home/johan/planning_with_ROS2_course/install/planning/share/planning/package.dsv'
[2.808s] INFO:colcon.colcon_core.shell:Creating package script '/home/johan/planning_with_ROS2_course/install/planning/share/planning/package.sh'
[2.808s] INFO:colcon.colcon_core.shell:Creating package script '/home/johan/planning_with_ROS2_course/install/planning/share/planning/package.bash'
[2.809s] INFO:colcon.colcon_core.shell:Creating package script '/home/johan/planning_with_ROS2_course/install/planning/share/planning/package.zsh'
[2.809s] Level 1:colcon.colcon_core.environment:create_file_with_runtime_dependencies(/home/johan/planning_with_ROS2_course/install/planning/share/colcon-core/packages/planning)
[2.809s] DEBUG:colcon.colcon_parallel_executor.executor.parallel:closing loop
[2.809s] DEBUG:colcon.colcon_parallel_executor.executor.parallel:loop closed
[2.809s] DEBUG:colcon.colcon_parallel_executor.executor.parallel:run_until_complete finished with '0'
[2.809s] DEBUG:colcon.colcon_core.event_reactor:joining thread
[2.815s] INFO:colcon.colcon_core.plugin_system:Skipping extension 'colcon_notification.desktop_notification.terminal_notifier': Not used on non-Darwin systems
[2.815s] INFO:colcon.colcon_core.plugin_system:Skipping extension 'colcon_notification.desktop_notification.win32': Not used on non-Windows systems
[2.815s] INFO:colcon.colcon_notification.desktop_notification:Sending desktop notification using 'notify2'
[2.825s] DEBUG:colcon.colcon_core.event_reactor:joined thread
[2.826s] INFO:colcon.colcon_core.shell:Creating prefix script '/home/johan/planning_with_ROS2_course/install/local_setup.ps1'
[2.827s] INFO:colcon.colcon_core.shell:Creating prefix util module '/home/johan/planning_with_ROS2_course/install/_local_setup_util_ps1.py'
[2.828s] INFO:colcon.colcon_core.shell:Creating prefix chain script '/home/johan/planning_with_ROS2_course/install/setup.ps1'
[2.830s] INFO:colcon.colcon_core.shell:Creating prefix script '/home/johan/planning_with_ROS2_course/install/local_setup.sh'
[2.830s] INFO:colcon.colcon_core.shell:Creating prefix util module '/home/johan/planning_with_ROS2_course/install/_local_setup_util_sh.py'
[2.831s] INFO:colcon.colcon_core.shell:Creating prefix chain script '/home/johan/planning_with_ROS2_course/install/setup.sh'
[2.832s] INFO:colcon.colcon_core.shell:Creating prefix script '/home/johan/planning_with_ROS2_course/install/local_setup.bash'
[2.832s] INFO:colcon.colcon_core.shell:Creating prefix chain script '/home/johan/planning_with_ROS2_course/install/setup.bash'
[2.833s] INFO:colcon.colcon_core.shell:Creating prefix script '/home/johan/planning_with_ROS2_course/install/local_setup.zsh'
[2.833s] INFO:colcon.colcon_core.shell:Creating prefix chain script '/home/johan/planning_with_ROS2_course/install/setup.zsh'
