[01m[K/home/johan/planning_with_ROS2_course/src/planning/src/pnc_map_creator/pnc_map_topo/pnc_map_topo.cpp:[m[K In member function ‘[01m[Kvoid Planning::PNCMapCreatorTopo::create_grid_topo(int, int, double)[m[K’:
[01m[K/home/johan/planning_with_ROS2_course/src/planning/src/pnc_map_creator/pnc_map_topo/pnc_map_topo.cpp:45:21:[m[K [01;35m[Kwarning: [m[Kunused variable ‘[01m[Knode_id[m[K’ [[01;35m[K]8;;https://gcc.gnu.org/onlinedocs/gcc/Warning-Options.html#index-Wunused-variable-Wunused-variable]8;;[m[K]
   45 |                 int [01;35m[Knode_id[m[K = add_node(pos,node_type);
      |                     [01;35m[K^~~~~~~[m[K
[01m[K/home/johan/planning_with_ROS2_course/src/planning/src/pnc_map_creator/pnc_map_topo/pnc_map_topo.cpp:[m[K At global scope:
[01m[K/home/johan/planning_with_ROS2_course/src/planning/src/pnc_map_creator/pnc_map_topo/pnc_map_topo.cpp:70:9:[m[K [01;31m[Kerror: [m[Kdefault argument given for parameter 2 of ‘[01m[Kint Planning::PNCMapCreatorTopo::add_node(const Point&, const string&)[m[K’
   70 |     int [01;31m[KPNCMapCreatorTopo[m[K::add_node(const Point& position, const std::string& type = "normal")
      |         [01;31m[K^~~~~~~~~~~~~~~~~[m[K
In file included from [01m[K/home/johan/planning_with_ROS2_course/src/planning/src/pnc_map_creator/pnc_map_topo/pnc_map_topo.cpp:1[m[K:
[01m[K/home/johan/planning_with_ROS2_course/src/planning/src/pnc_map_creator/pnc_map_topo/pnc_map_topo.h:46:13:[m[K [01;36m[Knote: [m[Kprevious specification in ‘[01m[Kint Planning::PNCMapCreatorTopo::add_node(const Point&, const string&)[m[K’ here
   46 |         int [01;36m[Kadd_node[m[K(const Point& position, const std::string& type = "normal"); // 添加节点
      |             [01;36m[K^~~~~~~~[m[K
[01m[K/home/johan/planning_with_ROS2_course/src/planning/src/pnc_map_creator/pnc_map_topo/pnc_map_topo.cpp:83:10:[m[K [01;31m[Kerror: [m[Kdefault argument given for parameter 4 of ‘[01m[Kvoid Planning::PNCMapCreatorTopo::add_edge(int, int, double, const string&)[m[K’
   83 |     void [01;31m[KPNCMapCreatorTopo[m[K::add_edge(int from_node_id, int to_node_id, double cost, const std::string& type = "normal")
      |          [01;31m[K^~~~~~~~~~~~~~~~~[m[K
In file included from [01m[K/home/johan/planning_with_ROS2_course/src/planning/src/pnc_map_creator/pnc_map_topo/pnc_map_topo.cpp:1[m[K:
[01m[K/home/johan/planning_with_ROS2_course/src/planning/src/pnc_map_creator/pnc_map_topo/pnc_map_topo.h:47:14:[m[K [01;36m[Knote: [m[Kprevious specification in ‘[01m[Kvoid Planning::PNCMapCreatorTopo::add_edge(int, int, double, const string&)[m[K’ here
   47 |         void [01;36m[Kadd_edge[m[K(int from_node_id, int to_node_id, double cost, const std::string& type = "normal"); // 添加边
      |              [01;36m[K^~~~~~~~[m[K
[01m[K/home/johan/planning_with_ROS2_course/src/planning/src/pnc_map_creator/pnc_map_topo/pnc_map_topo.cpp:102:10:[m[K [01;31m[Kerror: [m[Kdefault argument given for parameter 3 of ‘[01m[Kvoid Planning::PNCMapCreatorTopo::connect_nodes(int, int, const string&)[m[K’
  102 |     void [01;31m[KPNCMapCreatorTopo[m[K::connect_nodes(int node_id1,int node_id2,const std::string& type = "normal")
      |          [01;31m[K^~~~~~~~~~~~~~~~~[m[K
In file included from [01m[K/home/johan/planning_with_ROS2_course/src/planning/src/pnc_map_creator/pnc_map_topo/pnc_map_topo.cpp:1[m[K:
[01m[K/home/johan/planning_with_ROS2_course/src/planning/src/pnc_map_creator/pnc_map_topo/pnc_map_topo.h:48:14:[m[K [01;36m[Knote: [m[Kprevious specification in ‘[01m[Kvoid Planning::PNCMapCreatorTopo::connect_nodes(int, int, const string&)[m[K’ here
   48 |         void [01;36m[Kconnect_nodes[m[K(int node_id1,int node_id2,const std::string& type = "normal");
      |              [01;36m[K^~~~~~~~~~~~~[m[K
gmake[2]: *** [src/pnc_map_creator/CMakeFiles/pnc_map_creator.dir/build.make:104：src/pnc_map_creator/CMakeFiles/pnc_map_creator.dir/pnc_map_topo/pnc_map_topo.cpp.o] 错误 1
gmake[2]: *** 正在等待未完成的任务....
gmake[1]: *** [CMakeFiles/Makefile2:384：src/pnc_map_creator/CMakeFiles/pnc_map_creator.dir/all] 错误 2
gmake: *** [Makefile:146：all] 错误 2
