[0.181s] Invoking command in '/home/johan/planning_with_ROS2_course/build/planning': CMAKE_PREFIX_PATH=/home/johan/planning_with_ROS2_course/install/base_msgs:/home/johan/planning_with_ROS2_course/install/planning:/home/johan/planning_with_ROS2_course/install/data_plot:/opt/ros/humble LD_LIBRARY_PATH=/home/johan/planning_with_ROS2_course/install/base_msgs/lib:/home/johan/planning_with_ROS2_course/install/planning/lib:/opt/intel/openvino_2024.2.0/runtime/3rdparty/tbb/lib:/opt/intel/openvino_2024.2.0/runtime/lib/intel64:/home/johan/planning_with_ROS2_course/install/planning/lib:/home/johan/planning_with_ROS2_course/install/planning/lib:/usr/lib/x86_64-linux-gnu/gazebo-11/plugins:/opt/ros/humble/opt/rviz_ogre_vendor/lib:/opt/ros/humble/lib/x86_64-linux-gnu:/opt/ros/humble/lib:/opt/intel/openvino_2024.2.0/runtime/3rdparty/tbb/lib:/opt/intel/openvino_2024.2.0/runtime/lib/intel64:/usr/local/cuda-12.1/lib64:/opt/intel/openvino_2024.2.0/runtime/lib/intel64:/usr/local/cuda-12.1/lib64:/opt/intel/openvino_2024.2.0/runtime/lib/intel64 /usr/bin/cmake --build /home/johan/planning_with_ROS2_course/build/planning -- -j16 -l16
[0.217s] [ 11%] Built target config_reader
[0.217s] [ 11%] Built target car_move_cmd
[0.218s] [ 19%] Built target mathlibs
[0.227s] [35m[1mConsolidate compiler generated dependencies of target pnc_map_creator[0m
[0.231s] [ 25%] Built target obj_move_cmd
[0.236s] [ 38%] Built target global_planner
[0.236s] [ 38%] Built target vehicle_info
[0.243s] [ 41%] [32mBuilding CXX object src/pnc_map_creator/CMakeFiles/pnc_map_creator.dir/pnc_map_straight/pnc_map_straight.cpp.o[0m
[0.247s] [ 44%] [32mBuilding CXX object src/pnc_map_creator/CMakeFiles/pnc_map_creator.dir/pnc_map_sturn/pnc_map_sturn.cpp.o[0m
[0.247s] [ 52%] Built target reference_line
[0.247s] [ 55%] [32mBuilding CXX object src/pnc_map_creator/CMakeFiles/pnc_map_creator.dir/pnc_map_topo/pnc_map_topo.cpp.o[0m
[0.251s] [ 63%] Built target planning_process
[0.254s] [ 69%] Built target global_path_server
[0.258s] [ 75%] Built target decision_center
[0.282s] [ 91%] Built target local_planner
[1.887s] [01m[K/home/johan/planning_with_ROS2_course/src/planning/src/pnc_map_creator/pnc_map_topo/pnc_map_topo.cpp:[m[K In member function ‘[01m[Kvoid Planning::PNCMapCreatorTopo::create_grid_topo(int, int, double)[m[K’:
[1.887s] [01m[K/home/johan/planning_with_ROS2_course/src/planning/src/pnc_map_creator/pnc_map_topo/pnc_map_topo.cpp:45:21:[m[K [01;35m[Kwarning: [m[Kunused variable ‘[01m[Knode_id[m[K’ [[01;35m[K]8;;https://gcc.gnu.org/onlinedocs/gcc/Warning-Options.html#index-Wunused-variable-Wunused-variable]8;;[m[K]
[1.887s]    45 |                 int [01;35m[Knode_id[m[K = add_node(pos,node_type);
[1.887s]       |                     [01;35m[K^~~~~~~[m[K
[1.888s] [01m[K/home/johan/planning_with_ROS2_course/src/planning/src/pnc_map_creator/pnc_map_topo/pnc_map_topo.cpp:[m[K At global scope:
[1.888s] [01m[K/home/johan/planning_with_ROS2_course/src/planning/src/pnc_map_creator/pnc_map_topo/pnc_map_topo.cpp:70:9:[m[K [01;31m[Kerror: [m[Kdefault argument given for parameter 2 of ‘[01m[Kint Planning::PNCMapCreatorTopo::add_node(const Point&, const string&)[m[K’
[1.888s]    70 |     int [01;31m[KPNCMapCreatorTopo[m[K::add_node(const Point& position, const std::string& type = "normal")
[1.888s]       |         [01;31m[K^~~~~~~~~~~~~~~~~[m[K
[1.888s] In file included from [01m[K/home/johan/planning_with_ROS2_course/src/planning/src/pnc_map_creator/pnc_map_topo/pnc_map_topo.cpp:1[m[K:
[1.888s] [01m[K/home/johan/planning_with_ROS2_course/src/planning/src/pnc_map_creator/pnc_map_topo/pnc_map_topo.h:46:13:[m[K [01;36m[Knote: [m[Kprevious specification in ‘[01m[Kint Planning::PNCMapCreatorTopo::add_node(const Point&, const string&)[m[K’ here
[1.888s]    46 |         int [01;36m[Kadd_node[m[K(const Point& position, const std::string& type = "normal"); // 添加节点
[1.888s]       |             [01;36m[K^~~~~~~~[m[K
[1.888s] [01m[K/home/johan/planning_with_ROS2_course/src/planning/src/pnc_map_creator/pnc_map_topo/pnc_map_topo.cpp:83:10:[m[K [01;31m[Kerror: [m[Kdefault argument given for parameter 4 of ‘[01m[Kvoid Planning::PNCMapCreatorTopo::add_edge(int, int, double, const string&)[m[K’
[1.888s]    83 |     void [01;31m[KPNCMapCreatorTopo[m[K::add_edge(int from_node_id, int to_node_id, double cost, const std::string& type = "normal")
[1.889s]       |          [01;31m[K^~~~~~~~~~~~~~~~~[m[K
[1.889s] In file included from [01m[K/home/johan/planning_with_ROS2_course/src/planning/src/pnc_map_creator/pnc_map_topo/pnc_map_topo.cpp:1[m[K:
[1.889s] [01m[K/home/johan/planning_with_ROS2_course/src/planning/src/pnc_map_creator/pnc_map_topo/pnc_map_topo.h:47:14:[m[K [01;36m[Knote: [m[Kprevious specification in ‘[01m[Kvoid Planning::PNCMapCreatorTopo::add_edge(int, int, double, const string&)[m[K’ here
[1.889s]    47 |         void [01;36m[Kadd_edge[m[K(int from_node_id, int to_node_id, double cost, const std::string& type = "normal"); // 添加边
[1.889s]       |              [01;36m[K^~~~~~~~[m[K
[1.889s] [01m[K/home/johan/planning_with_ROS2_course/src/planning/src/pnc_map_creator/pnc_map_topo/pnc_map_topo.cpp:102:10:[m[K [01;31m[Kerror: [m[Kdefault argument given for parameter 3 of ‘[01m[Kvoid Planning::PNCMapCreatorTopo::connect_nodes(int, int, const string&)[m[K’
[1.889s]   102 |     void [01;31m[KPNCMapCreatorTopo[m[K::connect_nodes(int node_id1,int node_id2,const std::string& type = "normal")
[1.889s]       |          [01;31m[K^~~~~~~~~~~~~~~~~[m[K
[1.889s] In file included from [01m[K/home/johan/planning_with_ROS2_course/src/planning/src/pnc_map_creator/pnc_map_topo/pnc_map_topo.cpp:1[m[K:
[1.889s] [01m[K/home/johan/planning_with_ROS2_course/src/planning/src/pnc_map_creator/pnc_map_topo/pnc_map_topo.h:48:14:[m[K [01;36m[Knote: [m[Kprevious specification in ‘[01m[Kvoid Planning::PNCMapCreatorTopo::connect_nodes(int, int, const string&)[m[K’ here
[1.889s]    48 |         void [01;36m[Kconnect_nodes[m[K(int node_id1,int node_id2,const std::string& type = "normal");
[1.889s]       |              [01;36m[K^~~~~~~~~~~~~[m[K
[2.264s] gmake[2]: *** [src/pnc_map_creator/CMakeFiles/pnc_map_creator.dir/build.make:104：src/pnc_map_creator/CMakeFiles/pnc_map_creator.dir/pnc_map_topo/pnc_map_topo.cpp.o] 错误 1
[2.264s] gmake[2]: *** 正在等待未完成的任务....
[2.539s] gmake[1]: *** [CMakeFiles/Makefile2:384：src/pnc_map_creator/CMakeFiles/pnc_map_creator.dir/all] 错误 2
[2.539s] gmake: *** [Makefile:146：all] 错误 2
[2.541s] Invoked command in '/home/johan/planning_with_ROS2_course/build/planning' returned '2': CMAKE_PREFIX_PATH=/home/johan/planning_with_ROS2_course/install/base_msgs:/home/johan/planning_with_ROS2_course/install/planning:/home/johan/planning_with_ROS2_course/install/data_plot:/opt/ros/humble LD_LIBRARY_PATH=/home/johan/planning_with_ROS2_course/install/base_msgs/lib:/home/johan/planning_with_ROS2_course/install/planning/lib:/opt/intel/openvino_2024.2.0/runtime/3rdparty/tbb/lib:/opt/intel/openvino_2024.2.0/runtime/lib/intel64:/home/johan/planning_with_ROS2_course/install/planning/lib:/home/johan/planning_with_ROS2_course/install/planning/lib:/usr/lib/x86_64-linux-gnu/gazebo-11/plugins:/opt/ros/humble/opt/rviz_ogre_vendor/lib:/opt/ros/humble/lib/x86_64-linux-gnu:/opt/ros/humble/lib:/opt/intel/openvino_2024.2.0/runtime/3rdparty/tbb/lib:/opt/intel/openvino_2024.2.0/runtime/lib/intel64:/usr/local/cuda-12.1/lib64:/opt/intel/openvino_2024.2.0/runtime/lib/intel64:/usr/local/cuda-12.1/lib64:/opt/intel/openvino_2024.2.0/runtime/lib/intel64 /usr/bin/cmake --build /home/johan/planning_with_ROS2_course/build/planning -- -j16 -l16
