[0.007s] Invoking command in '/home/johan/planning_with_ROS2_course/build/base_msgs': CMAKE_PREFIX_PATH=${CMAKE_PREFIX_PATH}:/home/johan/planning_with_ROS2_course/install/data_plot:/opt/ros/humble /usr/bin/cmake /home/johan/planning_with_ROS2_course/src/base_msgs -DCMAKE_INSTALL_PREFIX=/home/johan/planning_with_ROS2_course/install/base_msgs
[0.066s] -- The C compiler identification is GNU 11.4.0
[0.112s] -- The CXX compiler identification is GNU 11.4.0
[0.121s] -- Detecting C compiler ABI info
[0.199s] -- Detecting C compiler ABI info - done
[0.208s] -- Check for working C compiler: /usr/bin/cc - skipped
[0.210s] -- Detecting C compile features
[0.210s] -- Detecting C compile features - done
[0.214s] -- Detecting CXX compiler ABI info
[0.306s] -- Detecting CXX compiler ABI info - done
[0.311s] -- Check for working CXX compiler: /usr/bin/c++ - skipped
[0.311s] -- Detecting CXX compile features
[0.311s] -- Detecting CXX compile features - done
[0.314s] -- Found ament_cmake: 1.3.11 (/opt/ros/humble/share/ament_cmake/cmake)
[0.441s] -- Found Python3: /usr/bin/python3 (found version "3.10.12") found components: Interpreter 
[0.508s] -- Found rosidl_default_generators: 1.2.0 (/opt/ros/humble/share/rosidl_default_generators/cmake)
[0.510s] -- Using all available rosidl_typesupport_c: rosidl_typesupport_fastrtps_c;rosidl_typesupport_introspection_c
[0.515s] -- Found rosidl_adapter: 3.1.6 (/opt/ros/humble/share/rosidl_adapter/cmake)
[0.546s] -- Using all available rosidl_typesupport_cpp: rosidl_typesupport_fastrtps_cpp;rosidl_typesupport_introspection_cpp
[0.569s] -- Found visualization_msgs: 4.9.0 (/opt/ros/humble/share/visualization_msgs/cmake)
[0.622s] -- Found nav_msgs: 4.9.0 (/opt/ros/humble/share/nav_msgs/cmake)
[0.634s] -- Found ament_lint_auto: 0.12.12 (/opt/ros/humble/share/ament_lint_auto/cmake)
[0.688s] -- Added test 'lint_cmake' to check CMake code style
[0.689s] -- Added test 'xmllint' to check XML markup files
[0.689s] -- Configuring done
[0.691s] -- Generating done
[0.692s] -- Build files have been written to: /home/johan/planning_with_ROS2_course/build/base_msgs
[0.698s] Invoked command in '/home/johan/planning_with_ROS2_course/build/base_msgs' returned '0': CMAKE_PREFIX_PATH=${CMAKE_PREFIX_PATH}:/home/johan/planning_with_ROS2_course/install/data_plot:/opt/ros/humble /usr/bin/cmake /home/johan/planning_with_ROS2_course/src/base_msgs -DCMAKE_INSTALL_PREFIX=/home/johan/planning_with_ROS2_course/install/base_msgs
[0.699s] Invoking command in '/home/johan/planning_with_ROS2_course/build/base_msgs': CMAKE_PREFIX_PATH=${CMAKE_PREFIX_PATH}:/home/johan/planning_with_ROS2_course/install/data_plot:/opt/ros/humble /usr/bin/cmake --build /home/johan/planning_with_ROS2_course/build/base_msgs -- -j16 -l16
[0.729s] Invoked command in '/home/johan/planning_with_ROS2_course/build/base_msgs' returned '0': CMAKE_PREFIX_PATH=${CMAKE_PREFIX_PATH}:/home/johan/planning_with_ROS2_course/install/data_plot:/opt/ros/humble /usr/bin/cmake --build /home/johan/planning_with_ROS2_course/build/base_msgs -- -j16 -l16
[0.736s] Invoking command in '/home/johan/planning_with_ROS2_course/build/base_msgs': CMAKE_PREFIX_PATH=${CMAKE_PREFIX_PATH}:/home/johan/planning_with_ROS2_course/install/data_plot:/opt/ros/humble /usr/bin/cmake --install /home/johan/planning_with_ROS2_course/build/base_msgs
[0.741s] -- Install configuration: ""
[0.741s] -- Installing: /home/johan/planning_with_ROS2_course/install/base_msgs/share/ament_index/resource_index/package_run_dependencies/base_msgs
[0.741s] -- Installing: /home/johan/planning_with_ROS2_course/install/base_msgs/share/ament_index/resource_index/parent_prefix_path/base_msgs
[0.741s] -- Installing: /home/johan/planning_with_ROS2_course/install/base_msgs/share/base_msgs/environment/ament_prefix_path.sh
[0.741s] -- Installing: /home/johan/planning_with_ROS2_course/install/base_msgs/share/base_msgs/environment/ament_prefix_path.dsv
[0.741s] -- Installing: /home/johan/planning_with_ROS2_course/install/base_msgs/share/base_msgs/environment/path.sh
[0.741s] -- Installing: /home/johan/planning_with_ROS2_course/install/base_msgs/share/base_msgs/environment/path.dsv
[0.741s] -- Installing: /home/johan/planning_with_ROS2_course/install/base_msgs/share/base_msgs/local_setup.bash
[0.741s] -- Installing: /home/johan/planning_with_ROS2_course/install/base_msgs/share/base_msgs/local_setup.sh
[0.741s] -- Installing: /home/johan/planning_with_ROS2_course/install/base_msgs/share/base_msgs/local_setup.zsh
[0.741s] -- Installing: /home/johan/planning_with_ROS2_course/install/base_msgs/share/base_msgs/local_setup.dsv
[0.741s] -- Installing: /home/johan/planning_with_ROS2_course/install/base_msgs/share/base_msgs/package.dsv
[0.741s] -- Installing: /home/johan/planning_with_ROS2_course/install/base_msgs/share/ament_index/resource_index/packages/base_msgs
[0.742s] -- Installing: /home/johan/planning_with_ROS2_course/install/base_msgs/share/base_msgs/cmake/base_msgsConfig.cmake
[0.742s] -- Installing: /home/johan/planning_with_ROS2_course/install/base_msgs/share/base_msgs/cmake/base_msgsConfig-version.cmake
[0.742s] -- Installing: /home/johan/planning_with_ROS2_course/install/base_msgs/share/base_msgs/package.xml
[0.743s] Invoked command in '/home/johan/planning_with_ROS2_course/build/base_msgs' returned '0': CMAKE_PREFIX_PATH=${CMAKE_PREFIX_PATH}:/home/johan/planning_with_ROS2_course/install/data_plot:/opt/ros/humble /usr/bin/cmake --install /home/johan/planning_with_ROS2_course/build/base_msgs
