[0.185s] Invoking command in '/home/johan/planning_with_ROS2_course/build/planning': CMAKE_PREFIX_PATH=/home/johan/planning_with_ROS2_course/install/base_msgs:/home/johan/planning_with_ROS2_course/install/planning:/home/johan/planning_with_ROS2_course/install/data_plot:/opt/ros/humble LD_LIBRARY_PATH=/home/johan/planning_with_ROS2_course/install/base_msgs/lib:/home/johan/planning_with_ROS2_course/install/planning/lib:/opt/intel/openvino_2024.2.0/runtime/3rdparty/tbb/lib:/opt/intel/openvino_2024.2.0/runtime/lib/intel64:/home/johan/planning_with_ROS2_course/install/planning/lib:/home/johan/planning_with_ROS2_course/install/planning/lib:/usr/lib/x86_64-linux-gnu/gazebo-11/plugins:/opt/ros/humble/opt/rviz_ogre_vendor/lib:/opt/ros/humble/lib/x86_64-linux-gnu:/opt/ros/humble/lib:/opt/intel/openvino_2024.2.0/runtime/3rdparty/tbb/lib:/opt/intel/openvino_2024.2.0/runtime/lib/intel64:/usr/local/cuda-12.1/lib64:/opt/intel/openvino_2024.2.0/runtime/lib/intel64:/usr/local/cuda-12.1/lib64:/opt/intel/openvino_2024.2.0/runtime/lib/intel64 /usr/bin/cmake --build /home/johan/planning_with_ROS2_course/build/planning -- -j16 -l16
[0.221s] [  5%] Built target config_reader
[0.222s] [ 13%] Built target mathlibs
[0.233s] [ 23%] Built target car_move_cmd
[0.233s] [ 23%] Built target obj_move_cmd
[0.233s] [ 28%] Built target osqp_test
[0.241s] [ 39%] Built target pnc_map_creator
[0.245s] [ 42%] [32mBuilding CXX object src/reference_line/CMakeFiles/reference_line.dir/reference_line_creator.cpp.o[0m
[0.246s] [ 50%] Built target vehicle_info
[0.247s] [ 52%] [32mBuilding CXX object src/reference_line/CMakeFiles/reference_line.dir/reference_line_smoother.cpp.o[0m
[0.248s] [ 57%] Built target global_planner
[0.259s] [ 63%] Built target pnc_map_server
[0.263s] [ 68%] Built target decision_center
[0.272s] [ 73%] Built target global_path_server
[0.286s] [ 89%] Built target local_planner
[0.416s] In file included from [01m[K/home/johan/planning_with_ROS2_course/src/planning/src/reference_line/reference_line_smoother.cpp:1[m[K:
[0.416s] [01m[K/home/johan/planning_with_ROS2_course/src/planning/src/reference_line/reference_line_smoother.h:5:9:[m[K [01;31m[Kfatal error: [m[Kbase_msgs/msg/reference.hpp: æ²¡æœ‰é‚£ä¸ªæ–‡ä»¶æˆ–ç›®å½•
[0.416s]     5 | #include[01;31m[K"base_msgs/msg/reference.hpp"[m[K
[0.416s]       |         [01;31m[K^~~~~~~~~~~~~~~~~~~~~~~~~~~~~[m[K
[0.416s] compilation terminated.
[0.422s] gmake[2]: *** [src/reference_line/CMakeFiles/reference_line.dir/build.make:90ï¼šsrc/reference_line/CMakeFiles/reference_line.dir/reference_line_smoother.cpp.o] é”™è¯¯ 1
[0.422s] gmake[2]: *** æ­£åœ¨ç­‰å¾…æœªå®Œæˆçš„ä»»åŠ¡....
[0.426s] In file included from [01m[K/home/johan/planning_with_ROS2_course/src/planning/src/reference_line/reference_line_creator.h:13[m[K,
[0.426s]                  from [01m[K/home/johan/planning_with_ROS2_course/src/planning/src/reference_line/reference_line_creator.cpp:1[m[K:
[0.426s] [01m[K/home/johan/planning_with_ROS2_course/src/planning/src/reference_line/reference_line_smoother.h:5:9:[m[K [01;31m[Kfatal error: [m[Kbase_msgs/msg/reference.hpp: æ²¡æœ‰é‚£ä¸ªæ–‡ä»¶æˆ–ç›®å½•
[0.426s]     5 | #include[01;31m[K"base_msgs/msg/reference.hpp"[m[K
[0.426s]       |         [01;31m[K^~~~~~~~~~~~~~~~~~~~~~~~~~~~~[m[K
[0.427s] compilation terminated.
[0.428s] gmake[2]: *** [src/reference_line/CMakeFiles/reference_line.dir/build.make:76ï¼šsrc/reference_line/CMakeFiles/reference_line.dir/reference_line_creator.cpp.o] é”™è¯¯ 1
[0.428s] gmake[1]: *** [CMakeFiles/Makefile2:564ï¼šsrc/reference_line/CMakeFiles/reference_line.dir/all] é”™è¯¯ 2
[0.428s] gmake: *** [Makefile:146ï¼šall] é”™è¯¯ 2
[0.431s] Invoked command in '/home/johan/planning_with_ROS2_course/build/planning' returned '2': CMAKE_PREFIX_PATH=/home/johan/planning_with_ROS2_course/install/base_msgs:/home/johan/planning_with_ROS2_course/install/planning:/home/johan/planning_with_ROS2_course/install/data_plot:/opt/ros/humble LD_LIBRARY_PATH=/home/johan/planning_with_ROS2_course/install/base_msgs/lib:/home/johan/planning_with_ROS2_course/install/planning/lib:/opt/intel/openvino_2024.2.0/runtime/3rdparty/tbb/lib:/opt/intel/openvino_2024.2.0/runtime/lib/intel64:/home/johan/planning_with_ROS2_course/install/planning/lib:/home/johan/planning_with_ROS2_course/install/planning/lib:/usr/lib/x86_64-linux-gnu/gazebo-11/plugins:/opt/ros/humble/opt/rviz_ogre_vendor/lib:/opt/ros/humble/lib/x86_64-linux-gnu:/opt/ros/humble/lib:/opt/intel/openvino_2024.2.0/runtime/3rdparty/tbb/lib:/opt/intel/openvino_2024.2.0/runtime/lib/intel64:/usr/local/cuda-12.1/lib64:/opt/intel/openvino_2024.2.0/runtime/lib/intel64:/usr/local/cuda-12.1/lib64:/opt/intel/openvino_2024.2.0/runtime/lib/intel64 /usr/bin/cmake --build /home/johan/planning_with_ROS2_course/build/planning -- -j16 -l16
