[0.087s] DEBUG:colcon:Command line arguments: ['/usr/bin/colcon', 'build']
[0.087s] DEBUG:colcon:Parsed command line arguments: Namespace(log_base=None, log_level=None, verb_name='build', build_base='build', install_base='install', merge_install=False, symlink_install=False, test_result_base=None, continue_on_error=False, executor='parallel', parallel_workers=16, event_handlers=None, ignore_user_meta=False, metas=['./colcon.meta'], base_paths=['.'], packages_ignore=None, packages_ignore_regex=None, paths=None, packages_up_to=None, packages_up_to_regex=None, packages_above=None, packages_above_and_dependencies=None, packages_above_depth=None, packages_select_by_dep=None, packages_skip_by_dep=None, packages_skip_up_to=None, packages_select_build_failed=False, packages_skip_build_finished=False, packages_select_test_failures=False, packages_skip_test_passed=False, packages_select=None, packages_skip=None, packages_select_regex=None, packages_skip_regex=None, packages_start=None, packages_end=None, allow_overriding=[], cmake_args=None, cmake_target=None, cmake_target_skip_unavailable=False, cmake_clean_cache=False, cmake_clean_first=False, cmake_force_configure=False, ament_cmake_args=None, catkin_cmake_args=None, catkin_skip_building_tests=False, mixin_files=None, mixin=None, verb_parser=<colcon_mixin.mixin.mixin_argument.MixinArgumentDecorator object at 0x7f526d098d90>, verb_extension=<colcon_core.verb.build.BuildVerb object at 0x7f526d0988e0>, main=<bound method BuildVerb.main of <colcon_core.verb.build.BuildVerb object at 0x7f526d0988e0>>, mixin_verb=('build',))
[0.199s] Level 1:colcon.colcon_core.package_discovery:discover_packages(colcon_meta) check parameters
[0.199s] Level 1:colcon.colcon_core.package_discovery:discover_packages(recursive) check parameters
[0.199s] Level 1:colcon.colcon_core.package_discovery:discover_packages(ignore) check parameters
[0.199s] Level 1:colcon.colcon_core.package_discovery:discover_packages(path) check parameters
[0.199s] Level 1:colcon.colcon_core.package_discovery:discover_packages(colcon_meta) discover
[0.199s] Level 1:colcon.colcon_core.package_discovery:discover_packages(recursive) discover
[0.199s] INFO:colcon.colcon_core.package_discovery:Crawling recursively for packages in '/home/johan/planning_with_ROS2_course'
[0.199s] Level 1:colcon.colcon_core.package_identification:_identify(.) by extensions ['ignore', 'ignore_ament_install']
[0.199s] Level 1:colcon.colcon_core.package_identification:_identify(.) by extension 'ignore'
[0.199s] Level 1:colcon.colcon_core.package_identification:_identify(.) by extension 'ignore_ament_install'
[0.199s] Level 1:colcon.colcon_core.package_identification:_identify(.) by extensions ['colcon_pkg']
[0.199s] Level 1:colcon.colcon_core.package_identification:_identify(.) by extension 'colcon_pkg'
[0.199s] Level 1:colcon.colcon_core.package_identification:_identify(.) by extensions ['colcon_meta']
[0.199s] Level 1:colcon.colcon_core.package_identification:_identify(.) by extension 'colcon_meta'
[0.199s] Level 1:colcon.colcon_core.package_identification:_identify(.) by extensions ['ros']
[0.199s] Level 1:colcon.colcon_core.package_identification:_identify(.) by extension 'ros'
[0.212s] Level 1:colcon.colcon_core.package_identification:_identify(.) by extensions ['cmake', 'python']
[0.212s] Level 1:colcon.colcon_core.package_identification:_identify(.) by extension 'cmake'
[0.212s] Level 1:colcon.colcon_core.package_identification:_identify(.) by extension 'python'
[0.212s] Level 1:colcon.colcon_core.package_identification:_identify(.) by extensions ['python_setup_py']
[0.212s] Level 1:colcon.colcon_core.package_identification:_identify(.) by extension 'python_setup_py'
[0.212s] Level 1:colcon.colcon_core.package_identification:_identify(build) by extensions ['ignore', 'ignore_ament_install']
[0.212s] Level 1:colcon.colcon_core.package_identification:_identify(build) by extension 'ignore'
[0.212s] Level 1:colcon.colcon_core.package_identification:_identify(build) ignored
[0.212s] Level 1:colcon.colcon_core.package_identification:_identify(doc) by extensions ['ignore', 'ignore_ament_install']
[0.212s] Level 1:colcon.colcon_core.package_identification:_identify(doc) by extension 'ignore'
[0.212s] Level 1:colcon.colcon_core.package_identification:_identify(doc) by extension 'ignore_ament_install'
[0.213s] Level 1:colcon.colcon_core.package_identification:_identify(doc) by extensions ['colcon_pkg']
[0.213s] Level 1:colcon.colcon_core.package_identification:_identify(doc) by extension 'colcon_pkg'
[0.213s] Level 1:colcon.colcon_core.package_identification:_identify(doc) by extensions ['colcon_meta']
[0.213s] Level 1:colcon.colcon_core.package_identification:_identify(doc) by extension 'colcon_meta'
[0.213s] Level 1:colcon.colcon_core.package_identification:_identify(doc) by extensions ['ros']
[0.213s] Level 1:colcon.colcon_core.package_identification:_identify(doc) by extension 'ros'
[0.213s] Level 1:colcon.colcon_core.package_identification:_identify(doc) by extensions ['cmake', 'python']
[0.213s] Level 1:colcon.colcon_core.package_identification:_identify(doc) by extension 'cmake'
[0.213s] Level 1:colcon.colcon_core.package_identification:_identify(doc) by extension 'python'
[0.213s] Level 1:colcon.colcon_core.package_identification:_identify(doc) by extensions ['python_setup_py']
[0.213s] Level 1:colcon.colcon_core.package_identification:_identify(doc) by extension 'python_setup_py'
[0.213s] Level 1:colcon.colcon_core.package_identification:_identify(install) by extensions ['ignore', 'ignore_ament_install']
[0.213s] Level 1:colcon.colcon_core.package_identification:_identify(install) by extension 'ignore'
[0.213s] Level 1:colcon.colcon_core.package_identification:_identify(install) ignored
[0.213s] Level 1:colcon.colcon_core.package_identification:_identify(log) by extensions ['ignore', 'ignore_ament_install']
[0.213s] Level 1:colcon.colcon_core.package_identification:_identify(log) by extension 'ignore'
[0.213s] Level 1:colcon.colcon_core.package_identification:_identify(log) ignored
[0.213s] Level 1:colcon.colcon_core.package_identification:_identify(src) by extensions ['ignore', 'ignore_ament_install']
[0.213s] Level 1:colcon.colcon_core.package_identification:_identify(src) by extension 'ignore'
[0.213s] Level 1:colcon.colcon_core.package_identification:_identify(src) by extension 'ignore_ament_install'
[0.213s] Level 1:colcon.colcon_core.package_identification:_identify(src) by extensions ['colcon_pkg']
[0.213s] Level 1:colcon.colcon_core.package_identification:_identify(src) by extension 'colcon_pkg'
[0.213s] Level 1:colcon.colcon_core.package_identification:_identify(src) by extensions ['colcon_meta']
[0.213s] Level 1:colcon.colcon_core.package_identification:_identify(src) by extension 'colcon_meta'
[0.213s] Level 1:colcon.colcon_core.package_identification:_identify(src) by extensions ['ros']
[0.213s] Level 1:colcon.colcon_core.package_identification:_identify(src) by extension 'ros'
[0.213s] Level 1:colcon.colcon_core.package_identification:_identify(src) by extensions ['cmake', 'python']
[0.213s] Level 1:colcon.colcon_core.package_identification:_identify(src) by extension 'cmake'
[0.213s] Level 1:colcon.colcon_core.package_identification:_identify(src) by extension 'python'
[0.213s] Level 1:colcon.colcon_core.package_identification:_identify(src) by extensions ['python_setup_py']
[0.213s] Level 1:colcon.colcon_core.package_identification:_identify(src) by extension 'python_setup_py'
[0.213s] Level 1:colcon.colcon_core.package_identification:_identify(src/base_msgs) by extensions ['ignore', 'ignore_ament_install']
[0.214s] Level 1:colcon.colcon_core.package_identification:_identify(src/base_msgs) by extension 'ignore'
[0.214s] Level 1:colcon.colcon_core.package_identification:_identify(src/base_msgs) by extension 'ignore_ament_install'
[0.214s] Level 1:colcon.colcon_core.package_identification:_identify(src/base_msgs) by extensions ['colcon_pkg']
[0.214s] Level 1:colcon.colcon_core.package_identification:_identify(src/base_msgs) by extension 'colcon_pkg'
[0.214s] Level 1:colcon.colcon_core.package_identification:_identify(src/base_msgs) by extensions ['colcon_meta']
[0.214s] Level 1:colcon.colcon_core.package_identification:_identify(src/base_msgs) by extension 'colcon_meta'
[0.214s] Level 1:colcon.colcon_core.package_identification:_identify(src/base_msgs) by extensions ['ros']
[0.214s] Level 1:colcon.colcon_core.package_identification:_identify(src/base_msgs) by extension 'ros'
[0.216s] DEBUG:colcon.colcon_core.package_identification:Package 'src/base_msgs' with type 'ros.ament_cmake' and name 'base_msgs'
[0.216s] Level 1:colcon.colcon_core.package_identification:_identify(src/data_plot) by extensions ['ignore', 'ignore_ament_install']
[0.216s] Level 1:colcon.colcon_core.package_identification:_identify(src/data_plot) by extension 'ignore'
[0.216s] Level 1:colcon.colcon_core.package_identification:_identify(src/data_plot) by extension 'ignore_ament_install'
[0.216s] Level 1:colcon.colcon_core.package_identification:_identify(src/data_plot) by extensions ['colcon_pkg']
[0.216s] Level 1:colcon.colcon_core.package_identification:_identify(src/data_plot) by extension 'colcon_pkg'
[0.216s] Level 1:colcon.colcon_core.package_identification:_identify(src/data_plot) by extensions ['colcon_meta']
[0.216s] Level 1:colcon.colcon_core.package_identification:_identify(src/data_plot) by extension 'colcon_meta'
[0.216s] Level 1:colcon.colcon_core.package_identification:_identify(src/data_plot) by extensions ['ros']
[0.216s] Level 1:colcon.colcon_core.package_identification:_identify(src/data_plot) by extension 'ros'
[0.216s] DEBUG:colcon.colcon_core.package_identification:Package 'src/data_plot' with type 'ros.ament_python' and name 'data_plot'
[0.216s] Level 1:colcon.colcon_core.package_identification:_identify(src/planning) by extensions ['ignore', 'ignore_ament_install']
[0.216s] Level 1:colcon.colcon_core.package_identification:_identify(src/planning) by extension 'ignore'
[0.216s] Level 1:colcon.colcon_core.package_identification:_identify(src/planning) by extension 'ignore_ament_install'
[0.216s] Level 1:colcon.colcon_core.package_identification:_identify(src/planning) by extensions ['colcon_pkg']
[0.217s] Level 1:colcon.colcon_core.package_identification:_identify(src/planning) by extension 'colcon_pkg'
[0.217s] Level 1:colcon.colcon_core.package_identification:_identify(src/planning) by extensions ['colcon_meta']
[0.217s] Level 1:colcon.colcon_core.package_identification:_identify(src/planning) by extension 'colcon_meta'
[0.217s] Level 1:colcon.colcon_core.package_identification:_identify(src/planning) by extensions ['ros']
[0.217s] Level 1:colcon.colcon_core.package_identification:_identify(src/planning) by extension 'ros'
[0.217s] DEBUG:colcon.colcon_core.package_identification:Package 'src/planning' with type 'ros.ament_cmake' and name 'planning'
[0.217s] Level 1:colcon.colcon_core.package_discovery:discover_packages(recursive) using defaults
[0.217s] Level 1:colcon.colcon_core.package_discovery:discover_packages(ignore) discover
[0.217s] Level 1:colcon.colcon_core.package_discovery:discover_packages(ignore) using defaults
[0.217s] Level 1:colcon.colcon_core.package_discovery:discover_packages(path) discover
[0.217s] Level 1:colcon.colcon_core.package_discovery:discover_packages(path) using defaults
[0.232s] Level 1:colcon.colcon_core.package_discovery:discover_packages(prefix_path) check parameters
[0.232s] Level 1:colcon.colcon_core.package_discovery:discover_packages(prefix_path) discover
[0.234s] DEBUG:colcon.colcon_installed_package_information.package_discovery:Found 3 installed packages in /home/johan/planning_with_ROS2_course/install
[0.235s] DEBUG:colcon.colcon_installed_package_information.package_discovery:Found 444 installed packages in /opt/ros/humble
[0.237s] Level 1:colcon.colcon_core.package_discovery:discover_packages(prefix_path) using defaults
[0.268s] Level 5:colcon.colcon_core.verb:set package 'base_msgs' build argument 'cmake_args' from command line to 'None'
[0.268s] Level 5:colcon.colcon_core.verb:set package 'base_msgs' build argument 'cmake_target' from command line to 'None'
[0.268s] Level 5:colcon.colcon_core.verb:set package 'base_msgs' build argument 'cmake_target_skip_unavailable' from command line to 'False'
[0.268s] Level 5:colcon.colcon_core.verb:set package 'base_msgs' build argument 'cmake_clean_cache' from command line to 'False'
[0.268s] Level 5:colcon.colcon_core.verb:set package 'base_msgs' build argument 'cmake_clean_first' from command line to 'False'
[0.268s] Level 5:colcon.colcon_core.verb:set package 'base_msgs' build argument 'cmake_force_configure' from command line to 'False'
[0.268s] Level 5:colcon.colcon_core.verb:set package 'base_msgs' build argument 'ament_cmake_args' from command line to 'None'
[0.268s] Level 5:colcon.colcon_core.verb:set package 'base_msgs' build argument 'catkin_cmake_args' from command line to 'None'
[0.268s] Level 5:colcon.colcon_core.verb:set package 'base_msgs' build argument 'catkin_skip_building_tests' from command line to 'False'
[0.268s] DEBUG:colcon.colcon_core.verb:Building package 'base_msgs' with the following arguments: {'ament_cmake_args': None, 'build_base': '/home/johan/planning_with_ROS2_course/build/base_msgs', 'catkin_cmake_args': None, 'catkin_skip_building_tests': False, 'cmake_args': None, 'cmake_clean_cache': False, 'cmake_clean_first': False, 'cmake_force_configure': False, 'cmake_target': None, 'cmake_target_skip_unavailable': False, 'install_base': '/home/johan/planning_with_ROS2_course/install/base_msgs', 'merge_install': False, 'path': '/home/johan/planning_with_ROS2_course/src/base_msgs', 'symlink_install': False, 'test_result_base': None}
[0.268s] Level 5:colcon.colcon_core.verb:set package 'data_plot' build argument 'cmake_args' from command line to 'None'
[0.268s] Level 5:colcon.colcon_core.verb:set package 'data_plot' build argument 'cmake_target' from command line to 'None'
[0.268s] Level 5:colcon.colcon_core.verb:set package 'data_plot' build argument 'cmake_target_skip_unavailable' from command line to 'False'
[0.268s] Level 5:colcon.colcon_core.verb:set package 'data_plot' build argument 'cmake_clean_cache' from command line to 'False'
[0.268s] Level 5:colcon.colcon_core.verb:set package 'data_plot' build argument 'cmake_clean_first' from command line to 'False'
[0.268s] Level 5:colcon.colcon_core.verb:set package 'data_plot' build argument 'cmake_force_configure' from command line to 'False'
[0.268s] Level 5:colcon.colcon_core.verb:set package 'data_plot' build argument 'ament_cmake_args' from command line to 'None'
[0.268s] Level 5:colcon.colcon_core.verb:set package 'data_plot' build argument 'catkin_cmake_args' from command line to 'None'
[0.268s] Level 5:colcon.colcon_core.verb:set package 'data_plot' build argument 'catkin_skip_building_tests' from command line to 'False'
[0.268s] DEBUG:colcon.colcon_core.verb:Building package 'data_plot' with the following arguments: {'ament_cmake_args': None, 'build_base': '/home/johan/planning_with_ROS2_course/build/data_plot', 'catkin_cmake_args': None, 'catkin_skip_building_tests': False, 'cmake_args': None, 'cmake_clean_cache': False, 'cmake_clean_first': False, 'cmake_force_configure': False, 'cmake_target': None, 'cmake_target_skip_unavailable': False, 'install_base': '/home/johan/planning_with_ROS2_course/install/data_plot', 'merge_install': False, 'path': '/home/johan/planning_with_ROS2_course/src/data_plot', 'symlink_install': False, 'test_result_base': None}
[0.269s] Level 5:colcon.colcon_core.verb:set package 'planning' build argument 'cmake_args' from command line to 'None'
[0.269s] Level 5:colcon.colcon_core.verb:set package 'planning' build argument 'cmake_target' from command line to 'None'
[0.269s] Level 5:colcon.colcon_core.verb:set package 'planning' build argument 'cmake_target_skip_unavailable' from command line to 'False'
[0.269s] Level 5:colcon.colcon_core.verb:set package 'planning' build argument 'cmake_clean_cache' from command line to 'False'
[0.269s] Level 5:colcon.colcon_core.verb:set package 'planning' build argument 'cmake_clean_first' from command line to 'False'
[0.269s] Level 5:colcon.colcon_core.verb:set package 'planning' build argument 'cmake_force_configure' from command line to 'False'
[0.269s] Level 5:colcon.colcon_core.verb:set package 'planning' build argument 'ament_cmake_args' from command line to 'None'
[0.269s] Level 5:colcon.colcon_core.verb:set package 'planning' build argument 'catkin_cmake_args' from command line to 'None'
[0.269s] Level 5:colcon.colcon_core.verb:set package 'planning' build argument 'catkin_skip_building_tests' from command line to 'False'
[0.269s] DEBUG:colcon.colcon_core.verb:Building package 'planning' with the following arguments: {'ament_cmake_args': None, 'build_base': '/home/johan/planning_with_ROS2_course/build/planning', 'catkin_cmake_args': None, 'catkin_skip_building_tests': False, 'cmake_args': None, 'cmake_clean_cache': False, 'cmake_clean_first': False, 'cmake_force_configure': False, 'cmake_target': None, 'cmake_target_skip_unavailable': False, 'install_base': '/home/johan/planning_with_ROS2_course/install/planning', 'merge_install': False, 'path': '/home/johan/planning_with_ROS2_course/src/planning', 'symlink_install': False, 'test_result_base': None}
[0.269s] INFO:colcon.colcon_core.executor:Executing jobs using 'parallel' executor
[0.269s] DEBUG:colcon.colcon_parallel_executor.executor.parallel:run_until_complete
[0.270s] INFO:colcon.colcon_ros.task.ament_cmake.build:Building ROS package in '/home/johan/planning_with_ROS2_course/src/base_msgs' with build type 'ament_cmake'
[0.270s] INFO:colcon.colcon_cmake.task.cmake.build:Building CMake package in '/home/johan/planning_with_ROS2_course/src/base_msgs'
[0.276s] INFO:colcon.colcon_core.plugin_system:Skipping extension 'colcon_core.shell.bat': Not used on non-Windows systems
[0.277s] INFO:colcon.colcon_core.shell:Skip shell extension 'powershell' for command environment: Not usable outside of PowerShell
[0.277s] DEBUG:colcon.colcon_core.shell:Skip shell extension 'dsv' for command environment
[0.285s] DEBUG:colcon.colcon_core.event_handler.log_command:Invoking command in '/home/johan/planning_with_ROS2_course/build/base_msgs': CMAKE_PREFIX_PATH=${CMAKE_PREFIX_PATH}:/home/johan/planning_with_ROS2_course/install/data_plot:/opt/ros/humble /usr/bin/cmake --build /home/johan/planning_with_ROS2_course/build/base_msgs -- -j16 -l16
[0.341s] DEBUG:colcon.colcon_core.event_handler.log_command:Invoked command in '/home/johan/planning_with_ROS2_course/build/base_msgs' returned '0': CMAKE_PREFIX_PATH=${CMAKE_PREFIX_PATH}:/home/johan/planning_with_ROS2_course/install/data_plot:/opt/ros/humble /usr/bin/cmake --build /home/johan/planning_with_ROS2_course/build/base_msgs -- -j16 -l16
[0.353s] DEBUG:colcon.colcon_core.event_handler.log_command:Invoking command in '/home/johan/planning_with_ROS2_course/build/base_msgs': CMAKE_PREFIX_PATH=${CMAKE_PREFIX_PATH}:/home/johan/planning_with_ROS2_course/install/data_plot:/opt/ros/humble /usr/bin/cmake --install /home/johan/planning_with_ROS2_course/build/base_msgs
[0.365s] Level 1:colcon.colcon_core.environment:create_environment_scripts_only(base_msgs)
[0.366s] DEBUG:colcon.colcon_core.event_handler.log_command:Invoked command in '/home/johan/planning_with_ROS2_course/build/base_msgs' returned '0': CMAKE_PREFIX_PATH=${CMAKE_PREFIX_PATH}:/home/johan/planning_with_ROS2_course/install/data_plot:/opt/ros/humble /usr/bin/cmake --install /home/johan/planning_with_ROS2_course/build/base_msgs
[0.370s] Level 1:colcon.colcon_core.environment:checking '/home/johan/planning_with_ROS2_course/install/base_msgs' for CMake module files
[0.371s] Level 1:colcon.colcon_core.environment:checking '/home/johan/planning_with_ROS2_course/install/base_msgs' for CMake config files
[0.372s] Level 1:colcon.colcon_core.shell:create_environment_hook('base_msgs', 'cmake_prefix_path')
[0.372s] INFO:colcon.colcon_core.shell:Creating environment hook '/home/johan/planning_with_ROS2_course/install/base_msgs/share/base_msgs/hook/cmake_prefix_path.ps1'
[0.374s] INFO:colcon.colcon_core.shell:Creating environment descriptor '/home/johan/planning_with_ROS2_course/install/base_msgs/share/base_msgs/hook/cmake_prefix_path.dsv'
[0.375s] INFO:colcon.colcon_core.shell:Creating environment hook '/home/johan/planning_with_ROS2_course/install/base_msgs/share/base_msgs/hook/cmake_prefix_path.sh'
[0.377s] Level 1:colcon.colcon_core.environment:checking '/home/johan/planning_with_ROS2_course/install/base_msgs/bin'
[0.377s] Level 1:colcon.colcon_core.environment:checking '/home/johan/planning_with_ROS2_course/install/base_msgs/lib/pkgconfig/base_msgs.pc'
[0.377s] Level 1:colcon.colcon_core.environment:checking '/home/johan/planning_with_ROS2_course/install/base_msgs/lib/python3.10/site-packages'
[0.378s] Level 1:colcon.colcon_core.environment:checking '/home/johan/planning_with_ROS2_course/install/base_msgs/bin'
[0.378s] INFO:colcon.colcon_core.shell:Creating package script '/home/johan/planning_with_ROS2_course/install/base_msgs/share/base_msgs/package.ps1'
[0.379s] INFO:colcon.colcon_core.shell:Creating package descriptor '/home/johan/planning_with_ROS2_course/install/base_msgs/share/base_msgs/package.dsv'
[0.380s] INFO:colcon.colcon_core.shell:Creating package script '/home/johan/planning_with_ROS2_course/install/base_msgs/share/base_msgs/package.sh'
[0.381s] INFO:colcon.colcon_core.shell:Creating package script '/home/johan/planning_with_ROS2_course/install/base_msgs/share/base_msgs/package.bash'
[0.382s] INFO:colcon.colcon_core.shell:Creating package script '/home/johan/planning_with_ROS2_course/install/base_msgs/share/base_msgs/package.zsh'
[0.383s] Level 1:colcon.colcon_core.environment:create_file_with_runtime_dependencies(/home/johan/planning_with_ROS2_course/install/base_msgs/share/colcon-core/packages/base_msgs)
[0.384s] Level 1:colcon.colcon_core.environment:create_environment_scripts_only(base_msgs)
[0.385s] Level 1:colcon.colcon_core.environment:checking '/home/johan/planning_with_ROS2_course/install/base_msgs' for CMake module files
[0.385s] Level 1:colcon.colcon_core.environment:checking '/home/johan/planning_with_ROS2_course/install/base_msgs' for CMake config files
[0.385s] Level 1:colcon.colcon_core.shell:create_environment_hook('base_msgs', 'cmake_prefix_path')
[0.386s] INFO:colcon.colcon_core.shell:Creating environment hook '/home/johan/planning_with_ROS2_course/install/base_msgs/share/base_msgs/hook/cmake_prefix_path.ps1'
[0.386s] INFO:colcon.colcon_core.shell:Creating environment descriptor '/home/johan/planning_with_ROS2_course/install/base_msgs/share/base_msgs/hook/cmake_prefix_path.dsv'
[0.386s] INFO:colcon.colcon_core.shell:Creating environment hook '/home/johan/planning_with_ROS2_course/install/base_msgs/share/base_msgs/hook/cmake_prefix_path.sh'
[0.387s] Level 1:colcon.colcon_core.environment:checking '/home/johan/planning_with_ROS2_course/install/base_msgs/bin'
[0.387s] Level 1:colcon.colcon_core.environment:checking '/home/johan/planning_with_ROS2_course/install/base_msgs/lib/pkgconfig/base_msgs.pc'
[0.387s] Level 1:colcon.colcon_core.environment:checking '/home/johan/planning_with_ROS2_course/install/base_msgs/lib/python3.10/site-packages'
[0.387s] Level 1:colcon.colcon_core.environment:checking '/home/johan/planning_with_ROS2_course/install/base_msgs/bin'
[0.388s] INFO:colcon.colcon_core.shell:Creating package script '/home/johan/planning_with_ROS2_course/install/base_msgs/share/base_msgs/package.ps1'
[0.388s] INFO:colcon.colcon_core.shell:Creating package descriptor '/home/johan/planning_with_ROS2_course/install/base_msgs/share/base_msgs/package.dsv'
[0.388s] INFO:colcon.colcon_core.shell:Creating package script '/home/johan/planning_with_ROS2_course/install/base_msgs/share/base_msgs/package.sh'
[0.389s] INFO:colcon.colcon_core.shell:Creating package script '/home/johan/planning_with_ROS2_course/install/base_msgs/share/base_msgs/package.bash'
[0.389s] INFO:colcon.colcon_core.shell:Creating package script '/home/johan/planning_with_ROS2_course/install/base_msgs/share/base_msgs/package.zsh'
[0.389s] Level 1:colcon.colcon_core.environment:create_file_with_runtime_dependencies(/home/johan/planning_with_ROS2_course/install/base_msgs/share/colcon-core/packages/base_msgs)
[0.390s] INFO:colcon.colcon_ros.task.ament_python.build:Building ROS package in '/home/johan/planning_with_ROS2_course/src/data_plot' with build type 'ament_python'
[0.390s] Level 1:colcon.colcon_core.shell:create_environment_hook('data_plot', 'ament_prefix_path')
[0.390s] INFO:colcon.colcon_core.shell:Creating environment hook '/home/johan/planning_with_ROS2_course/install/data_plot/share/data_plot/hook/ament_prefix_path.ps1'
[0.391s] INFO:colcon.colcon_core.shell:Creating environment descriptor '/home/johan/planning_with_ROS2_course/install/data_plot/share/data_plot/hook/ament_prefix_path.dsv'
[0.391s] INFO:colcon.colcon_core.shell:Creating environment hook '/home/johan/planning_with_ROS2_course/install/data_plot/share/data_plot/hook/ament_prefix_path.sh'
[0.391s] INFO:colcon.colcon_core.shell:Skip shell extension 'powershell' for command environment: Not usable outside of PowerShell
[0.392s] DEBUG:colcon.colcon_core.shell:Skip shell extension 'dsv' for command environment
[0.394s] INFO:colcon.colcon_ros.task.ament_cmake.build:Building ROS package in '/home/johan/planning_with_ROS2_course/src/planning' with build type 'ament_cmake'
[0.394s] INFO:colcon.colcon_cmake.task.cmake.build:Building CMake package in '/home/johan/planning_with_ROS2_course/src/planning'
[0.394s] INFO:colcon.colcon_core.shell:Skip shell extension 'powershell' for command environment: Not usable outside of PowerShell
[0.394s] DEBUG:colcon.colcon_core.shell:Skip shell extension 'dsv' for command environment
[0.578s] INFO:colcon.colcon_core.task.python.build:Building Python package in '/home/johan/planning_with_ROS2_course/src/data_plot'
[0.579s] INFO:colcon.colcon_core.shell:Skip shell extension 'powershell' for command environment: Not usable outside of PowerShell
[0.579s] DEBUG:colcon.colcon_core.shell:Skip shell extension 'dsv' for command environment
[0.586s] DEBUG:colcon.colcon_core.event_handler.log_command:Invoking command in '/home/johan/planning_with_ROS2_course/build/planning': CMAKE_PREFIX_PATH=/home/johan/planning_with_ROS2_course/install/base_msgs:/home/johan/planning_with_ROS2_course/install/planning:/home/johan/planning_with_ROS2_course/install/data_plot:/opt/ros/humble /usr/bin/cmake --build /home/johan/planning_with_ROS2_course/build/planning -- -j16 -l16
[0.871s] DEBUG:colcon.colcon_core.event_handler.log_command:Invoking command in '/home/johan/planning_with_ROS2_course/src/data_plot': CMAKE_PREFIX_PATH=/home/johan/planning_with_ROS2_course/install/base_msgs:/home/johan/planning_with_ROS2_course/install/planning PYTHONPATH=/home/johan/planning_with_ROS2_course/build/data_plot/prefix_override:/usr/lib/python3/dist-packages/colcon_core/task/python/colcon_distutils_commands:/home/johan/planning_with_ROS2_course/install/data_plot/lib/python3.10/site-packages:${PYTHONPATH} /usr/bin/python3 -W ignore:setup.py install is deprecated -W ignore:easy_install command is deprecated setup.py egg_info --egg-base ../../build/data_plot build --build-base /home/johan/planning_with_ROS2_course/build/data_plot/build install --record /home/johan/planning_with_ROS2_course/build/data_plot/install.log --single-version-externally-managed install_data
[1.059s] Level 1:colcon.colcon_core.environment:checking '/home/johan/planning_with_ROS2_course/install/data_plot' for CMake module files
[1.060s] DEBUG:colcon.colcon_core.event_handler.log_command:Invoked command in '/home/johan/planning_with_ROS2_course/src/data_plot' returned '0': CMAKE_PREFIX_PATH=/home/johan/planning_with_ROS2_course/install/base_msgs:/home/johan/planning_with_ROS2_course/install/planning PYTHONPATH=/home/johan/planning_with_ROS2_course/build/data_plot/prefix_override:/usr/lib/python3/dist-packages/colcon_core/task/python/colcon_distutils_commands:/home/johan/planning_with_ROS2_course/install/data_plot/lib/python3.10/site-packages:${PYTHONPATH} /usr/bin/python3 -W ignore:setup.py install is deprecated -W ignore:easy_install command is deprecated setup.py egg_info --egg-base ../../build/data_plot build --build-base /home/johan/planning_with_ROS2_course/build/data_plot/build install --record /home/johan/planning_with_ROS2_course/build/data_plot/install.log --single-version-externally-managed install_data
[1.060s] Level 1:colcon.colcon_core.environment:checking '/home/johan/planning_with_ROS2_course/install/data_plot' for CMake config files
[1.061s] Level 1:colcon.colcon_core.environment:checking '/home/johan/planning_with_ROS2_course/install/data_plot/lib'
[1.061s] Level 1:colcon.colcon_core.environment:checking '/home/johan/planning_with_ROS2_course/install/data_plot/bin'
[1.061s] Level 1:colcon.colcon_core.environment:checking '/home/johan/planning_with_ROS2_course/install/data_plot/lib/pkgconfig/data_plot.pc'
[1.061s] Level 1:colcon.colcon_core.environment:checking '/home/johan/planning_with_ROS2_course/install/data_plot/lib/python3.10/site-packages'
[1.061s] Level 1:colcon.colcon_core.shell:create_environment_hook('data_plot', 'pythonpath')
[1.061s] INFO:colcon.colcon_core.shell:Creating environment hook '/home/johan/planning_with_ROS2_course/install/data_plot/share/data_plot/hook/pythonpath.ps1'
[1.061s] INFO:colcon.colcon_core.shell:Creating environment descriptor '/home/johan/planning_with_ROS2_course/install/data_plot/share/data_plot/hook/pythonpath.dsv'
[1.062s] INFO:colcon.colcon_core.shell:Creating environment hook '/home/johan/planning_with_ROS2_course/install/data_plot/share/data_plot/hook/pythonpath.sh'
[1.062s] Level 1:colcon.colcon_core.environment:checking '/home/johan/planning_with_ROS2_course/install/data_plot/bin'
[1.062s] Level 1:colcon.colcon_core.environment:create_environment_scripts_only(data_plot)
[1.062s] INFO:colcon.colcon_core.shell:Creating package script '/home/johan/planning_with_ROS2_course/install/data_plot/share/data_plot/package.ps1'
[1.062s] INFO:colcon.colcon_core.shell:Creating package descriptor '/home/johan/planning_with_ROS2_course/install/data_plot/share/data_plot/package.dsv'
[1.063s] INFO:colcon.colcon_core.shell:Creating package script '/home/johan/planning_with_ROS2_course/install/data_plot/share/data_plot/package.sh'
[1.063s] INFO:colcon.colcon_core.shell:Creating package script '/home/johan/planning_with_ROS2_course/install/data_plot/share/data_plot/package.bash'
[1.063s] INFO:colcon.colcon_core.shell:Creating package script '/home/johan/planning_with_ROS2_course/install/data_plot/share/data_plot/package.zsh'
[1.063s] Level 1:colcon.colcon_core.environment:create_file_with_runtime_dependencies(/home/johan/planning_with_ROS2_course/install/data_plot/share/colcon-core/packages/data_plot)
[4.949s] DEBUG:colcon.colcon_core.event_handler.log_command:Invoked command in '/home/johan/planning_with_ROS2_course/build/planning' returned '0': CMAKE_PREFIX_PATH=/home/johan/planning_with_ROS2_course/install/base_msgs:/home/johan/planning_with_ROS2_course/install/planning:/home/johan/planning_with_ROS2_course/install/data_plot:/opt/ros/humble /usr/bin/cmake --build /home/johan/planning_with_ROS2_course/build/planning -- -j16 -l16
[4.950s] DEBUG:colcon.colcon_core.event_handler.log_command:Invoking command in '/home/johan/planning_with_ROS2_course/build/planning': CMAKE_PREFIX_PATH=/home/johan/planning_with_ROS2_course/install/base_msgs:/home/johan/planning_with_ROS2_course/install/planning:/home/johan/planning_with_ROS2_course/install/data_plot:/opt/ros/humble /usr/bin/cmake --install /home/johan/planning_with_ROS2_course/build/planning
[4.964s] Level 1:colcon.colcon_core.environment:create_environment_scripts_only(planning)
[4.964s] Level 1:colcon.colcon_core.environment:checking '/home/johan/planning_with_ROS2_course/install/planning' for CMake module files
[4.965s] DEBUG:colcon.colcon_core.event_handler.log_command:Invoked command in '/home/johan/planning_with_ROS2_course/build/planning' returned '0': CMAKE_PREFIX_PATH=/home/johan/planning_with_ROS2_course/install/base_msgs:/home/johan/planning_with_ROS2_course/install/planning:/home/johan/planning_with_ROS2_course/install/data_plot:/opt/ros/humble /usr/bin/cmake --install /home/johan/planning_with_ROS2_course/build/planning
[4.965s] Level 1:colcon.colcon_core.environment:checking '/home/johan/planning_with_ROS2_course/install/planning' for CMake config files
[4.965s] Level 1:colcon.colcon_core.shell:create_environment_hook('planning', 'cmake_prefix_path')
[4.965s] INFO:colcon.colcon_core.shell:Creating environment hook '/home/johan/planning_with_ROS2_course/install/planning/share/planning/hook/cmake_prefix_path.ps1'
[4.966s] INFO:colcon.colcon_core.shell:Creating environment descriptor '/home/johan/planning_with_ROS2_course/install/planning/share/planning/hook/cmake_prefix_path.dsv'
[4.966s] INFO:colcon.colcon_core.shell:Creating environment hook '/home/johan/planning_with_ROS2_course/install/planning/share/planning/hook/cmake_prefix_path.sh'
[4.966s] Level 1:colcon.colcon_core.environment:checking '/home/johan/planning_with_ROS2_course/install/planning/lib'
[4.966s] Level 1:colcon.colcon_core.shell:create_environment_hook('planning', 'ld_library_path_lib')
[4.966s] INFO:colcon.colcon_core.shell:Creating environment hook '/home/johan/planning_with_ROS2_course/install/planning/share/planning/hook/ld_library_path_lib.ps1'
[4.966s] INFO:colcon.colcon_core.shell:Creating environment descriptor '/home/johan/planning_with_ROS2_course/install/planning/share/planning/hook/ld_library_path_lib.dsv'
[4.967s] INFO:colcon.colcon_core.shell:Creating environment hook '/home/johan/planning_with_ROS2_course/install/planning/share/planning/hook/ld_library_path_lib.sh'
[4.967s] Level 1:colcon.colcon_core.environment:checking '/home/johan/planning_with_ROS2_course/install/planning/bin'
[4.967s] Level 1:colcon.colcon_core.shell:create_environment_hook('planning', 'path')
[4.967s] INFO:colcon.colcon_core.shell:Creating environment hook '/home/johan/planning_with_ROS2_course/install/planning/share/planning/hook/path.ps1'
[4.967s] INFO:colcon.colcon_core.shell:Creating environment descriptor '/home/johan/planning_with_ROS2_course/install/planning/share/planning/hook/path.dsv'
[4.967s] INFO:colcon.colcon_core.shell:Creating environment hook '/home/johan/planning_with_ROS2_course/install/planning/share/planning/hook/path.sh'
[4.968s] Level 1:colcon.colcon_core.environment:checking '/home/johan/planning_with_ROS2_course/install/planning/lib/pkgconfig/planning.pc'
[4.968s] Level 1:colcon.colcon_core.environment:checking '/home/johan/planning_with_ROS2_course/install/planning/lib/python3.10/site-packages'
[4.968s] Level 1:colcon.colcon_core.environment:checking '/home/johan/planning_with_ROS2_course/install/planning/bin'
[4.968s] Level 1:colcon.colcon_core.shell:create_environment_hook('planning', 'pythonscriptspath')
[4.968s] INFO:colcon.colcon_core.shell:Creating environment hook '/home/johan/planning_with_ROS2_course/install/planning/share/planning/hook/pythonscriptspath.ps1'
[4.968s] INFO:colcon.colcon_core.shell:Creating environment descriptor '/home/johan/planning_with_ROS2_course/install/planning/share/planning/hook/pythonscriptspath.dsv'
[4.968s] INFO:colcon.colcon_core.shell:Creating environment hook '/home/johan/planning_with_ROS2_course/install/planning/share/planning/hook/pythonscriptspath.sh'
[4.969s] INFO:colcon.colcon_core.shell:Creating package script '/home/johan/planning_with_ROS2_course/install/planning/share/planning/package.ps1'
[4.969s] INFO:colcon.colcon_core.shell:Creating package descriptor '/home/johan/planning_with_ROS2_course/install/planning/share/planning/package.dsv'
[4.969s] INFO:colcon.colcon_core.shell:Creating package script '/home/johan/planning_with_ROS2_course/install/planning/share/planning/package.sh'
[4.970s] INFO:colcon.colcon_core.shell:Creating package script '/home/johan/planning_with_ROS2_course/install/planning/share/planning/package.bash'
[4.970s] INFO:colcon.colcon_core.shell:Creating package script '/home/johan/planning_with_ROS2_course/install/planning/share/planning/package.zsh'
[4.970s] Level 1:colcon.colcon_core.environment:create_file_with_runtime_dependencies(/home/johan/planning_with_ROS2_course/install/planning/share/colcon-core/packages/planning)
[4.970s] Level 1:colcon.colcon_core.environment:create_environment_scripts_only(planning)
[4.970s] Level 1:colcon.colcon_core.environment:checking '/home/johan/planning_with_ROS2_course/install/planning' for CMake module files
[4.971s] Level 1:colcon.colcon_core.environment:checking '/home/johan/planning_with_ROS2_course/install/planning' for CMake config files
[4.971s] Level 1:colcon.colcon_core.shell:create_environment_hook('planning', 'cmake_prefix_path')
[4.971s] INFO:colcon.colcon_core.shell:Creating environment hook '/home/johan/planning_with_ROS2_course/install/planning/share/planning/hook/cmake_prefix_path.ps1'
[4.971s] INFO:colcon.colcon_core.shell:Creating environment descriptor '/home/johan/planning_with_ROS2_course/install/planning/share/planning/hook/cmake_prefix_path.dsv'
[4.971s] INFO:colcon.colcon_core.shell:Creating environment hook '/home/johan/planning_with_ROS2_course/install/planning/share/planning/hook/cmake_prefix_path.sh'
[4.972s] Level 1:colcon.colcon_core.environment:checking '/home/johan/planning_with_ROS2_course/install/planning/lib'
[4.972s] Level 1:colcon.colcon_core.shell:create_environment_hook('planning', 'ld_library_path_lib')
[4.972s] INFO:colcon.colcon_core.shell:Creating environment hook '/home/johan/planning_with_ROS2_course/install/planning/share/planning/hook/ld_library_path_lib.ps1'
[4.972s] INFO:colcon.colcon_core.shell:Creating environment descriptor '/home/johan/planning_with_ROS2_course/install/planning/share/planning/hook/ld_library_path_lib.dsv'
[4.972s] INFO:colcon.colcon_core.shell:Creating environment hook '/home/johan/planning_with_ROS2_course/install/planning/share/planning/hook/ld_library_path_lib.sh'
[4.972s] Level 1:colcon.colcon_core.environment:checking '/home/johan/planning_with_ROS2_course/install/planning/bin'
[4.972s] Level 1:colcon.colcon_core.shell:create_environment_hook('planning', 'path')
[4.973s] INFO:colcon.colcon_core.shell:Creating environment hook '/home/johan/planning_with_ROS2_course/install/planning/share/planning/hook/path.ps1'
[4.973s] INFO:colcon.colcon_core.shell:Creating environment descriptor '/home/johan/planning_with_ROS2_course/install/planning/share/planning/hook/path.dsv'
[4.973s] INFO:colcon.colcon_core.shell:Creating environment hook '/home/johan/planning_with_ROS2_course/install/planning/share/planning/hook/path.sh'
[4.973s] Level 1:colcon.colcon_core.environment:checking '/home/johan/planning_with_ROS2_course/install/planning/lib/pkgconfig/planning.pc'
[4.973s] Level 1:colcon.colcon_core.environment:checking '/home/johan/planning_with_ROS2_course/install/planning/lib/python3.10/site-packages'
[4.973s] Level 1:colcon.colcon_core.environment:checking '/home/johan/planning_with_ROS2_course/install/planning/bin'
[4.973s] Level 1:colcon.colcon_core.shell:create_environment_hook('planning', 'pythonscriptspath')
[4.974s] INFO:colcon.colcon_core.shell:Creating environment hook '/home/johan/planning_with_ROS2_course/install/planning/share/planning/hook/pythonscriptspath.ps1'
[4.974s] INFO:colcon.colcon_core.shell:Creating environment descriptor '/home/johan/planning_with_ROS2_course/install/planning/share/planning/hook/pythonscriptspath.dsv'
[4.974s] INFO:colcon.colcon_core.shell:Creating environment hook '/home/johan/planning_with_ROS2_course/install/planning/share/planning/hook/pythonscriptspath.sh'
[4.974s] INFO:colcon.colcon_core.shell:Creating package script '/home/johan/planning_with_ROS2_course/install/planning/share/planning/package.ps1'
[4.975s] INFO:colcon.colcon_core.shell:Creating package descriptor '/home/johan/planning_with_ROS2_course/install/planning/share/planning/package.dsv'
[4.975s] INFO:colcon.colcon_core.shell:Creating package script '/home/johan/planning_with_ROS2_course/install/planning/share/planning/package.sh'
[4.975s] INFO:colcon.colcon_core.shell:Creating package script '/home/johan/planning_with_ROS2_course/install/planning/share/planning/package.bash'
[4.975s] INFO:colcon.colcon_core.shell:Creating package script '/home/johan/planning_with_ROS2_course/install/planning/share/planning/package.zsh'
[4.976s] Level 1:colcon.colcon_core.environment:create_file_with_runtime_dependencies(/home/johan/planning_with_ROS2_course/install/planning/share/colcon-core/packages/planning)
[4.976s] DEBUG:colcon.colcon_parallel_executor.executor.parallel:closing loop
[4.976s] DEBUG:colcon.colcon_parallel_executor.executor.parallel:loop closed
[4.976s] DEBUG:colcon.colcon_parallel_executor.executor.parallel:run_until_complete finished with '0'
[4.976s] DEBUG:colcon.colcon_core.event_reactor:joining thread
[4.980s] INFO:colcon.colcon_core.plugin_system:Skipping extension 'colcon_notification.desktop_notification.terminal_notifier': Not used on non-Darwin systems
[4.981s] INFO:colcon.colcon_core.plugin_system:Skipping extension 'colcon_notification.desktop_notification.win32': Not used on non-Windows systems
[4.981s] INFO:colcon.colcon_notification.desktop_notification:Sending desktop notification using 'notify2'
[5.001s] DEBUG:colcon.colcon_core.event_reactor:joined thread
[5.001s] INFO:colcon.colcon_core.shell:Creating prefix script '/home/johan/planning_with_ROS2_course/install/local_setup.ps1'
[5.002s] INFO:colcon.colcon_core.shell:Creating prefix util module '/home/johan/planning_with_ROS2_course/install/_local_setup_util_ps1.py'
[5.003s] INFO:colcon.colcon_core.shell:Creating prefix chain script '/home/johan/planning_with_ROS2_course/install/setup.ps1'
[5.003s] INFO:colcon.colcon_core.shell:Creating prefix script '/home/johan/planning_with_ROS2_course/install/local_setup.sh'
[5.004s] INFO:colcon.colcon_core.shell:Creating prefix util module '/home/johan/planning_with_ROS2_course/install/_local_setup_util_sh.py'
[5.004s] INFO:colcon.colcon_core.shell:Creating prefix chain script '/home/johan/planning_with_ROS2_course/install/setup.sh'
[5.005s] INFO:colcon.colcon_core.shell:Creating prefix script '/home/johan/planning_with_ROS2_course/install/local_setup.bash'
[5.006s] INFO:colcon.colcon_core.shell:Creating prefix chain script '/home/johan/planning_with_ROS2_course/install/setup.bash'
[5.007s] INFO:colcon.colcon_core.shell:Creating prefix script '/home/johan/planning_with_ROS2_course/install/local_setup.zsh'
[5.008s] INFO:colcon.colcon_core.shell:Creating prefix chain script '/home/johan/planning_with_ROS2_course/install/setup.zsh'
