-- The C compiler identification is GNU 11.4.0
-- The CXX compiler identification is GNU 11.4.0
-- Detecting C compiler ABI info
-- Detecting C compiler ABI info - done
-- Check for working C compiler: /usr/bin/cc - skipped
-- Detecting C compile features
-- Detecting C compile features - done
-- Detecting CXX compiler ABI info
-- Detecting CXX compiler ABI info - done
-- Check for working CXX compiler: /usr/bin/c++ - skipped
-- Detecting CXX compile features
-- Detecting CXX compile features - done
-- Found ament_cmake: 1.3.11 (/opt/ros/humble/share/ament_cmake/cmake)
-- Found Python3: /usr/bin/python3 (found version "3.10.12") found components: Interpreter 
-- Found rclcpp: 16.0.12 (/opt/ros/humble/share/rclcpp/cmake)
-- Found rosidl_generator_c: 3.1.6 (/opt/ros/humble/share/rosidl_generator_c/cmake)
-- Found rosidl_adapter: 3.1.6 (/opt/ros/humble/share/rosidl_adapter/cmake)
-- Found rosidl_generator_cpp: 3.1.6 (/opt/ros/humble/share/rosidl_generator_cpp/cmake)
-- Using all available rosidl_typesupport_c: rosidl_typesupport_fastrtps_c;rosidl_typesupport_introspection_c
-- Using all available rosidl_typesupport_cpp: rosidl_typesupport_fastrtps_cpp;rosidl_typesupport_introspection_cpp
-- Found rmw_implementation_cmake: 6.1.2 (/opt/ros/humble/share/rmw_implementation_cmake/cmake)
-- Found rmw_fastrtps_cpp: 6.2.7 (/opt/ros/humble/share/rmw_fastrtps_cpp/cmake)
-- Found OpenSSL: /usr/lib/x86_64-linux-gnu/libcrypto.so (found version "3.0.2")  
-- Found FastRTPS: /opt/ros/humble/include  
-- Using RMW implementation 'rmw_fastrtps_cpp' as default
-- Looking for pthread.h
-- Looking for pthread.h - found
-- Performing Test CMAKE_HAVE_LIBC_PTHREAD
-- Performing Test CMAKE_HAVE_LIBC_PTHREAD - Success
-- Found Threads: TRUE  
-- Found tf2: 0.25.13 (/opt/ros/humble/share/tf2/cmake)
-- Found tf2_ros: 0.25.13 (/opt/ros/humble/share/tf2_ros/cmake)
-- Found nav_msgs: 4.9.0 (/opt/ros/humble/share/nav_msgs/cmake)
-- Found visualization_msgs: 4.9.0 (/opt/ros/humble/share/visualization_msgs/cmake)
-- Found base_msgs: 0.0.0 (/home/johan/planning_with_ROS2_course/install/base_msgs/share/base_msgs/cmake)
-- Configuring done
-- Generating done
-- Build files have been written to: /home/johan/planning_with_ROS2_course/build/planning
[ 12%] [32mBuilding CXX object src/common/CMakeFiles/mathlibs.dir/math/curve.cpp.o[0m
[ 12%] [32mBuilding CXX object src/move_cmd/CMakeFiles/obj_move_cmd.dir/obj_move_cmd.cpp.o[0m
[ 12%] [32mBuilding CXX object src/move_cmd/CMakeFiles/car_move_cmd.dir/car_move_cmd.cpp.o[0m
[ 12%] [32mBuilding CXX object src/common/CMakeFiles/config_reader.dir/config_reader/config_reader.cpp.o[0m
[ 16%] [32mBuilding CXX object src/common/CMakeFiles/mathlibs.dir/math/polynomial_curve.cpp.o[0m
[ 19%] [32m[1mLinking CXX executable obj_move_cmd[0m
[ 22%] [32m[1mLinking CXX executable car_move_cmd[0m
[ 22%] Built target obj_move_cmd
[ 22%] Built target car_move_cmd
[ 25%] [32m[1mLinking CXX shared library libmathlibs.so[0m
[ 25%] Built target mathlibs
[ 29%] [32m[1mLinking CXX shared library libconfig_reader.so[0m
[ 29%] Built target config_reader
[ 38%] [32mBuilding CXX object src/planning_process/CMakeFiles/planning_process.dir/planning_process.cpp.o[0m
[ 38%] [32mBuilding CXX object src/reference_line/CMakeFiles/reference_line.dir/reference_line_creator.cpp.o[0m
[ 38%] [32mBuilding CXX object src/vehicle_info/CMakeFiles/vehicle_info.dir/main_car/main_car_info.cpp.o[0m
[ 41%] [32mBuilding CXX object src/reference_line/CMakeFiles/reference_line.dir/reference_line_smoother.cpp.o[0m
[ 45%] [32mBuilding CXX object src/vehicle_info/CMakeFiles/vehicle_info.dir/obs_car/obs_car_info.cpp.o[0m
[ 48%] [32mBuilding CXX object src/planning_process/CMakeFiles/planning_process.dir/planning_process_main.cpp.o[0m
[ 51%] [32mBuilding CXX object src/pnc_map_creator/CMakeFiles/pnc_map_creator.dir/pnc_map_straight/pnc_map_straight.cpp.o[0m
[ 54%] [32mBuilding CXX object src/pnc_map_creator/CMakeFiles/pnc_map_creator.dir/pnc_map_sturn/pnc_map_sturn.cpp.o[0m
[ 58%] [32m[1mLinking CXX shared library libvehicle_info.so[0m
[ 58%] Built target vehicle_info
[ 61%] [32mBuilding CXX object src/decision_center/CMakeFiles/decision_center.dir/decision_center.cpp.o[0m
[ 64%] [32m[1mLinking CXX shared library libpnc_map_creator.so[0m
[ 64%] Built target pnc_map_creator
[ 67%] [32mBuilding CXX object src/pnc_map_creator/CMakeFiles/pnc_map_server.dir/pnc_map_server.cpp.o[0m
[ 70%] [32m[1mLinking CXX shared library libreference_line.so[0m
[ 70%] Built target reference_line
[ 74%] [32m[1mLinking CXX shared library libdecision_center.so[0m
[ 74%] Built target decision_center
[ 77%] [32mBuilding CXX object src/local_planner/CMakeFiles/local_planner.dir/local_trajectory_combiner.cpp.o[0m
[ 80%] [32mBuilding CXX object src/local_planner/CMakeFiles/local_planner.dir/local_path/local_path_planner.cpp.o[0m
[ 83%] [32mBuilding CXX object src/local_planner/CMakeFiles/local_planner.dir/local_speeds/local_speeds_smoother.cpp.o[0m
[ 87%] [32mBuilding CXX object src/local_planner/CMakeFiles/local_planner.dir/local_speeds/local_speeds_planner.cpp.o[0m
[ 90%] [32mBuilding CXX object src/local_planner/CMakeFiles/local_planner.dir/local_path/local_path_smoother.cpp.o[0m
[ 93%] [32m[1mLinking CXX executable planning_process[0m
[ 93%] Built target planning_process
[ 96%] [32m[1mLinking CXX executable pnc_map_server[0m
[ 96%] Built target pnc_map_server
[100%] [32m[1mLinking CXX shared library liblocal_planner.so[0m
[100%] Built target local_planner
-- Install configuration: ""
-- Installing: /home/johan/planning_with_ROS2_course/install/planning/lib/libconfig_reader.so
-- Set runtime path of "/home/johan/planning_with_ROS2_course/install/planning/lib/libconfig_reader.so" to ""
-- Installing: /home/johan/planning_with_ROS2_course/install/planning/lib/libmathlibs.so
-- Set runtime path of "/home/johan/planning_with_ROS2_course/install/planning/lib/libmathlibs.so" to ""
-- Installing: /home/johan/planning_with_ROS2_course/install/planning/lib/libdecision_center.so
-- Set runtime path of "/home/johan/planning_with_ROS2_course/install/planning/lib/libdecision_center.so" to ""
-- Installing: /home/johan/planning_with_ROS2_course/install/planning/bin/pnc_map_server
-- Set runtime path of "/home/johan/planning_with_ROS2_course/install/planning/bin/pnc_map_server" to ""
-- Installing: /home/johan/planning_with_ROS2_course/install/planning/lib/planning/pnc_map_server
-- Set runtime path of "/home/johan/planning_with_ROS2_course/install/planning/lib/planning/pnc_map_server" to ""
-- Installing: /home/johan/planning_with_ROS2_course/install/planning/lib/liblocal_planner.so
-- Set runtime path of "/home/johan/planning_with_ROS2_course/install/planning/lib/liblocal_planner.so" to ""
-- Installing: /home/johan/planning_with_ROS2_course/install/planning/lib/libreference_line.so
-- Set runtime path of "/home/johan/planning_with_ROS2_course/install/planning/lib/libreference_line.so" to ""
-- Installing: /home/johan/planning_with_ROS2_course/install/planning/lib/libvehicle_info.so
-- Set runtime path of "/home/johan/planning_with_ROS2_course/install/planning/lib/libvehicle_info.so" to ""
-- Installing: /home/johan/planning_with_ROS2_course/install/planning/lib/planning/planning_process
-- Set runtime path of "/home/johan/planning_with_ROS2_course/install/planning/lib/planning/planning_process" to ""
-- Installing: /home/johan/planning_with_ROS2_course/install/planning/lib/planning/car_move_cmd
-- Set runtime path of "/home/johan/planning_with_ROS2_course/install/planning/lib/planning/car_move_cmd" to ""
-- Installing: /home/johan/planning_with_ROS2_course/install/planning/lib/planning/obj_move_cmd
-- Set runtime path of "/home/johan/planning_with_ROS2_course/install/planning/lib/planning/obj_move_cmd" to ""
-- Installing: /home/johan/planning_with_ROS2_course/install/planning/share/planning/config
-- Installing: /home/johan/planning_with_ROS2_course/install/planning/share/planning/config/planning_static_obs_config.yaml
-- Installing: /home/johan/planning_with_ROS2_course/install/planning/share/planning/rviz
-- Installing: /home/johan/planning_with_ROS2_course/install/planning/share/planning/rviz/planning.rviz
-- Installing: /home/johan/planning_with_ROS2_course/install/planning/share/planning/launch
-- Installing: /home/johan/planning_with_ROS2_course/install/planning/share/planning/launch/planning_launch.py
-- Installing: /home/johan/planning_with_ROS2_course/install/planning/share/planning/urdf
-- Installing: /home/johan/planning_with_ROS2_course/install/planning/share/planning/urdf/obs_car
-- Installing: /home/johan/planning_with_ROS2_course/install/planning/share/planning/urdf/main_car
-- Installing: /home/johan/planning_with_ROS2_course/install/planning/share/planning/urdf/main_car/car_wheels.xacro
-- Installing: /home/johan/planning_with_ROS2_course/install/planning/share/planning/urdf/main_car/car_base.xacro
-- Installing: /home/johan/planning_with_ROS2_course/install/planning/share/planning/urdf/main_car/car.xacro
-- Installing: /home/johan/planning_with_ROS2_course/install/planning/share/planning/urdf/main_car/car_radar.xacro
-- Installing: /home/johan/planning_with_ROS2_course/install/planning/share/planning/urdf/main_car/car_camera.xacro
-- Installing: /home/johan/planning_with_ROS2_course/install/planning/share/ament_index/resource_index/package_run_dependencies/planning
-- Installing: /home/johan/planning_with_ROS2_course/install/planning/share/ament_index/resource_index/parent_prefix_path/planning
-- Installing: /home/johan/planning_with_ROS2_course/install/planning/share/planning/environment/ament_prefix_path.sh
-- Installing: /home/johan/planning_with_ROS2_course/install/planning/share/planning/environment/ament_prefix_path.dsv
-- Installing: /home/johan/planning_with_ROS2_course/install/planning/share/planning/environment/path.sh
-- Installing: /home/johan/planning_with_ROS2_course/install/planning/share/planning/environment/path.dsv
-- Installing: /home/johan/planning_with_ROS2_course/install/planning/share/planning/local_setup.bash
-- Installing: /home/johan/planning_with_ROS2_course/install/planning/share/planning/local_setup.sh
-- Installing: /home/johan/planning_with_ROS2_course/install/planning/share/planning/local_setup.zsh
-- Installing: /home/johan/planning_with_ROS2_course/install/planning/share/planning/local_setup.dsv
-- Installing: /home/johan/planning_with_ROS2_course/install/planning/share/planning/package.dsv
-- Installing: /home/johan/planning_with_ROS2_course/install/planning/share/ament_index/resource_index/packages/planning
-- Installing: /home/johan/planning_with_ROS2_course/install/planning/share/planning/cmake/planningConfig.cmake
-- Installing: /home/johan/planning_with_ROS2_course/install/planning/share/planning/cmake/planningConfig-version.cmake
-- Installing: /home/johan/planning_with_ROS2_course/install/planning/share/planning/package.xml
