[0.184s] Invoking command in '/home/johan/planning_with_ROS2_course/build/planning': CMAKE_PREFIX_PATH=/home/johan/planning_with_ROS2_course/install/base_msgs:/home/johan/planning_with_ROS2_course/install/planning:/home/johan/planning_with_ROS2_course/install/data_plot:/opt/ros/humble /usr/bin/cmake --build /home/johan/planning_with_ROS2_course/build/planning -- -j16 -l16
[0.230s] [ 12%] Built target car_move_cmd
[0.230s] [ 12%] Built target config_reader
[0.230s] [ 19%] Built target obj_move_cmd
[0.238s] [ 29%] Built target mathlibs
[0.248s] [ 38%] Built target pnc_map_creator
[0.249s] [ 41%] [32mBuilding CXX object src/planning_process/CMakeFiles/planning_node.dir/planning_process.cpp.o[0m
[0.266s] [ 51%] Built target reference_line
[0.266s] [ 61%] Built target vehicle_info
[0.277s] [ 67%] Built target pnc_map_server
[0.285s] [ 74%] Built target decision_center
[0.309s] [ 93%] Built target local_planner
[2.194s] [01m[K/home/johan/planning_with_ROS2_course/src/planning/src/planning_process/planning_process.cpp:[m[K In constructor ‘[01m[KPlanning::PlanningProcess::PlanningProcess()[m[K’:
[2.194s] [01m[K/home/johan/planning_with_ROS2_course/src/planning/src/planning_process/planning_process.cpp:12:14:[m[K [01;35m[Kwarning: [m[Kunused variable ‘[01m[Kobs_dis[m[K’ [[01;35m[K]8;;https://gcc.gnu.org/onlinedocs/gcc/Warning-Options.html#index-Wunused-variable-Wunused-variable]8;;[m[K]
[2.195s]    12 |         auto [01;35m[Kobs_dis[m[K = process_config_->process().obs_dis_;
[2.195s]       |              [01;35m[K^~~~~~~[m[K
[2.613s] [ 96%] [32m[1mLinking CXX executable planning_node[0m
[2.756s] [100%] Built target planning_node
[2.763s] Invoked command in '/home/johan/planning_with_ROS2_course/build/planning' returned '0': CMAKE_PREFIX_PATH=/home/johan/planning_with_ROS2_course/install/base_msgs:/home/johan/planning_with_ROS2_course/install/planning:/home/johan/planning_with_ROS2_course/install/data_plot:/opt/ros/humble /usr/bin/cmake --build /home/johan/planning_with_ROS2_course/build/planning -- -j16 -l16
[2.765s] Invoking command in '/home/johan/planning_with_ROS2_course/build/planning': CMAKE_PREFIX_PATH=/home/johan/planning_with_ROS2_course/install/base_msgs:/home/johan/planning_with_ROS2_course/install/planning:/home/johan/planning_with_ROS2_course/install/data_plot:/opt/ros/humble /usr/bin/cmake --install /home/johan/planning_with_ROS2_course/build/planning
[2.772s] -- Install configuration: ""
[2.773s] -- Up-to-date: /home/johan/planning_with_ROS2_course/install/planning/lib/libconfig_reader.so
[2.774s] -- Up-to-date: /home/johan/planning_with_ROS2_course/install/planning/lib/libmathlibs.so
[2.775s] -- Up-to-date: /home/johan/planning_with_ROS2_course/install/planning/lib/libdecision_center.so
[2.776s] -- Up-to-date: /home/johan/planning_with_ROS2_course/install/planning/bin/pnc_map_server
[2.776s] -- Up-to-date: /home/johan/planning_with_ROS2_course/install/planning/lib/planning/pnc_map_server
[2.777s] -- Up-to-date: /home/johan/planning_with_ROS2_course/install/planning/lib/liblocal_planner.so
[2.778s] -- Up-to-date: /home/johan/planning_with_ROS2_course/install/planning/lib/libreference_line.so
[2.778s] -- Up-to-date: /home/johan/planning_with_ROS2_course/install/planning/lib/libvehicle_info.so
[2.780s] -- Installing: /home/johan/planning_with_ROS2_course/install/planning/lib/planning/planning_node
[2.781s] -- Set runtime path of "/home/johan/planning_with_ROS2_course/install/planning/lib/planning/planning_node" to ""
[2.781s] -- Up-to-date: /home/johan/planning_with_ROS2_course/install/planning/lib/planning/car_move_cmd
[2.782s] -- Up-to-date: /home/johan/planning_with_ROS2_course/install/planning/lib/planning/obj_move_cmd
[2.782s] -- Up-to-date: /home/johan/planning_with_ROS2_course/install/planning/share/planning/config
[2.782s] -- Up-to-date: /home/johan/planning_with_ROS2_course/install/planning/share/planning/config/planning_static_obs_config.yaml
[2.782s] -- Up-to-date: /home/johan/planning_with_ROS2_course/install/planning/share/planning/rviz
[2.783s] -- Up-to-date: /home/johan/planning_with_ROS2_course/install/planning/share/planning/launch
[2.783s] -- Installing: /home/johan/planning_with_ROS2_course/install/planning/share/planning/launch/planning_launch.py
[2.783s] -- Up-to-date: /home/johan/planning_with_ROS2_course/install/planning/share/planning/urdf
[2.783s] -- Up-to-date: /home/johan/planning_with_ROS2_course/install/planning/share/planning/urdf/obs_car
[2.783s] -- Up-to-date: /home/johan/planning_with_ROS2_course/install/planning/share/planning/urdf/main_car
[2.783s] -- Installing: /home/johan/planning_with_ROS2_course/install/planning/share/planning/urdf/main_car/car_wheels.xacro
[2.783s] -- Installing: /home/johan/planning_with_ROS2_course/install/planning/share/planning/urdf/main_car/car_base.xacro
[2.784s] -- Installing: /home/johan/planning_with_ROS2_course/install/planning/share/planning/urdf/main_car/car.xacro
[2.784s] -- Installing: /home/johan/planning_with_ROS2_course/install/planning/share/planning/urdf/main_car/car_radar.xacro
[2.784s] -- Installing: /home/johan/planning_with_ROS2_course/install/planning/share/planning/urdf/main_car/car_camera.xacro
[2.784s] -- Up-to-date: /home/johan/planning_with_ROS2_course/install/planning/share/ament_index/resource_index/package_run_dependencies/planning
[2.784s] -- Up-to-date: /home/johan/planning_with_ROS2_course/install/planning/share/ament_index/resource_index/parent_prefix_path/planning
[2.784s] -- Up-to-date: /home/johan/planning_with_ROS2_course/install/planning/share/planning/environment/ament_prefix_path.sh
[2.784s] -- Up-to-date: /home/johan/planning_with_ROS2_course/install/planning/share/planning/environment/ament_prefix_path.dsv
[2.785s] -- Up-to-date: /home/johan/planning_with_ROS2_course/install/planning/share/planning/environment/path.sh
[2.785s] -- Up-to-date: /home/johan/planning_with_ROS2_course/install/planning/share/planning/environment/path.dsv
[2.785s] -- Up-to-date: /home/johan/planning_with_ROS2_course/install/planning/share/planning/local_setup.bash
[2.786s] -- Up-to-date: /home/johan/planning_with_ROS2_course/install/planning/share/planning/local_setup.sh
[2.787s] -- Up-to-date: /home/johan/planning_with_ROS2_course/install/planning/share/planning/local_setup.zsh
[2.787s] -- Up-to-date: /home/johan/planning_with_ROS2_course/install/planning/share/planning/local_setup.dsv
[2.787s] -- Up-to-date: /home/johan/planning_with_ROS2_course/install/planning/share/planning/package.dsv
[2.787s] -- Up-to-date: /home/johan/planning_with_ROS2_course/install/planning/share/ament_index/resource_index/packages/planning
[2.787s] -- Up-to-date: /home/johan/planning_with_ROS2_course/install/planning/share/planning/cmake/planningConfig.cmake
[2.788s] -- Up-to-date: /home/johan/planning_with_ROS2_course/install/planning/share/planning/cmake/planningConfig-version.cmake
[2.788s] -- Up-to-date: /home/johan/planning_with_ROS2_course/install/planning/share/planning/package.xml
[2.788s] Invoked command in '/home/johan/planning_with_ROS2_course/build/planning' returned '0': CMAKE_PREFIX_PATH=/home/johan/planning_with_ROS2_course/install/base_msgs:/home/johan/planning_with_ROS2_course/install/planning:/home/johan/planning_with_ROS2_course/install/data_plot:/opt/ros/humble /usr/bin/cmake --install /home/johan/planning_with_ROS2_course/build/planning
