[0.477s] Invoking command in '/home/johan/planning_with_ROS2_course/src/data_plot': CMAKE_PREFIX_PATH=/home/johan/planning_with_ROS2_course/install/base_msgs:/home/johan/planning_with_ROS2_course/install/planning PYTHONPATH=/home/johan/planning_with_ROS2_course/build/data_plot/prefix_override:/usr/lib/python3/dist-packages/colcon_core/task/python/colcon_distutils_commands:/home/johan/planning_with_ROS2_course/install/data_plot/lib/python3.10/site-packages:${PYTHONPATH} /usr/bin/python3 -W ignore:setup.py install is deprecated -W ignore:easy_install command is deprecated setup.py egg_info --egg-base ../../build/data_plot build --build-base /home/johan/planning_with_ROS2_course/build/data_plot/build install --record /home/johan/planning_with_ROS2_course/build/data_plot/install.log --single-version-externally-managed install_data
[0.634s] running egg_info
[0.634s] writing ../../build/data_plot/data_plot.egg-info/PKG-INFO
[0.635s] writing dependency_links to ../../build/data_plot/data_plot.egg-info/dependency_links.txt
[0.635s] writing entry points to ../../build/data_plot/data_plot.egg-info/entry_points.txt
[0.635s] writing requirements to ../../build/data_plot/data_plot.egg-info/requires.txt
[0.635s] writing top-level names to ../../build/data_plot/data_plot.egg-info/top_level.txt
[0.636s] reading manifest file '../../build/data_plot/data_plot.egg-info/SOURCES.txt'
[0.636s] writing manifest file '../../build/data_plot/data_plot.egg-info/SOURCES.txt'
[0.636s] running build
[0.636s] running build_py
[0.636s] running install
[0.636s] running install_lib
[0.637s] creating /home/johan/planning_with_ROS2_course/install/data_plot/lib/python3.10/site-packages/data_plot
[0.637s] copying /home/johan/planning_with_ROS2_course/build/data_plot/build/lib/data_plot/data_plot.py -> /home/johan/planning_with_ROS2_course/install/data_plot/lib/python3.10/site-packages/data_plot
[0.637s] copying /home/johan/planning_with_ROS2_course/build/data_plot/build/lib/data_plot/__init__.py -> /home/johan/planning_with_ROS2_course/install/data_plot/lib/python3.10/site-packages/data_plot
[0.637s] byte-compiling /home/johan/planning_with_ROS2_course/install/data_plot/lib/python3.10/site-packages/data_plot/data_plot.py to data_plot.cpython-310.pyc
[0.637s] byte-compiling /home/johan/planning_with_ROS2_course/install/data_plot/lib/python3.10/site-packages/data_plot/__init__.py to __init__.cpython-310.pyc
[0.638s] running install_data
[0.638s] creating /home/johan/planning_with_ROS2_course/install/data_plot/share/ament_index
[0.638s] creating /home/johan/planning_with_ROS2_course/install/data_plot/share/ament_index/resource_index
[0.638s] creating /home/johan/planning_with_ROS2_course/install/data_plot/share/ament_index/resource_index/packages
[0.638s] copying resource/data_plot -> /home/johan/planning_with_ROS2_course/install/data_plot/share/ament_index/resource_index/packages
[0.638s] copying package.xml -> /home/johan/planning_with_ROS2_course/install/data_plot/share/data_plot
[0.638s] running install_egg_info
[0.640s] Copying ../../build/data_plot/data_plot.egg-info to /home/johan/planning_with_ROS2_course/install/data_plot/lib/python3.10/site-packages/data_plot-0.0.0-py3.10.egg-info
[0.641s] running install_scripts
[0.656s] Installing data_plot script to /home/johan/planning_with_ROS2_course/install/data_plot/lib/data_plot
[0.656s] writing list of installed files to '/home/johan/planning_with_ROS2_course/build/data_plot/install.log'
[0.671s] Invoked command in '/home/johan/planning_with_ROS2_course/src/data_plot' returned '0': CMAKE_PREFIX_PATH=/home/johan/planning_with_ROS2_course/install/base_msgs:/home/johan/planning_with_ROS2_course/install/planning PYTHONPATH=/home/johan/planning_with_ROS2_course/build/data_plot/prefix_override:/usr/lib/python3/dist-packages/colcon_core/task/python/colcon_distutils_commands:/home/johan/planning_with_ROS2_course/install/data_plot/lib/python3.10/site-packages:${PYTHONPATH} /usr/bin/python3 -W ignore:setup.py install is deprecated -W ignore:easy_install command is deprecated setup.py egg_info --egg-base ../../build/data_plot build --build-base /home/johan/planning_with_ROS2_course/build/data_plot/build install --record /home/johan/planning_with_ROS2_course/build/data_plot/install.log --single-version-externally-managed install_data
