[  9%] Built target car_move_cmd
[  9%] [32mBuilding CXX object src/common/CMakeFiles/config_reader.dir/config_reader/config_reader.cpp.o[0m
[ 19%] Built target mathlibs
[ 35%] Built target planning_node
[ 35%] Built target obj_move_cmd
[ 38%] [32m[1mLinking CXX shared library libconfig_reader.so[0m
[ 38%] Built target config_reader
[ 48%] [32m[1mLinking CXX shared library libvehicle_info.so[0m
[ 48%] [32m[1mLinking CXX shared library libreference_line.so[0m
[ 48%] [32m[1mLinking CXX shared library libpnc_map_creator.so[0m
[ 54%] Built target reference_line
[ 61%] Built target pnc_map_creator
[ 67%] Built target vehicle_info
[ 70%] [32m[1mLinking CXX executable pnc_map_server[0m
[ 74%] [32mBuilding CXX object src/decision_center/CMakeFiles/decision_center.dir/decision_center.cpp.o[0m
[ 77%] Built target pnc_map_server
[ 80%] [32m[1mLinking CXX shared library libdecision_center.so[0m
[ 80%] Built target decision_center
[ 83%] [32mBuilding CXX object src/local_planner/CMakeFiles/local_planner.dir/local_trajectory_combiner.cpp.o[0m
[ 87%] [32mBuilding CXX object src/local_planner/CMakeFiles/local_planner.dir/local_speeds/local_speeds_smoother.cpp.o[0m
[ 90%] [32mBuilding CXX object src/local_planner/CMakeFiles/local_planner.dir/local_speeds/local_speeds_planner.cpp.o[0m
[ 93%] [32mBuilding CXX object src/local_planner/CMakeFiles/local_planner.dir/local_path/local_path_planner.cpp.o[0m
[ 96%] [32mBuilding CXX object src/local_planner/CMakeFiles/local_planner.dir/local_path/local_path_smoother.cpp.o[0m
[100%] [32m[1mLinking CXX shared library liblocal_planner.so[0m
[100%] Built target local_planner
-- Install configuration: ""
-- Installing: /home/johan/planning_with_ROS2_course/install/planning/lib/libconfig_reader.so
-- Set runtime path of "/home/johan/planning_with_ROS2_course/install/planning/lib/libconfig_reader.so" to ""
-- Up-to-date: /home/johan/planning_with_ROS2_course/install/planning/lib/libmathlibs.so
-- Installing: /home/johan/planning_with_ROS2_course/install/planning/lib/libdecision_center.so
-- Set runtime path of "/home/johan/planning_with_ROS2_course/install/planning/lib/libdecision_center.so" to ""
-- Installing: /home/johan/planning_with_ROS2_course/install/planning/bin/pnc_map_server
-- Set runtime path of "/home/johan/planning_with_ROS2_course/install/planning/bin/pnc_map_server" to ""
-- Installing: /home/johan/planning_with_ROS2_course/install/planning/lib/planning/pnc_map_server
-- Set runtime path of "/home/johan/planning_with_ROS2_course/install/planning/lib/planning/pnc_map_server" to ""
-- Installing: /home/johan/planning_with_ROS2_course/install/planning/lib/liblocal_planner.so
-- Set runtime path of "/home/johan/planning_with_ROS2_course/install/planning/lib/liblocal_planner.so" to ""
-- Installing: /home/johan/planning_with_ROS2_course/install/planning/lib/libreference_line.so
-- Set runtime path of "/home/johan/planning_with_ROS2_course/install/planning/lib/libreference_line.so" to ""
-- Installing: /home/johan/planning_with_ROS2_course/install/planning/lib/libvehicle_info.so
-- Set runtime path of "/home/johan/planning_with_ROS2_course/install/planning/lib/libvehicle_info.so" to ""
-- Up-to-date: /home/johan/planning_with_ROS2_course/install/planning/lib/planning/planning_node
-- Up-to-date: /home/johan/planning_with_ROS2_course/install/planning/lib/planning/car_move_cmd
-- Up-to-date: /home/johan/planning_with_ROS2_course/install/planning/lib/planning/obj_move_cmd
-- Up-to-date: /home/johan/planning_with_ROS2_course/install/planning/share/planning/config
-- Installing: /home/johan/planning_with_ROS2_course/install/planning/share/planning/config/planning_static_obs_config.yaml
-- Up-to-date: /home/johan/planning_with_ROS2_course/install/planning/share/planning/rviz
-- Up-to-date: /home/johan/planning_with_ROS2_course/install/planning/share/planning/launch
-- Up-to-date: /home/johan/planning_with_ROS2_course/install/planning/share/planning/urdf
-- Up-to-date: /home/johan/planning_with_ROS2_course/install/planning/share/planning/urdf/obs_car
-- Up-to-date: /home/johan/planning_with_ROS2_course/install/planning/share/planning/urdf/main_car
-- Up-to-date: /home/johan/planning_with_ROS2_course/install/planning/share/ament_index/resource_index/package_run_dependencies/planning
-- Up-to-date: /home/johan/planning_with_ROS2_course/install/planning/share/ament_index/resource_index/parent_prefix_path/planning
-- Up-to-date: /home/johan/planning_with_ROS2_course/install/planning/share/planning/environment/ament_prefix_path.sh
-- Up-to-date: /home/johan/planning_with_ROS2_course/install/planning/share/planning/environment/ament_prefix_path.dsv
-- Up-to-date: /home/johan/planning_with_ROS2_course/install/planning/share/planning/environment/path.sh
-- Up-to-date: /home/johan/planning_with_ROS2_course/install/planning/share/planning/environment/path.dsv
-- Up-to-date: /home/johan/planning_with_ROS2_course/install/planning/share/planning/local_setup.bash
-- Up-to-date: /home/johan/planning_with_ROS2_course/install/planning/share/planning/local_setup.sh
-- Up-to-date: /home/johan/planning_with_ROS2_course/install/planning/share/planning/local_setup.zsh
-- Up-to-date: /home/johan/planning_with_ROS2_course/install/planning/share/planning/local_setup.dsv
-- Up-to-date: /home/johan/planning_with_ROS2_course/install/planning/share/planning/package.dsv
-- Up-to-date: /home/johan/planning_with_ROS2_course/install/planning/share/ament_index/resource_index/packages/planning
-- Up-to-date: /home/johan/planning_with_ROS2_course/install/planning/share/planning/cmake/planningConfig.cmake
-- Up-to-date: /home/johan/planning_with_ROS2_course/install/planning/share/planning/cmake/planningConfig-version.cmake
-- Up-to-date: /home/johan/planning_with_ROS2_course/install/planning/share/planning/package.xml
