[0.188s] Invoking command in '/home/johan/planning_with_ROS2_course/build/planning': CMAKE_PREFIX_PATH=/home/johan/planning_with_ROS2_course/install/base_msgs:/home/johan/planning_with_ROS2_course/install/planning:/home/johan/planning_with_ROS2_course/install/data_plot:/opt/ros/humble /usr/bin/cmake --build /home/johan/planning_with_ROS2_course/build/planning -- -j16 -l16
[0.237s] [  9%] Built target car_move_cmd
[0.238s] [  9%] [32mBuilding CXX object src/common/CMakeFiles/config_reader.dir/config_reader/config_reader.cpp.o[0m
[0.238s] [ 19%] Built target mathlibs
[0.245s] [ 35%] Built target planning_node
[0.246s] [ 35%] Built target obj_move_cmd
[2.197s] [ 38%] [32m[1mLinking CXX shared library libconfig_reader.so[0m
[2.310s] [ 38%] Built target config_reader
[2.329s] [ 48%] [32m[1mLinking CXX shared library libvehicle_info.so[0m
[2.329s] [ 48%] [32m[1mLinking CXX shared library libreference_line.so[0m
[2.329s] [ 48%] [32m[1mLinking CXX shared library libpnc_map_creator.so[0m
[2.413s] [ 54%] Built target reference_line
[2.418s] [ 61%] Built target pnc_map_creator
[2.421s] [ 67%] Built target vehicle_info
[2.436s] [ 70%] [32m[1mLinking CXX executable pnc_map_server[0m
[2.439s] [ 74%] [32mBuilding CXX object src/decision_center/CMakeFiles/decision_center.dir/decision_center.cpp.o[0m
[2.525s] [ 77%] Built target pnc_map_server
[4.249s] [ 80%] [32m[1mLinking CXX shared library libdecision_center.so[0m
[4.327s] [ 80%] Built target decision_center
[4.356s] [ 83%] [32mBuilding CXX object src/local_planner/CMakeFiles/local_planner.dir/local_trajectory_combiner.cpp.o[0m
[4.357s] [ 87%] [32mBuilding CXX object src/local_planner/CMakeFiles/local_planner.dir/local_speeds/local_speeds_smoother.cpp.o[0m
[4.358s] [ 90%] [32mBuilding CXX object src/local_planner/CMakeFiles/local_planner.dir/local_speeds/local_speeds_planner.cpp.o[0m
[4.359s] [ 93%] [32mBuilding CXX object src/local_planner/CMakeFiles/local_planner.dir/local_path/local_path_planner.cpp.o[0m
[4.363s] [ 96%] [32mBuilding CXX object src/local_planner/CMakeFiles/local_planner.dir/local_path/local_path_smoother.cpp.o[0m
[7.067s] [100%] [32m[1mLinking CXX shared library liblocal_planner.so[0m
[7.141s] [100%] Built target local_planner
[7.149s] Invoked command in '/home/johan/planning_with_ROS2_course/build/planning' returned '0': CMAKE_PREFIX_PATH=/home/johan/planning_with_ROS2_course/install/base_msgs:/home/johan/planning_with_ROS2_course/install/planning:/home/johan/planning_with_ROS2_course/install/data_plot:/opt/ros/humble /usr/bin/cmake --build /home/johan/planning_with_ROS2_course/build/planning -- -j16 -l16
[7.156s] Invoking command in '/home/johan/planning_with_ROS2_course/build/planning': CMAKE_PREFIX_PATH=/home/johan/planning_with_ROS2_course/install/base_msgs:/home/johan/planning_with_ROS2_course/install/planning:/home/johan/planning_with_ROS2_course/install/data_plot:/opt/ros/humble /usr/bin/cmake --install /home/johan/planning_with_ROS2_course/build/planning
[7.163s] -- Install configuration: ""
[7.164s] -- Installing: /home/johan/planning_with_ROS2_course/install/planning/lib/libconfig_reader.so
[7.165s] -- Set runtime path of "/home/johan/planning_with_ROS2_course/install/planning/lib/libconfig_reader.so" to ""
[7.166s] -- Up-to-date: /home/johan/planning_with_ROS2_course/install/planning/lib/libmathlibs.so
[7.167s] -- Installing: /home/johan/planning_with_ROS2_course/install/planning/lib/libdecision_center.so
[7.167s] -- Set runtime path of "/home/johan/planning_with_ROS2_course/install/planning/lib/libdecision_center.so" to ""
[7.168s] -- Installing: /home/johan/planning_with_ROS2_course/install/planning/bin/pnc_map_server
[7.168s] -- Set runtime path of "/home/johan/planning_with_ROS2_course/install/planning/bin/pnc_map_server" to ""
[7.170s] -- Installing: /home/johan/planning_with_ROS2_course/install/planning/lib/planning/pnc_map_server
[7.170s] -- Set runtime path of "/home/johan/planning_with_ROS2_course/install/planning/lib/planning/pnc_map_server" to ""
[7.171s] -- Installing: /home/johan/planning_with_ROS2_course/install/planning/lib/liblocal_planner.so
[7.171s] -- Set runtime path of "/home/johan/planning_with_ROS2_course/install/planning/lib/liblocal_planner.so" to ""
[7.172s] -- Installing: /home/johan/planning_with_ROS2_course/install/planning/lib/libreference_line.so
[7.172s] -- Set runtime path of "/home/johan/planning_with_ROS2_course/install/planning/lib/libreference_line.so" to ""
[7.173s] -- Installing: /home/johan/planning_with_ROS2_course/install/planning/lib/libvehicle_info.so
[7.173s] -- Set runtime path of "/home/johan/planning_with_ROS2_course/install/planning/lib/libvehicle_info.so" to ""
[7.174s] -- Up-to-date: /home/johan/planning_with_ROS2_course/install/planning/lib/planning/planning_node
[7.174s] -- Up-to-date: /home/johan/planning_with_ROS2_course/install/planning/lib/planning/car_move_cmd
[7.175s] -- Up-to-date: /home/johan/planning_with_ROS2_course/install/planning/lib/planning/obj_move_cmd
[7.175s] -- Up-to-date: /home/johan/planning_with_ROS2_course/install/planning/share/planning/config
[7.176s] -- Installing: /home/johan/planning_with_ROS2_course/install/planning/share/planning/config/planning_static_obs_config.yaml
[7.176s] -- Up-to-date: /home/johan/planning_with_ROS2_course/install/planning/share/planning/rviz
[7.176s] -- Up-to-date: /home/johan/planning_with_ROS2_course/install/planning/share/planning/launch
[7.176s] -- Up-to-date: /home/johan/planning_with_ROS2_course/install/planning/share/planning/urdf
[7.176s] -- Up-to-date: /home/johan/planning_with_ROS2_course/install/planning/share/planning/urdf/obs_car
[7.176s] -- Up-to-date: /home/johan/planning_with_ROS2_course/install/planning/share/planning/urdf/main_car
[7.176s] -- Up-to-date: /home/johan/planning_with_ROS2_course/install/planning/share/ament_index/resource_index/package_run_dependencies/planning
[7.176s] -- Up-to-date: /home/johan/planning_with_ROS2_course/install/planning/share/ament_index/resource_index/parent_prefix_path/planning
[7.176s] -- Up-to-date: /home/johan/planning_with_ROS2_course/install/planning/share/planning/environment/ament_prefix_path.sh
[7.177s] -- Up-to-date: /home/johan/planning_with_ROS2_course/install/planning/share/planning/environment/ament_prefix_path.dsv
[7.177s] -- Up-to-date: /home/johan/planning_with_ROS2_course/install/planning/share/planning/environment/path.sh
[7.177s] -- Up-to-date: /home/johan/planning_with_ROS2_course/install/planning/share/planning/environment/path.dsv
[7.177s] -- Up-to-date: /home/johan/planning_with_ROS2_course/install/planning/share/planning/local_setup.bash
[7.177s] -- Up-to-date: /home/johan/planning_with_ROS2_course/install/planning/share/planning/local_setup.sh
[7.177s] -- Up-to-date: /home/johan/planning_with_ROS2_course/install/planning/share/planning/local_setup.zsh
[7.177s] -- Up-to-date: /home/johan/planning_with_ROS2_course/install/planning/share/planning/local_setup.dsv
[7.177s] -- Up-to-date: /home/johan/planning_with_ROS2_course/install/planning/share/planning/package.dsv
[7.177s] -- Up-to-date: /home/johan/planning_with_ROS2_course/install/planning/share/ament_index/resource_index/packages/planning
[7.177s] -- Up-to-date: /home/johan/planning_with_ROS2_course/install/planning/share/planning/cmake/planningConfig.cmake
[7.177s] -- Up-to-date: /home/johan/planning_with_ROS2_course/install/planning/share/planning/cmake/planningConfig-version.cmake
[7.177s] -- Up-to-date: /home/johan/planning_with_ROS2_course/install/planning/share/planning/package.xml
[7.178s] Invoked command in '/home/johan/planning_with_ROS2_course/build/planning' returned '0': CMAKE_PREFIX_PATH=/home/johan/planning_with_ROS2_course/install/base_msgs:/home/johan/planning_with_ROS2_course/install/planning:/home/johan/planning_with_ROS2_course/install/data_plot:/opt/ros/humble /usr/bin/cmake --install /home/johan/planning_with_ROS2_course/build/planning
