[0.076s] DEBUG:colcon:Command line arguments: ['/usr/bin/colcon', 'build']
[0.076s] DEBUG:colcon:Parsed command line arguments: Namespace(log_base=None, log_level=None, verb_name='build', build_base='build', install_base='install', merge_install=False, symlink_install=False, test_result_base=None, continue_on_error=False, executor='parallel', parallel_workers=16, event_handlers=None, ignore_user_meta=False, metas=['./colcon.meta'], base_paths=['.'], packages_ignore=None, packages_ignore_regex=None, paths=None, packages_up_to=None, packages_up_to_regex=None, packages_above=None, packages_above_and_dependencies=None, packages_above_depth=None, packages_select_by_dep=None, packages_skip_by_dep=None, packages_skip_up_to=None, packages_select_build_failed=False, packages_skip_build_finished=False, packages_select_test_failures=False, packages_skip_test_passed=False, packages_select=None, packages_skip=None, packages_select_regex=None, packages_skip_regex=None, packages_start=None, packages_end=None, allow_overriding=[], cmake_args=None, cmake_target=None, cmake_target_skip_unavailable=False, cmake_clean_cache=False, cmake_clean_first=False, cmake_force_configure=False, ament_cmake_args=None, catkin_cmake_args=None, catkin_skip_building_tests=False, mixin_files=None, mixin=None, verb_parser=<colcon_mixin.mixin.mixin_argument.MixinArgumentDecorator object at 0x7866aa689030>, verb_extension=<colcon_core.verb.build.BuildVerb object at 0x7866aa688b80>, main=<bound method BuildVerb.main of <colcon_core.verb.build.BuildVerb object at 0x7866aa688b80>>, mixin_verb=('build',))
[0.188s] Level 1:colcon.colcon_core.package_discovery:discover_packages(colcon_meta) check parameters
[0.188s] Level 1:colcon.colcon_core.package_discovery:discover_packages(recursive) check parameters
[0.188s] Level 1:colcon.colcon_core.package_discovery:discover_packages(ignore) check parameters
[0.188s] Level 1:colcon.colcon_core.package_discovery:discover_packages(path) check parameters
[0.188s] Level 1:colcon.colcon_core.package_discovery:discover_packages(colcon_meta) discover
[0.188s] Level 1:colcon.colcon_core.package_discovery:discover_packages(recursive) discover
[0.188s] INFO:colcon.colcon_core.package_discovery:Crawling recursively for packages in '/home/johan/planning_with_ROS2_course'
[0.188s] Level 1:colcon.colcon_core.package_identification:_identify(.) by extensions ['ignore', 'ignore_ament_install']
[0.188s] Level 1:colcon.colcon_core.package_identification:_identify(.) by extension 'ignore'
[0.188s] Level 1:colcon.colcon_core.package_identification:_identify(.) by extension 'ignore_ament_install'
[0.188s] Level 1:colcon.colcon_core.package_identification:_identify(.) by extensions ['colcon_pkg']
[0.188s] Level 1:colcon.colcon_core.package_identification:_identify(.) by extension 'colcon_pkg'
[0.188s] Level 1:colcon.colcon_core.package_identification:_identify(.) by extensions ['colcon_meta']
[0.188s] Level 1:colcon.colcon_core.package_identification:_identify(.) by extension 'colcon_meta'
[0.188s] Level 1:colcon.colcon_core.package_identification:_identify(.) by extensions ['ros']
[0.188s] Level 1:colcon.colcon_core.package_identification:_identify(.) by extension 'ros'
[0.200s] Level 1:colcon.colcon_core.package_identification:_identify(.) by extensions ['cmake', 'python']
[0.200s] Level 1:colcon.colcon_core.package_identification:_identify(.) by extension 'cmake'
[0.200s] Level 1:colcon.colcon_core.package_identification:_identify(.) by extension 'python'
[0.200s] Level 1:colcon.colcon_core.package_identification:_identify(.) by extensions ['python_setup_py']
[0.201s] Level 1:colcon.colcon_core.package_identification:_identify(.) by extension 'python_setup_py'
[0.201s] Level 1:colcon.colcon_core.package_identification:_identify(build) by extensions ['ignore', 'ignore_ament_install']
[0.201s] Level 1:colcon.colcon_core.package_identification:_identify(build) by extension 'ignore'
[0.201s] Level 1:colcon.colcon_core.package_identification:_identify(build) ignored
[0.201s] Level 1:colcon.colcon_core.package_identification:_identify(doc) by extensions ['ignore', 'ignore_ament_install']
[0.201s] Level 1:colcon.colcon_core.package_identification:_identify(doc) by extension 'ignore'
[0.201s] Level 1:colcon.colcon_core.package_identification:_identify(doc) by extension 'ignore_ament_install'
[0.201s] Level 1:colcon.colcon_core.package_identification:_identify(doc) by extensions ['colcon_pkg']
[0.201s] Level 1:colcon.colcon_core.package_identification:_identify(doc) by extension 'colcon_pkg'
[0.201s] Level 1:colcon.colcon_core.package_identification:_identify(doc) by extensions ['colcon_meta']
[0.201s] Level 1:colcon.colcon_core.package_identification:_identify(doc) by extension 'colcon_meta'
[0.201s] Level 1:colcon.colcon_core.package_identification:_identify(doc) by extensions ['ros']
[0.201s] Level 1:colcon.colcon_core.package_identification:_identify(doc) by extension 'ros'
[0.201s] Level 1:colcon.colcon_core.package_identification:_identify(doc) by extensions ['cmake', 'python']
[0.201s] Level 1:colcon.colcon_core.package_identification:_identify(doc) by extension 'cmake'
[0.201s] Level 1:colcon.colcon_core.package_identification:_identify(doc) by extension 'python'
[0.201s] Level 1:colcon.colcon_core.package_identification:_identify(doc) by extensions ['python_setup_py']
[0.201s] Level 1:colcon.colcon_core.package_identification:_identify(doc) by extension 'python_setup_py'
[0.201s] Level 1:colcon.colcon_core.package_identification:_identify(install) by extensions ['ignore', 'ignore_ament_install']
[0.201s] Level 1:colcon.colcon_core.package_identification:_identify(install) by extension 'ignore'
[0.201s] Level 1:colcon.colcon_core.package_identification:_identify(install) ignored
[0.201s] Level 1:colcon.colcon_core.package_identification:_identify(log) by extensions ['ignore', 'ignore_ament_install']
[0.201s] Level 1:colcon.colcon_core.package_identification:_identify(log) by extension 'ignore'
[0.201s] Level 1:colcon.colcon_core.package_identification:_identify(log) ignored
[0.201s] Level 1:colcon.colcon_core.package_identification:_identify(src) by extensions ['ignore', 'ignore_ament_install']
[0.201s] Level 1:colcon.colcon_core.package_identification:_identify(src) by extension 'ignore'
[0.201s] Level 1:colcon.colcon_core.package_identification:_identify(src) by extension 'ignore_ament_install'
[0.202s] Level 1:colcon.colcon_core.package_identification:_identify(src) by extensions ['colcon_pkg']
[0.202s] Level 1:colcon.colcon_core.package_identification:_identify(src) by extension 'colcon_pkg'
[0.202s] Level 1:colcon.colcon_core.package_identification:_identify(src) by extensions ['colcon_meta']
[0.202s] Level 1:colcon.colcon_core.package_identification:_identify(src) by extension 'colcon_meta'
[0.202s] Level 1:colcon.colcon_core.package_identification:_identify(src) by extensions ['ros']
[0.202s] Level 1:colcon.colcon_core.package_identification:_identify(src) by extension 'ros'
[0.202s] Level 1:colcon.colcon_core.package_identification:_identify(src) by extensions ['cmake', 'python']
[0.202s] Level 1:colcon.colcon_core.package_identification:_identify(src) by extension 'cmake'
[0.202s] Level 1:colcon.colcon_core.package_identification:_identify(src) by extension 'python'
[0.202s] Level 1:colcon.colcon_core.package_identification:_identify(src) by extensions ['python_setup_py']
[0.202s] Level 1:colcon.colcon_core.package_identification:_identify(src) by extension 'python_setup_py'
[0.202s] Level 1:colcon.colcon_core.package_identification:_identify(src/base_msgs) by extensions ['ignore', 'ignore_ament_install']
[0.202s] Level 1:colcon.colcon_core.package_identification:_identify(src/base_msgs) by extension 'ignore'
[0.202s] Level 1:colcon.colcon_core.package_identification:_identify(src/base_msgs) by extension 'ignore_ament_install'
[0.202s] Level 1:colcon.colcon_core.package_identification:_identify(src/base_msgs) by extensions ['colcon_pkg']
[0.202s] Level 1:colcon.colcon_core.package_identification:_identify(src/base_msgs) by extension 'colcon_pkg'
[0.202s] Level 1:colcon.colcon_core.package_identification:_identify(src/base_msgs) by extensions ['colcon_meta']
[0.202s] Level 1:colcon.colcon_core.package_identification:_identify(src/base_msgs) by extension 'colcon_meta'
[0.202s] Level 1:colcon.colcon_core.package_identification:_identify(src/base_msgs) by extensions ['ros']
[0.202s] Level 1:colcon.colcon_core.package_identification:_identify(src/base_msgs) by extension 'ros'
[0.204s] DEBUG:colcon.colcon_core.package_identification:Package 'src/base_msgs' with type 'ros.ament_cmake' and name 'base_msgs'
[0.204s] Level 1:colcon.colcon_core.package_identification:_identify(src/data_plot) by extensions ['ignore', 'ignore_ament_install']
[0.204s] Level 1:colcon.colcon_core.package_identification:_identify(src/data_plot) by extension 'ignore'
[0.204s] Level 1:colcon.colcon_core.package_identification:_identify(src/data_plot) by extension 'ignore_ament_install'
[0.204s] Level 1:colcon.colcon_core.package_identification:_identify(src/data_plot) by extensions ['colcon_pkg']
[0.204s] Level 1:colcon.colcon_core.package_identification:_identify(src/data_plot) by extension 'colcon_pkg'
[0.204s] Level 1:colcon.colcon_core.package_identification:_identify(src/data_plot) by extensions ['colcon_meta']
[0.204s] Level 1:colcon.colcon_core.package_identification:_identify(src/data_plot) by extension 'colcon_meta'
[0.204s] Level 1:colcon.colcon_core.package_identification:_identify(src/data_plot) by extensions ['ros']
[0.204s] Level 1:colcon.colcon_core.package_identification:_identify(src/data_plot) by extension 'ros'
[0.204s] DEBUG:colcon.colcon_core.package_identification:Package 'src/data_plot' with type 'ros.ament_python' and name 'data_plot'
[0.205s] Level 1:colcon.colcon_core.package_identification:_identify(src/planning) by extensions ['ignore', 'ignore_ament_install']
[0.205s] Level 1:colcon.colcon_core.package_identification:_identify(src/planning) by extension 'ignore'
[0.205s] Level 1:colcon.colcon_core.package_identification:_identify(src/planning) by extension 'ignore_ament_install'
[0.205s] Level 1:colcon.colcon_core.package_identification:_identify(src/planning) by extensions ['colcon_pkg']
[0.205s] Level 1:colcon.colcon_core.package_identification:_identify(src/planning) by extension 'colcon_pkg'
[0.205s] Level 1:colcon.colcon_core.package_identification:_identify(src/planning) by extensions ['colcon_meta']
[0.205s] Level 1:colcon.colcon_core.package_identification:_identify(src/planning) by extension 'colcon_meta'
[0.205s] Level 1:colcon.colcon_core.package_identification:_identify(src/planning) by extensions ['ros']
[0.205s] Level 1:colcon.colcon_core.package_identification:_identify(src/planning) by extension 'ros'
[0.206s] DEBUG:colcon.colcon_core.package_identification:Package 'src/planning' with type 'ros.ament_cmake' and name 'planning'
[0.206s] Level 1:colcon.colcon_core.package_discovery:discover_packages(recursive) using defaults
[0.206s] Level 1:colcon.colcon_core.package_discovery:discover_packages(ignore) discover
[0.206s] Level 1:colcon.colcon_core.package_discovery:discover_packages(ignore) using defaults
[0.206s] Level 1:colcon.colcon_core.package_discovery:discover_packages(path) discover
[0.206s] Level 1:colcon.colcon_core.package_discovery:discover_packages(path) using defaults
[0.219s] Level 1:colcon.colcon_core.package_discovery:discover_packages(prefix_path) check parameters
[0.219s] Level 1:colcon.colcon_core.package_discovery:discover_packages(prefix_path) discover
[0.220s] DEBUG:colcon.colcon_installed_package_information.package_discovery:Found 3 installed packages in /home/johan/planning_with_ROS2_course/install
[0.221s] DEBUG:colcon.colcon_installed_package_information.package_discovery:Found 444 installed packages in /opt/ros/humble
[0.223s] Level 1:colcon.colcon_core.package_discovery:discover_packages(prefix_path) using defaults
[0.253s] Level 5:colcon.colcon_core.verb:set package 'base_msgs' build argument 'cmake_args' from command line to 'None'
[0.253s] Level 5:colcon.colcon_core.verb:set package 'base_msgs' build argument 'cmake_target' from command line to 'None'
[0.253s] Level 5:colcon.colcon_core.verb:set package 'base_msgs' build argument 'cmake_target_skip_unavailable' from command line to 'False'
[0.253s] Level 5:colcon.colcon_core.verb:set package 'base_msgs' build argument 'cmake_clean_cache' from command line to 'False'
[0.253s] Level 5:colcon.colcon_core.verb:set package 'base_msgs' build argument 'cmake_clean_first' from command line to 'False'
[0.253s] Level 5:colcon.colcon_core.verb:set package 'base_msgs' build argument 'cmake_force_configure' from command line to 'False'
[0.253s] Level 5:colcon.colcon_core.verb:set package 'base_msgs' build argument 'ament_cmake_args' from command line to 'None'
[0.253s] Level 5:colcon.colcon_core.verb:set package 'base_msgs' build argument 'catkin_cmake_args' from command line to 'None'
[0.253s] Level 5:colcon.colcon_core.verb:set package 'base_msgs' build argument 'catkin_skip_building_tests' from command line to 'False'
[0.253s] DEBUG:colcon.colcon_core.verb:Building package 'base_msgs' with the following arguments: {'ament_cmake_args': None, 'build_base': '/home/johan/planning_with_ROS2_course/build/base_msgs', 'catkin_cmake_args': None, 'catkin_skip_building_tests': False, 'cmake_args': None, 'cmake_clean_cache': False, 'cmake_clean_first': False, 'cmake_force_configure': False, 'cmake_target': None, 'cmake_target_skip_unavailable': False, 'install_base': '/home/johan/planning_with_ROS2_course/install/base_msgs', 'merge_install': False, 'path': '/home/johan/planning_with_ROS2_course/src/base_msgs', 'symlink_install': False, 'test_result_base': None}
[0.253s] Level 5:colcon.colcon_core.verb:set package 'data_plot' build argument 'cmake_args' from command line to 'None'
[0.253s] Level 5:colcon.colcon_core.verb:set package 'data_plot' build argument 'cmake_target' from command line to 'None'
[0.253s] Level 5:colcon.colcon_core.verb:set package 'data_plot' build argument 'cmake_target_skip_unavailable' from command line to 'False'
[0.253s] Level 5:colcon.colcon_core.verb:set package 'data_plot' build argument 'cmake_clean_cache' from command line to 'False'
[0.253s] Level 5:colcon.colcon_core.verb:set package 'data_plot' build argument 'cmake_clean_first' from command line to 'False'
[0.253s] Level 5:colcon.colcon_core.verb:set package 'data_plot' build argument 'cmake_force_configure' from command line to 'False'
[0.253s] Level 5:colcon.colcon_core.verb:set package 'data_plot' build argument 'ament_cmake_args' from command line to 'None'
[0.253s] Level 5:colcon.colcon_core.verb:set package 'data_plot' build argument 'catkin_cmake_args' from command line to 'None'
[0.253s] Level 5:colcon.colcon_core.verb:set package 'data_plot' build argument 'catkin_skip_building_tests' from command line to 'False'
[0.253s] DEBUG:colcon.colcon_core.verb:Building package 'data_plot' with the following arguments: {'ament_cmake_args': None, 'build_base': '/home/johan/planning_with_ROS2_course/build/data_plot', 'catkin_cmake_args': None, 'catkin_skip_building_tests': False, 'cmake_args': None, 'cmake_clean_cache': False, 'cmake_clean_first': False, 'cmake_force_configure': False, 'cmake_target': None, 'cmake_target_skip_unavailable': False, 'install_base': '/home/johan/planning_with_ROS2_course/install/data_plot', 'merge_install': False, 'path': '/home/johan/planning_with_ROS2_course/src/data_plot', 'symlink_install': False, 'test_result_base': None}
[0.254s] Level 5:colcon.colcon_core.verb:set package 'planning' build argument 'cmake_args' from command line to 'None'
[0.254s] Level 5:colcon.colcon_core.verb:set package 'planning' build argument 'cmake_target' from command line to 'None'
[0.254s] Level 5:colcon.colcon_core.verb:set package 'planning' build argument 'cmake_target_skip_unavailable' from command line to 'False'
[0.254s] Level 5:colcon.colcon_core.verb:set package 'planning' build argument 'cmake_clean_cache' from command line to 'False'
[0.254s] Level 5:colcon.colcon_core.verb:set package 'planning' build argument 'cmake_clean_first' from command line to 'False'
[0.254s] Level 5:colcon.colcon_core.verb:set package 'planning' build argument 'cmake_force_configure' from command line to 'False'
[0.254s] Level 5:colcon.colcon_core.verb:set package 'planning' build argument 'ament_cmake_args' from command line to 'None'
[0.254s] Level 5:colcon.colcon_core.verb:set package 'planning' build argument 'catkin_cmake_args' from command line to 'None'
[0.254s] Level 5:colcon.colcon_core.verb:set package 'planning' build argument 'catkin_skip_building_tests' from command line to 'False'
[0.254s] DEBUG:colcon.colcon_core.verb:Building package 'planning' with the following arguments: {'ament_cmake_args': None, 'build_base': '/home/johan/planning_with_ROS2_course/build/planning', 'catkin_cmake_args': None, 'catkin_skip_building_tests': False, 'cmake_args': None, 'cmake_clean_cache': False, 'cmake_clean_first': False, 'cmake_force_configure': False, 'cmake_target': None, 'cmake_target_skip_unavailable': False, 'install_base': '/home/johan/planning_with_ROS2_course/install/planning', 'merge_install': False, 'path': '/home/johan/planning_with_ROS2_course/src/planning', 'symlink_install': False, 'test_result_base': None}
[0.254s] INFO:colcon.colcon_core.executor:Executing jobs using 'parallel' executor
[0.255s] DEBUG:colcon.colcon_parallel_executor.executor.parallel:run_until_complete
[0.255s] INFO:colcon.colcon_ros.task.ament_cmake.build:Building ROS package in '/home/johan/planning_with_ROS2_course/src/base_msgs' with build type 'ament_cmake'
[0.255s] INFO:colcon.colcon_cmake.task.cmake.build:Building CMake package in '/home/johan/planning_with_ROS2_course/src/base_msgs'
[0.256s] INFO:colcon.colcon_core.plugin_system:Skipping extension 'colcon_core.shell.bat': Not used on non-Windows systems
[0.257s] INFO:colcon.colcon_core.shell:Skip shell extension 'powershell' for command environment: Not usable outside of PowerShell
[0.257s] DEBUG:colcon.colcon_core.shell:Skip shell extension 'dsv' for command environment
[0.263s] DEBUG:colcon.colcon_core.event_handler.log_command:Invoking command in '/home/johan/planning_with_ROS2_course/build/base_msgs': CMAKE_PREFIX_PATH=${CMAKE_PREFIX_PATH}:/home/johan/planning_with_ROS2_course/install/data_plot:/opt/ros/humble /usr/bin/cmake --build /home/johan/planning_with_ROS2_course/build/base_msgs -- -j16 -l16
[0.509s] DEBUG:colcon.colcon_core.event_handler.log_command:Invoked command in '/home/johan/planning_with_ROS2_course/build/base_msgs' returned '0': CMAKE_PREFIX_PATH=${CMAKE_PREFIX_PATH}:/home/johan/planning_with_ROS2_course/install/data_plot:/opt/ros/humble /usr/bin/cmake --build /home/johan/planning_with_ROS2_course/build/base_msgs -- -j16 -l16
[0.515s] DEBUG:colcon.colcon_core.event_handler.log_command:Invoking command in '/home/johan/planning_with_ROS2_course/build/base_msgs': CMAKE_PREFIX_PATH=${CMAKE_PREFIX_PATH}:/home/johan/planning_with_ROS2_course/install/data_plot:/opt/ros/humble /usr/bin/cmake --install /home/johan/planning_with_ROS2_course/build/base_msgs
[0.556s] Level 1:colcon.colcon_core.environment:create_environment_scripts_only(base_msgs)
[0.557s] DEBUG:colcon.colcon_core.event_handler.log_command:Invoked command in '/home/johan/planning_with_ROS2_course/build/base_msgs' returned '0': CMAKE_PREFIX_PATH=${CMAKE_PREFIX_PATH}:/home/johan/planning_with_ROS2_course/install/data_plot:/opt/ros/humble /usr/bin/cmake --install /home/johan/planning_with_ROS2_course/build/base_msgs
[0.558s] Level 1:colcon.colcon_core.environment:checking '/home/johan/planning_with_ROS2_course/install/base_msgs' for CMake module files
[0.559s] Level 1:colcon.colcon_core.environment:checking '/home/johan/planning_with_ROS2_course/install/base_msgs' for CMake config files
[0.559s] Level 1:colcon.colcon_core.shell:create_environment_hook('base_msgs', 'cmake_prefix_path')
[0.559s] INFO:colcon.colcon_core.shell:Creating environment hook '/home/johan/planning_with_ROS2_course/install/base_msgs/share/base_msgs/hook/cmake_prefix_path.ps1'
[0.560s] INFO:colcon.colcon_core.shell:Creating environment descriptor '/home/johan/planning_with_ROS2_course/install/base_msgs/share/base_msgs/hook/cmake_prefix_path.dsv'
[0.560s] INFO:colcon.colcon_core.shell:Creating environment hook '/home/johan/planning_with_ROS2_course/install/base_msgs/share/base_msgs/hook/cmake_prefix_path.sh'
[0.560s] Level 1:colcon.colcon_core.environment:checking '/home/johan/planning_with_ROS2_course/install/base_msgs/lib'
[0.561s] Level 1:colcon.colcon_core.shell:create_environment_hook('base_msgs', 'ld_library_path_lib')
[0.561s] INFO:colcon.colcon_core.shell:Creating environment hook '/home/johan/planning_with_ROS2_course/install/base_msgs/share/base_msgs/hook/ld_library_path_lib.ps1'
[0.561s] INFO:colcon.colcon_core.shell:Creating environment descriptor '/home/johan/planning_with_ROS2_course/install/base_msgs/share/base_msgs/hook/ld_library_path_lib.dsv'
[0.561s] INFO:colcon.colcon_core.shell:Creating environment hook '/home/johan/planning_with_ROS2_course/install/base_msgs/share/base_msgs/hook/ld_library_path_lib.sh'
[0.561s] Level 1:colcon.colcon_core.environment:checking '/home/johan/planning_with_ROS2_course/install/base_msgs/bin'
[0.561s] Level 1:colcon.colcon_core.environment:checking '/home/johan/planning_with_ROS2_course/install/base_msgs/lib/pkgconfig/base_msgs.pc'
[0.562s] Level 1:colcon.colcon_core.environment:checking '/home/johan/planning_with_ROS2_course/install/base_msgs/lib/python3.10/site-packages'
[0.562s] Level 1:colcon.colcon_core.environment:checking '/home/johan/planning_with_ROS2_course/install/base_msgs/bin'
[0.562s] INFO:colcon.colcon_core.shell:Creating package script '/home/johan/planning_with_ROS2_course/install/base_msgs/share/base_msgs/package.ps1'
[0.562s] INFO:colcon.colcon_core.shell:Creating package descriptor '/home/johan/planning_with_ROS2_course/install/base_msgs/share/base_msgs/package.dsv'
[0.563s] INFO:colcon.colcon_core.shell:Creating package script '/home/johan/planning_with_ROS2_course/install/base_msgs/share/base_msgs/package.sh'
[0.563s] INFO:colcon.colcon_core.shell:Creating package script '/home/johan/planning_with_ROS2_course/install/base_msgs/share/base_msgs/package.bash'
[0.563s] INFO:colcon.colcon_core.shell:Creating package script '/home/johan/planning_with_ROS2_course/install/base_msgs/share/base_msgs/package.zsh'
[0.564s] Level 1:colcon.colcon_core.environment:create_file_with_runtime_dependencies(/home/johan/planning_with_ROS2_course/install/base_msgs/share/colcon-core/packages/base_msgs)
[0.564s] Level 1:colcon.colcon_core.environment:create_environment_scripts_only(base_msgs)
[0.564s] Level 1:colcon.colcon_core.environment:checking '/home/johan/planning_with_ROS2_course/install/base_msgs' for CMake module files
[0.565s] Level 1:colcon.colcon_core.environment:checking '/home/johan/planning_with_ROS2_course/install/base_msgs' for CMake config files
[0.565s] Level 1:colcon.colcon_core.shell:create_environment_hook('base_msgs', 'cmake_prefix_path')
[0.565s] INFO:colcon.colcon_core.shell:Creating environment hook '/home/johan/planning_with_ROS2_course/install/base_msgs/share/base_msgs/hook/cmake_prefix_path.ps1'
[0.565s] INFO:colcon.colcon_core.shell:Creating environment descriptor '/home/johan/planning_with_ROS2_course/install/base_msgs/share/base_msgs/hook/cmake_prefix_path.dsv'
[0.565s] INFO:colcon.colcon_core.shell:Creating environment hook '/home/johan/planning_with_ROS2_course/install/base_msgs/share/base_msgs/hook/cmake_prefix_path.sh'
[0.566s] Level 1:colcon.colcon_core.environment:checking '/home/johan/planning_with_ROS2_course/install/base_msgs/lib'
[0.566s] Level 1:colcon.colcon_core.shell:create_environment_hook('base_msgs', 'ld_library_path_lib')
[0.566s] INFO:colcon.colcon_core.shell:Creating environment hook '/home/johan/planning_with_ROS2_course/install/base_msgs/share/base_msgs/hook/ld_library_path_lib.ps1'
[0.567s] INFO:colcon.colcon_core.shell:Creating environment descriptor '/home/johan/planning_with_ROS2_course/install/base_msgs/share/base_msgs/hook/ld_library_path_lib.dsv'
[0.567s] INFO:colcon.colcon_core.shell:Creating environment hook '/home/johan/planning_with_ROS2_course/install/base_msgs/share/base_msgs/hook/ld_library_path_lib.sh'
[0.567s] Level 1:colcon.colcon_core.environment:checking '/home/johan/planning_with_ROS2_course/install/base_msgs/bin'
[0.567s] Level 1:colcon.colcon_core.environment:checking '/home/johan/planning_with_ROS2_course/install/base_msgs/lib/pkgconfig/base_msgs.pc'
[0.567s] Level 1:colcon.colcon_core.environment:checking '/home/johan/planning_with_ROS2_course/install/base_msgs/lib/python3.10/site-packages'
[0.567s] Level 1:colcon.colcon_core.environment:checking '/home/johan/planning_with_ROS2_course/install/base_msgs/bin'
[0.567s] INFO:colcon.colcon_core.shell:Creating package script '/home/johan/planning_with_ROS2_course/install/base_msgs/share/base_msgs/package.ps1'
[0.568s] INFO:colcon.colcon_core.shell:Creating package descriptor '/home/johan/planning_with_ROS2_course/install/base_msgs/share/base_msgs/package.dsv'
[0.568s] INFO:colcon.colcon_core.shell:Creating package script '/home/johan/planning_with_ROS2_course/install/base_msgs/share/base_msgs/package.sh'
[0.568s] INFO:colcon.colcon_core.shell:Creating package script '/home/johan/planning_with_ROS2_course/install/base_msgs/share/base_msgs/package.bash'
[0.569s] INFO:colcon.colcon_core.shell:Creating package script '/home/johan/planning_with_ROS2_course/install/base_msgs/share/base_msgs/package.zsh'
[0.569s] Level 1:colcon.colcon_core.environment:create_file_with_runtime_dependencies(/home/johan/planning_with_ROS2_course/install/base_msgs/share/colcon-core/packages/base_msgs)
[0.569s] INFO:colcon.colcon_ros.task.ament_python.build:Building ROS package in '/home/johan/planning_with_ROS2_course/src/data_plot' with build type 'ament_python'
[0.569s] Level 1:colcon.colcon_core.shell:create_environment_hook('data_plot', 'ament_prefix_path')
[0.569s] INFO:colcon.colcon_core.shell:Creating environment hook '/home/johan/planning_with_ROS2_course/install/data_plot/share/data_plot/hook/ament_prefix_path.ps1'
[0.570s] INFO:colcon.colcon_core.shell:Creating environment descriptor '/home/johan/planning_with_ROS2_course/install/data_plot/share/data_plot/hook/ament_prefix_path.dsv'
[0.570s] INFO:colcon.colcon_core.shell:Creating environment hook '/home/johan/planning_with_ROS2_course/install/data_plot/share/data_plot/hook/ament_prefix_path.sh'
[0.571s] INFO:colcon.colcon_core.shell:Skip shell extension 'powershell' for command environment: Not usable outside of PowerShell
[0.571s] DEBUG:colcon.colcon_core.shell:Skip shell extension 'dsv' for command environment
[0.574s] INFO:colcon.colcon_ros.task.ament_cmake.build:Building ROS package in '/home/johan/planning_with_ROS2_course/src/planning' with build type 'ament_cmake'
[0.574s] INFO:colcon.colcon_cmake.task.cmake.build:Building CMake package in '/home/johan/planning_with_ROS2_course/src/planning'
[0.574s] INFO:colcon.colcon_core.shell:Skip shell extension 'powershell' for command environment: Not usable outside of PowerShell
[0.574s] DEBUG:colcon.colcon_core.shell:Skip shell extension 'dsv' for command environment
[0.754s] INFO:colcon.colcon_core.task.python.build:Building Python package in '/home/johan/planning_with_ROS2_course/src/data_plot'
[0.754s] INFO:colcon.colcon_core.shell:Skip shell extension 'powershell' for command environment: Not usable outside of PowerShell
[0.754s] DEBUG:colcon.colcon_core.shell:Skip shell extension 'dsv' for command environment
[0.760s] DEBUG:colcon.colcon_core.event_handler.log_command:Invoking command in '/home/johan/planning_with_ROS2_course/build/planning': CMAKE_PREFIX_PATH=/home/johan/planning_with_ROS2_course/install/base_msgs:/home/johan/planning_with_ROS2_course/install/planning:/home/johan/planning_with_ROS2_course/install/data_plot:/opt/ros/humble LD_LIBRARY_PATH=/home/johan/planning_with_ROS2_course/install/base_msgs/lib:/home/johan/planning_with_ROS2_course/install/planning/lib:/opt/intel/openvino_2024.2.0/runtime/3rdparty/tbb/lib:/opt/intel/openvino_2024.2.0/runtime/lib/intel64:/home/johan/planning_with_ROS2_course/install/planning/lib:/home/johan/planning_with_ROS2_course/install/planning/lib:/usr/lib/x86_64-linux-gnu/gazebo-11/plugins:/opt/ros/humble/opt/rviz_ogre_vendor/lib:/opt/ros/humble/lib/x86_64-linux-gnu:/opt/ros/humble/lib:/opt/intel/openvino_2024.2.0/runtime/3rdparty/tbb/lib:/opt/intel/openvino_2024.2.0/runtime/lib/intel64:/usr/local/cuda-12.1/lib64:/opt/intel/openvino_2024.2.0/runtime/lib/intel64:/usr/local/cuda-12.1/lib64:/opt/intel/openvino_2024.2.0/runtime/lib/intel64 /usr/bin/cmake --build /home/johan/planning_with_ROS2_course/build/planning -- -j16 -l16
[1.011s] DEBUG:colcon.colcon_core.event_handler.log_command:Invoking command in '/home/johan/planning_with_ROS2_course/src/data_plot': CMAKE_PREFIX_PATH=/home/johan/planning_with_ROS2_course/install/base_msgs:/home/johan/planning_with_ROS2_course/install/planning LD_LIBRARY_PATH=/home/johan/planning_with_ROS2_course/install/base_msgs/lib:/home/johan/planning_with_ROS2_course/install/planning/lib:/opt/intel/openvino_2024.2.0/runtime/3rdparty/tbb/lib:/opt/intel/openvino_2024.2.0/runtime/lib/intel64:/home/johan/planning_with_ROS2_course/install/planning/lib:/home/johan/planning_with_ROS2_course/install/planning/lib:/usr/lib/x86_64-linux-gnu/gazebo-11/plugins:/opt/ros/humble/opt/rviz_ogre_vendor/lib:/opt/ros/humble/lib/x86_64-linux-gnu:/opt/ros/humble/lib:/opt/intel/openvino_2024.2.0/runtime/3rdparty/tbb/lib:/opt/intel/openvino_2024.2.0/runtime/lib/intel64:/usr/local/cuda-12.1/lib64:/opt/intel/openvino_2024.2.0/runtime/lib/intel64:/usr/local/cuda-12.1/lib64:/opt/intel/openvino_2024.2.0/runtime/lib/intel64 PYTHONPATH=/home/johan/planning_with_ROS2_course/build/data_plot/prefix_override:/usr/lib/python3/dist-packages/colcon_core/task/python/colcon_distutils_commands:/home/johan/planning_with_ROS2_course/install/data_plot/lib/python3.10/site-packages:${PYTHONPATH} /usr/bin/python3 -W ignore:setup.py install is deprecated -W ignore:easy_install command is deprecated setup.py egg_info --egg-base ../../build/data_plot build --build-base /home/johan/planning_with_ROS2_course/build/data_plot/build install --record /home/johan/planning_with_ROS2_course/build/data_plot/install.log --single-version-externally-managed install_data
[1.255s] Level 1:colcon.colcon_core.environment:checking '/home/johan/planning_with_ROS2_course/install/data_plot' for CMake module files
[1.256s] DEBUG:colcon.colcon_core.event_handler.log_command:Invoked command in '/home/johan/planning_with_ROS2_course/src/data_plot' returned '0': CMAKE_PREFIX_PATH=/home/johan/planning_with_ROS2_course/install/base_msgs:/home/johan/planning_with_ROS2_course/install/planning LD_LIBRARY_PATH=/home/johan/planning_with_ROS2_course/install/base_msgs/lib:/home/johan/planning_with_ROS2_course/install/planning/lib:/opt/intel/openvino_2024.2.0/runtime/3rdparty/tbb/lib:/opt/intel/openvino_2024.2.0/runtime/lib/intel64:/home/johan/planning_with_ROS2_course/install/planning/lib:/home/johan/planning_with_ROS2_course/install/planning/lib:/usr/lib/x86_64-linux-gnu/gazebo-11/plugins:/opt/ros/humble/opt/rviz_ogre_vendor/lib:/opt/ros/humble/lib/x86_64-linux-gnu:/opt/ros/humble/lib:/opt/intel/openvino_2024.2.0/runtime/3rdparty/tbb/lib:/opt/intel/openvino_2024.2.0/runtime/lib/intel64:/usr/local/cuda-12.1/lib64:/opt/intel/openvino_2024.2.0/runtime/lib/intel64:/usr/local/cuda-12.1/lib64:/opt/intel/openvino_2024.2.0/runtime/lib/intel64 PYTHONPATH=/home/johan/planning_with_ROS2_course/build/data_plot/prefix_override:/usr/lib/python3/dist-packages/colcon_core/task/python/colcon_distutils_commands:/home/johan/planning_with_ROS2_course/install/data_plot/lib/python3.10/site-packages:${PYTHONPATH} /usr/bin/python3 -W ignore:setup.py install is deprecated -W ignore:easy_install command is deprecated setup.py egg_info --egg-base ../../build/data_plot build --build-base /home/johan/planning_with_ROS2_course/build/data_plot/build install --record /home/johan/planning_with_ROS2_course/build/data_plot/install.log --single-version-externally-managed install_data
[1.256s] Level 1:colcon.colcon_core.environment:checking '/home/johan/planning_with_ROS2_course/install/data_plot' for CMake config files
[1.256s] Level 1:colcon.colcon_core.environment:checking '/home/johan/planning_with_ROS2_course/install/data_plot/lib'
[1.256s] Level 1:colcon.colcon_core.environment:checking '/home/johan/planning_with_ROS2_course/install/data_plot/bin'
[1.257s] Level 1:colcon.colcon_core.environment:checking '/home/johan/planning_with_ROS2_course/install/data_plot/lib/pkgconfig/data_plot.pc'
[1.257s] Level 1:colcon.colcon_core.environment:checking '/home/johan/planning_with_ROS2_course/install/data_plot/lib/python3.10/site-packages'
[1.257s] Level 1:colcon.colcon_core.shell:create_environment_hook('data_plot', 'pythonpath')
[1.257s] INFO:colcon.colcon_core.shell:Creating environment hook '/home/johan/planning_with_ROS2_course/install/data_plot/share/data_plot/hook/pythonpath.ps1'
[1.257s] INFO:colcon.colcon_core.shell:Creating environment descriptor '/home/johan/planning_with_ROS2_course/install/data_plot/share/data_plot/hook/pythonpath.dsv'
[1.257s] INFO:colcon.colcon_core.shell:Creating environment hook '/home/johan/planning_with_ROS2_course/install/data_plot/share/data_plot/hook/pythonpath.sh'
[1.258s] Level 1:colcon.colcon_core.environment:checking '/home/johan/planning_with_ROS2_course/install/data_plot/bin'
[1.258s] Level 1:colcon.colcon_core.environment:create_environment_scripts_only(data_plot)
[1.258s] INFO:colcon.colcon_core.shell:Creating package script '/home/johan/planning_with_ROS2_course/install/data_plot/share/data_plot/package.ps1'
[1.258s] INFO:colcon.colcon_core.shell:Creating package descriptor '/home/johan/planning_with_ROS2_course/install/data_plot/share/data_plot/package.dsv'
[1.259s] INFO:colcon.colcon_core.shell:Creating package script '/home/johan/planning_with_ROS2_course/install/data_plot/share/data_plot/package.sh'
[1.259s] INFO:colcon.colcon_core.shell:Creating package script '/home/johan/planning_with_ROS2_course/install/data_plot/share/data_plot/package.bash'
[1.259s] INFO:colcon.colcon_core.shell:Creating package script '/home/johan/planning_with_ROS2_course/install/data_plot/share/data_plot/package.zsh'
[1.259s] Level 1:colcon.colcon_core.environment:create_file_with_runtime_dependencies(/home/johan/planning_with_ROS2_course/install/data_plot/share/colcon-core/packages/data_plot)
[21.887s] DEBUG:colcon.colcon_core.event_handler.log_command:Invoked command in '/home/johan/planning_with_ROS2_course/build/planning' returned '0': CMAKE_PREFIX_PATH=/home/johan/planning_with_ROS2_course/install/base_msgs:/home/johan/planning_with_ROS2_course/install/planning:/home/johan/planning_with_ROS2_course/install/data_plot:/opt/ros/humble LD_LIBRARY_PATH=/home/johan/planning_with_ROS2_course/install/base_msgs/lib:/home/johan/planning_with_ROS2_course/install/planning/lib:/opt/intel/openvino_2024.2.0/runtime/3rdparty/tbb/lib:/opt/intel/openvino_2024.2.0/runtime/lib/intel64:/home/johan/planning_with_ROS2_course/install/planning/lib:/home/johan/planning_with_ROS2_course/install/planning/lib:/usr/lib/x86_64-linux-gnu/gazebo-11/plugins:/opt/ros/humble/opt/rviz_ogre_vendor/lib:/opt/ros/humble/lib/x86_64-linux-gnu:/opt/ros/humble/lib:/opt/intel/openvino_2024.2.0/runtime/3rdparty/tbb/lib:/opt/intel/openvino_2024.2.0/runtime/lib/intel64:/usr/local/cuda-12.1/lib64:/opt/intel/openvino_2024.2.0/runtime/lib/intel64:/usr/local/cuda-12.1/lib64:/opt/intel/openvino_2024.2.0/runtime/lib/intel64 /usr/bin/cmake --build /home/johan/planning_with_ROS2_course/build/planning -- -j16 -l16
[21.889s] DEBUG:colcon.colcon_core.event_handler.log_command:Invoking command in '/home/johan/planning_with_ROS2_course/build/planning': CMAKE_PREFIX_PATH=/home/johan/planning_with_ROS2_course/install/base_msgs:/home/johan/planning_with_ROS2_course/install/planning:/home/johan/planning_with_ROS2_course/install/data_plot:/opt/ros/humble LD_LIBRARY_PATH=/home/johan/planning_with_ROS2_course/install/base_msgs/lib:/home/johan/planning_with_ROS2_course/install/planning/lib:/opt/intel/openvino_2024.2.0/runtime/3rdparty/tbb/lib:/opt/intel/openvino_2024.2.0/runtime/lib/intel64:/home/johan/planning_with_ROS2_course/install/planning/lib:/home/johan/planning_with_ROS2_course/install/planning/lib:/usr/lib/x86_64-linux-gnu/gazebo-11/plugins:/opt/ros/humble/opt/rviz_ogre_vendor/lib:/opt/ros/humble/lib/x86_64-linux-gnu:/opt/ros/humble/lib:/opt/intel/openvino_2024.2.0/runtime/3rdparty/tbb/lib:/opt/intel/openvino_2024.2.0/runtime/lib/intel64:/usr/local/cuda-12.1/lib64:/opt/intel/openvino_2024.2.0/runtime/lib/intel64:/usr/local/cuda-12.1/lib64:/opt/intel/openvino_2024.2.0/runtime/lib/intel64 /usr/bin/cmake --install /home/johan/planning_with_ROS2_course/build/planning
[21.914s] Level 1:colcon.colcon_core.environment:create_environment_scripts_only(planning)
[21.914s] Level 1:colcon.colcon_core.environment:checking '/home/johan/planning_with_ROS2_course/install/planning' for CMake module files
[21.914s] DEBUG:colcon.colcon_core.event_handler.log_command:Invoked command in '/home/johan/planning_with_ROS2_course/build/planning' returned '0': CMAKE_PREFIX_PATH=/home/johan/planning_with_ROS2_course/install/base_msgs:/home/johan/planning_with_ROS2_course/install/planning:/home/johan/planning_with_ROS2_course/install/data_plot:/opt/ros/humble LD_LIBRARY_PATH=/home/johan/planning_with_ROS2_course/install/base_msgs/lib:/home/johan/planning_with_ROS2_course/install/planning/lib:/opt/intel/openvino_2024.2.0/runtime/3rdparty/tbb/lib:/opt/intel/openvino_2024.2.0/runtime/lib/intel64:/home/johan/planning_with_ROS2_course/install/planning/lib:/home/johan/planning_with_ROS2_course/install/planning/lib:/usr/lib/x86_64-linux-gnu/gazebo-11/plugins:/opt/ros/humble/opt/rviz_ogre_vendor/lib:/opt/ros/humble/lib/x86_64-linux-gnu:/opt/ros/humble/lib:/opt/intel/openvino_2024.2.0/runtime/3rdparty/tbb/lib:/opt/intel/openvino_2024.2.0/runtime/lib/intel64:/usr/local/cuda-12.1/lib64:/opt/intel/openvino_2024.2.0/runtime/lib/intel64:/usr/local/cuda-12.1/lib64:/opt/intel/openvino_2024.2.0/runtime/lib/intel64 /usr/bin/cmake --install /home/johan/planning_with_ROS2_course/build/planning
[21.915s] Level 1:colcon.colcon_core.environment:checking '/home/johan/planning_with_ROS2_course/install/planning' for CMake config files
[21.915s] Level 1:colcon.colcon_core.shell:create_environment_hook('planning', 'cmake_prefix_path')
[21.915s] INFO:colcon.colcon_core.shell:Creating environment hook '/home/johan/planning_with_ROS2_course/install/planning/share/planning/hook/cmake_prefix_path.ps1'
[21.915s] INFO:colcon.colcon_core.shell:Creating environment descriptor '/home/johan/planning_with_ROS2_course/install/planning/share/planning/hook/cmake_prefix_path.dsv'
[21.916s] INFO:colcon.colcon_core.shell:Creating environment hook '/home/johan/planning_with_ROS2_course/install/planning/share/planning/hook/cmake_prefix_path.sh'
[21.916s] Level 1:colcon.colcon_core.environment:checking '/home/johan/planning_with_ROS2_course/install/planning/lib'
[21.916s] Level 1:colcon.colcon_core.shell:create_environment_hook('planning', 'ld_library_path_lib')
[21.916s] INFO:colcon.colcon_core.shell:Creating environment hook '/home/johan/planning_with_ROS2_course/install/planning/share/planning/hook/ld_library_path_lib.ps1'
[21.916s] INFO:colcon.colcon_core.shell:Creating environment descriptor '/home/johan/planning_with_ROS2_course/install/planning/share/planning/hook/ld_library_path_lib.dsv'
[21.917s] INFO:colcon.colcon_core.shell:Creating environment hook '/home/johan/planning_with_ROS2_course/install/planning/share/planning/hook/ld_library_path_lib.sh'
[21.917s] Level 1:colcon.colcon_core.environment:checking '/home/johan/planning_with_ROS2_course/install/planning/bin'
[21.917s] Level 1:colcon.colcon_core.shell:create_environment_hook('planning', 'path')
[21.917s] INFO:colcon.colcon_core.shell:Creating environment hook '/home/johan/planning_with_ROS2_course/install/planning/share/planning/hook/path.ps1'
[21.917s] INFO:colcon.colcon_core.shell:Creating environment descriptor '/home/johan/planning_with_ROS2_course/install/planning/share/planning/hook/path.dsv'
[21.917s] INFO:colcon.colcon_core.shell:Creating environment hook '/home/johan/planning_with_ROS2_course/install/planning/share/planning/hook/path.sh'
[21.917s] Level 1:colcon.colcon_core.environment:checking '/home/johan/planning_with_ROS2_course/install/planning/lib/pkgconfig/planning.pc'
[21.918s] Level 1:colcon.colcon_core.environment:checking '/home/johan/planning_with_ROS2_course/install/planning/lib/python3.10/site-packages'
[21.918s] Level 1:colcon.colcon_core.environment:checking '/home/johan/planning_with_ROS2_course/install/planning/bin'
[21.918s] Level 1:colcon.colcon_core.shell:create_environment_hook('planning', 'pythonscriptspath')
[21.918s] INFO:colcon.colcon_core.shell:Creating environment hook '/home/johan/planning_with_ROS2_course/install/planning/share/planning/hook/pythonscriptspath.ps1'
[21.918s] INFO:colcon.colcon_core.shell:Creating environment descriptor '/home/johan/planning_with_ROS2_course/install/planning/share/planning/hook/pythonscriptspath.dsv'
[21.918s] INFO:colcon.colcon_core.shell:Creating environment hook '/home/johan/planning_with_ROS2_course/install/planning/share/planning/hook/pythonscriptspath.sh'
[21.919s] INFO:colcon.colcon_core.shell:Creating package script '/home/johan/planning_with_ROS2_course/install/planning/share/planning/package.ps1'
[21.919s] INFO:colcon.colcon_core.shell:Creating package descriptor '/home/johan/planning_with_ROS2_course/install/planning/share/planning/package.dsv'
[21.919s] INFO:colcon.colcon_core.shell:Creating package script '/home/johan/planning_with_ROS2_course/install/planning/share/planning/package.sh'
[21.919s] INFO:colcon.colcon_core.shell:Creating package script '/home/johan/planning_with_ROS2_course/install/planning/share/planning/package.bash'
[21.920s] INFO:colcon.colcon_core.shell:Creating package script '/home/johan/planning_with_ROS2_course/install/planning/share/planning/package.zsh'
[21.920s] Level 1:colcon.colcon_core.environment:create_file_with_runtime_dependencies(/home/johan/planning_with_ROS2_course/install/planning/share/colcon-core/packages/planning)
[21.920s] Level 1:colcon.colcon_core.environment:create_environment_scripts_only(planning)
[21.920s] Level 1:colcon.colcon_core.environment:checking '/home/johan/planning_with_ROS2_course/install/planning' for CMake module files
[21.920s] Level 1:colcon.colcon_core.environment:checking '/home/johan/planning_with_ROS2_course/install/planning' for CMake config files
[21.921s] Level 1:colcon.colcon_core.shell:create_environment_hook('planning', 'cmake_prefix_path')
[21.921s] INFO:colcon.colcon_core.shell:Creating environment hook '/home/johan/planning_with_ROS2_course/install/planning/share/planning/hook/cmake_prefix_path.ps1'
[21.921s] INFO:colcon.colcon_core.shell:Creating environment descriptor '/home/johan/planning_with_ROS2_course/install/planning/share/planning/hook/cmake_prefix_path.dsv'
[21.921s] INFO:colcon.colcon_core.shell:Creating environment hook '/home/johan/planning_with_ROS2_course/install/planning/share/planning/hook/cmake_prefix_path.sh'
[21.921s] Level 1:colcon.colcon_core.environment:checking '/home/johan/planning_with_ROS2_course/install/planning/lib'
[21.921s] Level 1:colcon.colcon_core.shell:create_environment_hook('planning', 'ld_library_path_lib')
[21.922s] INFO:colcon.colcon_core.shell:Creating environment hook '/home/johan/planning_with_ROS2_course/install/planning/share/planning/hook/ld_library_path_lib.ps1'
[21.922s] INFO:colcon.colcon_core.shell:Creating environment descriptor '/home/johan/planning_with_ROS2_course/install/planning/share/planning/hook/ld_library_path_lib.dsv'
[21.922s] INFO:colcon.colcon_core.shell:Creating environment hook '/home/johan/planning_with_ROS2_course/install/planning/share/planning/hook/ld_library_path_lib.sh'
[21.922s] Level 1:colcon.colcon_core.environment:checking '/home/johan/planning_with_ROS2_course/install/planning/bin'
[21.922s] Level 1:colcon.colcon_core.shell:create_environment_hook('planning', 'path')
[21.922s] INFO:colcon.colcon_core.shell:Creating environment hook '/home/johan/planning_with_ROS2_course/install/planning/share/planning/hook/path.ps1'
[21.923s] INFO:colcon.colcon_core.shell:Creating environment descriptor '/home/johan/planning_with_ROS2_course/install/planning/share/planning/hook/path.dsv'
[21.923s] INFO:colcon.colcon_core.shell:Creating environment hook '/home/johan/planning_with_ROS2_course/install/planning/share/planning/hook/path.sh'
[21.923s] Level 1:colcon.colcon_core.environment:checking '/home/johan/planning_with_ROS2_course/install/planning/lib/pkgconfig/planning.pc'
[21.923s] Level 1:colcon.colcon_core.environment:checking '/home/johan/planning_with_ROS2_course/install/planning/lib/python3.10/site-packages'
[21.923s] Level 1:colcon.colcon_core.environment:checking '/home/johan/planning_with_ROS2_course/install/planning/bin'
[21.923s] Level 1:colcon.colcon_core.shell:create_environment_hook('planning', 'pythonscriptspath')
[21.923s] INFO:colcon.colcon_core.shell:Creating environment hook '/home/johan/planning_with_ROS2_course/install/planning/share/planning/hook/pythonscriptspath.ps1'
[21.924s] INFO:colcon.colcon_core.shell:Creating environment descriptor '/home/johan/planning_with_ROS2_course/install/planning/share/planning/hook/pythonscriptspath.dsv'
[21.924s] INFO:colcon.colcon_core.shell:Creating environment hook '/home/johan/planning_with_ROS2_course/install/planning/share/planning/hook/pythonscriptspath.sh'
[21.924s] INFO:colcon.colcon_core.shell:Creating package script '/home/johan/planning_with_ROS2_course/install/planning/share/planning/package.ps1'
[21.925s] INFO:colcon.colcon_core.shell:Creating package descriptor '/home/johan/planning_with_ROS2_course/install/planning/share/planning/package.dsv'
[21.925s] INFO:colcon.colcon_core.shell:Creating package script '/home/johan/planning_with_ROS2_course/install/planning/share/planning/package.sh'
[21.925s] INFO:colcon.colcon_core.shell:Creating package script '/home/johan/planning_with_ROS2_course/install/planning/share/planning/package.bash'
[21.925s] INFO:colcon.colcon_core.shell:Creating package script '/home/johan/planning_with_ROS2_course/install/planning/share/planning/package.zsh'
[21.925s] Level 1:colcon.colcon_core.environment:create_file_with_runtime_dependencies(/home/johan/planning_with_ROS2_course/install/planning/share/colcon-core/packages/planning)
[21.926s] DEBUG:colcon.colcon_parallel_executor.executor.parallel:closing loop
[21.926s] DEBUG:colcon.colcon_parallel_executor.executor.parallel:loop closed
[21.926s] DEBUG:colcon.colcon_parallel_executor.executor.parallel:run_until_complete finished with '0'
[21.926s] DEBUG:colcon.colcon_core.event_reactor:joining thread
[21.930s] INFO:colcon.colcon_core.plugin_system:Skipping extension 'colcon_notification.desktop_notification.terminal_notifier': Not used on non-Darwin systems
[21.930s] INFO:colcon.colcon_core.plugin_system:Skipping extension 'colcon_notification.desktop_notification.win32': Not used on non-Windows systems
[21.930s] INFO:colcon.colcon_notification.desktop_notification:Sending desktop notification using 'notify2'
[21.939s] DEBUG:colcon.colcon_core.event_reactor:joined thread
[21.940s] INFO:colcon.colcon_core.shell:Creating prefix script '/home/johan/planning_with_ROS2_course/install/local_setup.ps1'
[21.941s] INFO:colcon.colcon_core.shell:Creating prefix util module '/home/johan/planning_with_ROS2_course/install/_local_setup_util_ps1.py'
[21.942s] INFO:colcon.colcon_core.shell:Creating prefix chain script '/home/johan/planning_with_ROS2_course/install/setup.ps1'
[21.943s] INFO:colcon.colcon_core.shell:Creating prefix script '/home/johan/planning_with_ROS2_course/install/local_setup.sh'
[21.943s] INFO:colcon.colcon_core.shell:Creating prefix util module '/home/johan/planning_with_ROS2_course/install/_local_setup_util_sh.py'
[21.943s] INFO:colcon.colcon_core.shell:Creating prefix chain script '/home/johan/planning_with_ROS2_course/install/setup.sh'
[21.944s] INFO:colcon.colcon_core.shell:Creating prefix script '/home/johan/planning_with_ROS2_course/install/local_setup.bash'
[21.944s] INFO:colcon.colcon_core.shell:Creating prefix chain script '/home/johan/planning_with_ROS2_course/install/setup.bash'
[21.945s] INFO:colcon.colcon_core.shell:Creating prefix script '/home/johan/planning_with_ROS2_course/install/local_setup.zsh'
[21.945s] INFO:colcon.colcon_core.shell:Creating prefix chain script '/home/johan/planning_with_ROS2_course/install/setup.zsh'
