[0.188s] Invoking command in '/home/johan/planning_with_ROS2_course/build/planning': CMAKE_PREFIX_PATH=/home/johan/planning_with_ROS2_course/install/base_msgs:/home/johan/planning_with_ROS2_course/install/planning:/home/johan/planning_with_ROS2_course/install/data_plot:/opt/ros/humble /usr/bin/cmake --build /home/johan/planning_with_ROS2_course/build/planning -- -j16 -l16
[0.207s] -- Found ament_cmake: 1.3.11 (/opt/ros/humble/share/ament_cmake/cmake)
[0.310s] -- Found rclcpp: 16.0.12 (/opt/ros/humble/share/rclcpp/cmake)
[0.342s] -- Found rosidl_generator_c: 3.1.6 (/opt/ros/humble/share/rosidl_generator_c/cmake)
[0.345s] -- Found rosidl_adapter: 3.1.6 (/opt/ros/humble/share/rosidl_adapter/cmake)
[0.350s] -- Found rosidl_generator_cpp: 3.1.6 (/opt/ros/humble/share/rosidl_generator_cpp/cmake)
[0.358s] -- Using all available rosidl_typesupport_c: rosidl_typesupport_fastrtps_c;rosidl_typesupport_introspection_c
[0.369s] -- Using all available rosidl_typesupport_cpp: rosidl_typesupport_fastrtps_cpp;rosidl_typesupport_introspection_cpp
[0.395s] -- Found rmw_implementation_cmake: 6.1.2 (/opt/ros/humble/share/rmw_implementation_cmake/cmake)
[0.397s] -- Found rmw_fastrtps_cpp: 6.2.7 (/opt/ros/humble/share/rmw_fastrtps_cpp/cmake)
[0.478s] -- Using RMW implementation 'rmw_fastrtps_cpp' as default
[0.519s] -- Found tf2: 0.25.13 (/opt/ros/humble/share/tf2/cmake)
[0.532s] -- Found tf2_ros: 0.25.13 (/opt/ros/humble/share/tf2_ros/cmake)
[0.601s] -- Found nav_msgs: 4.9.0 (/opt/ros/humble/share/nav_msgs/cmake)
[0.613s] -- Found visualization_msgs: 4.9.0 (/opt/ros/humble/share/visualization_msgs/cmake)
[0.641s] -- Found base_msgs: 0.0.0 (/home/johan/planning_with_ROS2_course/install/base_msgs/share/base_msgs/cmake)
[0.705s] -- Configuring done
[0.744s] -- Generating done
[0.757s] -- Build files have been written to: /home/johan/planning_with_ROS2_course/build/planning
[0.778s] [35m[1mConsolidate compiler generated dependencies of target config_reader[0m
[0.779s] [35m[1mConsolidate compiler generated dependencies of target car_move_cmd[0m
[0.779s] [35m[1mConsolidate compiler generated dependencies of target obj_move_cmd[0m
[0.780s] [35m[1mConsolidate compiler generated dependencies of target mathlibs[0m
[0.790s] [  6%] Built target config_reader
[0.790s] [ 12%] Built target car_move_cmd
[0.790s] [ 19%] Built target obj_move_cmd
[0.793s] [ 29%] Built target mathlibs
[0.798s] [35m[1mConsolidate compiler generated dependencies of target pnc_map_creator[0m
[0.798s] [35m[1mConsolidate compiler generated dependencies of target planning_node[0m
[0.802s] [35m[1mConsolidate compiler generated dependencies of target vehicle_info[0m
[0.802s] [35m[1mConsolidate compiler generated dependencies of target reference_line[0m
[0.810s] [ 32%] [32m[1mLinking CXX shared library libpnc_map_creator.so[0m
[0.813s] [ 35%] [32m[1mLinking CXX executable planning_node[0m
[0.815s] [ 41%] [32m[1mLinking CXX shared library libvehicle_info.so[0m
[0.815s] [ 41%] [32m[1mLinking CXX shared library libreference_line.so[0m
[0.886s] [ 48%] Built target pnc_map_creator
[0.888s] [ 54%] Built target vehicle_info
[0.892s] [ 61%] Built target reference_line
[0.894s] [35m[1mConsolidate compiler generated dependencies of target pnc_map_server[0m
[0.895s] [35m[1mConsolidate compiler generated dependencies of target decision_center[0m
[0.905s] [ 67%] Built target planning_node
[0.907s] [ 70%] [32m[1mLinking CXX shared library libdecision_center.so[0m
[0.910s] [ 74%] [32m[1mLinking CXX executable pnc_map_server[0m
[0.976s] [ 77%] Built target decision_center
[0.987s] [35m[1mConsolidate compiler generated dependencies of target local_planner[0m
[0.994s] [ 80%] Built target pnc_map_server
[1.006s] [ 83%] [32m[1mLinking CXX shared library liblocal_planner.so[0m
[1.077s] [100%] Built target local_planner
[1.085s] Invoked command in '/home/johan/planning_with_ROS2_course/build/planning' returned '0': CMAKE_PREFIX_PATH=/home/johan/planning_with_ROS2_course/install/base_msgs:/home/johan/planning_with_ROS2_course/install/planning:/home/johan/planning_with_ROS2_course/install/data_plot:/opt/ros/humble /usr/bin/cmake --build /home/johan/planning_with_ROS2_course/build/planning -- -j16 -l16
[1.086s] Invoking command in '/home/johan/planning_with_ROS2_course/build/planning': CMAKE_PREFIX_PATH=/home/johan/planning_with_ROS2_course/install/base_msgs:/home/johan/planning_with_ROS2_course/install/planning:/home/johan/planning_with_ROS2_course/install/data_plot:/opt/ros/humble /usr/bin/cmake --install /home/johan/planning_with_ROS2_course/build/planning
[1.091s] -- Install configuration: ""
[1.091s] -- Installing: /home/johan/planning_with_ROS2_course/install/planning/lib/libconfig_reader.so
[1.092s] -- Set runtime path of "/home/johan/planning_with_ROS2_course/install/planning/lib/libconfig_reader.so" to ""
[1.092s] -- Up-to-date: /home/johan/planning_with_ROS2_course/install/planning/lib/libmathlibs.so
[1.092s] -- Installing: /home/johan/planning_with_ROS2_course/install/planning/lib/libdecision_center.so
[1.092s] -- Set runtime path of "/home/johan/planning_with_ROS2_course/install/planning/lib/libdecision_center.so" to ""
[1.092s] -- Installing: /home/johan/planning_with_ROS2_course/install/planning/bin/pnc_map_server
[1.093s] -- Set runtime path of "/home/johan/planning_with_ROS2_course/install/planning/bin/pnc_map_server" to ""
[1.093s] -- Installing: /home/johan/planning_with_ROS2_course/install/planning/lib/planning/pnc_map_server
[1.093s] -- Set runtime path of "/home/johan/planning_with_ROS2_course/install/planning/lib/planning/pnc_map_server" to ""
[1.093s] -- Installing: /home/johan/planning_with_ROS2_course/install/planning/lib/liblocal_planner.so
[1.093s] -- Set runtime path of "/home/johan/planning_with_ROS2_course/install/planning/lib/liblocal_planner.so" to ""
[1.093s] -- Installing: /home/johan/planning_with_ROS2_course/install/planning/lib/libreference_line.so
[1.093s] -- Set runtime path of "/home/johan/planning_with_ROS2_course/install/planning/lib/libreference_line.so" to ""
[1.093s] -- Installing: /home/johan/planning_with_ROS2_course/install/planning/lib/libvehicle_info.so
[1.094s] -- Set runtime path of "/home/johan/planning_with_ROS2_course/install/planning/lib/libvehicle_info.so" to ""
[1.094s] -- Installing: /home/johan/planning_with_ROS2_course/install/planning/lib/planning/planning_node
[1.094s] -- Set runtime path of "/home/johan/planning_with_ROS2_course/install/planning/lib/planning/planning_node" to ""
[1.094s] -- Up-to-date: /home/johan/planning_with_ROS2_course/install/planning/lib/planning/car_move_cmd
[1.094s] -- Up-to-date: /home/johan/planning_with_ROS2_course/install/planning/lib/planning/obj_move_cmd
[1.094s] -- Up-to-date: /home/johan/planning_with_ROS2_course/install/planning/share/planning/config
[1.094s] -- Up-to-date: /home/johan/planning_with_ROS2_course/install/planning/share/planning/config/planning_static_obs_config.yaml
[1.095s] -- Up-to-date: /home/johan/planning_with_ROS2_course/install/planning/share/planning/rviz
[1.095s] -- Up-to-date: /home/johan/planning_with_ROS2_course/install/planning/share/planning/launch
[1.095s] -- Up-to-date: /home/johan/planning_with_ROS2_course/install/planning/share/planning/urdf
[1.095s] -- Up-to-date: /home/johan/planning_with_ROS2_course/install/planning/share/planning/urdf/obs_car
[1.095s] -- Up-to-date: /home/johan/planning_with_ROS2_course/install/planning/share/planning/urdf/main_car
[1.095s] -- Up-to-date: /home/johan/planning_with_ROS2_course/install/planning/share/ament_index/resource_index/package_run_dependencies/planning
[1.095s] -- Up-to-date: /home/johan/planning_with_ROS2_course/install/planning/share/ament_index/resource_index/parent_prefix_path/planning
[1.095s] -- Up-to-date: /home/johan/planning_with_ROS2_course/install/planning/share/planning/environment/ament_prefix_path.sh
[1.095s] -- Installing: /home/johan/planning_with_ROS2_course/install/planning/share/planning/environment/ament_prefix_path.dsv
[1.095s] -- Up-to-date: /home/johan/planning_with_ROS2_course/install/planning/share/planning/environment/path.sh
[1.095s] -- Installing: /home/johan/planning_with_ROS2_course/install/planning/share/planning/environment/path.dsv
[1.095s] -- Up-to-date: /home/johan/planning_with_ROS2_course/install/planning/share/planning/local_setup.bash
[1.095s] -- Up-to-date: /home/johan/planning_with_ROS2_course/install/planning/share/planning/local_setup.sh
[1.095s] -- Up-to-date: /home/johan/planning_with_ROS2_course/install/planning/share/planning/local_setup.zsh
[1.095s] -- Installing: /home/johan/planning_with_ROS2_course/install/planning/share/planning/local_setup.dsv
[1.095s] -- Installing: /home/johan/planning_with_ROS2_course/install/planning/share/planning/package.dsv
[1.095s] -- Up-to-date: /home/johan/planning_with_ROS2_course/install/planning/share/ament_index/resource_index/packages/planning
[1.095s] -- Up-to-date: /home/johan/planning_with_ROS2_course/install/planning/share/planning/cmake/planningConfig.cmake
[1.096s] -- Up-to-date: /home/johan/planning_with_ROS2_course/install/planning/share/planning/cmake/planningConfig-version.cmake
[1.096s] -- Up-to-date: /home/johan/planning_with_ROS2_course/install/planning/share/planning/package.xml
[1.096s] Invoked command in '/home/johan/planning_with_ROS2_course/build/planning' returned '0': CMAKE_PREFIX_PATH=/home/johan/planning_with_ROS2_course/install/base_msgs:/home/johan/planning_with_ROS2_course/install/planning:/home/johan/planning_with_ROS2_course/install/data_plot:/opt/ros/humble /usr/bin/cmake --install /home/johan/planning_with_ROS2_course/build/planning
